[0.033s] Invoking command in '/home/rescue_robot/buaa_rescue_robot/build/keyboard_controller': CMAKE_PREFIX_PATH=${CMAKE_PREFIX_PATH}:/opt/ros/humble /usr/bin/cmake --build /home/rescue_robot/buaa_rescue_robot/build/keyboard_controller -- -j8 -l8
[0.077s] -- Found ament_cmake: 1.3.5 (/opt/ros/humble/share/ament_cmake/cmake)
[0.290s] -- Found rclcpp: 16.0.5 (/opt/ros/humble/share/rclcpp/cmake)
[0.334s] -- Found rosidl_generator_c: 3.1.5 (/opt/ros/humble/share/rosidl_generator_c/cmake)
[0.339s] -- Found rosidl_adapter: 3.1.5 (/opt/ros/humble/share/rosidl_adapter/cmake)
[0.349s] -- Found rosidl_generator_cpp: 3.1.5 (/opt/ros/humble/share/rosidl_generator_cpp/cmake)
[0.365s] -- Using all available rosidl_typesupport_c: rosidl_typesupport_fastrtps_c;rosidl_typesupport_introspection_c
[0.385s] -- Using all available rosidl_typesupport_cpp: rosidl_typesupport_fastrtps_cpp;rosidl_typesupport_introspection_cpp
[0.472s] -- Found rmw_implementation_cmake: 6.1.1 (/opt/ros/humble/share/rmw_implementation_cmake/cmake)
[0.474s] -- Found rmw_fastrtps_cpp: 6.2.3 (/opt/ros/humble/share/rmw_fastrtps_cpp/cmake)
[0.619s] -- Using RMW implementation 'rmw_fastrtps_cpp' as default
[0.814s] -- Found rosidl_default_generators: 1.2.0 (/opt/ros/humble/share/rosidl_default_generators/cmake)
[1.074s] -- Found ament_cmake_ros: 0.10.0 (/opt/ros/humble/share/ament_cmake_ros/cmake)
[1.388s] -- Using all available rosidl_typesupport_c: rosidl_typesupport_fastrtps_c;rosidl_typesupport_introspection_c
[1.515s] -- Using all available rosidl_typesupport_cpp: rosidl_typesupport_fastrtps_cpp;rosidl_typesupport_introspection_cpp
[1.539s] -- Found python_cmake_module: 0.10.0 (/opt/ros/humble/share/python_cmake_module/cmake)
[1.561s] -- Using PYTHON_EXECUTABLE: /usr/bin/python3
[1.561s] -- Using PYTHON_INCLUDE_DIRS: /usr/include/python3.10
[1.562s] -- Using PYTHON_LIBRARIES: /usr/lib/x86_64-linux-gnu/libpython3.10.so
[1.585s] -- Configuring done
[1.644s] -- Generating done
[1.647s] -- Build files have been written to: /home/rescue_robot/buaa_rescue_robot/build/keyboard_controller
[1.673s] [  3%] [34m[1mGenerating C code for ROS interfaces[0m
[1.683s] [  6%] [34m[1mGenerating C++ code for ROS interfaces[0m
[1.694s] [  6%] Built target ament_cmake_python_copy_keyboard_controller
[1.966s] [  6%] Built target keyboard_controller__cpp
[1.975s] [35m[1mConsolidate compiler generated dependencies of target keyboard_controller__rosidl_generator_c[0m
[1.977s] [  9%] [34m[1mGenerating C++ type support for eProsima Fast-RTPS[0m
[1.977s] running egg_info
[1.978s] [ 12%] [34m[1mGenerating C++ introspection for ROS interfaces[0m
[1.979s] [ 15%] [34m[1mGenerating C++ type support dispatch for ROS interfaces[0m
[1.979s] writing keyboard_controller.egg-info/PKG-INFO
[1.979s] writing dependency_links to keyboard_controller.egg-info/dependency_links.txt
[1.979s] writing top-level names to keyboard_controller.egg-info/top_level.txt
[1.983s] reading manifest file 'keyboard_controller.egg-info/SOURCES.txt'
[1.984s] writing manifest file 'keyboard_controller.egg-info/SOURCES.txt'
[1.991s] [ 18%] [32mBuilding C object CMakeFiles/keyboard_controller__rosidl_generator_c.dir/rosidl_generator_c/keyboard_controller/msg/detail/control_message__functions.c.o[0m
[2.032s] [ 18%] Built target ament_cmake_python_build_keyboard_controller_egg
[2.090s] [ 21%] [32m[1mLinking C shared library libkeyboard_controller__rosidl_generator_c.so[0m
[2.145s] [ 21%] Built target keyboard_controller__rosidl_generator_c
[2.155s] [ 24%] [34m[1mGenerating C type support for eProsima Fast-RTPS[0m
[2.158s] [ 30%] [34m[1mGenerating C introspection for ROS interfaces[0m
[2.159s] [ 30%] [34m[1mGenerating C type support dispatch for ROS interfaces[0m
[2.294s] [35m[1mConsolidate compiler generated dependencies of target keyboard_controller__rosidl_typesupport_fastrtps_cpp[0m
[2.295s] [35m[1mConsolidate compiler generated dependencies of target keyboard_controller__rosidl_typesupport_cpp[0m
[2.323s] [ 33%] [32mBuilding CXX object CMakeFiles/keyboard_controller__rosidl_typesupport_cpp.dir/rosidl_typesupport_cpp/keyboard_controller/msg/control_message__type_support.cpp.o[0m
[2.326s] [ 36%] [32mBuilding CXX object CMakeFiles/keyboard_controller__rosidl_typesupport_fastrtps_cpp.dir/rosidl_typesupport_fastrtps_cpp/keyboard_controller/msg/detail/dds_fastrtps/control_message__type_support.cpp.o[0m
[2.340s] [35m[1mConsolidate compiler generated dependencies of target keyboard_controller__rosidl_typesupport_introspection_cpp[0m
[2.356s] [ 39%] [32mBuilding CXX object CMakeFiles/keyboard_controller__rosidl_typesupport_introspection_cpp.dir/rosidl_typesupport_introspection_cpp/keyboard_controller/msg/detail/control_message__type_support.cpp.o[0m
[2.488s] [35m[1mConsolidate compiler generated dependencies of target keyboard_controller__rosidl_typesupport_c[0m
[2.523s] [ 42%] [32mBuilding CXX object CMakeFiles/keyboard_controller__rosidl_typesupport_c.dir/rosidl_typesupport_c/keyboard_controller/msg/control_message__type_support.cpp.o[0m
[2.586s] [ 45%] [32m[1mLinking CXX shared library libkeyboard_controller__rosidl_typesupport_c.so[0m
[2.591s] [35m[1mConsolidate compiler generated dependencies of target keyboard_controller__rosidl_typesupport_fastrtps_c[0m
[2.596s] [35m[1mConsolidate compiler generated dependencies of target keyboard_controller__rosidl_typesupport_introspection_c[0m
[2.613s] [ 48%] [32mBuilding CXX object CMakeFiles/keyboard_controller__rosidl_typesupport_fastrtps_c.dir/rosidl_typesupport_fastrtps_c/keyboard_controller/msg/detail/control_message__type_support_c.cpp.o[0m
[2.615s] [ 51%] [32mBuilding C object CMakeFiles/keyboard_controller__rosidl_typesupport_introspection_c.dir/rosidl_typesupport_introspection_c/keyboard_controller/msg/detail/control_message__type_support.c.o[0m
[2.667s] [ 51%] Built target keyboard_controller__rosidl_typesupport_c
[2.668s] [ 54%] [32m[1mLinking C shared library libkeyboard_controller__rosidl_typesupport_introspection_c.so[0m
[2.702s] [ 54%] Built target keyboard_controller__rosidl_typesupport_introspection_c
[2.822s] [ 57%] [32m[1mLinking CXX shared library libkeyboard_controller__rosidl_typesupport_cpp.so[0m
[2.870s] [ 57%] Built target keyboard_controller__rosidl_typesupport_cpp
[2.885s] [35m[1mConsolidate compiler generated dependencies of target keyboard_publisher[0m
[2.894s] [ 60%] [32m[1mLinking CXX shared library libkeyboard_controller__rosidl_typesupport_fastrtps_cpp.so[0m
[2.907s] [ 63%] [32mBuilding CXX object CMakeFiles/keyboard_publisher.dir/src/keyboard_publisher.cpp.o[0m
[2.919s] [ 66%] [32m[1mLinking CXX shared library libkeyboard_controller__rosidl_typesupport_introspection_cpp.so[0m
[2.970s] [ 66%] Built target keyboard_controller__rosidl_typesupport_introspection_cpp
[3.006s] [ 66%] Built target keyboard_controller__rosidl_typesupport_fastrtps_cpp
[3.104s] [ 69%] [32m[1mLinking CXX shared library libkeyboard_controller__rosidl_typesupport_fastrtps_c.so[0m
[3.193s] [ 69%] Built target keyboard_controller__rosidl_typesupport_fastrtps_c
[3.217s] [ 69%] Built target keyboard_controller
[3.240s] [ 72%] [34m[1mGenerating Python code for ROS interfaces[0m
[3.582s] [ 72%] Built target keyboard_controller__py
[3.593s] [35m[1mConsolidate compiler generated dependencies of target keyboard_controller__rosidl_generator_py[0m
[3.612s] [ 75%] [32mBuilding C object CMakeFiles/keyboard_controller__rosidl_generator_py.dir/rosidl_generator_py/keyboard_controller/msg/_control_message_s.c.o[0m
[3.744s] [ 78%] [32m[1mLinking C shared library rosidl_generator_py/keyboard_controller/libkeyboard_controller__rosidl_generator_py.so[0m
[3.785s] [ 78%] Built target keyboard_controller__rosidl_generator_py
[3.795s] [35m[1mConsolidate compiler generated dependencies of target keyboard_controller__rosidl_typesupport_c__pyext[0m
[3.796s] [35m[1mConsolidate compiler generated dependencies of target keyboard_controller__rosidl_typesupport_introspection_c__pyext[0m
[3.796s] [35m[1mConsolidate compiler generated dependencies of target keyboard_controller__rosidl_typesupport_fastrtps_c__pyext[0m
[3.814s] [ 81%] [32mBuilding C object CMakeFiles/keyboard_controller__rosidl_typesupport_introspection_c__pyext.dir/rosidl_generator_py/keyboard_controller/_keyboard_controller_s.ep.rosidl_typesupport_introspection_c.c.o[0m
[3.815s] [ 84%] [32mBuilding C object CMakeFiles/keyboard_controller__rosidl_typesupport_fastrtps_c__pyext.dir/rosidl_generator_py/keyboard_controller/_keyboard_controller_s.ep.rosidl_typesupport_fastrtps_c.c.o[0m
[3.825s] [ 87%] [32mBuilding C object CMakeFiles/keyboard_controller__rosidl_typesupport_c__pyext.dir/rosidl_generator_py/keyboard_controller/_keyboard_controller_s.ep.rosidl_typesupport_c.c.o[0m
[3.929s] [ 90%] [32m[1mLinking C shared library rosidl_generator_py/keyboard_controller/keyboard_controller_s__rosidl_typesupport_introspection_c.cpython-310-x86_64-linux-gnu.so[0m
[3.964s] [ 90%] Built target keyboard_controller__rosidl_typesupport_introspection_c__pyext
[3.978s] [ 93%] [32m[1mLinking C shared library rosidl_generator_py/keyboard_controller/keyboard_controller_s__rosidl_typesupport_fastrtps_c.cpython-310-x86_64-linux-gnu.so[0m
[3.982s] [ 96%] [32m[1mLinking C shared library rosidl_generator_py/keyboard_controller/keyboard_controller_s__rosidl_typesupport_c.cpython-310-x86_64-linux-gnu.so[0m
[4.018s] [ 96%] Built target keyboard_controller__rosidl_typesupport_fastrtps_c__pyext
[4.020s] [ 96%] Built target keyboard_controller__rosidl_typesupport_c__pyext
[7.462s] [100%] [32m[1mLinking CXX executable keyboard_publisher[0m
[7.681s] [100%] Built target keyboard_publisher
[7.692s] Invoked command in '/home/rescue_robot/buaa_rescue_robot/build/keyboard_controller' returned '0': CMAKE_PREFIX_PATH=${CMAKE_PREFIX_PATH}:/opt/ros/humble /usr/bin/cmake --build /home/rescue_robot/buaa_rescue_robot/build/keyboard_controller -- -j8 -l8
[7.770s] Invoking command in '/home/rescue_robot/buaa_rescue_robot/build/keyboard_controller': CMAKE_PREFIX_PATH=${CMAKE_PREFIX_PATH}:/opt/ros/humble /usr/bin/cmake --install /home/rescue_robot/buaa_rescue_robot/build/keyboard_controller
[7.778s] -- Install configuration: ""
[7.778s] -- Up-to-date: /home/rescue_robot/buaa_rescue_robot/install/keyboard_controller/share/ament_index/resource_index/rosidl_interfaces/keyboard_controller
[7.778s] -- Up-to-date: /home/rescue_robot/buaa_rescue_robot/install/keyboard_controller/include/keyboard_controller/keyboard_controller
[7.779s] -- Up-to-date: /home/rescue_robot/buaa_rescue_robot/install/keyboard_controller/include/keyboard_controller/keyboard_controller/msg
[7.779s] -- Up-to-date: /home/rescue_robot/buaa_rescue_robot/install/keyboard_controller/include/keyboard_controller/keyboard_controller/msg/detail
[7.779s] -- Installing: /home/rescue_robot/buaa_rescue_robot/install/keyboard_controller/include/keyboard_controller/keyboard_controller/msg/detail/control_message__functions.h
[7.779s] -- Installing: /home/rescue_robot/buaa_rescue_robot/install/keyboard_controller/include/keyboard_controller/keyboard_controller/msg/detail/control_message__functions.c
[7.779s] -- Installing: /home/rescue_robot/buaa_rescue_robot/install/keyboard_controller/include/keyboard_controller/keyboard_controller/msg/detail/control_message__type_support.h
[7.779s] -- Installing: /home/rescue_robot/buaa_rescue_robot/install/keyboard_controller/include/keyboard_controller/keyboard_controller/msg/detail/control_message__struct.h
[7.780s] -- Installing: /home/rescue_robot/buaa_rescue_robot/install/keyboard_controller/include/keyboard_controller/keyboard_controller/msg/control_message.h
[7.780s] -- Up-to-date: /home/rescue_robot/buaa_rescue_robot/install/keyboard_controller/include/keyboard_controller/keyboard_controller/msg/rosidl_generator_c__visibility_control.h
[7.780s] -- Up-to-date: /home/rescue_robot/buaa_rescue_robot/install/keyboard_controller/share/keyboard_controller/environment/library_path.sh
[7.780s] -- Installing: /home/rescue_robot/buaa_rescue_robot/install/keyboard_controller/share/keyboard_controller/environment/library_path.dsv
[7.781s] -- Installing: /home/rescue_robot/buaa_rescue_robot/install/keyboard_controller/lib/libkeyboard_controller__rosidl_generator_c.so
[7.782s] -- Set runtime path of "/home/rescue_robot/buaa_rescue_robot/install/keyboard_controller/lib/libkeyboard_controller__rosidl_generator_c.so" to ""
[7.782s] -- Up-to-date: /home/rescue_robot/buaa_rescue_robot/install/keyboard_controller/include/keyboard_controller/keyboard_controller
[7.782s] -- Up-to-date: /home/rescue_robot/buaa_rescue_robot/install/keyboard_controller/include/keyboard_controller/keyboard_controller/msg
[7.782s] -- Up-to-date: /home/rescue_robot/buaa_rescue_robot/install/keyboard_controller/include/keyboard_controller/keyboard_controller/msg/detail
[7.782s] -- Installing: /home/rescue_robot/buaa_rescue_robot/install/keyboard_controller/include/keyboard_controller/keyboard_controller/msg/detail/control_message__rosidl_typesupport_fastrtps_c.h
[7.782s] -- Up-to-date: /home/rescue_robot/buaa_rescue_robot/install/keyboard_controller/include/keyboard_controller/keyboard_controller/msg/rosidl_typesupport_fastrtps_c__visibility_control.h
[7.783s] -- Installing: /home/rescue_robot/buaa_rescue_robot/install/keyboard_controller/lib/libkeyboard_controller__rosidl_typesupport_fastrtps_c.so
[7.783s] -- Set runtime path of "/home/rescue_robot/buaa_rescue_robot/install/keyboard_controller/lib/libkeyboard_controller__rosidl_typesupport_fastrtps_c.so" to ""
[7.783s] -- Up-to-date: /home/rescue_robot/buaa_rescue_robot/install/keyboard_controller/include/keyboard_controller/keyboard_controller
[7.783s] -- Up-to-date: /home/rescue_robot/buaa_rescue_robot/install/keyboard_controller/include/keyboard_controller/keyboard_controller/msg
[7.784s] -- Installing: /home/rescue_robot/buaa_rescue_robot/install/keyboard_controller/include/keyboard_controller/keyboard_controller/msg/control_message.hpp
[7.784s] -- Up-to-date: /home/rescue_robot/buaa_rescue_robot/install/keyboard_controller/include/keyboard_controller/keyboard_controller/msg/detail
[7.784s] -- Installing: /home/rescue_robot/buaa_rescue_robot/install/keyboard_controller/include/keyboard_controller/keyboard_controller/msg/detail/control_message__builder.hpp
[7.784s] -- Installing: /home/rescue_robot/buaa_rescue_robot/install/keyboard_controller/include/keyboard_controller/keyboard_controller/msg/detail/control_message__traits.hpp
[7.784s] -- Installing: /home/rescue_robot/buaa_rescue_robot/install/keyboard_controller/include/keyboard_controller/keyboard_controller/msg/detail/control_message__struct.hpp
[7.785s] -- Up-to-date: /home/rescue_robot/buaa_rescue_robot/install/keyboard_controller/include/keyboard_controller/keyboard_controller
[7.785s] -- Up-to-date: /home/rescue_robot/buaa_rescue_robot/install/keyboard_controller/include/keyboard_controller/keyboard_controller/msg
[7.785s] -- Up-to-date: /home/rescue_robot/buaa_rescue_robot/install/keyboard_controller/include/keyboard_controller/keyboard_controller/msg/detail
[7.785s] -- Up-to-date: /home/rescue_robot/buaa_rescue_robot/install/keyboard_controller/include/keyboard_controller/keyboard_controller/msg/detail/dds_fastrtps
[7.785s] -- Installing: /home/rescue_robot/buaa_rescue_robot/install/keyboard_controller/include/keyboard_controller/keyboard_controller/msg/detail/control_message__rosidl_typesupport_fastrtps_cpp.hpp
[7.785s] -- Up-to-date: /home/rescue_robot/buaa_rescue_robot/install/keyboard_controller/include/keyboard_controller/keyboard_controller/msg/rosidl_typesupport_fastrtps_cpp__visibility_control.h
[7.785s] -- Installing: /home/rescue_robot/buaa_rescue_robot/install/keyboard_controller/lib/libkeyboard_controller__rosidl_typesupport_fastrtps_cpp.so
[7.786s] -- Set runtime path of "/home/rescue_robot/buaa_rescue_robot/install/keyboard_controller/lib/libkeyboard_controller__rosidl_typesupport_fastrtps_cpp.so" to ""
[7.786s] -- Up-to-date: /home/rescue_robot/buaa_rescue_robot/install/keyboard_controller/include/keyboard_controller/keyboard_controller
[7.786s] -- Up-to-date: /home/rescue_robot/buaa_rescue_robot/install/keyboard_controller/include/keyboard_controller/keyboard_controller/msg
[7.786s] -- Up-to-date: /home/rescue_robot/buaa_rescue_robot/install/keyboard_controller/include/keyboard_controller/keyboard_controller/msg/detail
[7.786s] -- Installing: /home/rescue_robot/buaa_rescue_robot/install/keyboard_controller/include/keyboard_controller/keyboard_controller/msg/detail/control_message__rosidl_typesupport_introspection_c.h
[7.787s] -- Installing: /home/rescue_robot/buaa_rescue_robot/install/keyboard_controller/include/keyboard_controller/keyboard_controller/msg/detail/control_message__type_support.c
[7.787s] -- Up-to-date: /home/rescue_robot/buaa_rescue_robot/install/keyboard_controller/include/keyboard_controller/keyboard_controller/msg/rosidl_typesupport_introspection_c__visibility_control.h
[7.787s] -- Installing: /home/rescue_robot/buaa_rescue_robot/install/keyboard_controller/lib/libkeyboard_controller__rosidl_typesupport_introspection_c.so
[7.788s] -- Set runtime path of "/home/rescue_robot/buaa_rescue_robot/install/keyboard_controller/lib/libkeyboard_controller__rosidl_typesupport_introspection_c.so" to ""
[7.788s] -- Installing: /home/rescue_robot/buaa_rescue_robot/install/keyboard_controller/lib/libkeyboard_controller__rosidl_typesupport_c.so
[7.788s] -- Set runtime path of "/home/rescue_robot/buaa_rescue_robot/install/keyboard_controller/lib/libkeyboard_controller__rosidl_typesupport_c.so" to ""
[7.789s] -- Up-to-date: /home/rescue_robot/buaa_rescue_robot/install/keyboard_controller/include/keyboard_controller/keyboard_controller
[7.789s] -- Up-to-date: /home/rescue_robot/buaa_rescue_robot/install/keyboard_controller/include/keyboard_controller/keyboard_controller/msg
[7.789s] -- Up-to-date: /home/rescue_robot/buaa_rescue_robot/install/keyboard_controller/include/keyboard_controller/keyboard_controller/msg/detail
[7.789s] -- Installing: /home/rescue_robot/buaa_rescue_robot/install/keyboard_controller/include/keyboard_controller/keyboard_controller/msg/detail/control_message__type_support.cpp
[7.789s] -- Installing: /home/rescue_robot/buaa_rescue_robot/install/keyboard_controller/include/keyboard_controller/keyboard_controller/msg/detail/control_message__rosidl_typesupport_introspection_cpp.hpp
[7.789s] -- Installing: /home/rescue_robot/buaa_rescue_robot/install/keyboard_controller/lib/libkeyboard_controller__rosidl_typesupport_introspection_cpp.so
[7.790s] -- Set runtime path of "/home/rescue_robot/buaa_rescue_robot/install/keyboard_controller/lib/libkeyboard_controller__rosidl_typesupport_introspection_cpp.so" to ""
[7.790s] -- Installing: /home/rescue_robot/buaa_rescue_robot/install/keyboard_controller/lib/libkeyboard_controller__rosidl_typesupport_cpp.so
[7.791s] -- Set runtime path of "/home/rescue_robot/buaa_rescue_robot/install/keyboard_controller/lib/libkeyboard_controller__rosidl_typesupport_cpp.so" to ""
[7.791s] -- Up-to-date: /home/rescue_robot/buaa_rescue_robot/install/keyboard_controller/share/keyboard_controller/environment/pythonpath.sh
[7.791s] -- Installing: /home/rescue_robot/buaa_rescue_robot/install/keyboard_controller/share/keyboard_controller/environment/pythonpath.dsv
[7.791s] -- Up-to-date: /home/rescue_robot/buaa_rescue_robot/install/keyboard_controller/local/lib/python3.10/dist-packages/keyboard_controller-0.0.1-py3.10.egg-info
[7.791s] -- Installing: /home/rescue_robot/buaa_rescue_robot/install/keyboard_controller/local/lib/python3.10/dist-packages/keyboard_controller-0.0.1-py3.10.egg-info/top_level.txt
[7.791s] -- Installing: /home/rescue_robot/buaa_rescue_robot/install/keyboard_controller/local/lib/python3.10/dist-packages/keyboard_controller-0.0.1-py3.10.egg-info/dependency_links.txt
[7.792s] -- Installing: /home/rescue_robot/buaa_rescue_robot/install/keyboard_controller/local/lib/python3.10/dist-packages/keyboard_controller-0.0.1-py3.10.egg-info/SOURCES.txt
[7.792s] -- Installing: /home/rescue_robot/buaa_rescue_robot/install/keyboard_controller/local/lib/python3.10/dist-packages/keyboard_controller-0.0.1-py3.10.egg-info/PKG-INFO
[7.792s] -- Up-to-date: /home/rescue_robot/buaa_rescue_robot/install/keyboard_controller/local/lib/python3.10/dist-packages/keyboard_controller
[7.792s] -- Installing: /home/rescue_robot/buaa_rescue_robot/install/keyboard_controller/local/lib/python3.10/dist-packages/keyboard_controller/keyboard_controller_s__rosidl_typesupport_introspection_c.cpython-310-x86_64-linux-gnu.so
[7.792s] -- Installing: /home/rescue_robot/buaa_rescue_robot/install/keyboard_controller/local/lib/python3.10/dist-packages/keyboard_controller/_keyboard_controller_s.ep.rosidl_typesupport_introspection_c.c
[7.793s] -- Installing: /home/rescue_robot/buaa_rescue_robot/install/keyboard_controller/local/lib/python3.10/dist-packages/keyboard_controller/libkeyboard_controller__rosidl_generator_py.so
[7.793s] -- Installing: /home/rescue_robot/buaa_rescue_robot/install/keyboard_controller/local/lib/python3.10/dist-packages/keyboard_controller/_keyboard_controller_s.ep.rosidl_typesupport_c.c
[7.793s] -- Installing: /home/rescue_robot/buaa_rescue_robot/install/keyboard_controller/local/lib/python3.10/dist-packages/keyboard_controller/_keyboard_controller_s.ep.rosidl_typesupport_fastrtps_c.c
[7.793s] -- Installing: /home/rescue_robot/buaa_rescue_robot/install/keyboard_controller/local/lib/python3.10/dist-packages/keyboard_controller/keyboard_controller_s__rosidl_typesupport_c.cpython-310-x86_64-linux-gnu.so
[7.793s] -- Installing: /home/rescue_robot/buaa_rescue_robot/install/keyboard_controller/local/lib/python3.10/dist-packages/keyboard_controller/__init__.py
[7.794s] -- Installing: /home/rescue_robot/buaa_rescue_robot/install/keyboard_controller/local/lib/python3.10/dist-packages/keyboard_controller/keyboard_controller_s__rosidl_typesupport_fastrtps_c.cpython-310-x86_64-linux-gnu.so
[7.794s] -- Up-to-date: /home/rescue_robot/buaa_rescue_robot/install/keyboard_controller/local/lib/python3.10/dist-packages/keyboard_controller/msg
[7.794s] -- Installing: /home/rescue_robot/buaa_rescue_robot/install/keyboard_controller/local/lib/python3.10/dist-packages/keyboard_controller/msg/_control_message.py
[7.794s] -- Installing: /home/rescue_robot/buaa_rescue_robot/install/keyboard_controller/local/lib/python3.10/dist-packages/keyboard_controller/msg/_control_message_s.c
[7.794s] -- Installing: /home/rescue_robot/buaa_rescue_robot/install/keyboard_controller/local/lib/python3.10/dist-packages/keyboard_controller/msg/__init__.py
[7.836s] Listing '/home/rescue_robot/buaa_rescue_robot/install/keyboard_controller/local/lib/python3.10/dist-packages/keyboard_controller'...
[7.836s] Compiling '/home/rescue_robot/buaa_rescue_robot/install/keyboard_controller/local/lib/python3.10/dist-packages/keyboard_controller/__init__.py'...
[7.836s] Listing '/home/rescue_robot/buaa_rescue_robot/install/keyboard_controller/local/lib/python3.10/dist-packages/keyboard_controller/msg'...
[7.836s] Compiling '/home/rescue_robot/buaa_rescue_robot/install/keyboard_controller/local/lib/python3.10/dist-packages/keyboard_controller/msg/__init__.py'...
[7.836s] Compiling '/home/rescue_robot/buaa_rescue_robot/install/keyboard_controller/local/lib/python3.10/dist-packages/keyboard_controller/msg/_control_message.py'...
[7.841s] -- Installing: /home/rescue_robot/buaa_rescue_robot/install/keyboard_controller/local/lib/python3.10/dist-packages/keyboard_controller/keyboard_controller_s__rosidl_typesupport_fastrtps_c.cpython-310-x86_64-linux-gnu.so
[7.842s] -- Set runtime path of "/home/rescue_robot/buaa_rescue_robot/install/keyboard_controller/local/lib/python3.10/dist-packages/keyboard_controller/keyboard_controller_s__rosidl_typesupport_fastrtps_c.cpython-310-x86_64-linux-gnu.so" to ""
[7.842s] -- Installing: /home/rescue_robot/buaa_rescue_robot/install/keyboard_controller/local/lib/python3.10/dist-packages/keyboard_controller/keyboard_controller_s__rosidl_typesupport_introspection_c.cpython-310-x86_64-linux-gnu.so
[7.842s] -- Set runtime path of "/home/rescue_robot/buaa_rescue_robot/install/keyboard_controller/local/lib/python3.10/dist-packages/keyboard_controller/keyboard_controller_s__rosidl_typesupport_introspection_c.cpython-310-x86_64-linux-gnu.so" to ""
[7.843s] -- Installing: /home/rescue_robot/buaa_rescue_robot/install/keyboard_controller/local/lib/python3.10/dist-packages/keyboard_controller/keyboard_controller_s__rosidl_typesupport_c.cpython-310-x86_64-linux-gnu.so
[7.843s] -- Set runtime path of "/home/rescue_robot/buaa_rescue_robot/install/keyboard_controller/local/lib/python3.10/dist-packages/keyboard_controller/keyboard_controller_s__rosidl_typesupport_c.cpython-310-x86_64-linux-gnu.so" to ""
[7.844s] -- Installing: /home/rescue_robot/buaa_rescue_robot/install/keyboard_controller/lib/libkeyboard_controller__rosidl_generator_py.so
[7.845s] -- Set runtime path of "/home/rescue_robot/buaa_rescue_robot/install/keyboard_controller/lib/libkeyboard_controller__rosidl_generator_py.so" to ""
[7.845s] -- Installing: /home/rescue_robot/buaa_rescue_robot/install/keyboard_controller/share/keyboard_controller/msg/ControlMessage.idl
[7.845s] -- Installing: /home/rescue_robot/buaa_rescue_robot/install/keyboard_controller/share/keyboard_controller/msg/ControlMessage.msg
[7.846s] -- Installing: /home/rescue_robot/buaa_rescue_robot/install/keyboard_controller/lib/keyboard_controller/keyboard_publisher
[7.848s] -- Set runtime path of "/home/rescue_robot/buaa_rescue_robot/install/keyboard_controller/lib/keyboard_controller/keyboard_publisher" to ""
[7.848s] -- Up-to-date: /home/rescue_robot/buaa_rescue_robot/install/keyboard_controller/share/ament_index/resource_index/package_run_dependencies/keyboard_controller
[7.848s] -- Up-to-date: /home/rescue_robot/buaa_rescue_robot/install/keyboard_controller/share/ament_index/resource_index/parent_prefix_path/keyboard_controller
[7.848s] -- Up-to-date: /home/rescue_robot/buaa_rescue_robot/install/keyboard_controller/share/keyboard_controller/environment/ament_prefix_path.sh
[7.849s] -- Installing: /home/rescue_robot/buaa_rescue_robot/install/keyboard_controller/share/keyboard_controller/environment/ament_prefix_path.dsv
[7.849s] -- Up-to-date: /home/rescue_robot/buaa_rescue_robot/install/keyboard_controller/share/keyboard_controller/environment/path.sh
[7.849s] -- Installing: /home/rescue_robot/buaa_rescue_robot/install/keyboard_controller/share/keyboard_controller/environment/path.dsv
[7.849s] -- Up-to-date: /home/rescue_robot/buaa_rescue_robot/install/keyboard_controller/share/keyboard_controller/local_setup.bash
[7.849s] -- Up-to-date: /home/rescue_robot/buaa_rescue_robot/install/keyboard_controller/share/keyboard_controller/local_setup.sh
[7.849s] -- Up-to-date: /home/rescue_robot/buaa_rescue_robot/install/keyboard_controller/share/keyboard_controller/local_setup.zsh
[7.849s] -- Installing: /home/rescue_robot/buaa_rescue_robot/install/keyboard_controller/share/keyboard_controller/local_setup.dsv
[7.849s] -- Installing: /home/rescue_robot/buaa_rescue_robot/install/keyboard_controller/share/keyboard_controller/package.dsv
[7.849s] -- Up-to-date: /home/rescue_robot/buaa_rescue_robot/install/keyboard_controller/share/ament_index/resource_index/packages/keyboard_controller
[7.850s] -- Up-to-date: /home/rescue_robot/buaa_rescue_robot/install/keyboard_controller/share/keyboard_controller/cmake/export_keyboard_controller__rosidl_generator_cExport.cmake
[7.850s] -- Up-to-date: /home/rescue_robot/buaa_rescue_robot/install/keyboard_controller/share/keyboard_controller/cmake/export_keyboard_controller__rosidl_generator_cExport-noconfig.cmake
[7.850s] -- Up-to-date: /home/rescue_robot/buaa_rescue_robot/install/keyboard_controller/share/keyboard_controller/cmake/export_keyboard_controller__rosidl_typesupport_fastrtps_cExport.cmake
[7.850s] -- Up-to-date: /home/rescue_robot/buaa_rescue_robot/install/keyboard_controller/share/keyboard_controller/cmake/export_keyboard_controller__rosidl_typesupport_fastrtps_cExport-noconfig.cmake
[7.850s] -- Up-to-date: /home/rescue_robot/buaa_rescue_robot/install/keyboard_controller/share/keyboard_controller/cmake/export_keyboard_controller__rosidl_generator_cppExport.cmake
[7.851s] -- Up-to-date: /home/rescue_robot/buaa_rescue_robot/install/keyboard_controller/share/keyboard_controller/cmake/export_keyboard_controller__rosidl_typesupport_fastrtps_cppExport.cmake
[7.851s] -- Up-to-date: /home/rescue_robot/buaa_rescue_robot/install/keyboard_controller/share/keyboard_controller/cmake/export_keyboard_controller__rosidl_typesupport_fastrtps_cppExport-noconfig.cmake
[7.851s] -- Up-to-date: /home/rescue_robot/buaa_rescue_robot/install/keyboard_controller/share/keyboard_controller/cmake/keyboard_controller__rosidl_typesupport_introspection_cExport.cmake
[7.851s] -- Up-to-date: /home/rescue_robot/buaa_rescue_robot/install/keyboard_controller/share/keyboard_controller/cmake/keyboard_controller__rosidl_typesupport_introspection_cExport-noconfig.cmake
[7.851s] -- Up-to-date: /home/rescue_robot/buaa_rescue_robot/install/keyboard_controller/share/keyboard_controller/cmake/keyboard_controller__rosidl_typesupport_cExport.cmake
[7.851s] -- Up-to-date: /home/rescue_robot/buaa_rescue_robot/install/keyboard_controller/share/keyboard_controller/cmake/keyboard_controller__rosidl_typesupport_cExport-noconfig.cmake
[7.852s] -- Up-to-date: /home/rescue_robot/buaa_rescue_robot/install/keyboard_controller/share/keyboard_controller/cmake/keyboard_controller__rosidl_typesupport_introspection_cppExport.cmake
[7.852s] -- Up-to-date: /home/rescue_robot/buaa_rescue_robot/install/keyboard_controller/share/keyboard_controller/cmake/keyboard_controller__rosidl_typesupport_introspection_cppExport-noconfig.cmake
[7.852s] -- Up-to-date: /home/rescue_robot/buaa_rescue_robot/install/keyboard_controller/share/keyboard_controller/cmake/keyboard_controller__rosidl_typesupport_cppExport.cmake
[7.852s] -- Up-to-date: /home/rescue_robot/buaa_rescue_robot/install/keyboard_controller/share/keyboard_controller/cmake/keyboard_controller__rosidl_typesupport_cppExport-noconfig.cmake
[7.852s] -- Up-to-date: /home/rescue_robot/buaa_rescue_robot/install/keyboard_controller/share/keyboard_controller/cmake/export_keyboard_controller__rosidl_generator_pyExport.cmake
[7.852s] -- Up-to-date: /home/rescue_robot/buaa_rescue_robot/install/keyboard_controller/share/keyboard_controller/cmake/export_keyboard_controller__rosidl_generator_pyExport-noconfig.cmake
[7.853s] -- Up-to-date: /home/rescue_robot/buaa_rescue_robot/install/keyboard_controller/share/keyboard_controller/cmake/rosidl_cmake-extras.cmake
[7.853s] -- Up-to-date: /home/rescue_robot/buaa_rescue_robot/install/keyboard_controller/share/keyboard_controller/cmake/ament_cmake_export_include_directories-extras.cmake
[7.853s] -- Up-to-date: /home/rescue_robot/buaa_rescue_robot/install/keyboard_controller/share/keyboard_controller/cmake/ament_cmake_export_libraries-extras.cmake
[7.853s] -- Up-to-date: /home/rescue_robot/buaa_rescue_robot/install/keyboard_controller/share/keyboard_controller/cmake/ament_cmake_export_targets-extras.cmake
[7.853s] -- Up-to-date: /home/rescue_robot/buaa_rescue_robot/install/keyboard_controller/share/keyboard_controller/cmake/rosidl_cmake_export_typesupport_targets-extras.cmake
[7.853s] -- Up-to-date: /home/rescue_robot/buaa_rescue_robot/install/keyboard_controller/share/keyboard_controller/cmake/ament_cmake_export_dependencies-extras.cmake
[7.853s] -- Up-to-date: /home/rescue_robot/buaa_rescue_robot/install/keyboard_controller/share/keyboard_controller/cmake/rosidl_cmake_export_typesupport_libraries-extras.cmake
[7.854s] -- Up-to-date: /home/rescue_robot/buaa_rescue_robot/install/keyboard_controller/share/keyboard_controller/cmake/keyboard_controllerConfig.cmake
[7.854s] -- Up-to-date: /home/rescue_robot/buaa_rescue_robot/install/keyboard_controller/share/keyboard_controller/cmake/keyboard_controllerConfig-version.cmake
[7.854s] -- Up-to-date: /home/rescue_robot/buaa_rescue_robot/install/keyboard_controller/share/keyboard_controller/package.xml
[7.858s] Invoked command in '/home/rescue_robot/buaa_rescue_robot/build/keyboard_controller' returned '0': CMAKE_PREFIX_PATH=${CMAKE_PREFIX_PATH}:/opt/ros/humble /usr/bin/cmake --install /home/rescue_robot/buaa_rescue_robot/build/keyboard_controller
