[0.014s] Invoking command in '/home/rescue-robot/buaa_rescue_robot/build/serial': CMAKE_PREFIX_PATH=/home/rescue-robot/buaa_rescue_robot/install/buaa_rescue_robot_msgs:/home/rescue-robot/buaa_rescue_robot/install/serial:/home/rescue-robot/buaa_rescue_robot/install/keyboard_controller:/home/rescue-robot/buaa_rescue_robot/install/cpp_pubsub:/home/rescue-robot/buaa_rescue_robot/install:/home/rescue-robot/buaa_rescue_robot/install:/opt/ros/humble /usr/bin/cmake --build /home/rescue-robot/buaa_rescue_robot/build/serial -- -j8 -l8
[0.065s] [35m[1mConsolidate compiler generated dependencies of target serial_sender[0m
[0.077s] [ 50%] Built target serial_receiver
[0.090s] [ 75%] [32mBuilding CXX object CMakeFiles/serial_sender.dir/src/serial_sender.cpp.o[0m
[2.451s] In file included from [01m[K/opt/ros/humble/include/rclcpp/rclcpp/client.hpp:40[m[K,
[2.451s]                  from [01m[K/opt/ros/humble/include/rclcpp/rclcpp/callback_group.hpp:24[m[K,
[2.451s]                  from [01m[K/opt/ros/humble/include/rclcpp/rclcpp/any_executable.hpp:20[m[K,
[2.451s]                  from [01m[K/opt/ros/humble/include/rclcpp/rclcpp/memory_strategy.hpp:25[m[K,
[2.451s]                  from [01m[K/opt/ros/humble/include/rclcpp/rclcpp/memory_strategies.hpp:18[m[K,
[2.451s]                  from [01m[K/opt/ros/humble/include/rclcpp/rclcpp/executor_options.hpp:20[m[K,
[2.451s]                  from [01m[K/opt/ros/humble/include/rclcpp/rclcpp/executor.hpp:37[m[K,
[2.451s]                  from [01m[K/opt/ros/humble/include/rclcpp/rclcpp/executors/multi_threaded_executor.hpp:25[m[K,
[2.451s]                  from [01m[K/opt/ros/humble/include/rclcpp/rclcpp/executors.hpp:21[m[K,
[2.451s]                  from [01m[K/opt/ros/humble/include/rclcpp/rclcpp/rclcpp.hpp:155[m[K,
[2.451s]                  from [01m[K/home/rescue-robot/buaa_rescue_robot/src/serial/src/serial_sender.cpp:2[m[K:
[2.451s] [01m[K/home/rescue-robot/buaa_rescue_robot/src/serial/src/serial_sender.cpp:[m[K In function ‘[01m[Kuint16_t calculate_crc16(const std::vector<unsigned char, std::allocator<unsigned char> >&, size_t, size_t)[m[K’:
[2.451s] [01m[K/home/rescue-robot/buaa_rescue_robot/src/serial/src/serial_sender.cpp:60:17:[m[K [01;31m[Kerror: [m[Kinvalid use of ‘[01m[Kthis[m[K’ in non-member function
[2.451s]    60 |     RCLCPP_INFO([01;31m[Kthis[m[K->get_logger(), "Sent message: %s", msg_str.c_str());
[2.451s]       |                 [01;31m[K^~~~[m[K
[2.451s] [01m[K/home/rescue-robot/buaa_rescue_robot/src/serial/src/serial_sender.cpp:60:17:[m[K [01;31m[Kerror: [m[Kinvalid use of ‘[01m[Kthis[m[K’ in non-member function
[2.451s] [01m[K/home/rescue-robot/buaa_rescue_robot/src/serial/src/serial_sender.cpp:60:5:[m[K [01;31m[Kerror: [m[Ktemplate argument 1 is invalid
[2.451s]    60 |     [01;31m[KRCLCPP_INFO[m[K(this->get_logger(), "Sent message: %s", msg_str.c_str());
[2.451s]       |     [01;31m[K^~~~~~~~~~~[m[K
[2.451s] [01m[K/home/rescue-robot/buaa_rescue_robot/src/serial/src/serial_sender.cpp:60:5:[m[K [01;31m[Kerror: [m[K‘[01m[K<declaration error>[m[K’ is not a template [[01;31m[K]8;;https://gcc.gnu.org/onlinedocs/gcc/Warning-Options.html#index-fpermissive-fpermissive]8;;[m[K]
[2.451s]    60 |     [01;31m[KRCLCPP_INFO[m[K(this->get_logger(), "Sent message: %s", msg_str.c_str());
[2.452s]       |     [01;31m[K^~~~~~~~~~~[m[K
[2.452s] [01m[K/home/rescue-robot/buaa_rescue_robot/src/serial/src/serial_sender.cpp:60:5:[m[K [01;31m[Kerror: [m[Ktemplate argument 1 is invalid
[2.452s]    60 |     [01;31m[KRCLCPP_INFO[m[K(this->get_logger(), "Sent message: %s", msg_str.c_str());
[2.452s]       |     [01;31m[K^~~~~~~~~~~[m[K
[2.452s] [01m[K/home/rescue-robot/buaa_rescue_robot/src/serial/src/serial_sender.cpp:60:5:[m[K [01;31m[Kerror: [m[K‘[01m[K<declaration error>[m[K’ is not a template [[01;31m[K]8;;https://gcc.gnu.org/onlinedocs/gcc/Warning-Options.html#index-fpermissive-fpermissive]8;;[m[K]
[2.452s]    60 |     [01;31m[KRCLCPP_INFO[m[K(this->get_logger(), "Sent message: %s", msg_str.c_str());
[2.452s]       |     [01;31m[K^~~~~~~~~~~[m[K
[2.452s] [01m[K/home/rescue-robot/buaa_rescue_robot/src/serial/src/serial_sender.cpp:60:5:[m[K [01;31m[Kerror: [m[Ktemplate argument 1 is invalid
[2.452s]    60 |     [01;31m[KRCLCPP_INFO[m[K(this->get_logger(), "Sent message: %s", msg_str.c_str());
[2.452s]       |     [01;31m[K^~~~~~~~~~~[m[K
[2.452s] In file included from [01m[K/opt/ros/humble/include/rclcpp/rclcpp/logging.hpp:24[m[K,
[2.452s]                  from [01m[K/opt/ros/humble/include/rclcpp/rclcpp/client.hpp:40[m[K,
[2.452s]                  from [01m[K/opt/ros/humble/include/rclcpp/rclcpp/callback_group.hpp:24[m[K,
[2.452s]                  from [01m[K/opt/ros/humble/include/rclcpp/rclcpp/any_executable.hpp:20[m[K,
[2.452s]                  from [01m[K/opt/ros/humble/include/rclcpp/rclcpp/memory_strategy.hpp:25[m[K,
[2.452s]                  from [01m[K/opt/ros/humble/include/rclcpp/rclcpp/memory_strategies.hpp:18[m[K,
[2.452s]                  from [01m[K/opt/ros/humble/include/rclcpp/rclcpp/executor_options.hpp:20[m[K,
[2.452s]                  from [01m[K/opt/ros/humble/include/rclcpp/rclcpp/executor.hpp:37[m[K,
[2.452s]                  from [01m[K/opt/ros/humble/include/rclcpp/rclcpp/executors/multi_threaded_executor.hpp:25[m[K,
[2.452s]                  from [01m[K/opt/ros/humble/include/rclcpp/rclcpp/executors.hpp:21[m[K,
[2.452s]                  from [01m[K/opt/ros/humble/include/rclcpp/rclcpp/rclcpp.hpp:155[m[K,
[2.452s]                  from [01m[K/home/rescue-robot/buaa_rescue_robot/src/serial/src/serial_sender.cpp:2[m[K:
[2.452s] [01m[K/home/rescue-robot/buaa_rescue_robot/src/serial/src/serial_sender.cpp:60:17:[m[K [01;31m[Kerror: [m[Kinvalid use of ‘[01m[Kthis[m[K’ in non-member function
[2.452s]    60 |     RCLCPP_INFO([01;31m[Kthis[m[K->get_logger(), "Sent message: %s", msg_str.c_str());
[2.452s]       |                 [01;31m[K^~~~[m[K
[2.452s] [01m[K/home/rescue-robot/buaa_rescue_robot/src/serial/src/serial_sender.cpp:60:17:[m[K [01;31m[Kerror: [m[Kinvalid use of ‘[01m[Kthis[m[K’ in non-member function
[2.453s]    60 |     RCLCPP_INFO([01;31m[Kthis[m[K->get_logger(), "Sent message: %s", msg_str.c_str());
[2.453s]       |                 [01;31m[K^~~~[m[K
[2.456s] [01m[K/home/rescue-robot/buaa_rescue_robot/src/serial/src/serial_sender.cpp:60:57:[m[K [01;31m[Kerror: [m[K‘[01m[Kmsg_str[m[K’ was not declared in this scope
[2.456s]    60 |     RCLCPP_INFO(this->get_logger(), "Sent message: %s", [01;31m[Kmsg_str[m[K.c_str());
[2.456s]       |                                                         [01;31m[K^~~~~~~[m[K
[4.750s] gmake[2]: *** [CMakeFiles/serial_sender.dir/build.make:76: CMakeFiles/serial_sender.dir/src/serial_sender.cpp.o] Error 1
[4.750s] gmake[1]: *** [CMakeFiles/Makefile2:139: CMakeFiles/serial_sender.dir/all] Error 2
[4.751s] gmake: *** [Makefile:146: all] Error 2
[4.752s] Invoked command in '/home/rescue-robot/buaa_rescue_robot/build/serial' returned '2': CMAKE_PREFIX_PATH=/home/rescue-robot/buaa_rescue_robot/install/buaa_rescue_robot_msgs:/home/rescue-robot/buaa_rescue_robot/install/serial:/home/rescue-robot/buaa_rescue_robot/install/keyboard_controller:/home/rescue-robot/buaa_rescue_robot/install/cpp_pubsub:/home/rescue-robot/buaa_rescue_robot/install:/home/rescue-robot/buaa_rescue_robot/install:/opt/ros/humble /usr/bin/cmake --build /home/rescue-robot/buaa_rescue_robot/build/serial -- -j8 -l8
