[ 50%] [32mBuilding CXX object CMakeFiles/serial_sender.dir/src/serial_sender.cpp.o[0m
[ 50%] [32mBuilding CXX object CMakeFiles/serial_receiver.dir/src/serial_receiver.cpp.o[0m
[ 75%] [32m[1mLinking CXX executable serial_receiver[0m
[100%] [32m[1mLinking CXX executable serial_sender[0m
[100%] Built target serial_receiver
[100%] Built target serial_sender
-- Install configuration: ""
-- Installing: /home/rescue-robot/buaa_rescue_robot/install/serial/lib/serial/serial_sender
-- Set runtime path of "/home/rescue-robot/buaa_rescue_robot/install/serial/lib/serial/serial_sender" to ""
-- Installing: /home/rescue-robot/buaa_rescue_robot/install/serial/lib/serial/serial_receiver
-- Set runtime path of "/home/rescue-robot/buaa_rescue_robot/install/serial/lib/serial/serial_receiver" to ""
-- Installing: /home/rescue-robot/buaa_rescue_robot/install/serial/share/ament_index/resource_index/package_run_dependencies/serial
-- Installing: /home/rescue-robot/buaa_rescue_robot/install/serial/share/ament_index/resource_index/parent_prefix_path/serial
-- Installing: /home/rescue-robot/buaa_rescue_robot/install/serial/share/serial/environment/ament_prefix_path.sh
-- Installing: /home/rescue-robot/buaa_rescue_robot/install/serial/share/serial/environment/ament_prefix_path.dsv
-- Installing: /home/rescue-robot/buaa_rescue_robot/install/serial/share/serial/environment/path.sh
-- Installing: /home/rescue-robot/buaa_rescue_robot/install/serial/share/serial/environment/path.dsv
-- Installing: /home/rescue-robot/buaa_rescue_robot/install/serial/share/serial/local_setup.bash
-- Installing: /home/rescue-robot/buaa_rescue_robot/install/serial/share/serial/local_setup.sh
-- Installing: /home/rescue-robot/buaa_rescue_robot/install/serial/share/serial/local_setup.zsh
-- Installing: /home/rescue-robot/buaa_rescue_robot/install/serial/share/serial/local_setup.dsv
-- Up-to-date: /home/rescue-robot/buaa_rescue_robot/install/serial/share/serial/package.dsv
-- Installing: /home/rescue-robot/buaa_rescue_robot/install/serial/share/ament_index/resource_index/packages/serial
-- Installing: /home/rescue-robot/buaa_rescue_robot/install/serial/share/serial/cmake/serialConfig.cmake
-- Installing: /home/rescue-robot/buaa_rescue_robot/install/serial/share/serial/cmake/serialConfig-version.cmake
-- Installing: /home/rescue-robot/buaa_rescue_robot/install/serial/share/serial/package.xml
