[0.018s] Invoking command in '/home/rescue-robot/buaa_rescue_robot/build/serial': CMAKE_PREFIX_PATH=${CMAKE_PREFIX_PATH}:/opt/ros/humble /usr/bin/cmake --build /home/rescue-robot/buaa_rescue_robot/build/serial -- -j8 -l8
[0.082s] [ 50%] [32mBuilding CXX object CMakeFiles/serial_sender.dir/src/serial_sender.cpp.o[0m
[0.082s] [ 50%] [32mBuilding CXX object CMakeFiles/serial_receiver.dir/src/serial_receiver.cpp.o[0m
[3.640s] [ 75%] [32m[1mLinking CXX executable serial_receiver[0m
[3.734s] [100%] [32m[1mLinking CXX executable serial_sender[0m
[3.762s] [100%] Built target serial_receiver
[3.847s] [100%] Built target serial_sender
[3.859s] Invoked command in '/home/rescue-robot/buaa_rescue_robot/build/serial' returned '0': CMAKE_PREFIX_PATH=${CMAKE_PREFIX_PATH}:/opt/ros/humble /usr/bin/cmake --build /home/rescue-robot/buaa_rescue_robot/build/serial -- -j8 -l8
[3.879s] Invoking command in '/home/rescue-robot/buaa_rescue_robot/build/serial': CMAKE_PREFIX_PATH=${CMAKE_PREFIX_PATH}:/opt/ros/humble /usr/bin/cmake --install /home/rescue-robot/buaa_rescue_robot/build/serial
[3.884s] -- Install configuration: ""
[3.884s] -- Installing: /home/rescue-robot/buaa_rescue_robot/install/serial/lib/serial/serial_sender
[3.885s] -- Set runtime path of "/home/rescue-robot/buaa_rescue_robot/install/serial/lib/serial/serial_sender" to ""
[3.885s] -- Installing: /home/rescue-robot/buaa_rescue_robot/install/serial/lib/serial/serial_receiver
[3.886s] -- Set runtime path of "/home/rescue-robot/buaa_rescue_robot/install/serial/lib/serial/serial_receiver" to ""
[3.886s] -- Installing: /home/rescue-robot/buaa_rescue_robot/install/serial/share/ament_index/resource_index/package_run_dependencies/serial
[3.886s] -- Installing: /home/rescue-robot/buaa_rescue_robot/install/serial/share/ament_index/resource_index/parent_prefix_path/serial
[3.886s] -- Installing: /home/rescue-robot/buaa_rescue_robot/install/serial/share/serial/environment/ament_prefix_path.sh
[3.886s] -- Installing: /home/rescue-robot/buaa_rescue_robot/install/serial/share/serial/environment/ament_prefix_path.dsv
[3.886s] -- Installing: /home/rescue-robot/buaa_rescue_robot/install/serial/share/serial/environment/path.sh
[3.886s] -- Installing: /home/rescue-robot/buaa_rescue_robot/install/serial/share/serial/environment/path.dsv
[3.886s] -- Installing: /home/rescue-robot/buaa_rescue_robot/install/serial/share/serial/local_setup.bash
[3.887s] -- Installing: /home/rescue-robot/buaa_rescue_robot/install/serial/share/serial/local_setup.sh
[3.887s] -- Installing: /home/rescue-robot/buaa_rescue_robot/install/serial/share/serial/local_setup.zsh
[3.887s] -- Installing: /home/rescue-robot/buaa_rescue_robot/install/serial/share/serial/local_setup.dsv
[3.887s] -- Up-to-date: /home/rescue-robot/buaa_rescue_robot/install/serial/share/serial/package.dsv
[3.887s] -- Installing: /home/rescue-robot/buaa_rescue_robot/install/serial/share/ament_index/resource_index/packages/serial
[3.887s] -- Installing: /home/rescue-robot/buaa_rescue_robot/install/serial/share/serial/cmake/serialConfig.cmake
[3.887s] -- Installing: /home/rescue-robot/buaa_rescue_robot/install/serial/share/serial/cmake/serialConfig-version.cmake
[3.887s] -- Installing: /home/rescue-robot/buaa_rescue_robot/install/serial/share/serial/package.xml
[3.891s] Invoked command in '/home/rescue-robot/buaa_rescue_robot/build/serial' returned '0': CMAKE_PREFIX_PATH=${CMAKE_PREFIX_PATH}:/opt/ros/humble /usr/bin/cmake --install /home/rescue-robot/buaa_rescue_robot/build/serial
