-- Found ament_cmake: 1.3.5 (/opt/ros/humble/share/ament_cmake/cmake)
-- Found rclcpp: 16.0.5 (/opt/ros/humble/share/rclcpp/cmake)
-- Found rosidl_generator_c: 3.1.5 (/opt/ros/humble/share/rosidl_generator_c/cmake)
-- Found rosidl_adapter: 3.1.5 (/opt/ros/humble/share/rosidl_adapter/cmake)
-- Found rosidl_generator_cpp: 3.1.5 (/opt/ros/humble/share/rosidl_generator_cpp/cmake)
-- Using all available rosidl_typesupport_c: rosidl_typesupport_fastrtps_c;rosidl_typesupport_introspection_c
-- Using all available rosidl_typesupport_cpp: rosidl_typesupport_fastrtps_cpp;rosidl_typesupport_introspection_cpp
-- Found rmw_implementation_cmake: 6.1.1 (/opt/ros/humble/share/rmw_implementation_cmake/cmake)
-- Found rmw_fastrtps_cpp: 6.2.3 (/opt/ros/humble/share/rmw_fastrtps_cpp/cmake)
-- Using RMW implementation 'rmw_fastrtps_cpp' as default
-- Found rosidl_default_generators: 1.2.0 (/opt/ros/humble/share/rosidl_default_generators/cmake)
-- Found ament_cmake_ros: 0.10.0 (/opt/ros/humble/share/ament_cmake_ros/cmake)
-- Using all available rosidl_typesupport_c: rosidl_typesupport_fastrtps_c;rosidl_typesupport_introspection_c
-- Using all available rosidl_typesupport_cpp: rosidl_typesupport_fastrtps_cpp;rosidl_typesupport_introspection_cpp
-- Found python_cmake_module: 0.10.0 (/opt/ros/humble/share/python_cmake_module/cmake)
-- Using PYTHON_EXECUTABLE: /usr/bin/python3
-- Using PYTHON_INCLUDE_DIRS: /usr/include/python3.10
-- Using PYTHON_LIBRARIES: /usr/lib/x86_64-linux-gnu/libpython3.10.so
-- Configuring done
-- Generating done
-- Build files have been written to: /home/rescue_robot/buaa_rescue_robot/build/keyboard_controller
[  3%] [34m[1mGenerating C code for ROS interfaces[0m
[  6%] [34m[1mGenerating C++ code for ROS interfaces[0m
[  6%] Built target ament_cmake_python_copy_keyboard_controller
running egg_info
creating keyboard_controller.egg-info
writing keyboard_controller.egg-info/PKG-INFO
writing dependency_links to keyboard_controller.egg-info/dependency_links.txt
writing top-level names to keyboard_controller.egg-info/top_level.txt
writing manifest file 'keyboard_controller.egg-info/SOURCES.txt'
reading manifest file 'keyboard_controller.egg-info/SOURCES.txt'
writing manifest file 'keyboard_controller.egg-info/SOURCES.txt'
[  6%] Built target keyboard_controller__cpp
[ 15%] [34m[1mGenerating C++ introspection for ROS interfaces[0m
[ 15%] [34m[1mGenerating C++ type support dispatch for ROS interfaces[0m
[ 15%] [34m[1mGenerating C++ type support for eProsima Fast-RTPS[0m
[ 18%] [32mBuilding C object CMakeFiles/keyboard_controller__rosidl_generator_c.dir/rosidl_generator_c/keyboard_controller/msg/detail/control_message__functions.c.o[0m
[ 18%] Built target ament_cmake_python_build_keyboard_controller_egg
[ 21%] [32m[1mLinking C shared library libkeyboard_controller__rosidl_generator_c.so[0m
[ 21%] Built target keyboard_controller__rosidl_generator_c
[ 27%] [34m[1mGenerating C type support dispatch for ROS interfaces[0m
[ 27%] [34m[1mGenerating C type support for eProsima Fast-RTPS[0m
[ 30%] [34m[1mGenerating C introspection for ROS interfaces[0m
[ 33%] [32mBuilding CXX object CMakeFiles/keyboard_controller__rosidl_typesupport_introspection_cpp.dir/rosidl_typesupport_introspection_cpp/keyboard_controller/msg/detail/control_message__type_support.cpp.o[0m
[ 36%] [32mBuilding CXX object CMakeFiles/keyboard_controller__rosidl_typesupport_fastrtps_cpp.dir/rosidl_typesupport_fastrtps_cpp/keyboard_controller/msg/detail/dds_fastrtps/control_message__type_support.cpp.o[0m
[ 39%] [32mBuilding CXX object CMakeFiles/keyboard_controller__rosidl_typesupport_cpp.dir/rosidl_typesupport_cpp/keyboard_controller/msg/control_message__type_support.cpp.o[0m
[ 42%] [32mBuilding CXX object CMakeFiles/keyboard_controller__rosidl_typesupport_c.dir/rosidl_typesupport_c/keyboard_controller/msg/control_message__type_support.cpp.o[0m
[ 45%] [32mBuilding C object CMakeFiles/keyboard_controller__rosidl_typesupport_introspection_c.dir/rosidl_typesupport_introspection_c/keyboard_controller/msg/detail/control_message__type_support.c.o[0m
[ 48%] [32mBuilding CXX object CMakeFiles/keyboard_controller__rosidl_typesupport_fastrtps_c.dir/rosidl_typesupport_fastrtps_c/keyboard_controller/msg/detail/control_message__type_support_c.cpp.o[0m
[ 51%] [32m[1mLinking CXX shared library libkeyboard_controller__rosidl_typesupport_c.so[0m
[ 54%] [32m[1mLinking C shared library libkeyboard_controller__rosidl_typesupport_introspection_c.so[0m
[ 54%] Built target keyboard_controller__rosidl_typesupport_introspection_c
[ 54%] Built target keyboard_controller__rosidl_typesupport_c
[ 57%] [32m[1mLinking CXX shared library libkeyboard_controller__rosidl_typesupport_cpp.so[0m
[ 57%] Built target keyboard_controller__rosidl_typesupport_cpp
[35m[1mConsolidate compiler generated dependencies of target keyboard_publisher[0m
[ 60%] [32m[1mLinking CXX shared library libkeyboard_controller__rosidl_typesupport_introspection_cpp.so[0m
[ 63%] [32mBuilding CXX object CMakeFiles/keyboard_publisher.dir/src/keyboard_publisher.cpp.o[0m
[ 63%] Built target keyboard_controller__rosidl_typesupport_introspection_cpp
[ 66%] [32m[1mLinking CXX shared library libkeyboard_controller__rosidl_typesupport_fastrtps_cpp.so[0m
[ 69%] [32m[1mLinking CXX shared library libkeyboard_controller__rosidl_typesupport_fastrtps_c.so[0m
[ 69%] Built target keyboard_controller__rosidl_typesupport_fastrtps_cpp
[ 69%] Built target keyboard_controller__rosidl_typesupport_fastrtps_c
[ 69%] Built target keyboard_controller
[ 72%] [34m[1mGenerating Python code for ROS interfaces[0m
[ 72%] Built target keyboard_controller__py
[ 75%] [32mBuilding C object CMakeFiles/keyboard_controller__rosidl_generator_py.dir/rosidl_generator_py/keyboard_controller/msg/_control_message_s.c.o[0m
[ 78%] [32m[1mLinking C shared library rosidl_generator_py/keyboard_controller/libkeyboard_controller__rosidl_generator_py.so[0m
[ 78%] Built target keyboard_controller__rosidl_generator_py
[ 81%] [32mBuilding C object CMakeFiles/keyboard_controller__rosidl_typesupport_fastrtps_c__pyext.dir/rosidl_generator_py/keyboard_controller/_keyboard_controller_s.ep.rosidl_typesupport_fastrtps_c.c.o[0m
[ 84%] [32mBuilding C object CMakeFiles/keyboard_controller__rosidl_typesupport_introspection_c__pyext.dir/rosidl_generator_py/keyboard_controller/_keyboard_controller_s.ep.rosidl_typesupport_introspection_c.c.o[0m
[ 87%] [32mBuilding C object CMakeFiles/keyboard_controller__rosidl_typesupport_c__pyext.dir/rosidl_generator_py/keyboard_controller/_keyboard_controller_s.ep.rosidl_typesupport_c.c.o[0m
[ 90%] [32m[1mLinking C shared library rosidl_generator_py/keyboard_controller/keyboard_controller_s__rosidl_typesupport_introspection_c.cpython-310-x86_64-linux-gnu.so[0m
[ 96%] [32m[1mLinking C shared library rosidl_generator_py/keyboard_controller/keyboard_controller_s__rosidl_typesupport_c.cpython-310-x86_64-linux-gnu.so[0m
[ 96%] [32m[1mLinking C shared library rosidl_generator_py/keyboard_controller/keyboard_controller_s__rosidl_typesupport_fastrtps_c.cpython-310-x86_64-linux-gnu.so[0m
[ 96%] Built target keyboard_controller__rosidl_typesupport_introspection_c__pyext
[ 96%] Built target keyboard_controller__rosidl_typesupport_fastrtps_c__pyext
[ 96%] Built target keyboard_controller__rosidl_typesupport_c__pyext
