-- The C compiler identification is GNU 11.4.0
-- The CXX compiler identification is GNU 11.4.0
-- Detecting C compiler ABI info
-- Detecting C compiler ABI info - done
-- Check for working C compiler: /usr/bin/cc - skipped
-- Detecting C compile features
-- Detecting C compile features - done
-- Detecting CXX compiler ABI info
-- Detecting CXX compiler ABI info - done
-- Check for working CXX compiler: /usr/bin/c++ - skipped
-- Detecting CXX compile features
-- Detecting CXX compile features - done
-- Found ament_cmake: 1.3.5 (/opt/ros/humble/share/ament_cmake/cmake)
-- Found Python3: /usr/bin/python3.10 (found version "3.10.12") found components: Interpreter 
-- Found rclcpp: 16.0.5 (/opt/ros/humble/share/rclcpp/cmake)
-- Found rosidl_generator_c: 3.1.5 (/opt/ros/humble/share/rosidl_generator_c/cmake)
-- Found rosidl_adapter: 3.1.5 (/opt/ros/humble/share/rosidl_adapter/cmake)
-- Found rosidl_generator_cpp: 3.1.5 (/opt/ros/humble/share/rosidl_generator_cpp/cmake)
-- Using all available rosidl_typesupport_c: rosidl_typesupport_fastrtps_c;rosidl_typesupport_introspection_c
-- Using all available rosidl_typesupport_cpp: rosidl_typesupport_fastrtps_cpp;rosidl_typesupport_introspection_cpp
-- Found rmw_implementation_cmake: 6.1.1 (/opt/ros/humble/share/rmw_implementation_cmake/cmake)
-- Found rmw_fastrtps_cpp: 6.2.3 (/opt/ros/humble/share/rmw_fastrtps_cpp/cmake)
-- Found OpenSSL: /usr/lib/x86_64-linux-gnu/libcrypto.so (found version "3.0.2")  
-- Found FastRTPS: /opt/ros/humble/include  
-- Using RMW implementation 'rmw_fastrtps_cpp' as default
-- Looking for pthread.h
-- Looking for pthread.h - found
-- Performing Test CMAKE_HAVE_LIBC_PTHREAD
-- Performing Test CMAKE_HAVE_LIBC_PTHREAD - Success
-- Found Threads: TRUE  
-- Found rosidl_default_generators: 1.2.0 (/opt/ros/humble/share/rosidl_default_generators/cmake)
-- Found buaa_rescue_robot_msgs: 0.0.0 (/home/rescue-robot/buaa_rescue_robot/install/buaa_rescue_robot_msgs/share/buaa_rescue_robot_msgs/cmake)
-- Configuring done
-- Generating done
-- Build files have been written to: /home/rescue-robot/buaa_rescue_robot/build/serial
[ 25%] [32mBuilding CXX object CMakeFiles/serial_receiver.dir/src/serial_receiver.cpp.o[0m
[ 50%] [32mBuilding CXX object CMakeFiles/serial_sender.dir/src/serial_sender.cpp.o[0m
[ 75%] [32m[1mLinking CXX executable serial_receiver[0m
[ 75%] Built target serial_receiver
[100%] [32m[1mLinking CXX executable serial_sender[0m
[100%] Built target serial_sender
-- Install configuration: ""
-- Installing: /home/rescue-robot/buaa_rescue_robot/install/serial/lib/serial/serial_sender
-- Set runtime path of "/home/rescue-robot/buaa_rescue_robot/install/serial/lib/serial/serial_sender" to ""
-- Installing: /home/rescue-robot/buaa_rescue_robot/install/serial/lib/serial/serial_receiver
-- Set runtime path of "/home/rescue-robot/buaa_rescue_robot/install/serial/lib/serial/serial_receiver" to ""
-- Installing: /home/rescue-robot/buaa_rescue_robot/install/serial/share/ament_index/resource_index/package_run_dependencies/serial
-- Installing: /home/rescue-robot/buaa_rescue_robot/install/serial/share/ament_index/resource_index/parent_prefix_path/serial
-- Installing: /home/rescue-robot/buaa_rescue_robot/install/serial/share/serial/environment/ament_prefix_path.sh
-- Installing: /home/rescue-robot/buaa_rescue_robot/install/serial/share/serial/environment/ament_prefix_path.dsv
-- Installing: /home/rescue-robot/buaa_rescue_robot/install/serial/share/serial/environment/path.sh
-- Installing: /home/rescue-robot/buaa_rescue_robot/install/serial/share/serial/environment/path.dsv
-- Installing: /home/rescue-robot/buaa_rescue_robot/install/serial/share/serial/local_setup.bash
-- Installing: /home/rescue-robot/buaa_rescue_robot/install/serial/share/serial/local_setup.sh
-- Installing: /home/rescue-robot/buaa_rescue_robot/install/serial/share/serial/local_setup.zsh
-- Installing: /home/rescue-robot/buaa_rescue_robot/install/serial/share/serial/local_setup.dsv
-- Installing: /home/rescue-robot/buaa_rescue_robot/install/serial/share/serial/package.dsv
-- Installing: /home/rescue-robot/buaa_rescue_robot/install/serial/share/ament_index/resource_index/packages/serial
-- Installing: /home/rescue-robot/buaa_rescue_robot/install/serial/share/serial/cmake/serialConfig.cmake
-- Installing: /home/rescue-robot/buaa_rescue_robot/install/serial/share/serial/cmake/serialConfig-version.cmake
-- Installing: /home/rescue-robot/buaa_rescue_robot/install/serial/share/serial/package.xml
