[0.012s] Invoking command in '/home/rescue-robot/buaa_rescue_robot/build/serial': CMAKE_PREFIX_PATH=/home/rescue-robot/buaa_rescue_robot/install/buaa_rescue_robot_msgs:/home/rescue-robot/buaa_rescue_robot/install/serial:/home/rescue-robot/buaa_rescue_robot/install/keyboard_controller:/home/rescue-robot/buaa_rescue_robot/install/cpp_pubsub:/home/rescue-robot/buaa_rescue_robot/install:/home/rescue-robot/buaa_rescue_robot/install:/opt/ros/humble /usr/bin/cmake --build /home/rescue-robot/buaa_rescue_robot/build/serial -- -j8 -l8
[0.065s] [35m[1mConsolidate compiler generated dependencies of target serial_sender[0m
[0.080s] [ 50%] Built target serial_receiver
[0.088s] [ 75%] [32mBuilding CXX object CMakeFiles/serial_sender.dir/src/serial_sender.cpp.o[0m
[2.395s] [01m[K/home/rescue-robot/buaa_rescue_robot/src/serial/src/serial_sender.cpp:162:2:[m[K [01;31m[Kerror: [m[Kexpected ‘[01m[K}[m[K’ at end of input
[2.395s]   162 | }
[2.395s]       |  [01;31m[K^[m[K
[2.395s] [01m[K/home/rescue-robot/buaa_rescue_robot/src/serial/src/serial_sender.cpp:18:1:[m[K [01;36m[Knote: [m[Kto match this ‘[01m[K{[m[K’
[2.395s]    18 | [01;36m[K{[m[K
[2.395s]       | [01;36m[K^[m[K
[2.403s] [01m[K/home/rescue-robot/buaa_rescue_robot/src/serial/src/serial_sender.cpp:[m[K In constructor ‘[01m[KSerialSender::SerialSender()[m[K’:
[2.403s] [01m[K/home/rescue-robot/buaa_rescue_robot/src/serial/src/serial_sender.cpp:25:13:[m[K [01;31m[Kerror: [m[K‘[01m[Kserial_port_[m[K’ was not declared in this scope
[2.403s]    25 |             [01;31m[Kserial_port_[m[K = std::make_shared<asio::serial_port>(io_, "/dev/ttyUSB1");  // 这里的路径需要根据您的设备进行更改
[2.403s]       |             [01;31m[K^~~~~~~~~~~~[m[K
[2.407s] [01m[K/home/rescue-robot/buaa_rescue_robot/src/serial/src/serial_sender.cpp:25:64:[m[K [01;31m[Kerror: [m[K‘[01m[Kio_[m[K’ was not declared in this scope
[2.407s]    25 |             serial_port_ = std::make_shared<asio::serial_port>([01;31m[Kio_[m[K, "/dev/ttyUSB1");  // 这里的路径需要根据您的设备进行更改
[2.407s]       |                                                                [01;31m[K^~~[m[K
[2.412s] [01m[K/home/rescue-robot/buaa_rescue_robot/src/serial/src/serial_sender.cpp:34:9:[m[K [01;31m[Kerror: [m[K‘[01m[Ktimer_[m[K’ was not declared in this scope; did you mean ‘[01m[Ktimer_t[m[K’?
[2.413s]    34 |         [01;31m[Ktimer_[m[K = this->create_wall_timer(
[2.413s]       |         [01;31m[K^~~~~~[m[K
[2.413s]       |         [32m[Ktimer_t[m[K
[2.413s] [01m[K/home/rescue-robot/buaa_rescue_robot/src/serial/src/serial_sender.cpp:36:38:[m[K [01;31m[Kerror: [m[K‘[01m[Ktimer_callback[m[K’ is not a member of ‘[01m[KSerialSender[m[K’
[2.413s]    36 |             std::bind(&SerialSender::[01;31m[Ktimer_callback[m[K, this));
[2.413s]       |                                      [01;31m[K^~~~~~~~~~~~~~[m[K
[2.419s] [01m[K/home/rescue-robot/buaa_rescue_robot/src/serial/src/serial_sender.cpp:39:11:[m[K [01;31m[Kerror: [m[K‘[01m[Ksubscription_[m[K’ was not declared in this scope; did you mean ‘[01m[Krmw_subscription_t[m[K’?
[2.419s]    39 |           [01;31m[Ksubscription_[m[K = this->create_subscription<buaa_rescue_robot_msgs::msg::ControlMessage>(
[2.419s]       |           [01;31m[K^~~~~~~~~~~~~[m[K
[2.419s]       |           [32m[Krmw_subscription_t[m[K
[2.419s] [01m[K/home/rescue-robot/buaa_rescue_robot/src/serial/src/serial_sender.cpp:42:38:[m[K [01;31m[Kerror: [m[K‘[01m[Kcallback[m[K’ is not a member of ‘[01m[KSerialSender[m[K’
[2.419s]    42 |             std::bind(&SerialSender::[01;31m[Kcallback[m[K, this, std::placeholders::_1));
[2.419s]       |                                      [01;31m[K^~~~~~~~[m[K
[2.429s] [01m[K/home/rescue-robot/buaa_rescue_robot/src/serial/src/serial_sender.cpp:45:9:[m[K [01;31m[Kerror: [m[K‘[01m[Kstart_receive[m[K’ was not declared in this scope
[2.429s]    45 |         [01;31m[Kstart_receive[m[K();
[2.429s]       |         [01;31m[K^~~~~~~~~~~~~[m[K
[2.429s] [01m[K/home/rescue-robot/buaa_rescue_robot/src/serial/src/serial_sender.cpp:48:44:[m[K [01;31m[Kerror: [m[Ka function-definition is not allowed here before ‘[01m[K{[m[K’ token
[2.430s]    48 |         asio::io_service& get_io_service() [01;31m[K{[m[K
[2.430s]       |                                            [01;31m[K^[m[K
[2.430s] [01m[K/home/rescue-robot/buaa_rescue_robot/src/serial/src/serial_sender.cpp:53:1:[m[K [01;31m[Kerror: [m[Kexpected primary-expression before ‘[01m[Kprivate[m[K’
[2.430s]    53 | [01;31m[Kprivate[m[K:    // 私有成员函数和变量
[2.430s]       | [01;31m[K^~~~~~~[m[K
[2.430s] [01m[K/home/rescue-robot/buaa_rescue_robot/src/serial/src/serial_sender.cpp:60:26:[m[K [01;31m[Kerror: [m[Ka function-definition is not allowed here before ‘[01m[K{[m[K’ token
[2.430s]    60 |     void start_receive() [01;31m[K{[m[K
[2.430s]       |                          [01;31m[K^[m[K
[2.430s] [01m[K/home/rescue-robot/buaa_rescue_robot/src/serial/src/serial_sender.cpp:82:5:[m[K [01;31m[Kerror: [m[Ka function-definition is not allowed here before ‘[01m[K{[m[K’ token
[2.430s]    82 |     [01;31m[K{[m[K
[2.430s]       |     [01;31m[K^[m[K
[2.430s] [01m[K/home/rescue-robot/buaa_rescue_robot/src/serial/src/serial_sender.cpp:133:5:[m[K [01;31m[Kerror: [m[Ka function-definition is not allowed here before ‘[01m[K{[m[K’ token
[2.430s]   133 |     [01;31m[K{[m[K
[2.430s]       |     [01;31m[K^[m[K
[2.465s] [01m[K/home/rescue-robot/buaa_rescue_robot/src/serial/src/serial_sender.cpp:[m[K At global scope:
[2.465s] [01m[K/home/rescue-robot/buaa_rescue_robot/src/serial/src/serial_sender.cpp:162:2:[m[K [01;31m[Kerror: [m[Kexpected unqualified-id at end of input
[2.465s]   162 | }
[2.466s]       |  [01;31m[K^[m[K
[2.842s] gmake[2]: *** [CMakeFiles/serial_sender.dir/build.make:76: CMakeFiles/serial_sender.dir/src/serial_sender.cpp.o] Error 1
[2.843s] gmake[1]: *** [CMakeFiles/Makefile2:139: CMakeFiles/serial_sender.dir/all] Error 2
[2.843s] gmake: *** [Makefile:146: all] Error 2
[2.844s] Invoked command in '/home/rescue-robot/buaa_rescue_robot/build/serial' returned '2': CMAKE_PREFIX_PATH=/home/rescue-robot/buaa_rescue_robot/install/buaa_rescue_robot_msgs:/home/rescue-robot/buaa_rescue_robot/install/serial:/home/rescue-robot/buaa_rescue_robot/install/keyboard_controller:/home/rescue-robot/buaa_rescue_robot/install/cpp_pubsub:/home/rescue-robot/buaa_rescue_robot/install:/home/rescue-robot/buaa_rescue_robot/install:/opt/ros/humble /usr/bin/cmake --build /home/rescue-robot/buaa_rescue_robot/build/serial -- -j8 -l8
