[0.022s] Invoking command in '/home/rescue-robot/buaa_rescue_robot/build/serial': CMAKE_PREFIX_PATH=${CMAKE_PREFIX_PATH}:/opt/ros/humble /usr/bin/cmake --build /home/rescue-robot/buaa_rescue_robot/build/serial -- -j8 -l8
[0.088s] [ 25%] [32mBuilding CXX object CMakeFiles/serial_sender.dir/src/serial_sender.cpp.o[0m
[0.090s] [ 75%] Built target serial_receiver
[2.479s] In file included from [01m[K/opt/ros/humble/include/rclcpp/rclcpp/logging.hpp:24[m[K,
[2.479s]                  from [01m[K/opt/ros/humble/include/rclcpp/rclcpp/client.hpp:40[m[K,
[2.479s]                  from [01m[K/opt/ros/humble/include/rclcpp/rclcpp/callback_group.hpp:24[m[K,
[2.479s]                  from [01m[K/opt/ros/humble/include/rclcpp/rclcpp/any_executable.hpp:20[m[K,
[2.479s]                  from [01m[K/opt/ros/humble/include/rclcpp/rclcpp/memory_strategy.hpp:25[m[K,
[2.480s]                  from [01m[K/opt/ros/humble/include/rclcpp/rclcpp/memory_strategies.hpp:18[m[K,
[2.480s]                  from [01m[K/opt/ros/humble/include/rclcpp/rclcpp/executor_options.hpp:20[m[K,
[2.480s]                  from [01m[K/opt/ros/humble/include/rclcpp/rclcpp/executor.hpp:37[m[K,
[2.480s]                  from [01m[K/opt/ros/humble/include/rclcpp/rclcpp/executors/multi_threaded_executor.hpp:25[m[K,
[2.480s]                  from [01m[K/opt/ros/humble/include/rclcpp/rclcpp/executors.hpp:21[m[K,
[2.480s]                  from [01m[K/opt/ros/humble/include/rclcpp/rclcpp/rclcpp.hpp:155[m[K,
[2.480s]                  from [01m[K/home/rescue-robot/buaa_rescue_robot/src/serial/src/serial_sender.cpp:1[m[K:
[2.480s] [01m[K/home/rescue-robot/buaa_rescue_robot/src/serial/src/serial_sender.cpp:[m[K In member function ‘[01m[Kvoid SerialSender::timer_callback()[m[K’:
[2.480s] [01m[K/home/rescue-robot/buaa_rescue_robot/src/serial/src/serial_sender.cpp:47:66:[m[K [01;31m[Kerror: [m[Kbase operand of ‘[01m[K->[m[K’ has non-pointer type ‘[01m[Kconst string[m[K’ {aka ‘[01m[Kconst std::__cxx11::basic_string<char>[m[K’}
[2.480s]    47 |         RCLCPP_INFO(this->get_logger(), "Sent message: '%s'", msg[01;31m[K->[m[Kdata.c_str());
[2.480s]       |                                                                  [01;31m[K^~[m[K
[4.728s] gmake[2]: *** [CMakeFiles/serial_sender.dir/build.make:76: CMakeFiles/serial_sender.dir/src/serial_sender.cpp.o] Error 1
[4.728s] gmake[1]: *** [CMakeFiles/Makefile2:139: CMakeFiles/serial_sender.dir/all] Error 2
[4.728s] gmake: *** [Makefile:146: all] Error 2
[4.729s] Invoked command in '/home/rescue-robot/buaa_rescue_robot/build/serial' returned '2': CMAKE_PREFIX_PATH=${CMAKE_PREFIX_PATH}:/opt/ros/humble /usr/bin/cmake --build /home/rescue-robot/buaa_rescue_robot/build/serial -- -j8 -l8
