[0.306s] DEBUG:colcon:Command line arguments: ['/usr/bin/colcon', 'build']
[0.306s] DEBUG:colcon:Parsed command line arguments: Namespace(log_base=None, log_level=None, verb_name='build', build_base='build', install_base='install', merge_install=False, symlink_install=False, test_result_base=None, continue_on_error=False, executor='parallel', parallel_workers=8, event_handlers=None, ignore_user_meta=False, metas=['./colcon.meta'], base_paths=['.'], packages_ignore=None, packages_ignore_regex=None, paths=None, packages_up_to=None, packages_up_to_regex=None, packages_above=None, packages_above_and_dependencies=None, packages_above_depth=None, packages_select_by_dep=None, packages_skip_by_dep=None, packages_skip_up_to=None, packages_select_build_failed=False, packages_skip_build_finished=False, packages_select_test_failures=False, packages_skip_test_passed=False, packages_select=None, packages_skip=None, packages_select_regex=None, packages_skip_regex=None, packages_start=None, packages_end=None, allow_overriding=[], cmake_args=None, cmake_target=None, cmake_target_skip_unavailable=False, cmake_clean_cache=False, cmake_clean_first=False, cmake_force_configure=False, ament_cmake_args=None, catkin_cmake_args=None, catkin_skip_building_tests=False, verb_parser=<colcon_defaults.argument_parser.defaults.DefaultArgumentsDecorator object at 0x7fa901a49780>, verb_extension=<colcon_core.verb.build.BuildVerb object at 0x7fa902236a70>, main=<bound method BuildVerb.main of <colcon_core.verb.build.BuildVerb object at 0x7fa902236a70>>)
[0.337s] Level 1:colcon.colcon_core.package_discovery:discover_packages(colcon_meta) check parameters
[0.337s] Level 1:colcon.colcon_core.package_discovery:discover_packages(recursive) check parameters
[0.337s] Level 1:colcon.colcon_core.package_discovery:discover_packages(ignore) check parameters
[0.337s] Level 1:colcon.colcon_core.package_discovery:discover_packages(path) check parameters
[0.337s] Level 1:colcon.colcon_core.package_discovery:discover_packages(colcon_meta) discover
[0.337s] Level 1:colcon.colcon_core.package_discovery:discover_packages(recursive) discover
[0.338s] INFO:colcon.colcon_core.package_discovery:Crawling recursively for packages in '/home/rescue_robot/buaa_rescue_robot'
[0.338s] Level 1:colcon.colcon_core.package_identification:_identify(.) by extensions ['ignore', 'ignore_ament_install']
[0.338s] Level 1:colcon.colcon_core.package_identification:_identify(.) by extension 'ignore'
[0.338s] Level 1:colcon.colcon_core.package_identification:_identify(.) by extension 'ignore_ament_install'
[0.338s] Level 1:colcon.colcon_core.package_identification:_identify(.) by extensions ['colcon_pkg']
[0.338s] Level 1:colcon.colcon_core.package_identification:_identify(.) by extension 'colcon_pkg'
[0.338s] Level 1:colcon.colcon_core.package_identification:_identify(.) by extensions ['colcon_meta']
[0.338s] Level 1:colcon.colcon_core.package_identification:_identify(.) by extension 'colcon_meta'
[0.338s] Level 1:colcon.colcon_core.package_identification:_identify(.) by extensions ['ros']
[0.338s] Level 1:colcon.colcon_core.package_identification:_identify(.) by extension 'ros'
[0.349s] Level 1:colcon.colcon_core.package_identification:_identify(.) by extensions ['cmake', 'python']
[0.350s] Level 1:colcon.colcon_core.package_identification:_identify(.) by extension 'cmake'
[0.350s] Level 1:colcon.colcon_core.package_identification:_identify(.) by extension 'python'
[0.350s] Level 1:colcon.colcon_core.package_identification:_identify(.) by extensions ['python_setup_py']
[0.350s] Level 1:colcon.colcon_core.package_identification:_identify(.) by extension 'python_setup_py'
[0.350s] Level 1:colcon.colcon_core.package_identification:_identify(build) by extensions ['ignore', 'ignore_ament_install']
[0.350s] Level 1:colcon.colcon_core.package_identification:_identify(build) by extension 'ignore'
[0.350s] Level 1:colcon.colcon_core.package_identification:_identify(build) ignored
[0.350s] Level 1:colcon.colcon_core.package_identification:_identify(install) by extensions ['ignore', 'ignore_ament_install']
[0.350s] Level 1:colcon.colcon_core.package_identification:_identify(install) by extension 'ignore'
[0.351s] Level 1:colcon.colcon_core.package_identification:_identify(install) ignored
[0.351s] Level 1:colcon.colcon_core.package_identification:_identify(log) by extensions ['ignore', 'ignore_ament_install']
[0.351s] Level 1:colcon.colcon_core.package_identification:_identify(log) by extension 'ignore'
[0.351s] Level 1:colcon.colcon_core.package_identification:_identify(log) ignored
[0.351s] Level 1:colcon.colcon_core.package_identification:_identify(src) by extensions ['ignore', 'ignore_ament_install']
[0.351s] Level 1:colcon.colcon_core.package_identification:_identify(src) by extension 'ignore'
[0.351s] Level 1:colcon.colcon_core.package_identification:_identify(src) by extension 'ignore_ament_install'
[0.351s] Level 1:colcon.colcon_core.package_identification:_identify(src) by extensions ['colcon_pkg']
[0.351s] Level 1:colcon.colcon_core.package_identification:_identify(src) by extension 'colcon_pkg'
[0.351s] Level 1:colcon.colcon_core.package_identification:_identify(src) by extensions ['colcon_meta']
[0.351s] Level 1:colcon.colcon_core.package_identification:_identify(src) by extension 'colcon_meta'
[0.352s] Level 1:colcon.colcon_core.package_identification:_identify(src) by extensions ['ros']
[0.352s] Level 1:colcon.colcon_core.package_identification:_identify(src) by extension 'ros'
[0.352s] Level 1:colcon.colcon_core.package_identification:_identify(src) by extensions ['cmake', 'python']
[0.352s] Level 1:colcon.colcon_core.package_identification:_identify(src) by extension 'cmake'
[0.352s] Level 1:colcon.colcon_core.package_identification:_identify(src) by extension 'python'
[0.352s] Level 1:colcon.colcon_core.package_identification:_identify(src) by extensions ['python_setup_py']
[0.352s] Level 1:colcon.colcon_core.package_identification:_identify(src) by extension 'python_setup_py'
[0.352s] Level 1:colcon.colcon_core.package_identification:_identify(src/cpp_pubsub) by extensions ['ignore', 'ignore_ament_install']
[0.352s] Level 1:colcon.colcon_core.package_identification:_identify(src/cpp_pubsub) by extension 'ignore'
[0.352s] Level 1:colcon.colcon_core.package_identification:_identify(src/cpp_pubsub) by extension 'ignore_ament_install'
[0.352s] Level 1:colcon.colcon_core.package_identification:_identify(src/cpp_pubsub) by extensions ['colcon_pkg']
[0.352s] Level 1:colcon.colcon_core.package_identification:_identify(src/cpp_pubsub) by extension 'colcon_pkg'
[0.352s] Level 1:colcon.colcon_core.package_identification:_identify(src/cpp_pubsub) by extensions ['colcon_meta']
[0.352s] Level 1:colcon.colcon_core.package_identification:_identify(src/cpp_pubsub) by extension 'colcon_meta'
[0.352s] Level 1:colcon.colcon_core.package_identification:_identify(src/cpp_pubsub) by extensions ['ros']
[0.352s] Level 1:colcon.colcon_core.package_identification:_identify(src/cpp_pubsub) by extension 'ros'
[0.355s] DEBUG:colcon.colcon_core.package_identification:Package 'src/cpp_pubsub' with type 'ros.ament_cmake' and name 'cpp_pubsub'
[0.355s] Level 1:colcon.colcon_core.package_identification:_identify(src/keyboard_controller) by extensions ['ignore', 'ignore_ament_install']
[0.355s] Level 1:colcon.colcon_core.package_identification:_identify(src/keyboard_controller) by extension 'ignore'
[0.355s] Level 1:colcon.colcon_core.package_identification:_identify(src/keyboard_controller) by extension 'ignore_ament_install'
[0.355s] Level 1:colcon.colcon_core.package_identification:_identify(src/keyboard_controller) by extensions ['colcon_pkg']
[0.355s] Level 1:colcon.colcon_core.package_identification:_identify(src/keyboard_controller) by extension 'colcon_pkg'
[0.355s] Level 1:colcon.colcon_core.package_identification:_identify(src/keyboard_controller) by extensions ['colcon_meta']
[0.356s] Level 1:colcon.colcon_core.package_identification:_identify(src/keyboard_controller) by extension 'colcon_meta'
[0.356s] Level 1:colcon.colcon_core.package_identification:_identify(src/keyboard_controller) by extensions ['ros']
[0.356s] Level 1:colcon.colcon_core.package_identification:_identify(src/keyboard_controller) by extension 'ros'
[0.356s] DEBUG:colcon.colcon_core.package_identification:Package 'src/keyboard_controller' with type 'ros.ament_cmake' and name 'keyboard_controller'
[0.356s] Level 1:colcon.colcon_core.package_identification:_identify(src/serial) by extensions ['ignore', 'ignore_ament_install']
[0.356s] Level 1:colcon.colcon_core.package_identification:_identify(src/serial) by extension 'ignore'
[0.357s] Level 1:colcon.colcon_core.package_identification:_identify(src/serial) by extension 'ignore_ament_install'
[0.357s] Level 1:colcon.colcon_core.package_identification:_identify(src/serial) by extensions ['colcon_pkg']
[0.357s] Level 1:colcon.colcon_core.package_identification:_identify(src/serial) by extension 'colcon_pkg'
[0.357s] Level 1:colcon.colcon_core.package_identification:_identify(src/serial) by extensions ['colcon_meta']
[0.357s] Level 1:colcon.colcon_core.package_identification:_identify(src/serial) by extension 'colcon_meta'
[0.357s] Level 1:colcon.colcon_core.package_identification:_identify(src/serial) by extensions ['ros']
[0.357s] Level 1:colcon.colcon_core.package_identification:_identify(src/serial) by extension 'ros'
[0.357s] DEBUG:colcon.colcon_core.package_identification:Package 'src/serial' with type 'ros.ament_cmake' and name 'serial'
[0.357s] Level 1:colcon.colcon_core.package_discovery:discover_packages(recursive) using defaults
[0.358s] Level 1:colcon.colcon_core.package_discovery:discover_packages(ignore) discover
[0.358s] Level 1:colcon.colcon_core.package_discovery:discover_packages(ignore) using defaults
[0.358s] Level 1:colcon.colcon_core.package_discovery:discover_packages(path) discover
[0.358s] Level 1:colcon.colcon_core.package_discovery:discover_packages(path) using defaults
[0.379s] Level 1:colcon.colcon_core.package_discovery:discover_packages(prefix_path) check parameters
[0.379s] Level 1:colcon.colcon_core.package_discovery:discover_packages(prefix_path) discover
[0.382s] DEBUG:colcon.colcon_installed_package_information.package_discovery:Found 3 installed packages in /home/rescue_robot/buaa_rescue_robot/install
[0.384s] DEBUG:colcon.colcon_installed_package_information.package_discovery:Found 270 installed packages in /opt/ros/humble
[0.386s] Level 1:colcon.colcon_core.package_discovery:discover_packages(prefix_path) using defaults
[0.445s] Level 5:colcon.colcon_core.verb:set package 'cpp_pubsub' build argument 'cmake_args' from command line to 'None'
[0.445s] Level 5:colcon.colcon_core.verb:set package 'cpp_pubsub' build argument 'cmake_target' from command line to 'None'
[0.445s] Level 5:colcon.colcon_core.verb:set package 'cpp_pubsub' build argument 'cmake_target_skip_unavailable' from command line to 'False'
[0.445s] Level 5:colcon.colcon_core.verb:set package 'cpp_pubsub' build argument 'cmake_clean_cache' from command line to 'False'
[0.445s] Level 5:colcon.colcon_core.verb:set package 'cpp_pubsub' build argument 'cmake_clean_first' from command line to 'False'
[0.445s] Level 5:colcon.colcon_core.verb:set package 'cpp_pubsub' build argument 'cmake_force_configure' from command line to 'False'
[0.445s] Level 5:colcon.colcon_core.verb:set package 'cpp_pubsub' build argument 'ament_cmake_args' from command line to 'None'
[0.445s] Level 5:colcon.colcon_core.verb:set package 'cpp_pubsub' build argument 'catkin_cmake_args' from command line to 'None'
[0.445s] Level 5:colcon.colcon_core.verb:set package 'cpp_pubsub' build argument 'catkin_skip_building_tests' from command line to 'False'
[0.445s] DEBUG:colcon.colcon_core.verb:Building package 'cpp_pubsub' with the following arguments: {'ament_cmake_args': None, 'build_base': '/home/rescue_robot/buaa_rescue_robot/build/cpp_pubsub', 'catkin_cmake_args': None, 'catkin_skip_building_tests': False, 'cmake_args': None, 'cmake_clean_cache': False, 'cmake_clean_first': False, 'cmake_force_configure': False, 'cmake_target': None, 'cmake_target_skip_unavailable': False, 'install_base': '/home/rescue_robot/buaa_rescue_robot/install/cpp_pubsub', 'merge_install': False, 'path': '/home/rescue_robot/buaa_rescue_robot/src/cpp_pubsub', 'symlink_install': False, 'test_result_base': None}
[0.446s] Level 5:colcon.colcon_core.verb:set package 'keyboard_controller' build argument 'cmake_args' from command line to 'None'
[0.447s] Level 5:colcon.colcon_core.verb:set package 'keyboard_controller' build argument 'cmake_target' from command line to 'None'
[0.447s] Level 5:colcon.colcon_core.verb:set package 'keyboard_controller' build argument 'cmake_target_skip_unavailable' from command line to 'False'
[0.447s] Level 5:colcon.colcon_core.verb:set package 'keyboard_controller' build argument 'cmake_clean_cache' from command line to 'False'
[0.447s] Level 5:colcon.colcon_core.verb:set package 'keyboard_controller' build argument 'cmake_clean_first' from command line to 'False'
[0.447s] Level 5:colcon.colcon_core.verb:set package 'keyboard_controller' build argument 'cmake_force_configure' from command line to 'False'
[0.447s] Level 5:colcon.colcon_core.verb:set package 'keyboard_controller' build argument 'ament_cmake_args' from command line to 'None'
[0.447s] Level 5:colcon.colcon_core.verb:set package 'keyboard_controller' build argument 'catkin_cmake_args' from command line to 'None'
[0.447s] Level 5:colcon.colcon_core.verb:set package 'keyboard_controller' build argument 'catkin_skip_building_tests' from command line to 'False'
[0.447s] DEBUG:colcon.colcon_core.verb:Building package 'keyboard_controller' with the following arguments: {'ament_cmake_args': None, 'build_base': '/home/rescue_robot/buaa_rescue_robot/build/keyboard_controller', 'catkin_cmake_args': None, 'catkin_skip_building_tests': False, 'cmake_args': None, 'cmake_clean_cache': False, 'cmake_clean_first': False, 'cmake_force_configure': False, 'cmake_target': None, 'cmake_target_skip_unavailable': False, 'install_base': '/home/rescue_robot/buaa_rescue_robot/install/keyboard_controller', 'merge_install': False, 'path': '/home/rescue_robot/buaa_rescue_robot/src/keyboard_controller', 'symlink_install': False, 'test_result_base': None}
[0.448s] Level 5:colcon.colcon_core.verb:set package 'serial' build argument 'cmake_args' from command line to 'None'
[0.448s] Level 5:colcon.colcon_core.verb:set package 'serial' build argument 'cmake_target' from command line to 'None'
[0.448s] Level 5:colcon.colcon_core.verb:set package 'serial' build argument 'cmake_target_skip_unavailable' from command line to 'False'
[0.448s] Level 5:colcon.colcon_core.verb:set package 'serial' build argument 'cmake_clean_cache' from command line to 'False'
[0.448s] Level 5:colcon.colcon_core.verb:set package 'serial' build argument 'cmake_clean_first' from command line to 'False'
[0.448s] Level 5:colcon.colcon_core.verb:set package 'serial' build argument 'cmake_force_configure' from command line to 'False'
[0.448s] Level 5:colcon.colcon_core.verb:set package 'serial' build argument 'ament_cmake_args' from command line to 'None'
[0.448s] Level 5:colcon.colcon_core.verb:set package 'serial' build argument 'catkin_cmake_args' from command line to 'None'
[0.448s] Level 5:colcon.colcon_core.verb:set package 'serial' build argument 'catkin_skip_building_tests' from command line to 'False'
[0.448s] DEBUG:colcon.colcon_core.verb:Building package 'serial' with the following arguments: {'ament_cmake_args': None, 'build_base': '/home/rescue_robot/buaa_rescue_robot/build/serial', 'catkin_cmake_args': None, 'catkin_skip_building_tests': False, 'cmake_args': None, 'cmake_clean_cache': False, 'cmake_clean_first': False, 'cmake_force_configure': False, 'cmake_target': None, 'cmake_target_skip_unavailable': False, 'install_base': '/home/rescue_robot/buaa_rescue_robot/install/serial', 'merge_install': False, 'path': '/home/rescue_robot/buaa_rescue_robot/src/serial', 'symlink_install': False, 'test_result_base': None}
[0.449s] INFO:colcon.colcon_core.executor:Executing jobs using 'parallel' executor
[0.452s] DEBUG:colcon.colcon_parallel_executor.executor.parallel:run_until_complete
[0.452s] INFO:colcon.colcon_ros.task.ament_cmake.build:Building ROS package in '/home/rescue_robot/buaa_rescue_robot/src/cpp_pubsub' with build type 'ament_cmake'
[0.452s] INFO:colcon.colcon_cmake.task.cmake.build:Building CMake package in '/home/rescue_robot/buaa_rescue_robot/src/cpp_pubsub'
[0.456s] INFO:colcon.colcon_core.plugin_system:Skipping extension 'colcon_core.shell.bat': Not used on non-Windows systems
[0.457s] INFO:colcon.colcon_core.shell:Skip shell extension 'powershell' for command environment: Not usable outside of PowerShell
[0.457s] DEBUG:colcon.colcon_core.shell:Skip shell extension 'dsv' for command environment
[0.462s] INFO:colcon.colcon_ros.task.ament_cmake.build:Building ROS package in '/home/rescue_robot/buaa_rescue_robot/src/keyboard_controller' with build type 'ament_cmake'
[0.462s] INFO:colcon.colcon_cmake.task.cmake.build:Building CMake package in '/home/rescue_robot/buaa_rescue_robot/src/keyboard_controller'
[0.464s] INFO:colcon.colcon_core.shell:Skip shell extension 'powershell' for command environment: Not usable outside of PowerShell
[0.464s] DEBUG:colcon.colcon_core.shell:Skip shell extension 'dsv' for command environment
[0.471s] INFO:colcon.colcon_ros.task.ament_cmake.build:Building ROS package in '/home/rescue_robot/buaa_rescue_robot/src/serial' with build type 'ament_cmake'
[0.472s] INFO:colcon.colcon_cmake.task.cmake.build:Building CMake package in '/home/rescue_robot/buaa_rescue_robot/src/serial'
[0.474s] INFO:colcon.colcon_core.shell:Skip shell extension 'powershell' for command environment: Not usable outside of PowerShell
[0.474s] DEBUG:colcon.colcon_core.shell:Skip shell extension 'dsv' for command environment
[0.492s] DEBUG:colcon.colcon_core.event_handler.log_command:Invoking command in '/home/rescue_robot/buaa_rescue_robot/build/cpp_pubsub': CMAKE_PREFIX_PATH=${CMAKE_PREFIX_PATH}:/opt/ros/humble /usr/bin/cmake --build /home/rescue_robot/buaa_rescue_robot/build/cpp_pubsub -- -j8 -l8
[0.511s] DEBUG:colcon.colcon_core.event_handler.log_command:Invoking command in '/home/rescue_robot/buaa_rescue_robot/build/keyboard_controller': CMAKE_PREFIX_PATH=${CMAKE_PREFIX_PATH}:/opt/ros/humble /usr/bin/cmake --build /home/rescue_robot/buaa_rescue_robot/build/keyboard_controller -- -j8 -l8
[0.517s] DEBUG:colcon.colcon_core.event_handler.log_command:Invoking command in '/home/rescue_robot/buaa_rescue_robot/build/serial': CMAKE_PREFIX_PATH=${CMAKE_PREFIX_PATH}:/opt/ros/humble /usr/bin/cmake --build /home/rescue_robot/buaa_rescue_robot/build/serial -- -j8 -l8
[0.635s] DEBUG:colcon.colcon_core.event_handler.log_command:Invoked command in '/home/rescue_robot/buaa_rescue_robot/build/cpp_pubsub' returned '0': CMAKE_PREFIX_PATH=${CMAKE_PREFIX_PATH}:/opt/ros/humble /usr/bin/cmake --build /home/rescue_robot/buaa_rescue_robot/build/cpp_pubsub -- -j8 -l8
[0.667s] DEBUG:colcon.colcon_core.event_handler.log_command:Invoked command in '/home/rescue_robot/buaa_rescue_robot/build/serial' returned '0': CMAKE_PREFIX_PATH=${CMAKE_PREFIX_PATH}:/opt/ros/humble /usr/bin/cmake --build /home/rescue_robot/buaa_rescue_robot/build/serial -- -j8 -l8
[0.713s] DEBUG:colcon.colcon_core.event_handler.log_command:Invoking command in '/home/rescue_robot/buaa_rescue_robot/build/cpp_pubsub': CMAKE_PREFIX_PATH=${CMAKE_PREFIX_PATH}:/opt/ros/humble /usr/bin/cmake --install /home/rescue_robot/buaa_rescue_robot/build/cpp_pubsub
[0.719s] DEBUG:colcon.colcon_core.event_handler.log_command:Invoking command in '/home/rescue_robot/buaa_rescue_robot/build/serial': CMAKE_PREFIX_PATH=${CMAKE_PREFIX_PATH}:/opt/ros/humble /usr/bin/cmake --install /home/rescue_robot/buaa_rescue_robot/build/serial
[0.739s] Level 1:colcon.colcon_core.environment:create_environment_scripts_only(cpp_pubsub)
[0.743s] DEBUG:colcon.colcon_core.event_handler.log_command:Invoked command in '/home/rescue_robot/buaa_rescue_robot/build/cpp_pubsub' returned '0': CMAKE_PREFIX_PATH=${CMAKE_PREFIX_PATH}:/opt/ros/humble /usr/bin/cmake --install /home/rescue_robot/buaa_rescue_robot/build/cpp_pubsub
[0.751s] Level 1:colcon.colcon_core.environment:checking '/home/rescue_robot/buaa_rescue_robot/install/cpp_pubsub' for CMake module files
[0.753s] Level 1:colcon.colcon_core.environment:checking '/home/rescue_robot/buaa_rescue_robot/install/cpp_pubsub' for CMake config files
[0.753s] Level 1:colcon.colcon_core.shell:create_environment_hook('cpp_pubsub', 'cmake_prefix_path')
[0.755s] INFO:colcon.colcon_core.shell:Creating environment hook '/home/rescue_robot/buaa_rescue_robot/install/cpp_pubsub/share/cpp_pubsub/hook/cmake_prefix_path.ps1'
[0.756s] INFO:colcon.colcon_core.shell:Creating environment descriptor '/home/rescue_robot/buaa_rescue_robot/install/cpp_pubsub/share/cpp_pubsub/hook/cmake_prefix_path.dsv'
[0.757s] INFO:colcon.colcon_core.shell:Creating environment hook '/home/rescue_robot/buaa_rescue_robot/install/cpp_pubsub/share/cpp_pubsub/hook/cmake_prefix_path.sh'
[0.759s] Level 1:colcon.colcon_core.environment:checking '/home/rescue_robot/buaa_rescue_robot/install/cpp_pubsub/lib'
[0.759s] Level 1:colcon.colcon_core.environment:checking '/home/rescue_robot/buaa_rescue_robot/install/cpp_pubsub/bin'
[0.759s] Level 1:colcon.colcon_core.environment:checking '/home/rescue_robot/buaa_rescue_robot/install/cpp_pubsub/lib/pkgconfig/cpp_pubsub.pc'
[0.760s] Level 1:colcon.colcon_core.environment:checking '/home/rescue_robot/buaa_rescue_robot/install/cpp_pubsub/lib/python3.10/site-packages'
[0.760s] Level 1:colcon.colcon_core.environment:checking '/home/rescue_robot/buaa_rescue_robot/install/cpp_pubsub/bin'
[0.762s] INFO:colcon.colcon_core.shell:Creating package script '/home/rescue_robot/buaa_rescue_robot/install/cpp_pubsub/share/cpp_pubsub/package.ps1'
[0.764s] INFO:colcon.colcon_core.shell:Creating package descriptor '/home/rescue_robot/buaa_rescue_robot/install/cpp_pubsub/share/cpp_pubsub/package.dsv'
[0.765s] INFO:colcon.colcon_core.shell:Creating package script '/home/rescue_robot/buaa_rescue_robot/install/cpp_pubsub/share/cpp_pubsub/package.sh'
[0.767s] INFO:colcon.colcon_core.shell:Creating package script '/home/rescue_robot/buaa_rescue_robot/install/cpp_pubsub/share/cpp_pubsub/package.bash'
[0.768s] INFO:colcon.colcon_core.shell:Creating package script '/home/rescue_robot/buaa_rescue_robot/install/cpp_pubsub/share/cpp_pubsub/package.zsh'
[0.770s] Level 1:colcon.colcon_core.environment:create_file_with_runtime_dependencies(/home/rescue_robot/buaa_rescue_robot/install/cpp_pubsub/share/colcon-core/packages/cpp_pubsub)
[0.774s] Level 1:colcon.colcon_core.environment:create_environment_scripts_only(serial)
[0.777s] Level 1:colcon.colcon_core.environment:checking '/home/rescue_robot/buaa_rescue_robot/install/serial' for CMake module files
[0.779s] Level 1:colcon.colcon_core.environment:checking '/home/rescue_robot/buaa_rescue_robot/install/serial' for CMake config files
[0.779s] Level 1:colcon.colcon_core.shell:create_environment_hook('serial', 'cmake_prefix_path')
[0.782s] INFO:colcon.colcon_core.shell:Creating environment hook '/home/rescue_robot/buaa_rescue_robot/install/serial/share/serial/hook/cmake_prefix_path.ps1'
[0.784s] INFO:colcon.colcon_core.shell:Creating environment descriptor '/home/rescue_robot/buaa_rescue_robot/install/serial/share/serial/hook/cmake_prefix_path.dsv'
[0.784s] INFO:colcon.colcon_core.shell:Creating environment hook '/home/rescue_robot/buaa_rescue_robot/install/serial/share/serial/hook/cmake_prefix_path.sh'
[0.785s] Level 1:colcon.colcon_core.environment:checking '/home/rescue_robot/buaa_rescue_robot/install/serial/lib'
[0.785s] Level 1:colcon.colcon_core.environment:checking '/home/rescue_robot/buaa_rescue_robot/install/serial/bin'
[0.785s] Level 1:colcon.colcon_core.environment:checking '/home/rescue_robot/buaa_rescue_robot/install/serial/lib/pkgconfig/serial.pc'
[0.783s] DEBUG:colcon.colcon_core.event_handler.log_command:Invoked command in '/home/rescue_robot/buaa_rescue_robot/build/serial' returned '0': CMAKE_PREFIX_PATH=${CMAKE_PREFIX_PATH}:/opt/ros/humble /usr/bin/cmake --install /home/rescue_robot/buaa_rescue_robot/build/serial
[0.786s] Level 1:colcon.colcon_core.environment:checking '/home/rescue_robot/buaa_rescue_robot/install/serial/lib/python3.10/site-packages'
[0.787s] Level 1:colcon.colcon_core.environment:checking '/home/rescue_robot/buaa_rescue_robot/install/serial/bin'
[0.789s] INFO:colcon.colcon_core.shell:Creating package script '/home/rescue_robot/buaa_rescue_robot/install/serial/share/serial/package.ps1'
[0.791s] INFO:colcon.colcon_core.shell:Creating package descriptor '/home/rescue_robot/buaa_rescue_robot/install/serial/share/serial/package.dsv'
[0.791s] INFO:colcon.colcon_core.shell:Creating package script '/home/rescue_robot/buaa_rescue_robot/install/serial/share/serial/package.sh'
[0.792s] INFO:colcon.colcon_core.shell:Creating package script '/home/rescue_robot/buaa_rescue_robot/install/serial/share/serial/package.bash'
[0.792s] INFO:colcon.colcon_core.shell:Creating package script '/home/rescue_robot/buaa_rescue_robot/install/serial/share/serial/package.zsh'
[0.793s] Level 1:colcon.colcon_core.environment:create_file_with_runtime_dependencies(/home/rescue_robot/buaa_rescue_robot/install/serial/share/colcon-core/packages/serial)
[0.832s] Level 1:colcon.colcon_core.environment:create_environment_scripts_only(cpp_pubsub)
[0.836s] Level 1:colcon.colcon_core.environment:checking '/home/rescue_robot/buaa_rescue_robot/install/cpp_pubsub' for CMake module files
[0.837s] Level 1:colcon.colcon_core.environment:checking '/home/rescue_robot/buaa_rescue_robot/install/cpp_pubsub' for CMake config files
[0.838s] Level 1:colcon.colcon_core.shell:create_environment_hook('cpp_pubsub', 'cmake_prefix_path')
[0.839s] INFO:colcon.colcon_core.shell:Creating environment hook '/home/rescue_robot/buaa_rescue_robot/install/cpp_pubsub/share/cpp_pubsub/hook/cmake_prefix_path.ps1'
[0.839s] INFO:colcon.colcon_core.shell:Creating environment descriptor '/home/rescue_robot/buaa_rescue_robot/install/cpp_pubsub/share/cpp_pubsub/hook/cmake_prefix_path.dsv'
[0.840s] INFO:colcon.colcon_core.shell:Creating environment hook '/home/rescue_robot/buaa_rescue_robot/install/cpp_pubsub/share/cpp_pubsub/hook/cmake_prefix_path.sh'
[0.840s] Level 1:colcon.colcon_core.environment:checking '/home/rescue_robot/buaa_rescue_robot/install/cpp_pubsub/lib'
[0.840s] Level 1:colcon.colcon_core.environment:checking '/home/rescue_robot/buaa_rescue_robot/install/cpp_pubsub/bin'
[0.840s] Level 1:colcon.colcon_core.environment:checking '/home/rescue_robot/buaa_rescue_robot/install/cpp_pubsub/lib/pkgconfig/cpp_pubsub.pc'
[0.841s] Level 1:colcon.colcon_core.environment:checking '/home/rescue_robot/buaa_rescue_robot/install/cpp_pubsub/lib/python3.10/site-packages'
[0.841s] Level 1:colcon.colcon_core.environment:checking '/home/rescue_robot/buaa_rescue_robot/install/cpp_pubsub/bin'
[0.842s] INFO:colcon.colcon_core.shell:Creating package script '/home/rescue_robot/buaa_rescue_robot/install/cpp_pubsub/share/cpp_pubsub/package.ps1'
[0.843s] INFO:colcon.colcon_core.shell:Creating package descriptor '/home/rescue_robot/buaa_rescue_robot/install/cpp_pubsub/share/cpp_pubsub/package.dsv'
[0.844s] INFO:colcon.colcon_core.shell:Creating package script '/home/rescue_robot/buaa_rescue_robot/install/cpp_pubsub/share/cpp_pubsub/package.sh'
[0.845s] INFO:colcon.colcon_core.shell:Creating package script '/home/rescue_robot/buaa_rescue_robot/install/cpp_pubsub/share/cpp_pubsub/package.bash'
[0.845s] INFO:colcon.colcon_core.shell:Creating package script '/home/rescue_robot/buaa_rescue_robot/install/cpp_pubsub/share/cpp_pubsub/package.zsh'
[0.846s] Level 1:colcon.colcon_core.environment:create_file_with_runtime_dependencies(/home/rescue_robot/buaa_rescue_robot/install/cpp_pubsub/share/colcon-core/packages/cpp_pubsub)
[0.849s] Level 1:colcon.colcon_core.environment:create_environment_scripts_only(serial)
[0.851s] Level 1:colcon.colcon_core.environment:checking '/home/rescue_robot/buaa_rescue_robot/install/serial' for CMake module files
[0.853s] Level 1:colcon.colcon_core.environment:checking '/home/rescue_robot/buaa_rescue_robot/install/serial' for CMake config files
[0.853s] Level 1:colcon.colcon_core.shell:create_environment_hook('serial', 'cmake_prefix_path')
[0.855s] INFO:colcon.colcon_core.shell:Creating environment hook '/home/rescue_robot/buaa_rescue_robot/install/serial/share/serial/hook/cmake_prefix_path.ps1'
[0.855s] INFO:colcon.colcon_core.shell:Creating environment descriptor '/home/rescue_robot/buaa_rescue_robot/install/serial/share/serial/hook/cmake_prefix_path.dsv'
[0.856s] INFO:colcon.colcon_core.shell:Creating environment hook '/home/rescue_robot/buaa_rescue_robot/install/serial/share/serial/hook/cmake_prefix_path.sh'
[0.856s] Level 1:colcon.colcon_core.environment:checking '/home/rescue_robot/buaa_rescue_robot/install/serial/lib'
[0.856s] Level 1:colcon.colcon_core.environment:checking '/home/rescue_robot/buaa_rescue_robot/install/serial/bin'
[0.856s] Level 1:colcon.colcon_core.environment:checking '/home/rescue_robot/buaa_rescue_robot/install/serial/lib/pkgconfig/serial.pc'
[0.857s] Level 1:colcon.colcon_core.environment:checking '/home/rescue_robot/buaa_rescue_robot/install/serial/lib/python3.10/site-packages'
[0.857s] Level 1:colcon.colcon_core.environment:checking '/home/rescue_robot/buaa_rescue_robot/install/serial/bin'
[0.859s] INFO:colcon.colcon_core.shell:Creating package script '/home/rescue_robot/buaa_rescue_robot/install/serial/share/serial/package.ps1'
[0.859s] INFO:colcon.colcon_core.shell:Creating package descriptor '/home/rescue_robot/buaa_rescue_robot/install/serial/share/serial/package.dsv'
[0.860s] INFO:colcon.colcon_core.shell:Creating package script '/home/rescue_robot/buaa_rescue_robot/install/serial/share/serial/package.sh'
[0.861s] INFO:colcon.colcon_core.shell:Creating package script '/home/rescue_robot/buaa_rescue_robot/install/serial/share/serial/package.bash'
[0.861s] INFO:colcon.colcon_core.shell:Creating package script '/home/rescue_robot/buaa_rescue_robot/install/serial/share/serial/package.zsh'
[0.862s] Level 1:colcon.colcon_core.environment:create_file_with_runtime_dependencies(/home/rescue_robot/buaa_rescue_robot/install/serial/share/colcon-core/packages/serial)
[5.653s] DEBUG:colcon.colcon_core.event_handler.log_command:Invoked command in '/home/rescue_robot/buaa_rescue_robot/build/keyboard_controller' returned '0': CMAKE_PREFIX_PATH=${CMAKE_PREFIX_PATH}:/opt/ros/humble /usr/bin/cmake --build /home/rescue_robot/buaa_rescue_robot/build/keyboard_controller -- -j8 -l8
[5.719s] DEBUG:colcon.colcon_core.event_handler.log_command:Invoking command in '/home/rescue_robot/buaa_rescue_robot/build/keyboard_controller': CMAKE_PREFIX_PATH=${CMAKE_PREFIX_PATH}:/opt/ros/humble /usr/bin/cmake --install /home/rescue_robot/buaa_rescue_robot/build/keyboard_controller
[5.796s] Level 1:colcon.colcon_core.environment:create_environment_scripts_only(keyboard_controller)
[5.799s] Level 1:colcon.colcon_core.environment:checking '/home/rescue_robot/buaa_rescue_robot/install/keyboard_controller' for CMake module files
[5.800s] DEBUG:colcon.colcon_core.event_handler.log_command:Invoked command in '/home/rescue_robot/buaa_rescue_robot/build/keyboard_controller' returned '0': CMAKE_PREFIX_PATH=${CMAKE_PREFIX_PATH}:/opt/ros/humble /usr/bin/cmake --install /home/rescue_robot/buaa_rescue_robot/build/keyboard_controller
[5.801s] Level 1:colcon.colcon_core.environment:checking '/home/rescue_robot/buaa_rescue_robot/install/keyboard_controller' for CMake config files
[5.801s] Level 1:colcon.colcon_core.shell:create_environment_hook('keyboard_controller', 'cmake_prefix_path')
[5.803s] INFO:colcon.colcon_core.shell:Creating environment hook '/home/rescue_robot/buaa_rescue_robot/install/keyboard_controller/share/keyboard_controller/hook/cmake_prefix_path.ps1'
[5.804s] INFO:colcon.colcon_core.shell:Creating environment descriptor '/home/rescue_robot/buaa_rescue_robot/install/keyboard_controller/share/keyboard_controller/hook/cmake_prefix_path.dsv'
[5.805s] INFO:colcon.colcon_core.shell:Creating environment hook '/home/rescue_robot/buaa_rescue_robot/install/keyboard_controller/share/keyboard_controller/hook/cmake_prefix_path.sh'
[5.805s] Level 1:colcon.colcon_core.environment:checking '/home/rescue_robot/buaa_rescue_robot/install/keyboard_controller/lib'
[5.806s] Level 1:colcon.colcon_core.shell:create_environment_hook('keyboard_controller', 'ld_library_path_lib')
[5.808s] INFO:colcon.colcon_core.shell:Creating environment hook '/home/rescue_robot/buaa_rescue_robot/install/keyboard_controller/share/keyboard_controller/hook/ld_library_path_lib.ps1'
[5.808s] INFO:colcon.colcon_core.shell:Creating environment descriptor '/home/rescue_robot/buaa_rescue_robot/install/keyboard_controller/share/keyboard_controller/hook/ld_library_path_lib.dsv'
[5.808s] INFO:colcon.colcon_core.shell:Creating environment hook '/home/rescue_robot/buaa_rescue_robot/install/keyboard_controller/share/keyboard_controller/hook/ld_library_path_lib.sh'
[5.809s] Level 1:colcon.colcon_core.environment:checking '/home/rescue_robot/buaa_rescue_robot/install/keyboard_controller/bin'
[5.809s] Level 1:colcon.colcon_core.environment:checking '/home/rescue_robot/buaa_rescue_robot/install/keyboard_controller/lib/pkgconfig/keyboard_controller.pc'
[5.809s] Level 1:colcon.colcon_core.environment:checking '/home/rescue_robot/buaa_rescue_robot/install/keyboard_controller/lib/python3.10/site-packages'
[5.810s] Level 1:colcon.colcon_core.environment:checking '/home/rescue_robot/buaa_rescue_robot/install/keyboard_controller/bin'
[5.812s] INFO:colcon.colcon_core.shell:Creating package script '/home/rescue_robot/buaa_rescue_robot/install/keyboard_controller/share/keyboard_controller/package.ps1'
[5.812s] INFO:colcon.colcon_core.shell:Creating package descriptor '/home/rescue_robot/buaa_rescue_robot/install/keyboard_controller/share/keyboard_controller/package.dsv'
[5.813s] INFO:colcon.colcon_core.shell:Creating package script '/home/rescue_robot/buaa_rescue_robot/install/keyboard_controller/share/keyboard_controller/package.sh'
[5.813s] INFO:colcon.colcon_core.shell:Creating package script '/home/rescue_robot/buaa_rescue_robot/install/keyboard_controller/share/keyboard_controller/package.bash'
[5.814s] INFO:colcon.colcon_core.shell:Creating package script '/home/rescue_robot/buaa_rescue_robot/install/keyboard_controller/share/keyboard_controller/package.zsh'
[5.814s] Level 1:colcon.colcon_core.environment:create_file_with_runtime_dependencies(/home/rescue_robot/buaa_rescue_robot/install/keyboard_controller/share/colcon-core/packages/keyboard_controller)
[5.873s] Level 1:colcon.colcon_core.environment:create_environment_scripts_only(keyboard_controller)
[5.875s] Level 1:colcon.colcon_core.environment:checking '/home/rescue_robot/buaa_rescue_robot/install/keyboard_controller' for CMake module files
[5.876s] Level 1:colcon.colcon_core.environment:checking '/home/rescue_robot/buaa_rescue_robot/install/keyboard_controller' for CMake config files
[5.876s] Level 1:colcon.colcon_core.shell:create_environment_hook('keyboard_controller', 'cmake_prefix_path')
[5.877s] INFO:colcon.colcon_core.shell:Creating environment hook '/home/rescue_robot/buaa_rescue_robot/install/keyboard_controller/share/keyboard_controller/hook/cmake_prefix_path.ps1'
[5.878s] INFO:colcon.colcon_core.shell:Creating environment descriptor '/home/rescue_robot/buaa_rescue_robot/install/keyboard_controller/share/keyboard_controller/hook/cmake_prefix_path.dsv'
[5.878s] INFO:colcon.colcon_core.shell:Creating environment hook '/home/rescue_robot/buaa_rescue_robot/install/keyboard_controller/share/keyboard_controller/hook/cmake_prefix_path.sh'
[5.879s] Level 1:colcon.colcon_core.environment:checking '/home/rescue_robot/buaa_rescue_robot/install/keyboard_controller/lib'
[5.879s] Level 1:colcon.colcon_core.shell:create_environment_hook('keyboard_controller', 'ld_library_path_lib')
[5.880s] INFO:colcon.colcon_core.shell:Creating environment hook '/home/rescue_robot/buaa_rescue_robot/install/keyboard_controller/share/keyboard_controller/hook/ld_library_path_lib.ps1'
[5.880s] INFO:colcon.colcon_core.shell:Creating environment descriptor '/home/rescue_robot/buaa_rescue_robot/install/keyboard_controller/share/keyboard_controller/hook/ld_library_path_lib.dsv'
[5.881s] INFO:colcon.colcon_core.shell:Creating environment hook '/home/rescue_robot/buaa_rescue_robot/install/keyboard_controller/share/keyboard_controller/hook/ld_library_path_lib.sh'
[5.881s] Level 1:colcon.colcon_core.environment:checking '/home/rescue_robot/buaa_rescue_robot/install/keyboard_controller/bin'
[5.881s] Level 1:colcon.colcon_core.environment:checking '/home/rescue_robot/buaa_rescue_robot/install/keyboard_controller/lib/pkgconfig/keyboard_controller.pc'
[5.881s] Level 1:colcon.colcon_core.environment:checking '/home/rescue_robot/buaa_rescue_robot/install/keyboard_controller/lib/python3.10/site-packages'
[5.882s] Level 1:colcon.colcon_core.environment:checking '/home/rescue_robot/buaa_rescue_robot/install/keyboard_controller/bin'
[5.883s] INFO:colcon.colcon_core.shell:Creating package script '/home/rescue_robot/buaa_rescue_robot/install/keyboard_controller/share/keyboard_controller/package.ps1'
[5.884s] INFO:colcon.colcon_core.shell:Creating package descriptor '/home/rescue_robot/buaa_rescue_robot/install/keyboard_controller/share/keyboard_controller/package.dsv'
[5.884s] INFO:colcon.colcon_core.shell:Creating package script '/home/rescue_robot/buaa_rescue_robot/install/keyboard_controller/share/keyboard_controller/package.sh'
[5.885s] INFO:colcon.colcon_core.shell:Creating package script '/home/rescue_robot/buaa_rescue_robot/install/keyboard_controller/share/keyboard_controller/package.bash'
[5.885s] INFO:colcon.colcon_core.shell:Creating package script '/home/rescue_robot/buaa_rescue_robot/install/keyboard_controller/share/keyboard_controller/package.zsh'
[5.886s] Level 1:colcon.colcon_core.environment:create_file_with_runtime_dependencies(/home/rescue_robot/buaa_rescue_robot/install/keyboard_controller/share/colcon-core/packages/keyboard_controller)
[5.886s] DEBUG:colcon.colcon_parallel_executor.executor.parallel:closing loop
[5.887s] DEBUG:colcon.colcon_parallel_executor.executor.parallel:loop closed
[5.887s] DEBUG:colcon.colcon_parallel_executor.executor.parallel:run_until_complete finished with '0'
[5.887s] DEBUG:colcon.colcon_core.event_reactor:joining thread
[5.895s] INFO:colcon.colcon_core.plugin_system:Skipping extension 'colcon_notification.desktop_notification.terminal_notifier': Not used on non-Darwin systems
[5.895s] INFO:colcon.colcon_core.plugin_system:Skipping extension 'colcon_notification.desktop_notification.win32': Not used on non-Windows systems
[5.895s] INFO:colcon.colcon_notification.desktop_notification:Sending desktop notification using 'notify2'
[5.910s] DEBUG:colcon.colcon_core.event_reactor:joined thread
[5.913s] INFO:colcon.colcon_core.shell:Creating prefix script '/home/rescue_robot/buaa_rescue_robot/install/local_setup.ps1'
[5.916s] INFO:colcon.colcon_core.shell:Creating prefix util module '/home/rescue_robot/buaa_rescue_robot/install/_local_setup_util_ps1.py'
[5.919s] INFO:colcon.colcon_core.shell:Creating prefix chain script '/home/rescue_robot/buaa_rescue_robot/install/setup.ps1'
[5.923s] INFO:colcon.colcon_core.shell:Creating prefix script '/home/rescue_robot/buaa_rescue_robot/install/local_setup.sh'
[5.923s] INFO:colcon.colcon_core.shell:Creating prefix util module '/home/rescue_robot/buaa_rescue_robot/install/_local_setup_util_sh.py'
[5.924s] INFO:colcon.colcon_core.shell:Creating prefix chain script '/home/rescue_robot/buaa_rescue_robot/install/setup.sh'
[5.927s] INFO:colcon.colcon_core.shell:Creating prefix script '/home/rescue_robot/buaa_rescue_robot/install/local_setup.bash'
[5.927s] INFO:colcon.colcon_core.shell:Creating prefix chain script '/home/rescue_robot/buaa_rescue_robot/install/setup.bash'
[5.929s] INFO:colcon.colcon_core.shell:Creating prefix script '/home/rescue_robot/buaa_rescue_robot/install/local_setup.zsh'
[5.930s] INFO:colcon.colcon_core.shell:Creating prefix chain script '/home/rescue_robot/buaa_rescue_robot/install/setup.zsh'
