[0.015s] Invoking command in '/home/rescue-robot/buaa_rescue_robot/build/serial': CMAKE_PREFIX_PATH=${CMAKE_PREFIX_PATH}:/opt/ros/humble /usr/bin/cmake --build /home/rescue-robot/buaa_rescue_robot/build/serial -- -j8 -l8
[0.080s] [ 50%] Built target serial_receiver
[0.084s] [ 75%] [32mBuilding CXX object CMakeFiles/serial_sender.dir/src/serial_sender.cpp.o[0m
[3.361s] [100%] [32m[1mLinking CXX executable serial_sender[0m
[3.479s] [100%] Built target serial_sender
[3.489s] Invoked command in '/home/rescue-robot/buaa_rescue_robot/build/serial' returned '0': CMAKE_PREFIX_PATH=${CMAKE_PREFIX_PATH}:/opt/ros/humble /usr/bin/cmake --build /home/rescue-robot/buaa_rescue_robot/build/serial -- -j8 -l8
[3.509s] Invoking command in '/home/rescue-robot/buaa_rescue_robot/build/serial': CMAKE_PREFIX_PATH=${CMAKE_PREFIX_PATH}:/opt/ros/humble /usr/bin/cmake --install /home/rescue-robot/buaa_rescue_robot/build/serial
[3.517s] -- Install configuration: ""
[3.517s] -- Installing: /home/rescue-robot/buaa_rescue_robot/install/serial/lib/serial/serial_sender
[3.518s] -- Set runtime path of "/home/rescue-robot/buaa_rescue_robot/install/serial/lib/serial/serial_sender" to ""
[3.518s] -- Up-to-date: /home/rescue-robot/buaa_rescue_robot/install/serial/lib/serial/serial_receiver
[3.519s] -- Up-to-date: /home/rescue-robot/buaa_rescue_robot/install/serial/share/ament_index/resource_index/package_run_dependencies/serial
[3.519s] -- Up-to-date: /home/rescue-robot/buaa_rescue_robot/install/serial/share/ament_index/resource_index/parent_prefix_path/serial
[3.519s] -- Up-to-date: /home/rescue-robot/buaa_rescue_robot/install/serial/share/serial/environment/ament_prefix_path.sh
[3.519s] -- Up-to-date: /home/rescue-robot/buaa_rescue_robot/install/serial/share/serial/environment/ament_prefix_path.dsv
[3.519s] -- Up-to-date: /home/rescue-robot/buaa_rescue_robot/install/serial/share/serial/environment/path.sh
[3.519s] -- Up-to-date: /home/rescue-robot/buaa_rescue_robot/install/serial/share/serial/environment/path.dsv
[3.519s] -- Up-to-date: /home/rescue-robot/buaa_rescue_robot/install/serial/share/serial/local_setup.bash
[3.519s] -- Up-to-date: /home/rescue-robot/buaa_rescue_robot/install/serial/share/serial/local_setup.sh
[3.519s] -- Up-to-date: /home/rescue-robot/buaa_rescue_robot/install/serial/share/serial/local_setup.zsh
[3.519s] -- Up-to-date: /home/rescue-robot/buaa_rescue_robot/install/serial/share/serial/local_setup.dsv
[3.519s] -- Up-to-date: /home/rescue-robot/buaa_rescue_robot/install/serial/share/serial/package.dsv
[3.519s] -- Up-to-date: /home/rescue-robot/buaa_rescue_robot/install/serial/share/ament_index/resource_index/packages/serial
[3.519s] -- Up-to-date: /home/rescue-robot/buaa_rescue_robot/install/serial/share/serial/cmake/serialConfig.cmake
[3.520s] -- Up-to-date: /home/rescue-robot/buaa_rescue_robot/install/serial/share/serial/cmake/serialConfig-version.cmake
[3.520s] -- Up-to-date: /home/rescue-robot/buaa_rescue_robot/install/serial/share/serial/package.xml
[3.523s] Invoked command in '/home/rescue-robot/buaa_rescue_robot/build/serial' returned '0': CMAKE_PREFIX_PATH=${CMAKE_PREFIX_PATH}:/opt/ros/humble /usr/bin/cmake --install /home/rescue-robot/buaa_rescue_robot/build/serial
