[0.037s] Invoking command in '/home/rescue_robot/buaa_rescue_robot/build/keyboard_controller': CMAKE_PREFIX_PATH=${CMAKE_PREFIX_PATH}:/opt/ros/humble /usr/bin/cmake /home/rescue_robot/buaa_rescue_robot/src/keyboard_controller -DCMAKE_INSTALL_PREFIX=/home/rescue_robot/buaa_rescue_robot/install/keyboard_controller
[0.138s] -- The C compiler identification is GNU 11.4.0
[0.259s] -- The CXX compiler identification is GNU 11.4.0
[0.272s] -- Detecting C compiler ABI info
[0.419s] -- Detecting C compiler ABI info - done
[0.430s] -- Check for working C compiler: /usr/bin/cc - skipped
[0.431s] -- Detecting C compile features
[0.431s] -- Detecting C compile features - done
[0.436s] -- Detecting CXX compiler ABI info
[0.576s] -- Detecting CXX compiler ABI info - done
[0.592s] -- Check for working CXX compiler: /usr/bin/c++ - skipped
[0.592s] -- Detecting CXX compile features
[0.593s] -- Detecting CXX compile features - done
[0.596s] -- Found ament_cmake: 1.3.5 (/opt/ros/humble/share/ament_cmake/cmake)
[0.910s] -- Found Python3: /usr/bin/python3.10 (found version "3.10.12") found components: Interpreter 
[1.054s] -- Found rclcpp: 16.0.5 (/opt/ros/humble/share/rclcpp/cmake)
[1.125s] -- Found rosidl_generator_c: 3.1.5 (/opt/ros/humble/share/rosidl_generator_c/cmake)
[1.129s] -- Found rosidl_adapter: 3.1.5 (/opt/ros/humble/share/rosidl_adapter/cmake)
[1.140s] -- Found rosidl_generator_cpp: 3.1.5 (/opt/ros/humble/share/rosidl_generator_cpp/cmake)
[1.168s] -- Using all available rosidl_typesupport_c: rosidl_typesupport_fastrtps_c;rosidl_typesupport_introspection_c
[1.206s] -- Using all available rosidl_typesupport_cpp: rosidl_typesupport_fastrtps_cpp;rosidl_typesupport_introspection_cpp
[1.320s] -- Found rmw_implementation_cmake: 6.1.1 (/opt/ros/humble/share/rmw_implementation_cmake/cmake)
[1.324s] -- Found rmw_fastrtps_cpp: 6.2.3 (/opt/ros/humble/share/rmw_fastrtps_cpp/cmake)
[1.469s] -- Found OpenSSL: /usr/lib/x86_64-linux-gnu/libcrypto.so (found version "3.0.2")  
[1.513s] -- Found FastRTPS: /opt/ros/humble/include  
[1.589s] -- Using RMW implementation 'rmw_fastrtps_cpp' as default
[1.605s] -- Looking for pthread.h
[1.723s] -- Looking for pthread.h - found
[1.723s] -- Performing Test CMAKE_HAVE_LIBC_PTHREAD
[1.836s] -- Performing Test CMAKE_HAVE_LIBC_PTHREAD - Success
[1.837s] -- Found Threads: TRUE  
[2.124s] -- Found ament_lint_auto: 0.12.7 (/opt/ros/humble/share/ament_lint_auto/cmake)
[2.254s] -- Added test 'copyright' to check source files copyright and LICENSE
[2.257s] -- Added test 'cppcheck' to perform static code analysis on C / C++ code
[2.257s] -- Configured cppcheck include dirs: 
[2.257s] -- Configured cppcheck exclude dirs and/or files: 
[2.259s] -- Added test 'cpplint' to check C / C++ code against the Google style
[2.259s] -- Configured cpplint exclude dirs and/or files: 
[2.260s] -- Added test 'lint_cmake' to check CMake code style
[2.261s] -- Added test 'uncrustify' to check C / C++ code style
[2.262s] -- Configured uncrustify additional arguments: 
[2.262s] -- Added test 'xmllint' to check XML markup files
[2.263s] -- Configuring done
[2.274s] -- Generating done
[2.275s] -- Build files have been written to: /home/rescue_robot/buaa_rescue_robot/build/keyboard_controller
[2.304s] Invoked command in '/home/rescue_robot/buaa_rescue_robot/build/keyboard_controller' returned '0': CMAKE_PREFIX_PATH=${CMAKE_PREFIX_PATH}:/opt/ros/humble /usr/bin/cmake /home/rescue_robot/buaa_rescue_robot/src/keyboard_controller -DCMAKE_INSTALL_PREFIX=/home/rescue_robot/buaa_rescue_robot/install/keyboard_controller
[2.304s] Invoking command in '/home/rescue_robot/buaa_rescue_robot/build/keyboard_controller': CMAKE_PREFIX_PATH=${CMAKE_PREFIX_PATH}:/opt/ros/humble /usr/bin/cmake --build /home/rescue_robot/buaa_rescue_robot/build/keyboard_controller -- -j8 -l8
[2.383s] [ 50%] [32mBuilding CXX object CMakeFiles/keyboard_publisher.dir/src/keyboard_publisher.cpp.o[0m
[10.338s] [100%] [32m[1mLinking CXX executable keyboard_publisher[0m
[10.803s] [100%] Built target keyboard_publisher
[10.828s] Invoked command in '/home/rescue_robot/buaa_rescue_robot/build/keyboard_controller' returned '0': CMAKE_PREFIX_PATH=${CMAKE_PREFIX_PATH}:/opt/ros/humble /usr/bin/cmake --build /home/rescue_robot/buaa_rescue_robot/build/keyboard_controller -- -j8 -l8
[10.898s] Invoking command in '/home/rescue_robot/buaa_rescue_robot/build/keyboard_controller': CMAKE_PREFIX_PATH=${CMAKE_PREFIX_PATH}:/opt/ros/humble /usr/bin/cmake --install /home/rescue_robot/buaa_rescue_robot/build/keyboard_controller
[10.911s] -- Install configuration: ""
[10.911s] -- Installing: /home/rescue_robot/buaa_rescue_robot/install/keyboard_controller/lib/keyboard_controller/keyboard_publisher
[10.911s] -- Set runtime path of "/home/rescue_robot/buaa_rescue_robot/install/keyboard_controller/lib/keyboard_controller/keyboard_publisher" to ""
[10.911s] -- Installing: /home/rescue_robot/buaa_rescue_robot/install/keyboard_controller/share/ament_index/resource_index/package_run_dependencies/keyboard_controller
[10.911s] -- Installing: /home/rescue_robot/buaa_rescue_robot/install/keyboard_controller/share/ament_index/resource_index/parent_prefix_path/keyboard_controller
[10.912s] -- Installing: /home/rescue_robot/buaa_rescue_robot/install/keyboard_controller/share/keyboard_controller/environment/ament_prefix_path.sh
[10.912s] -- Installing: /home/rescue_robot/buaa_rescue_robot/install/keyboard_controller/share/keyboard_controller/environment/ament_prefix_path.dsv
[10.912s] -- Installing: /home/rescue_robot/buaa_rescue_robot/install/keyboard_controller/share/keyboard_controller/environment/path.sh
[10.912s] -- Installing: /home/rescue_robot/buaa_rescue_robot/install/keyboard_controller/share/keyboard_controller/environment/path.dsv
[10.913s] -- Installing: /home/rescue_robot/buaa_rescue_robot/install/keyboard_controller/share/keyboard_controller/local_setup.bash
[10.913s] -- Installing: /home/rescue_robot/buaa_rescue_robot/install/keyboard_controller/share/keyboard_controller/local_setup.sh
[10.913s] -- Installing: /home/rescue_robot/buaa_rescue_robot/install/keyboard_controller/share/keyboard_controller/local_setup.zsh
[10.913s] -- Installing: /home/rescue_robot/buaa_rescue_robot/install/keyboard_controller/share/keyboard_controller/local_setup.dsv
[10.914s] -- Installing: /home/rescue_robot/buaa_rescue_robot/install/keyboard_controller/share/keyboard_controller/package.dsv
[10.914s] -- Installing: /home/rescue_robot/buaa_rescue_robot/install/keyboard_controller/share/ament_index/resource_index/packages/keyboard_controller
[10.914s] -- Installing: /home/rescue_robot/buaa_rescue_robot/install/keyboard_controller/share/keyboard_controller/cmake/keyboard_controllerConfig.cmake
[10.914s] -- Installing: /home/rescue_robot/buaa_rescue_robot/install/keyboard_controller/share/keyboard_controller/cmake/keyboard_controllerConfig-version.cmake
[10.914s] -- Installing: /home/rescue_robot/buaa_rescue_robot/install/keyboard_controller/share/keyboard_controller/package.xml
[10.927s] Invoked command in '/home/rescue_robot/buaa_rescue_robot/build/keyboard_controller' returned '0': CMAKE_PREFIX_PATH=${CMAKE_PREFIX_PATH}:/opt/ros/humble /usr/bin/cmake --install /home/rescue_robot/buaa_rescue_robot/build/keyboard_controller
