[0.030s] Invoking command in '/home/rescue_robot/buaa_rescue_robot/build/keyboard_controller': CMAKE_PREFIX_PATH=/home/rescue_robot/buaa_rescue_robot/install/buaa_rescue_robot_msgs:/home/rescue_robot/buaa_rescue_robot/install/serial:/home/rescue_robot/buaa_rescue_robot/install/keyboard_controller:/home/rescue_robot/buaa_rescue_robot/install/cpp_pubsub:/opt/ros/humble /usr/bin/cmake --build /home/rescue_robot/buaa_rescue_robot/build/keyboard_controller -- -j8 -l8
[0.136s] [100%] Built target keyboard_publisher
[0.186s] Invoked command in '/home/rescue_robot/buaa_rescue_robot/build/keyboard_controller' returned '0': CMAKE_PREFIX_PATH=/home/rescue_robot/buaa_rescue_robot/install/buaa_rescue_robot_msgs:/home/rescue_robot/buaa_rescue_robot/install/serial:/home/rescue_robot/buaa_rescue_robot/install/keyboard_controller:/home/rescue_robot/buaa_rescue_robot/install/cpp_pubsub:/opt/ros/humble /usr/bin/cmake --build /home/rescue_robot/buaa_rescue_robot/build/keyboard_controller -- -j8 -l8
[0.242s] Invoking command in '/home/rescue_robot/buaa_rescue_robot/build/keyboard_controller': CMAKE_PREFIX_PATH=/home/rescue_robot/buaa_rescue_robot/install/buaa_rescue_robot_msgs:/home/rescue_robot/buaa_rescue_robot/install/serial:/home/rescue_robot/buaa_rescue_robot/install/keyboard_controller:/home/rescue_robot/buaa_rescue_robot/install/cpp_pubsub:/opt/ros/humble /usr/bin/cmake --install /home/rescue_robot/buaa_rescue_robot/build/keyboard_controller
[0.255s] -- Install configuration: ""
[0.258s] -- Up-to-date: /home/rescue_robot/buaa_rescue_robot/install/keyboard_controller/lib/keyboard_controller/keyboard_publisher
[0.260s] -- Up-to-date: /home/rescue_robot/buaa_rescue_robot/install/keyboard_controller/share/ament_index/resource_index/package_run_dependencies/keyboard_controller
[0.265s] -- Up-to-date: /home/rescue_robot/buaa_rescue_robot/install/keyboard_controller/share/ament_index/resource_index/parent_prefix_path/keyboard_controller
[0.266s] -- Up-to-date: /home/rescue_robot/buaa_rescue_robot/install/keyboard_controller/share/keyboard_controller/environment/ament_prefix_path.sh
[0.267s] -- Up-to-date: /home/rescue_robot/buaa_rescue_robot/install/keyboard_controller/share/keyboard_controller/environment/ament_prefix_path.dsv
[0.267s] -- Up-to-date: /home/rescue_robot/buaa_rescue_robot/install/keyboard_controller/share/keyboard_controller/environment/path.sh
[0.268s] -- Up-to-date: /home/rescue_robot/buaa_rescue_robot/install/keyboard_controller/share/keyboard_controller/environment/path.dsv
[0.268s] -- Up-to-date: /home/rescue_robot/buaa_rescue_robot/install/keyboard_controller/share/keyboard_controller/local_setup.bash
[0.268s] -- Up-to-date: /home/rescue_robot/buaa_rescue_robot/install/keyboard_controller/share/keyboard_controller/local_setup.sh
[0.268s] -- Up-to-date: /home/rescue_robot/buaa_rescue_robot/install/keyboard_controller/share/keyboard_controller/local_setup.zsh
[0.268s] -- Up-to-date: /home/rescue_robot/buaa_rescue_robot/install/keyboard_controller/share/keyboard_controller/local_setup.dsv
[0.268s] -- Installing: /home/rescue_robot/buaa_rescue_robot/install/keyboard_controller/share/keyboard_controller/package.dsv
[0.269s] -- Up-to-date: /home/rescue_robot/buaa_rescue_robot/install/keyboard_controller/share/ament_index/resource_index/packages/keyboard_controller
[0.269s] -- Up-to-date: /home/rescue_robot/buaa_rescue_robot/install/keyboard_controller/share/keyboard_controller/cmake/keyboard_controllerConfig.cmake
[0.269s] -- Up-to-date: /home/rescue_robot/buaa_rescue_robot/install/keyboard_controller/share/keyboard_controller/cmake/keyboard_controllerConfig-version.cmake
[0.269s] -- Up-to-date: /home/rescue_robot/buaa_rescue_robot/install/keyboard_controller/share/keyboard_controller/package.xml
[0.279s] Invoked command in '/home/rescue_robot/buaa_rescue_robot/build/keyboard_controller' returned '0': CMAKE_PREFIX_PATH=/home/rescue_robot/buaa_rescue_robot/install/buaa_rescue_robot_msgs:/home/rescue_robot/buaa_rescue_robot/install/serial:/home/rescue_robot/buaa_rescue_robot/install/keyboard_controller:/home/rescue_robot/buaa_rescue_robot/install/cpp_pubsub:/opt/ros/humble /usr/bin/cmake --install /home/rescue_robot/buaa_rescue_robot/build/keyboard_controller
