-- Found rclcpp: 16.0.5 (/opt/ros/humble/share/rclcpp/cmake)
-- Found rosidl_generator_c: 3.1.5 (/opt/ros/humble/share/rosidl_generator_c/cmake)
-- Found rosidl_adapter: 3.1.5 (/opt/ros/humble/share/rosidl_adapter/cmake)
-- Found rosidl_generator_cpp: 3.1.5 (/opt/ros/humble/share/rosidl_generator_cpp/cmake)
-- Using all available rosidl_typesupport_c: rosidl_typesupport_fastrtps_c;rosidl_typesupport_introspection_c
-- Using all available rosidl_typesupport_cpp: rosidl_typesupport_fastrtps_cpp;rosidl_typesupport_introspection_cpp
-- Found rmw_implementation_cmake: 6.1.1 (/opt/ros/humble/share/rmw_implementation_cmake/cmake)
-- Found rmw_fastrtps_cpp: 6.2.3 (/opt/ros/humble/share/rmw_fastrtps_cpp/cmake)
-- Using RMW implementation 'rmw_fastrtps_cpp' as default
-- Configuring done
-- Generating done
-- Build files have been written to: /home/rescue_robot/buaa_rescue_robot/build/serial
[ 50%] [32mBuilding CXX object CMakeFiles/serial_sender.dir/src/serial_sender.cpp.o[0m
[100%] [32m[1mLinking CXX executable serial_sender[0m
[100%] Built target serial_sender
-- Install configuration: ""
-- Installing: /home/rescue_robot/buaa_rescue_robot/install/serial/lib/serial/serial_sender
-- Set runtime path of "/home/rescue_robot/buaa_rescue_robot/install/serial/lib/serial/serial_sender" to ""
-- Installing: /home/rescue_robot/buaa_rescue_robot/install/serial/share/ament_index/resource_index/package_run_dependencies/serial
-- Installing: /home/rescue_robot/buaa_rescue_robot/install/serial/share/ament_index/resource_index/parent_prefix_path/serial
-- Installing: /home/rescue_robot/buaa_rescue_robot/install/serial/share/serial/environment/ament_prefix_path.sh
-- Installing: /home/rescue_robot/buaa_rescue_robot/install/serial/share/serial/environment/ament_prefix_path.dsv
-- Installing: /home/rescue_robot/buaa_rescue_robot/install/serial/share/serial/environment/path.sh
-- Installing: /home/rescue_robot/buaa_rescue_robot/install/serial/share/serial/environment/path.dsv
-- Installing: /home/rescue_robot/buaa_rescue_robot/install/serial/share/serial/local_setup.bash
-- Installing: /home/rescue_robot/buaa_rescue_robot/install/serial/share/serial/local_setup.sh
-- Installing: /home/rescue_robot/buaa_rescue_robot/install/serial/share/serial/local_setup.zsh
-- Installing: /home/rescue_robot/buaa_rescue_robot/install/serial/share/serial/local_setup.dsv
-- Installing: /home/rescue_robot/buaa_rescue_robot/install/serial/share/serial/package.dsv
-- Installing: /home/rescue_robot/buaa_rescue_robot/install/serial/share/ament_index/resource_index/packages/serial
-- Installing: /home/rescue_robot/buaa_rescue_robot/install/serial/share/serial/cmake/serialConfig.cmake
-- Installing: /home/rescue_robot/buaa_rescue_robot/install/serial/share/serial/cmake/serialConfig-version.cmake
-- Installing: /home/rescue_robot/buaa_rescue_robot/install/serial/share/serial/package.xml
