[0.015s] Invoking command in '/home/rescue_robot/buaa_rescue_robot/src/buaa_rescue_robot_msgs/build/buaa_rescue_robot_msgs': CMAKE_PREFIX_PATH=${CMAKE_PREFIX_PATH}:/opt/ros/humble /usr/bin/cmake /home/rescue_robot/buaa_rescue_robot/src/buaa_rescue_robot_msgs -DCMAKE_INSTALL_PREFIX=/home/rescue_robot/buaa_rescue_robot/src/buaa_rescue_robot_msgs/install/buaa_rescue_robot_msgs
[0.034s] -- Found ament_cmake: 1.3.5 (/opt/ros/humble/share/ament_cmake/cmake)
[0.210s] -- Found rclcpp: 16.0.5 (/opt/ros/humble/share/rclcpp/cmake)
[0.249s] -- Found rosidl_generator_c: 3.1.5 (/opt/ros/humble/share/rosidl_generator_c/cmake)
[0.252s] -- Found rosidl_adapter: 3.1.5 (/opt/ros/humble/share/rosidl_adapter/cmake)
[0.259s] -- Found rosidl_generator_cpp: 3.1.5 (/opt/ros/humble/share/rosidl_generator_cpp/cmake)
[0.271s] -- Using all available rosidl_typesupport_c: rosidl_typesupport_fastrtps_c;rosidl_typesupport_introspection_c
[0.289s] -- Using all available rosidl_typesupport_cpp: rosidl_typesupport_fastrtps_cpp;rosidl_typesupport_introspection_cpp
[0.360s] -- Found rmw_implementation_cmake: 6.1.1 (/opt/ros/humble/share/rmw_implementation_cmake/cmake)
[0.361s] -- Found rmw_fastrtps_cpp: 6.2.3 (/opt/ros/humble/share/rmw_fastrtps_cpp/cmake)
[0.503s] -- Using RMW implementation 'rmw_fastrtps_cpp' as default
[0.697s] -- Found rosidl_default_generators: 1.2.0 (/opt/ros/humble/share/rosidl_default_generators/cmake)
[1.002s] -- Found ament_cmake_ros: 0.10.0 (/opt/ros/humble/share/ament_cmake_ros/cmake)
[1.358s] -- Using all available rosidl_typesupport_c: rosidl_typesupport_fastrtps_c;rosidl_typesupport_introspection_c
[1.493s] -- Using all available rosidl_typesupport_cpp: rosidl_typesupport_fastrtps_cpp;rosidl_typesupport_introspection_cpp
[1.521s] -- Found PythonInterp: /usr/bin/python3 (found suitable version "3.10.12", minimum required is "3.6") 
[1.524s] -- Found python_cmake_module: 0.10.0 (/opt/ros/humble/share/python_cmake_module/cmake)
[1.553s] -- Found PythonLibs: /usr/lib/x86_64-linux-gnu/libpython3.10.so (found suitable version "3.10.12", minimum required is "3.5") 
[1.553s] -- Using PYTHON_EXECUTABLE: /usr/bin/python3
[1.554s] -- Using PYTHON_INCLUDE_DIRS: /usr/include/python3.10
[1.554s] -- Using PYTHON_LIBRARIES: /usr/lib/x86_64-linux-gnu/libpython3.10.so
[1.580s] -- Found PythonExtra: .so  
[1.621s] -- Found ament_lint_auto: 0.12.7 (/opt/ros/humble/share/ament_lint_auto/cmake)
[1.659s] -- Added test 'cppcheck' to perform static code analysis on C / C++ code
[1.660s] -- Configured cppcheck include dirs: $<BUILD_INTERFACE:/home/rescue_robot/buaa_rescue_robot/src/buaa_rescue_robot_msgs/build/buaa_rescue_robot_msgs/rosidl_generator_c>;$<BUILD_INTERFACE:/home/rescue_robot/buaa_rescue_robot/src/buaa_rescue_robot_msgs/build/buaa_rescue_robot_msgs/rosidl_typesupport_fastrtps_c>;$<BUILD_INTERFACE:/home/rescue_robot/buaa_rescue_robot/src/buaa_rescue_robot_msgs/build/buaa_rescue_robot_msgs/rosidl_generator_cpp>;$<BUILD_INTERFACE:/home/rescue_robot/buaa_rescue_robot/src/buaa_rescue_robot_msgs/build/buaa_rescue_robot_msgs/rosidl_typesupport_fastrtps_cpp>;$<BUILD_INTERFACE:/home/rescue_robot/buaa_rescue_robot/src/buaa_rescue_robot_msgs/build/buaa_rescue_robot_msgs/rosidl_typesupport_introspection_c>;$<BUILD_INTERFACE:/home/rescue_robot/buaa_rescue_robot/src/buaa_rescue_robot_msgs/build/buaa_rescue_robot_msgs/rosidl_typesupport_introspection_cpp>;/home/rescue_robot/buaa_rescue_robot/src/buaa_rescue_robot_msgs/build/buaa_rescue_robot_msgs/rosidl_generator_c;/home/rescue_robot/buaa_rescue_robot/src/buaa_rescue_robot_msgs/build/buaa_rescue_robot_msgs/rosidl_generator_py
[1.660s] -- Configured cppcheck exclude dirs and/or files: 
[1.663s] -- Added test 'flake8' to check Python code syntax and style conventions
[1.666s] -- Added test 'lint_cmake' to check CMake code style
[1.668s] -- Added test 'pep257' to check Python code against some of the docstring style conventions in PEP 257
[1.681s] -- Added test 'uncrustify' to check C / C++ code style
[1.681s] -- Configured uncrustify additional arguments: 
[1.683s] -- Added test 'xmllint' to check XML markup files
[1.686s] -- Configuring done
[1.724s] -- Generating done
[1.727s] -- Build files have been written to: /home/rescue_robot/buaa_rescue_robot/src/buaa_rescue_robot_msgs/build/buaa_rescue_robot_msgs
[1.738s] Invoked command in '/home/rescue_robot/buaa_rescue_robot/src/buaa_rescue_robot_msgs/build/buaa_rescue_robot_msgs' returned '0': CMAKE_PREFIX_PATH=${CMAKE_PREFIX_PATH}:/opt/ros/humble /usr/bin/cmake /home/rescue_robot/buaa_rescue_robot/src/buaa_rescue_robot_msgs -DCMAKE_INSTALL_PREFIX=/home/rescue_robot/buaa_rescue_robot/src/buaa_rescue_robot_msgs/install/buaa_rescue_robot_msgs
[1.740s] Invoking command in '/home/rescue_robot/buaa_rescue_robot/src/buaa_rescue_robot_msgs/build/buaa_rescue_robot_msgs': CMAKE_PREFIX_PATH=${CMAKE_PREFIX_PATH}:/opt/ros/humble /usr/bin/cmake --build /home/rescue_robot/buaa_rescue_robot/src/buaa_rescue_robot_msgs/build/buaa_rescue_robot_msgs -- -j8 -l8
[1.780s] [  3%] [34m[1mGenerating C code for ROS interfaces[0m
[1.789s] [  6%] [34m[1mGenerating C++ code for ROS interfaces[0m
[1.798s] [  6%] Built target ament_cmake_python_copy_buaa_rescue_robot_msgs
[2.166s] running egg_info
[2.166s] creating buaa_rescue_robot_msgs.egg-info
[2.166s] writing buaa_rescue_robot_msgs.egg-info/PKG-INFO
[2.166s] writing dependency_links to buaa_rescue_robot_msgs.egg-info/dependency_links.txt
[2.166s] writing top-level names to buaa_rescue_robot_msgs.egg-info/top_level.txt
[2.166s] writing manifest file 'buaa_rescue_robot_msgs.egg-info/SOURCES.txt'
[2.168s] reading manifest file 'buaa_rescue_robot_msgs.egg-info/SOURCES.txt'
[2.169s] writing manifest file 'buaa_rescue_robot_msgs.egg-info/SOURCES.txt'
[2.186s] [  9%] [32mBuilding C object CMakeFiles/buaa_rescue_robot_msgs__rosidl_generator_c.dir/rosidl_generator_c/buaa_rescue_robot_msgs/msg/detail/control_message__functions.c.o[0m
[2.189s] [  9%] Built target buaa_rescue_robot_msgs__cpp
[2.205s] [ 12%] [34m[1mGenerating C++ type support dispatch for ROS interfaces[0m
[2.207s] [ 16%] [34m[1mGenerating C++ type support for eProsima Fast-RTPS[0m
[2.209s] [ 19%] [34m[1mGenerating C++ introspection for ROS interfaces[0m
[2.220s] [ 19%] Built target ament_cmake_python_build_buaa_rescue_robot_msgs_egg
[2.264s] [ 22%] [32m[1mLinking C shared library libbuaa_rescue_robot_msgs__rosidl_generator_c.so[0m
[2.309s] [ 22%] Built target buaa_rescue_robot_msgs__rosidl_generator_c
[2.329s] [ 25%] [34m[1mGenerating C type support for eProsima Fast-RTPS[0m
[2.329s] [ 32%] [34m[1mGenerating C type support dispatch for ROS interfaces[0m
[2.329s] [ 29%] [34m[1mGenerating C introspection for ROS interfaces[0m
[2.570s] [ 35%] [32mBuilding CXX object CMakeFiles/buaa_rescue_robot_msgs__rosidl_typesupport_cpp.dir/rosidl_typesupport_cpp/buaa_rescue_robot_msgs/msg/control_message__type_support.cpp.o[0m
[2.642s] [ 38%] [32mBuilding CXX object CMakeFiles/buaa_rescue_robot_msgs__rosidl_typesupport_introspection_cpp.dir/rosidl_typesupport_introspection_cpp/buaa_rescue_robot_msgs/msg/detail/control_message__type_support.cpp.o[0m
[2.648s] [ 41%] [32mBuilding CXX object CMakeFiles/buaa_rescue_robot_msgs__rosidl_typesupport_fastrtps_cpp.dir/rosidl_typesupport_fastrtps_cpp/buaa_rescue_robot_msgs/msg/detail/dds_fastrtps/control_message__type_support.cpp.o[0m
[2.724s] [ 45%] [32mBuilding C object CMakeFiles/buaa_rescue_robot_msgs__rosidl_typesupport_introspection_c.dir/rosidl_typesupport_introspection_c/buaa_rescue_robot_msgs/msg/detail/control_message__type_support.c.o[0m
[2.777s] [ 48%] [32mBuilding CXX object CMakeFiles/buaa_rescue_robot_msgs__rosidl_typesupport_c.dir/rosidl_typesupport_c/buaa_rescue_robot_msgs/msg/control_message__type_support.cpp.o[0m
[2.783s] [ 51%] [32m[1mLinking C shared library libbuaa_rescue_robot_msgs__rosidl_typesupport_introspection_c.so[0m
[2.825s] [ 54%] [32mBuilding CXX object CMakeFiles/buaa_rescue_robot_msgs__rosidl_typesupport_fastrtps_c.dir/rosidl_typesupport_fastrtps_c/buaa_rescue_robot_msgs/msg/detail/control_message__type_support_c.cpp.o[0m
[2.829s] [ 58%] [32m[1mLinking CXX shared library libbuaa_rescue_robot_msgs__rosidl_typesupport_c.so[0m
[2.846s] [ 58%] Built target buaa_rescue_robot_msgs__rosidl_typesupport_introspection_c
[2.894s] [ 58%] Built target buaa_rescue_robot_msgs__rosidl_typesupport_c
[3.051s] [ 61%] [32m[1mLinking CXX shared library libbuaa_rescue_robot_msgs__rosidl_typesupport_cpp.so[0m
[3.124s] [ 61%] Built target buaa_rescue_robot_msgs__rosidl_typesupport_cpp
[3.188s] [ 64%] [32m[1mLinking CXX shared library libbuaa_rescue_robot_msgs__rosidl_typesupport_introspection_cpp.so[0m
[3.239s] [ 64%] Built target buaa_rescue_robot_msgs__rosidl_typesupport_introspection_cpp
[3.248s] [ 67%] [32m[1mLinking CXX shared library libbuaa_rescue_robot_msgs__rosidl_typesupport_fastrtps_cpp.so[0m
[3.260s] [ 70%] [32m[1mLinking CXX shared library libbuaa_rescue_robot_msgs__rosidl_typesupport_fastrtps_c.so[0m
[3.370s] [ 70%] Built target buaa_rescue_robot_msgs__rosidl_typesupport_fastrtps_cpp
[3.378s] [ 70%] Built target buaa_rescue_robot_msgs__rosidl_typesupport_fastrtps_c
[3.398s] [ 70%] Built target buaa_rescue_robot_msgs
[3.418s] [ 74%] [34m[1mGenerating Python code for ROS interfaces[0m
[3.728s] [ 74%] Built target buaa_rescue_robot_msgs__py
[3.751s] [ 77%] [32mBuilding C object CMakeFiles/buaa_rescue_robot_msgs__rosidl_generator_py.dir/rosidl_generator_py/buaa_rescue_robot_msgs/msg/_control_message_s.c.o[0m
[3.856s] [ 80%] [32m[1mLinking C shared library rosidl_generator_py/buaa_rescue_robot_msgs/libbuaa_rescue_robot_msgs__rosidl_generator_py.so[0m
[3.896s] [ 80%] Built target buaa_rescue_robot_msgs__rosidl_generator_py
[3.920s] [ 90%] [32mBuilding C object CMakeFiles/buaa_rescue_robot_msgs__rosidl_typesupport_c__pyext.dir/rosidl_generator_py/buaa_rescue_robot_msgs/_buaa_rescue_robot_msgs_s.ep.rosidl_typesupport_c.c.o[0m
[3.920s] [ 90%] [32mBuilding C object CMakeFiles/buaa_rescue_robot_msgs__rosidl_typesupport_introspection_c__pyext.dir/rosidl_generator_py/buaa_rescue_robot_msgs/_buaa_rescue_robot_msgs_s.ep.rosidl_typesupport_introspection_c.c.o[0m
[3.920s] [ 90%] [32mBuilding C object CMakeFiles/buaa_rescue_robot_msgs__rosidl_typesupport_fastrtps_c__pyext.dir/rosidl_generator_py/buaa_rescue_robot_msgs/_buaa_rescue_robot_msgs_s.ep.rosidl_typesupport_fastrtps_c.c.o[0m
[4.034s] [ 93%] [32m[1mLinking C shared library rosidl_generator_py/buaa_rescue_robot_msgs/buaa_rescue_robot_msgs_s__rosidl_typesupport_fastrtps_c.cpython-310-x86_64-linux-gnu.so[0m
[4.046s] [ 96%] [32m[1mLinking C shared library rosidl_generator_py/buaa_rescue_robot_msgs/buaa_rescue_robot_msgs_s__rosidl_typesupport_c.cpython-310-x86_64-linux-gnu.so[0m
[4.048s] [100%] [32m[1mLinking C shared library rosidl_generator_py/buaa_rescue_robot_msgs/buaa_rescue_robot_msgs_s__rosidl_typesupport_introspection_c.cpython-310-x86_64-linux-gnu.so[0m
[4.077s] [100%] Built target buaa_rescue_robot_msgs__rosidl_typesupport_fastrtps_c__pyext
[4.087s] [100%] Built target buaa_rescue_robot_msgs__rosidl_typesupport_introspection_c__pyext
[4.093s] [100%] Built target buaa_rescue_robot_msgs__rosidl_typesupport_c__pyext
[4.105s] Invoked command in '/home/rescue_robot/buaa_rescue_robot/src/buaa_rescue_robot_msgs/build/buaa_rescue_robot_msgs' returned '0': CMAKE_PREFIX_PATH=${CMAKE_PREFIX_PATH}:/opt/ros/humble /usr/bin/cmake --build /home/rescue_robot/buaa_rescue_robot/src/buaa_rescue_robot_msgs/build/buaa_rescue_robot_msgs -- -j8 -l8
[4.177s] Invoking command in '/home/rescue_robot/buaa_rescue_robot/src/buaa_rescue_robot_msgs/build/buaa_rescue_robot_msgs': CMAKE_PREFIX_PATH=${CMAKE_PREFIX_PATH}:/opt/ros/humble /usr/bin/cmake --install /home/rescue_robot/buaa_rescue_robot/src/buaa_rescue_robot_msgs/build/buaa_rescue_robot_msgs
[4.184s] -- Install configuration: ""
[4.184s] -- Installing: /home/rescue_robot/buaa_rescue_robot/src/buaa_rescue_robot_msgs/install/buaa_rescue_robot_msgs/share/ament_index/resource_index/rosidl_interfaces/buaa_rescue_robot_msgs
[4.185s] -- Installing: /home/rescue_robot/buaa_rescue_robot/src/buaa_rescue_robot_msgs/install/buaa_rescue_robot_msgs/include/buaa_rescue_robot_msgs/buaa_rescue_robot_msgs
[4.185s] -- Installing: /home/rescue_robot/buaa_rescue_robot/src/buaa_rescue_robot_msgs/install/buaa_rescue_robot_msgs/include/buaa_rescue_robot_msgs/buaa_rescue_robot_msgs/msg
[4.185s] -- Installing: /home/rescue_robot/buaa_rescue_robot/src/buaa_rescue_robot_msgs/install/buaa_rescue_robot_msgs/include/buaa_rescue_robot_msgs/buaa_rescue_robot_msgs/msg/detail
[4.185s] -- Installing: /home/rescue_robot/buaa_rescue_robot/src/buaa_rescue_robot_msgs/install/buaa_rescue_robot_msgs/include/buaa_rescue_robot_msgs/buaa_rescue_robot_msgs/msg/detail/control_message__functions.h
[4.185s] -- Installing: /home/rescue_robot/buaa_rescue_robot/src/buaa_rescue_robot_msgs/install/buaa_rescue_robot_msgs/include/buaa_rescue_robot_msgs/buaa_rescue_robot_msgs/msg/detail/control_message__functions.c
[4.185s] -- Installing: /home/rescue_robot/buaa_rescue_robot/src/buaa_rescue_robot_msgs/install/buaa_rescue_robot_msgs/include/buaa_rescue_robot_msgs/buaa_rescue_robot_msgs/msg/detail/control_message__type_support.h
[4.185s] -- Installing: /home/rescue_robot/buaa_rescue_robot/src/buaa_rescue_robot_msgs/install/buaa_rescue_robot_msgs/include/buaa_rescue_robot_msgs/buaa_rescue_robot_msgs/msg/detail/control_message__struct.h
[4.185s] -- Installing: /home/rescue_robot/buaa_rescue_robot/src/buaa_rescue_robot_msgs/install/buaa_rescue_robot_msgs/include/buaa_rescue_robot_msgs/buaa_rescue_robot_msgs/msg/control_message.h
[4.186s] -- Installing: /home/rescue_robot/buaa_rescue_robot/src/buaa_rescue_robot_msgs/install/buaa_rescue_robot_msgs/include/buaa_rescue_robot_msgs/buaa_rescue_robot_msgs/msg/rosidl_generator_c__visibility_control.h
[4.186s] -- Installing: /home/rescue_robot/buaa_rescue_robot/src/buaa_rescue_robot_msgs/install/buaa_rescue_robot_msgs/share/buaa_rescue_robot_msgs/environment/library_path.sh
[4.186s] -- Installing: /home/rescue_robot/buaa_rescue_robot/src/buaa_rescue_robot_msgs/install/buaa_rescue_robot_msgs/share/buaa_rescue_robot_msgs/environment/library_path.dsv
[4.186s] -- Installing: /home/rescue_robot/buaa_rescue_robot/src/buaa_rescue_robot_msgs/install/buaa_rescue_robot_msgs/lib/libbuaa_rescue_robot_msgs__rosidl_generator_c.so
[4.187s] -- Set runtime path of "/home/rescue_robot/buaa_rescue_robot/src/buaa_rescue_robot_msgs/install/buaa_rescue_robot_msgs/lib/libbuaa_rescue_robot_msgs__rosidl_generator_c.so" to ""
[4.187s] -- Up-to-date: /home/rescue_robot/buaa_rescue_robot/src/buaa_rescue_robot_msgs/install/buaa_rescue_robot_msgs/include/buaa_rescue_robot_msgs/buaa_rescue_robot_msgs
[4.187s] -- Up-to-date: /home/rescue_robot/buaa_rescue_robot/src/buaa_rescue_robot_msgs/install/buaa_rescue_robot_msgs/include/buaa_rescue_robot_msgs/buaa_rescue_robot_msgs/msg
[4.187s] -- Up-to-date: /home/rescue_robot/buaa_rescue_robot/src/buaa_rescue_robot_msgs/install/buaa_rescue_robot_msgs/include/buaa_rescue_robot_msgs/buaa_rescue_robot_msgs/msg/detail
[4.187s] -- Installing: /home/rescue_robot/buaa_rescue_robot/src/buaa_rescue_robot_msgs/install/buaa_rescue_robot_msgs/include/buaa_rescue_robot_msgs/buaa_rescue_robot_msgs/msg/detail/control_message__rosidl_typesupport_fastrtps_c.h
[4.187s] -- Installing: /home/rescue_robot/buaa_rescue_robot/src/buaa_rescue_robot_msgs/install/buaa_rescue_robot_msgs/include/buaa_rescue_robot_msgs/buaa_rescue_robot_msgs/msg/rosidl_typesupport_fastrtps_c__visibility_control.h
[4.188s] -- Installing: /home/rescue_robot/buaa_rescue_robot/src/buaa_rescue_robot_msgs/install/buaa_rescue_robot_msgs/lib/libbuaa_rescue_robot_msgs__rosidl_typesupport_fastrtps_c.so
[4.188s] -- Set runtime path of "/home/rescue_robot/buaa_rescue_robot/src/buaa_rescue_robot_msgs/install/buaa_rescue_robot_msgs/lib/libbuaa_rescue_robot_msgs__rosidl_typesupport_fastrtps_c.so" to ""
[4.188s] -- Up-to-date: /home/rescue_robot/buaa_rescue_robot/src/buaa_rescue_robot_msgs/install/buaa_rescue_robot_msgs/include/buaa_rescue_robot_msgs/buaa_rescue_robot_msgs
[4.188s] -- Up-to-date: /home/rescue_robot/buaa_rescue_robot/src/buaa_rescue_robot_msgs/install/buaa_rescue_robot_msgs/include/buaa_rescue_robot_msgs/buaa_rescue_robot_msgs/msg
[4.188s] -- Installing: /home/rescue_robot/buaa_rescue_robot/src/buaa_rescue_robot_msgs/install/buaa_rescue_robot_msgs/include/buaa_rescue_robot_msgs/buaa_rescue_robot_msgs/msg/control_message.hpp
[4.188s] -- Up-to-date: /home/rescue_robot/buaa_rescue_robot/src/buaa_rescue_robot_msgs/install/buaa_rescue_robot_msgs/include/buaa_rescue_robot_msgs/buaa_rescue_robot_msgs/msg/detail
[4.188s] -- Installing: /home/rescue_robot/buaa_rescue_robot/src/buaa_rescue_robot_msgs/install/buaa_rescue_robot_msgs/include/buaa_rescue_robot_msgs/buaa_rescue_robot_msgs/msg/detail/control_message__builder.hpp
[4.189s] -- Installing: /home/rescue_robot/buaa_rescue_robot/src/buaa_rescue_robot_msgs/install/buaa_rescue_robot_msgs/include/buaa_rescue_robot_msgs/buaa_rescue_robot_msgs/msg/detail/control_message__traits.hpp
[4.189s] -- Installing: /home/rescue_robot/buaa_rescue_robot/src/buaa_rescue_robot_msgs/install/buaa_rescue_robot_msgs/include/buaa_rescue_robot_msgs/buaa_rescue_robot_msgs/msg/detail/control_message__struct.hpp
[4.189s] -- Up-to-date: /home/rescue_robot/buaa_rescue_robot/src/buaa_rescue_robot_msgs/install/buaa_rescue_robot_msgs/include/buaa_rescue_robot_msgs/buaa_rescue_robot_msgs
[4.189s] -- Up-to-date: /home/rescue_robot/buaa_rescue_robot/src/buaa_rescue_robot_msgs/install/buaa_rescue_robot_msgs/include/buaa_rescue_robot_msgs/buaa_rescue_robot_msgs/msg
[4.189s] -- Up-to-date: /home/rescue_robot/buaa_rescue_robot/src/buaa_rescue_robot_msgs/install/buaa_rescue_robot_msgs/include/buaa_rescue_robot_msgs/buaa_rescue_robot_msgs/msg/detail
[4.189s] -- Installing: /home/rescue_robot/buaa_rescue_robot/src/buaa_rescue_robot_msgs/install/buaa_rescue_robot_msgs/include/buaa_rescue_robot_msgs/buaa_rescue_robot_msgs/msg/detail/dds_fastrtps
[4.189s] -- Installing: /home/rescue_robot/buaa_rescue_robot/src/buaa_rescue_robot_msgs/install/buaa_rescue_robot_msgs/include/buaa_rescue_robot_msgs/buaa_rescue_robot_msgs/msg/detail/control_message__rosidl_typesupport_fastrtps_cpp.hpp
[4.189s] -- Installing: /home/rescue_robot/buaa_rescue_robot/src/buaa_rescue_robot_msgs/install/buaa_rescue_robot_msgs/include/buaa_rescue_robot_msgs/buaa_rescue_robot_msgs/msg/rosidl_typesupport_fastrtps_cpp__visibility_control.h
[4.190s] -- Installing: /home/rescue_robot/buaa_rescue_robot/src/buaa_rescue_robot_msgs/install/buaa_rescue_robot_msgs/lib/libbuaa_rescue_robot_msgs__rosidl_typesupport_fastrtps_cpp.so
[4.190s] -- Set runtime path of "/home/rescue_robot/buaa_rescue_robot/src/buaa_rescue_robot_msgs/install/buaa_rescue_robot_msgs/lib/libbuaa_rescue_robot_msgs__rosidl_typesupport_fastrtps_cpp.so" to ""
[4.190s] -- Up-to-date: /home/rescue_robot/buaa_rescue_robot/src/buaa_rescue_robot_msgs/install/buaa_rescue_robot_msgs/include/buaa_rescue_robot_msgs/buaa_rescue_robot_msgs
[4.190s] -- Up-to-date: /home/rescue_robot/buaa_rescue_robot/src/buaa_rescue_robot_msgs/install/buaa_rescue_robot_msgs/include/buaa_rescue_robot_msgs/buaa_rescue_robot_msgs/msg
[4.190s] -- Up-to-date: /home/rescue_robot/buaa_rescue_robot/src/buaa_rescue_robot_msgs/install/buaa_rescue_robot_msgs/include/buaa_rescue_robot_msgs/buaa_rescue_robot_msgs/msg/detail
[4.191s] -- Installing: /home/rescue_robot/buaa_rescue_robot/src/buaa_rescue_robot_msgs/install/buaa_rescue_robot_msgs/include/buaa_rescue_robot_msgs/buaa_rescue_robot_msgs/msg/detail/control_message__rosidl_typesupport_introspection_c.h
[4.191s] -- Installing: /home/rescue_robot/buaa_rescue_robot/src/buaa_rescue_robot_msgs/install/buaa_rescue_robot_msgs/include/buaa_rescue_robot_msgs/buaa_rescue_robot_msgs/msg/detail/control_message__type_support.c
[4.191s] -- Installing: /home/rescue_robot/buaa_rescue_robot/src/buaa_rescue_robot_msgs/install/buaa_rescue_robot_msgs/include/buaa_rescue_robot_msgs/buaa_rescue_robot_msgs/msg/rosidl_typesupport_introspection_c__visibility_control.h
[4.191s] -- Installing: /home/rescue_robot/buaa_rescue_robot/src/buaa_rescue_robot_msgs/install/buaa_rescue_robot_msgs/lib/libbuaa_rescue_robot_msgs__rosidl_typesupport_introspection_c.so
[4.191s] -- Set runtime path of "/home/rescue_robot/buaa_rescue_robot/src/buaa_rescue_robot_msgs/install/buaa_rescue_robot_msgs/lib/libbuaa_rescue_robot_msgs__rosidl_typesupport_introspection_c.so" to ""
[4.191s] -- Installing: /home/rescue_robot/buaa_rescue_robot/src/buaa_rescue_robot_msgs/install/buaa_rescue_robot_msgs/lib/libbuaa_rescue_robot_msgs__rosidl_typesupport_c.so
[4.192s] -- Set runtime path of "/home/rescue_robot/buaa_rescue_robot/src/buaa_rescue_robot_msgs/install/buaa_rescue_robot_msgs/lib/libbuaa_rescue_robot_msgs__rosidl_typesupport_c.so" to ""
[4.192s] -- Up-to-date: /home/rescue_robot/buaa_rescue_robot/src/buaa_rescue_robot_msgs/install/buaa_rescue_robot_msgs/include/buaa_rescue_robot_msgs/buaa_rescue_robot_msgs
[4.192s] -- Up-to-date: /home/rescue_robot/buaa_rescue_robot/src/buaa_rescue_robot_msgs/install/buaa_rescue_robot_msgs/include/buaa_rescue_robot_msgs/buaa_rescue_robot_msgs/msg
[4.192s] -- Up-to-date: /home/rescue_robot/buaa_rescue_robot/src/buaa_rescue_robot_msgs/install/buaa_rescue_robot_msgs/include/buaa_rescue_robot_msgs/buaa_rescue_robot_msgs/msg/detail
[4.192s] -- Installing: /home/rescue_robot/buaa_rescue_robot/src/buaa_rescue_robot_msgs/install/buaa_rescue_robot_msgs/include/buaa_rescue_robot_msgs/buaa_rescue_robot_msgs/msg/detail/control_message__type_support.cpp
[4.192s] -- Installing: /home/rescue_robot/buaa_rescue_robot/src/buaa_rescue_robot_msgs/install/buaa_rescue_robot_msgs/include/buaa_rescue_robot_msgs/buaa_rescue_robot_msgs/msg/detail/control_message__rosidl_typesupport_introspection_cpp.hpp
[4.193s] -- Installing: /home/rescue_robot/buaa_rescue_robot/src/buaa_rescue_robot_msgs/install/buaa_rescue_robot_msgs/lib/libbuaa_rescue_robot_msgs__rosidl_typesupport_introspection_cpp.so
[4.193s] -- Set runtime path of "/home/rescue_robot/buaa_rescue_robot/src/buaa_rescue_robot_msgs/install/buaa_rescue_robot_msgs/lib/libbuaa_rescue_robot_msgs__rosidl_typesupport_introspection_cpp.so" to ""
[4.193s] -- Installing: /home/rescue_robot/buaa_rescue_robot/src/buaa_rescue_robot_msgs/install/buaa_rescue_robot_msgs/lib/libbuaa_rescue_robot_msgs__rosidl_typesupport_cpp.so
[4.194s] -- Set runtime path of "/home/rescue_robot/buaa_rescue_robot/src/buaa_rescue_robot_msgs/install/buaa_rescue_robot_msgs/lib/libbuaa_rescue_robot_msgs__rosidl_typesupport_cpp.so" to ""
[4.194s] -- Installing: /home/rescue_robot/buaa_rescue_robot/src/buaa_rescue_robot_msgs/install/buaa_rescue_robot_msgs/share/buaa_rescue_robot_msgs/environment/pythonpath.sh
[4.194s] -- Installing: /home/rescue_robot/buaa_rescue_robot/src/buaa_rescue_robot_msgs/install/buaa_rescue_robot_msgs/share/buaa_rescue_robot_msgs/environment/pythonpath.dsv
[4.194s] -- Installing: /home/rescue_robot/buaa_rescue_robot/src/buaa_rescue_robot_msgs/install/buaa_rescue_robot_msgs/local/lib/python3.10/dist-packages/buaa_rescue_robot_msgs-0.0.0-py3.10.egg-info
[4.194s] -- Installing: /home/rescue_robot/buaa_rescue_robot/src/buaa_rescue_robot_msgs/install/buaa_rescue_robot_msgs/local/lib/python3.10/dist-packages/buaa_rescue_robot_msgs-0.0.0-py3.10.egg-info/top_level.txt
[4.195s] -- Installing: /home/rescue_robot/buaa_rescue_robot/src/buaa_rescue_robot_msgs/install/buaa_rescue_robot_msgs/local/lib/python3.10/dist-packages/buaa_rescue_robot_msgs-0.0.0-py3.10.egg-info/dependency_links.txt
[4.195s] -- Installing: /home/rescue_robot/buaa_rescue_robot/src/buaa_rescue_robot_msgs/install/buaa_rescue_robot_msgs/local/lib/python3.10/dist-packages/buaa_rescue_robot_msgs-0.0.0-py3.10.egg-info/SOURCES.txt
[4.195s] -- Installing: /home/rescue_robot/buaa_rescue_robot/src/buaa_rescue_robot_msgs/install/buaa_rescue_robot_msgs/local/lib/python3.10/dist-packages/buaa_rescue_robot_msgs-0.0.0-py3.10.egg-info/PKG-INFO
[4.195s] -- Installing: /home/rescue_robot/buaa_rescue_robot/src/buaa_rescue_robot_msgs/install/buaa_rescue_robot_msgs/local/lib/python3.10/dist-packages/buaa_rescue_robot_msgs
[4.195s] -- Installing: /home/rescue_robot/buaa_rescue_robot/src/buaa_rescue_robot_msgs/install/buaa_rescue_robot_msgs/local/lib/python3.10/dist-packages/buaa_rescue_robot_msgs/_buaa_rescue_robot_msgs_s.ep.rosidl_typesupport_fastrtps_c.c
[4.196s] -- Installing: /home/rescue_robot/buaa_rescue_robot/src/buaa_rescue_robot_msgs/install/buaa_rescue_robot_msgs/local/lib/python3.10/dist-packages/buaa_rescue_robot_msgs/_buaa_rescue_robot_msgs_s.ep.rosidl_typesupport_introspection_c.c
[4.196s] -- Installing: /home/rescue_robot/buaa_rescue_robot/src/buaa_rescue_robot_msgs/install/buaa_rescue_robot_msgs/local/lib/python3.10/dist-packages/buaa_rescue_robot_msgs/buaa_rescue_robot_msgs_s__rosidl_typesupport_introspection_c.cpython-310-x86_64-linux-gnu.so
[4.196s] -- Installing: /home/rescue_robot/buaa_rescue_robot/src/buaa_rescue_robot_msgs/install/buaa_rescue_robot_msgs/local/lib/python3.10/dist-packages/buaa_rescue_robot_msgs/buaa_rescue_robot_msgs_s__rosidl_typesupport_fastrtps_c.cpython-310-x86_64-linux-gnu.so
[4.196s] -- Installing: /home/rescue_robot/buaa_rescue_robot/src/buaa_rescue_robot_msgs/install/buaa_rescue_robot_msgs/local/lib/python3.10/dist-packages/buaa_rescue_robot_msgs/libbuaa_rescue_robot_msgs__rosidl_generator_py.so
[4.196s] -- Installing: /home/rescue_robot/buaa_rescue_robot/src/buaa_rescue_robot_msgs/install/buaa_rescue_robot_msgs/local/lib/python3.10/dist-packages/buaa_rescue_robot_msgs/_buaa_rescue_robot_msgs_s.ep.rosidl_typesupport_c.c
[4.197s] -- Installing: /home/rescue_robot/buaa_rescue_robot/src/buaa_rescue_robot_msgs/install/buaa_rescue_robot_msgs/local/lib/python3.10/dist-packages/buaa_rescue_robot_msgs/__init__.py
[4.197s] -- Installing: /home/rescue_robot/buaa_rescue_robot/src/buaa_rescue_robot_msgs/install/buaa_rescue_robot_msgs/local/lib/python3.10/dist-packages/buaa_rescue_robot_msgs/buaa_rescue_robot_msgs_s__rosidl_typesupport_c.cpython-310-x86_64-linux-gnu.so
[4.197s] -- Installing: /home/rescue_robot/buaa_rescue_robot/src/buaa_rescue_robot_msgs/install/buaa_rescue_robot_msgs/local/lib/python3.10/dist-packages/buaa_rescue_robot_msgs/msg
[4.197s] -- Installing: /home/rescue_robot/buaa_rescue_robot/src/buaa_rescue_robot_msgs/install/buaa_rescue_robot_msgs/local/lib/python3.10/dist-packages/buaa_rescue_robot_msgs/msg/_control_message.py
[4.197s] -- Installing: /home/rescue_robot/buaa_rescue_robot/src/buaa_rescue_robot_msgs/install/buaa_rescue_robot_msgs/local/lib/python3.10/dist-packages/buaa_rescue_robot_msgs/msg/_control_message_s.c
[4.197s] -- Installing: /home/rescue_robot/buaa_rescue_robot/src/buaa_rescue_robot_msgs/install/buaa_rescue_robot_msgs/local/lib/python3.10/dist-packages/buaa_rescue_robot_msgs/msg/__init__.py
[4.238s] Listing '/home/rescue_robot/buaa_rescue_robot/src/buaa_rescue_robot_msgs/install/buaa_rescue_robot_msgs/local/lib/python3.10/dist-packages/buaa_rescue_robot_msgs'...
[4.238s] Compiling '/home/rescue_robot/buaa_rescue_robot/src/buaa_rescue_robot_msgs/install/buaa_rescue_robot_msgs/local/lib/python3.10/dist-packages/buaa_rescue_robot_msgs/__init__.py'...
[4.238s] Listing '/home/rescue_robot/buaa_rescue_robot/src/buaa_rescue_robot_msgs/install/buaa_rescue_robot_msgs/local/lib/python3.10/dist-packages/buaa_rescue_robot_msgs/msg'...
[4.238s] Compiling '/home/rescue_robot/buaa_rescue_robot/src/buaa_rescue_robot_msgs/install/buaa_rescue_robot_msgs/local/lib/python3.10/dist-packages/buaa_rescue_robot_msgs/msg/__init__.py'...
[4.238s] Compiling '/home/rescue_robot/buaa_rescue_robot/src/buaa_rescue_robot_msgs/install/buaa_rescue_robot_msgs/local/lib/python3.10/dist-packages/buaa_rescue_robot_msgs/msg/_control_message.py'...
[4.245s] -- Installing: /home/rescue_robot/buaa_rescue_robot/src/buaa_rescue_robot_msgs/install/buaa_rescue_robot_msgs/local/lib/python3.10/dist-packages/buaa_rescue_robot_msgs/buaa_rescue_robot_msgs_s__rosidl_typesupport_fastrtps_c.cpython-310-x86_64-linux-gnu.so
[4.245s] -- Set runtime path of "/home/rescue_robot/buaa_rescue_robot/src/buaa_rescue_robot_msgs/install/buaa_rescue_robot_msgs/local/lib/python3.10/dist-packages/buaa_rescue_robot_msgs/buaa_rescue_robot_msgs_s__rosidl_typesupport_fastrtps_c.cpython-310-x86_64-linux-gnu.so" to ""
[4.245s] -- Installing: /home/rescue_robot/buaa_rescue_robot/src/buaa_rescue_robot_msgs/install/buaa_rescue_robot_msgs/local/lib/python3.10/dist-packages/buaa_rescue_robot_msgs/buaa_rescue_robot_msgs_s__rosidl_typesupport_introspection_c.cpython-310-x86_64-linux-gnu.so
[4.246s] -- Set runtime path of "/home/rescue_robot/buaa_rescue_robot/src/buaa_rescue_robot_msgs/install/buaa_rescue_robot_msgs/local/lib/python3.10/dist-packages/buaa_rescue_robot_msgs/buaa_rescue_robot_msgs_s__rosidl_typesupport_introspection_c.cpython-310-x86_64-linux-gnu.so" to ""
[4.246s] -- Installing: /home/rescue_robot/buaa_rescue_robot/src/buaa_rescue_robot_msgs/install/buaa_rescue_robot_msgs/local/lib/python3.10/dist-packages/buaa_rescue_robot_msgs/buaa_rescue_robot_msgs_s__rosidl_typesupport_c.cpython-310-x86_64-linux-gnu.so
[4.247s] -- Set runtime path of "/home/rescue_robot/buaa_rescue_robot/src/buaa_rescue_robot_msgs/install/buaa_rescue_robot_msgs/local/lib/python3.10/dist-packages/buaa_rescue_robot_msgs/buaa_rescue_robot_msgs_s__rosidl_typesupport_c.cpython-310-x86_64-linux-gnu.so" to ""
[4.247s] -- Installing: /home/rescue_robot/buaa_rescue_robot/src/buaa_rescue_robot_msgs/install/buaa_rescue_robot_msgs/lib/libbuaa_rescue_robot_msgs__rosidl_generator_py.so
[4.247s] -- Set runtime path of "/home/rescue_robot/buaa_rescue_robot/src/buaa_rescue_robot_msgs/install/buaa_rescue_robot_msgs/lib/libbuaa_rescue_robot_msgs__rosidl_generator_py.so" to ""
[4.247s] -- Installing: /home/rescue_robot/buaa_rescue_robot/src/buaa_rescue_robot_msgs/install/buaa_rescue_robot_msgs/share/buaa_rescue_robot_msgs/msg/ControlMessage.idl
[4.248s] -- Installing: /home/rescue_robot/buaa_rescue_robot/src/buaa_rescue_robot_msgs/install/buaa_rescue_robot_msgs/share/buaa_rescue_robot_msgs/msg/ControlMessage.msg
[4.248s] -- Installing: /home/rescue_robot/buaa_rescue_robot/src/buaa_rescue_robot_msgs/install/buaa_rescue_robot_msgs/share/ament_index/resource_index/package_run_dependencies/buaa_rescue_robot_msgs
[4.248s] -- Installing: /home/rescue_robot/buaa_rescue_robot/src/buaa_rescue_robot_msgs/install/buaa_rescue_robot_msgs/share/ament_index/resource_index/parent_prefix_path/buaa_rescue_robot_msgs
[4.248s] -- Installing: /home/rescue_robot/buaa_rescue_robot/src/buaa_rescue_robot_msgs/install/buaa_rescue_robot_msgs/share/buaa_rescue_robot_msgs/environment/ament_prefix_path.sh
[4.248s] -- Installing: /home/rescue_robot/buaa_rescue_robot/src/buaa_rescue_robot_msgs/install/buaa_rescue_robot_msgs/share/buaa_rescue_robot_msgs/environment/ament_prefix_path.dsv
[4.248s] -- Installing: /home/rescue_robot/buaa_rescue_robot/src/buaa_rescue_robot_msgs/install/buaa_rescue_robot_msgs/share/buaa_rescue_robot_msgs/environment/path.sh
[4.249s] -- Installing: /home/rescue_robot/buaa_rescue_robot/src/buaa_rescue_robot_msgs/install/buaa_rescue_robot_msgs/share/buaa_rescue_robot_msgs/environment/path.dsv
[4.249s] -- Installing: /home/rescue_robot/buaa_rescue_robot/src/buaa_rescue_robot_msgs/install/buaa_rescue_robot_msgs/share/buaa_rescue_robot_msgs/local_setup.bash
[4.249s] -- Installing: /home/rescue_robot/buaa_rescue_robot/src/buaa_rescue_robot_msgs/install/buaa_rescue_robot_msgs/share/buaa_rescue_robot_msgs/local_setup.sh
[4.249s] -- Installing: /home/rescue_robot/buaa_rescue_robot/src/buaa_rescue_robot_msgs/install/buaa_rescue_robot_msgs/share/buaa_rescue_robot_msgs/local_setup.zsh
[4.249s] -- Installing: /home/rescue_robot/buaa_rescue_robot/src/buaa_rescue_robot_msgs/install/buaa_rescue_robot_msgs/share/buaa_rescue_robot_msgs/local_setup.dsv
[4.250s] -- Installing: /home/rescue_robot/buaa_rescue_robot/src/buaa_rescue_robot_msgs/install/buaa_rescue_robot_msgs/share/buaa_rescue_robot_msgs/package.dsv
[4.250s] -- Installing: /home/rescue_robot/buaa_rescue_robot/src/buaa_rescue_robot_msgs/install/buaa_rescue_robot_msgs/share/ament_index/resource_index/packages/buaa_rescue_robot_msgs
[4.250s] -- Installing: /home/rescue_robot/buaa_rescue_robot/src/buaa_rescue_robot_msgs/install/buaa_rescue_robot_msgs/share/buaa_rescue_robot_msgs/cmake/export_buaa_rescue_robot_msgs__rosidl_generator_cExport.cmake
[4.250s] -- Installing: /home/rescue_robot/buaa_rescue_robot/src/buaa_rescue_robot_msgs/install/buaa_rescue_robot_msgs/share/buaa_rescue_robot_msgs/cmake/export_buaa_rescue_robot_msgs__rosidl_generator_cExport-noconfig.cmake
[4.250s] -- Installing: /home/rescue_robot/buaa_rescue_robot/src/buaa_rescue_robot_msgs/install/buaa_rescue_robot_msgs/share/buaa_rescue_robot_msgs/cmake/export_buaa_rescue_robot_msgs__rosidl_typesupport_fastrtps_cExport.cmake
[4.250s] -- Installing: /home/rescue_robot/buaa_rescue_robot/src/buaa_rescue_robot_msgs/install/buaa_rescue_robot_msgs/share/buaa_rescue_robot_msgs/cmake/export_buaa_rescue_robot_msgs__rosidl_typesupport_fastrtps_cExport-noconfig.cmake
[4.251s] -- Installing: /home/rescue_robot/buaa_rescue_robot/src/buaa_rescue_robot_msgs/install/buaa_rescue_robot_msgs/share/buaa_rescue_robot_msgs/cmake/export_buaa_rescue_robot_msgs__rosidl_generator_cppExport.cmake
[4.251s] -- Installing: /home/rescue_robot/buaa_rescue_robot/src/buaa_rescue_robot_msgs/install/buaa_rescue_robot_msgs/share/buaa_rescue_robot_msgs/cmake/export_buaa_rescue_robot_msgs__rosidl_typesupport_fastrtps_cppExport.cmake
[4.251s] -- Installing: /home/rescue_robot/buaa_rescue_robot/src/buaa_rescue_robot_msgs/install/buaa_rescue_robot_msgs/share/buaa_rescue_robot_msgs/cmake/export_buaa_rescue_robot_msgs__rosidl_typesupport_fastrtps_cppExport-noconfig.cmake
[4.251s] -- Installing: /home/rescue_robot/buaa_rescue_robot/src/buaa_rescue_robot_msgs/install/buaa_rescue_robot_msgs/share/buaa_rescue_robot_msgs/cmake/buaa_rescue_robot_msgs__rosidl_typesupport_introspection_cExport.cmake
[4.252s] -- Installing: /home/rescue_robot/buaa_rescue_robot/src/buaa_rescue_robot_msgs/install/buaa_rescue_robot_msgs/share/buaa_rescue_robot_msgs/cmake/buaa_rescue_robot_msgs__rosidl_typesupport_introspection_cExport-noconfig.cmake
[4.252s] -- Installing: /home/rescue_robot/buaa_rescue_robot/src/buaa_rescue_robot_msgs/install/buaa_rescue_robot_msgs/share/buaa_rescue_robot_msgs/cmake/buaa_rescue_robot_msgs__rosidl_typesupport_cExport.cmake
[4.252s] -- Installing: /home/rescue_robot/buaa_rescue_robot/src/buaa_rescue_robot_msgs/install/buaa_rescue_robot_msgs/share/buaa_rescue_robot_msgs/cmake/buaa_rescue_robot_msgs__rosidl_typesupport_cExport-noconfig.cmake
[4.252s] -- Installing: /home/rescue_robot/buaa_rescue_robot/src/buaa_rescue_robot_msgs/install/buaa_rescue_robot_msgs/share/buaa_rescue_robot_msgs/cmake/buaa_rescue_robot_msgs__rosidl_typesupport_introspection_cppExport.cmake
[4.252s] -- Installing: /home/rescue_robot/buaa_rescue_robot/src/buaa_rescue_robot_msgs/install/buaa_rescue_robot_msgs/share/buaa_rescue_robot_msgs/cmake/buaa_rescue_robot_msgs__rosidl_typesupport_introspection_cppExport-noconfig.cmake
[4.252s] -- Installing: /home/rescue_robot/buaa_rescue_robot/src/buaa_rescue_robot_msgs/install/buaa_rescue_robot_msgs/share/buaa_rescue_robot_msgs/cmake/buaa_rescue_robot_msgs__rosidl_typesupport_cppExport.cmake
[4.253s] -- Installing: /home/rescue_robot/buaa_rescue_robot/src/buaa_rescue_robot_msgs/install/buaa_rescue_robot_msgs/share/buaa_rescue_robot_msgs/cmake/buaa_rescue_robot_msgs__rosidl_typesupport_cppExport-noconfig.cmake
[4.253s] -- Installing: /home/rescue_robot/buaa_rescue_robot/src/buaa_rescue_robot_msgs/install/buaa_rescue_robot_msgs/share/buaa_rescue_robot_msgs/cmake/export_buaa_rescue_robot_msgs__rosidl_generator_pyExport.cmake
[4.253s] -- Installing: /home/rescue_robot/buaa_rescue_robot/src/buaa_rescue_robot_msgs/install/buaa_rescue_robot_msgs/share/buaa_rescue_robot_msgs/cmake/export_buaa_rescue_robot_msgs__rosidl_generator_pyExport-noconfig.cmake
[4.253s] -- Installing: /home/rescue_robot/buaa_rescue_robot/src/buaa_rescue_robot_msgs/install/buaa_rescue_robot_msgs/share/buaa_rescue_robot_msgs/cmake/rosidl_cmake-extras.cmake
[4.253s] -- Installing: /home/rescue_robot/buaa_rescue_robot/src/buaa_rescue_robot_msgs/install/buaa_rescue_robot_msgs/share/buaa_rescue_robot_msgs/cmake/ament_cmake_export_include_directories-extras.cmake
[4.254s] -- Installing: /home/rescue_robot/buaa_rescue_robot/src/buaa_rescue_robot_msgs/install/buaa_rescue_robot_msgs/share/buaa_rescue_robot_msgs/cmake/ament_cmake_export_libraries-extras.cmake
[4.254s] -- Installing: /home/rescue_robot/buaa_rescue_robot/src/buaa_rescue_robot_msgs/install/buaa_rescue_robot_msgs/share/buaa_rescue_robot_msgs/cmake/ament_cmake_export_targets-extras.cmake
[4.254s] -- Installing: /home/rescue_robot/buaa_rescue_robot/src/buaa_rescue_robot_msgs/install/buaa_rescue_robot_msgs/share/buaa_rescue_robot_msgs/cmake/rosidl_cmake_export_typesupport_targets-extras.cmake
[4.254s] -- Installing: /home/rescue_robot/buaa_rescue_robot/src/buaa_rescue_robot_msgs/install/buaa_rescue_robot_msgs/share/buaa_rescue_robot_msgs/cmake/ament_cmake_export_dependencies-extras.cmake
[4.254s] -- Installing: /home/rescue_robot/buaa_rescue_robot/src/buaa_rescue_robot_msgs/install/buaa_rescue_robot_msgs/share/buaa_rescue_robot_msgs/cmake/rosidl_cmake_export_typesupport_libraries-extras.cmake
[4.254s] -- Installing: /home/rescue_robot/buaa_rescue_robot/src/buaa_rescue_robot_msgs/install/buaa_rescue_robot_msgs/share/buaa_rescue_robot_msgs/cmake/buaa_rescue_robot_msgsConfig.cmake
[4.254s] -- Installing: /home/rescue_robot/buaa_rescue_robot/src/buaa_rescue_robot_msgs/install/buaa_rescue_robot_msgs/share/buaa_rescue_robot_msgs/cmake/buaa_rescue_robot_msgsConfig-version.cmake
[4.255s] -- Installing: /home/rescue_robot/buaa_rescue_robot/src/buaa_rescue_robot_msgs/install/buaa_rescue_robot_msgs/share/buaa_rescue_robot_msgs/package.xml
[4.258s] Invoked command in '/home/rescue_robot/buaa_rescue_robot/src/buaa_rescue_robot_msgs/build/buaa_rescue_robot_msgs' returned '0': CMAKE_PREFIX_PATH=${CMAKE_PREFIX_PATH}:/opt/ros/humble /usr/bin/cmake --install /home/rescue_robot/buaa_rescue_robot/src/buaa_rescue_robot_msgs/build/buaa_rescue_robot_msgs
