[  9%] Built target keyboard_controller__rosidl_generator_c
[ 12%] Built target keyboard_controller__cpp
[ 12%] Built target ament_cmake_python_copy_keyboard_controller
[ 30%] Built target keyboard_controller__rosidl_typesupport_c
[ 30%] Built target keyboard_controller__rosidl_typesupport_introspection_c
[ 39%] Built target keyboard_controller__rosidl_typesupport_cpp
[ 48%] Built target keyboard_controller__rosidl_typesupport_fastrtps_c
[ 66%] Built target keyboard_controller__rosidl_typesupport_introspection_cpp
[ 66%] Built target keyboard_controller__rosidl_typesupport_fastrtps_cpp
[35m[1mConsolidate compiler generated dependencies of target keyboard_publisher[0m
[ 66%] Built target keyboard_controller
[ 69%] [32mBuilding CXX object CMakeFiles/keyboard_publisher.dir/src/keyboard_publisher.cpp.o[0m
[ 72%] Built target keyboard_controller__py
[ 78%] Built target keyboard_controller__rosidl_generator_py
[ 84%] Built target keyboard_controller__rosidl_typesupport_introspection_c__pyext
[ 90%] Built target keyboard_controller__rosidl_typesupport_fastrtps_c__pyext
[ 96%] Built target keyboard_controller__rosidl_typesupport_c__pyext
running egg_info
writing keyboard_controller.egg-info/PKG-INFO
writing dependency_links to keyboard_controller.egg-info/dependency_links.txt
writing top-level names to keyboard_controller.egg-info/top_level.txt
reading manifest file 'keyboard_controller.egg-info/SOURCES.txt'
writing manifest file 'keyboard_controller.egg-info/SOURCES.txt'
[ 96%] Built target ament_cmake_python_build_keyboard_controller_egg
[100%] [32m[1mLinking CXX executable keyboard_publisher[0m
[100%] Built target keyboard_publisher
-- Install configuration: ""
-- Installing: /home/rescue_robot/buaa_rescue_robot/install/keyboard_controller/share/ament_index/resource_index/rosidl_interfaces/keyboard_controller
-- Installing: /home/rescue_robot/buaa_rescue_robot/install/keyboard_controller/include/keyboard_controller/keyboard_controller
-- Installing: /home/rescue_robot/buaa_rescue_robot/install/keyboard_controller/include/keyboard_controller/keyboard_controller/msg
-- Installing: /home/rescue_robot/buaa_rescue_robot/install/keyboard_controller/include/keyboard_controller/keyboard_controller/msg/detail
-- Installing: /home/rescue_robot/buaa_rescue_robot/install/keyboard_controller/include/keyboard_controller/keyboard_controller/msg/detail/control_message__functions.h
-- Installing: /home/rescue_robot/buaa_rescue_robot/install/keyboard_controller/include/keyboard_controller/keyboard_controller/msg/detail/control_message__functions.c
-- Installing: /home/rescue_robot/buaa_rescue_robot/install/keyboard_controller/include/keyboard_controller/keyboard_controller/msg/detail/control_message__type_support.h
-- Installing: /home/rescue_robot/buaa_rescue_robot/install/keyboard_controller/include/keyboard_controller/keyboard_controller/msg/detail/control_message__struct.h
-- Installing: /home/rescue_robot/buaa_rescue_robot/install/keyboard_controller/include/keyboard_controller/keyboard_controller/msg/control_message.h
-- Installing: /home/rescue_robot/buaa_rescue_robot/install/keyboard_controller/include/keyboard_controller/keyboard_controller/msg/rosidl_generator_c__visibility_control.h
-- Installing: /home/rescue_robot/buaa_rescue_robot/install/keyboard_controller/share/keyboard_controller/environment/library_path.sh
-- Installing: /home/rescue_robot/buaa_rescue_robot/install/keyboard_controller/share/keyboard_controller/environment/library_path.dsv
-- Installing: /home/rescue_robot/buaa_rescue_robot/install/keyboard_controller/lib/libkeyboard_controller__rosidl_generator_c.so
-- Set runtime path of "/home/rescue_robot/buaa_rescue_robot/install/keyboard_controller/lib/libkeyboard_controller__rosidl_generator_c.so" to ""
-- Up-to-date: /home/rescue_robot/buaa_rescue_robot/install/keyboard_controller/include/keyboard_controller/keyboard_controller
-- Up-to-date: /home/rescue_robot/buaa_rescue_robot/install/keyboard_controller/include/keyboard_controller/keyboard_controller/msg
-- Up-to-date: /home/rescue_robot/buaa_rescue_robot/install/keyboard_controller/include/keyboard_controller/keyboard_controller/msg/detail
-- Installing: /home/rescue_robot/buaa_rescue_robot/install/keyboard_controller/include/keyboard_controller/keyboard_controller/msg/detail/control_message__rosidl_typesupport_fastrtps_c.h
-- Installing: /home/rescue_robot/buaa_rescue_robot/install/keyboard_controller/include/keyboard_controller/keyboard_controller/msg/rosidl_typesupport_fastrtps_c__visibility_control.h
-- Installing: /home/rescue_robot/buaa_rescue_robot/install/keyboard_controller/lib/libkeyboard_controller__rosidl_typesupport_fastrtps_c.so
-- Set runtime path of "/home/rescue_robot/buaa_rescue_robot/install/keyboard_controller/lib/libkeyboard_controller__rosidl_typesupport_fastrtps_c.so" to ""
-- Up-to-date: /home/rescue_robot/buaa_rescue_robot/install/keyboard_controller/include/keyboard_controller/keyboard_controller
-- Up-to-date: /home/rescue_robot/buaa_rescue_robot/install/keyboard_controller/include/keyboard_controller/keyboard_controller/msg
-- Installing: /home/rescue_robot/buaa_rescue_robot/install/keyboard_controller/include/keyboard_controller/keyboard_controller/msg/control_message.hpp
-- Up-to-date: /home/rescue_robot/buaa_rescue_robot/install/keyboard_controller/include/keyboard_controller/keyboard_controller/msg/detail
-- Installing: /home/rescue_robot/buaa_rescue_robot/install/keyboard_controller/include/keyboard_controller/keyboard_controller/msg/detail/control_message__builder.hpp
-- Installing: /home/rescue_robot/buaa_rescue_robot/install/keyboard_controller/include/keyboard_controller/keyboard_controller/msg/detail/control_message__traits.hpp
-- Installing: /home/rescue_robot/buaa_rescue_robot/install/keyboard_controller/include/keyboard_controller/keyboard_controller/msg/detail/control_message__struct.hpp
-- Up-to-date: /home/rescue_robot/buaa_rescue_robot/install/keyboard_controller/include/keyboard_controller/keyboard_controller
-- Up-to-date: /home/rescue_robot/buaa_rescue_robot/install/keyboard_controller/include/keyboard_controller/keyboard_controller/msg
-- Up-to-date: /home/rescue_robot/buaa_rescue_robot/install/keyboard_controller/include/keyboard_controller/keyboard_controller/msg/detail
-- Installing: /home/rescue_robot/buaa_rescue_robot/install/keyboard_controller/include/keyboard_controller/keyboard_controller/msg/detail/dds_fastrtps
-- Installing: /home/rescue_robot/buaa_rescue_robot/install/keyboard_controller/include/keyboard_controller/keyboard_controller/msg/detail/control_message__rosidl_typesupport_fastrtps_cpp.hpp
-- Installing: /home/rescue_robot/buaa_rescue_robot/install/keyboard_controller/include/keyboard_controller/keyboard_controller/msg/rosidl_typesupport_fastrtps_cpp__visibility_control.h
-- Installing: /home/rescue_robot/buaa_rescue_robot/install/keyboard_controller/lib/libkeyboard_controller__rosidl_typesupport_fastrtps_cpp.so
-- Set runtime path of "/home/rescue_robot/buaa_rescue_robot/install/keyboard_controller/lib/libkeyboard_controller__rosidl_typesupport_fastrtps_cpp.so" to ""
-- Up-to-date: /home/rescue_robot/buaa_rescue_robot/install/keyboard_controller/include/keyboard_controller/keyboard_controller
-- Up-to-date: /home/rescue_robot/buaa_rescue_robot/install/keyboard_controller/include/keyboard_controller/keyboard_controller/msg
-- Up-to-date: /home/rescue_robot/buaa_rescue_robot/install/keyboard_controller/include/keyboard_controller/keyboard_controller/msg/detail
-- Installing: /home/rescue_robot/buaa_rescue_robot/install/keyboard_controller/include/keyboard_controller/keyboard_controller/msg/detail/control_message__rosidl_typesupport_introspection_c.h
-- Installing: /home/rescue_robot/buaa_rescue_robot/install/keyboard_controller/include/keyboard_controller/keyboard_controller/msg/detail/control_message__type_support.c
-- Installing: /home/rescue_robot/buaa_rescue_robot/install/keyboard_controller/include/keyboard_controller/keyboard_controller/msg/rosidl_typesupport_introspection_c__visibility_control.h
-- Installing: /home/rescue_robot/buaa_rescue_robot/install/keyboard_controller/lib/libkeyboard_controller__rosidl_typesupport_introspection_c.so
-- Set runtime path of "/home/rescue_robot/buaa_rescue_robot/install/keyboard_controller/lib/libkeyboard_controller__rosidl_typesupport_introspection_c.so" to ""
-- Installing: /home/rescue_robot/buaa_rescue_robot/install/keyboard_controller/lib/libkeyboard_controller__rosidl_typesupport_c.so
-- Set runtime path of "/home/rescue_robot/buaa_rescue_robot/install/keyboard_controller/lib/libkeyboard_controller__rosidl_typesupport_c.so" to ""
-- Up-to-date: /home/rescue_robot/buaa_rescue_robot/install/keyboard_controller/include/keyboard_controller/keyboard_controller
-- Up-to-date: /home/rescue_robot/buaa_rescue_robot/install/keyboard_controller/include/keyboard_controller/keyboard_controller/msg
-- Up-to-date: /home/rescue_robot/buaa_rescue_robot/install/keyboard_controller/include/keyboard_controller/keyboard_controller/msg/detail
-- Installing: /home/rescue_robot/buaa_rescue_robot/install/keyboard_controller/include/keyboard_controller/keyboard_controller/msg/detail/control_message__type_support.cpp
-- Installing: /home/rescue_robot/buaa_rescue_robot/install/keyboard_controller/include/keyboard_controller/keyboard_controller/msg/detail/control_message__rosidl_typesupport_introspection_cpp.hpp
-- Installing: /home/rescue_robot/buaa_rescue_robot/install/keyboard_controller/lib/libkeyboard_controller__rosidl_typesupport_introspection_cpp.so
-- Set runtime path of "/home/rescue_robot/buaa_rescue_robot/install/keyboard_controller/lib/libkeyboard_controller__rosidl_typesupport_introspection_cpp.so" to ""
-- Installing: /home/rescue_robot/buaa_rescue_robot/install/keyboard_controller/lib/libkeyboard_controller__rosidl_typesupport_cpp.so
-- Set runtime path of "/home/rescue_robot/buaa_rescue_robot/install/keyboard_controller/lib/libkeyboard_controller__rosidl_typesupport_cpp.so" to ""
-- Installing: /home/rescue_robot/buaa_rescue_robot/install/keyboard_controller/share/keyboard_controller/environment/pythonpath.sh
-- Installing: /home/rescue_robot/buaa_rescue_robot/install/keyboard_controller/share/keyboard_controller/environment/pythonpath.dsv
-- Installing: /home/rescue_robot/buaa_rescue_robot/install/keyboard_controller/local/lib/python3.10/dist-packages/keyboard_controller-0.0.1-py3.10.egg-info
-- Installing: /home/rescue_robot/buaa_rescue_robot/install/keyboard_controller/local/lib/python3.10/dist-packages/keyboard_controller-0.0.1-py3.10.egg-info/top_level.txt
-- Installing: /home/rescue_robot/buaa_rescue_robot/install/keyboard_controller/local/lib/python3.10/dist-packages/keyboard_controller-0.0.1-py3.10.egg-info/dependency_links.txt
-- Installing: /home/rescue_robot/buaa_rescue_robot/install/keyboard_controller/local/lib/python3.10/dist-packages/keyboard_controller-0.0.1-py3.10.egg-info/SOURCES.txt
-- Installing: /home/rescue_robot/buaa_rescue_robot/install/keyboard_controller/local/lib/python3.10/dist-packages/keyboard_controller-0.0.1-py3.10.egg-info/PKG-INFO
-- Installing: /home/rescue_robot/buaa_rescue_robot/install/keyboard_controller/local/lib/python3.10/dist-packages/keyboard_controller
-- Installing: /home/rescue_robot/buaa_rescue_robot/install/keyboard_controller/local/lib/python3.10/dist-packages/keyboard_controller/keyboard_controller_s__rosidl_typesupport_introspection_c.cpython-310-x86_64-linux-gnu.so
-- Installing: /home/rescue_robot/buaa_rescue_robot/install/keyboard_controller/local/lib/python3.10/dist-packages/keyboard_controller/_keyboard_controller_s.ep.rosidl_typesupport_introspection_c.c
-- Installing: /home/rescue_robot/buaa_rescue_robot/install/keyboard_controller/local/lib/python3.10/dist-packages/keyboard_controller/libkeyboard_controller__rosidl_generator_py.so
-- Installing: /home/rescue_robot/buaa_rescue_robot/install/keyboard_controller/local/lib/python3.10/dist-packages/keyboard_controller/_keyboard_controller_s.ep.rosidl_typesupport_c.c
-- Installing: /home/rescue_robot/buaa_rescue_robot/install/keyboard_controller/local/lib/python3.10/dist-packages/keyboard_controller/_keyboard_controller_s.ep.rosidl_typesupport_fastrtps_c.c
-- Installing: /home/rescue_robot/buaa_rescue_robot/install/keyboard_controller/local/lib/python3.10/dist-packages/keyboard_controller/keyboard_controller_s__rosidl_typesupport_c.cpython-310-x86_64-linux-gnu.so
-- Installing: /home/rescue_robot/buaa_rescue_robot/install/keyboard_controller/local/lib/python3.10/dist-packages/keyboard_controller/__init__.py
-- Installing: /home/rescue_robot/buaa_rescue_robot/install/keyboard_controller/local/lib/python3.10/dist-packages/keyboard_controller/keyboard_controller_s__rosidl_typesupport_fastrtps_c.cpython-310-x86_64-linux-gnu.so
-- Installing: /home/rescue_robot/buaa_rescue_robot/install/keyboard_controller/local/lib/python3.10/dist-packages/keyboard_controller/msg
-- Installing: /home/rescue_robot/buaa_rescue_robot/install/keyboard_controller/local/lib/python3.10/dist-packages/keyboard_controller/msg/_control_message.py
-- Installing: /home/rescue_robot/buaa_rescue_robot/install/keyboard_controller/local/lib/python3.10/dist-packages/keyboard_controller/msg/_control_message_s.c
-- Installing: /home/rescue_robot/buaa_rescue_robot/install/keyboard_controller/local/lib/python3.10/dist-packages/keyboard_controller/msg/__init__.py
Listing '/home/rescue_robot/buaa_rescue_robot/install/keyboard_controller/local/lib/python3.10/dist-packages/keyboard_controller'...
Compiling '/home/rescue_robot/buaa_rescue_robot/install/keyboard_controller/local/lib/python3.10/dist-packages/keyboard_controller/__init__.py'...
Listing '/home/rescue_robot/buaa_rescue_robot/install/keyboard_controller/local/lib/python3.10/dist-packages/keyboard_controller/msg'...
Compiling '/home/rescue_robot/buaa_rescue_robot/install/keyboard_controller/local/lib/python3.10/dist-packages/keyboard_controller/msg/__init__.py'...
Compiling '/home/rescue_robot/buaa_rescue_robot/install/keyboard_controller/local/lib/python3.10/dist-packages/keyboard_controller/msg/_control_message.py'...
-- Installing: /home/rescue_robot/buaa_rescue_robot/install/keyboard_controller/local/lib/python3.10/dist-packages/keyboard_controller/keyboard_controller_s__rosidl_typesupport_fastrtps_c.cpython-310-x86_64-linux-gnu.so
-- Set runtime path of "/home/rescue_robot/buaa_rescue_robot/install/keyboard_controller/local/lib/python3.10/dist-packages/keyboard_controller/keyboard_controller_s__rosidl_typesupport_fastrtps_c.cpython-310-x86_64-linux-gnu.so" to ""
-- Installing: /home/rescue_robot/buaa_rescue_robot/install/keyboard_controller/local/lib/python3.10/dist-packages/keyboard_controller/keyboard_controller_s__rosidl_typesupport_introspection_c.cpython-310-x86_64-linux-gnu.so
-- Set runtime path of "/home/rescue_robot/buaa_rescue_robot/install/keyboard_controller/local/lib/python3.10/dist-packages/keyboard_controller/keyboard_controller_s__rosidl_typesupport_introspection_c.cpython-310-x86_64-linux-gnu.so" to ""
-- Installing: /home/rescue_robot/buaa_rescue_robot/install/keyboard_controller/local/lib/python3.10/dist-packages/keyboard_controller/keyboard_controller_s__rosidl_typesupport_c.cpython-310-x86_64-linux-gnu.so
-- Set runtime path of "/home/rescue_robot/buaa_rescue_robot/install/keyboard_controller/local/lib/python3.10/dist-packages/keyboard_controller/keyboard_controller_s__rosidl_typesupport_c.cpython-310-x86_64-linux-gnu.so" to ""
-- Installing: /home/rescue_robot/buaa_rescue_robot/install/keyboard_controller/lib/libkeyboard_controller__rosidl_generator_py.so
-- Set runtime path of "/home/rescue_robot/buaa_rescue_robot/install/keyboard_controller/lib/libkeyboard_controller__rosidl_generator_py.so" to ""
-- Installing: /home/rescue_robot/buaa_rescue_robot/install/keyboard_controller/share/keyboard_controller/msg/ControlMessage.idl
-- Installing: /home/rescue_robot/buaa_rescue_robot/install/keyboard_controller/share/keyboard_controller/msg/ControlMessage.msg
-- Installing: /home/rescue_robot/buaa_rescue_robot/install/keyboard_controller/lib/keyboard_controller/keyboard_publisher
-- Set runtime path of "/home/rescue_robot/buaa_rescue_robot/install/keyboard_controller/lib/keyboard_controller/keyboard_publisher" to ""
-- Installing: /home/rescue_robot/buaa_rescue_robot/install/keyboard_controller/share/ament_index/resource_index/package_run_dependencies/keyboard_controller
-- Up-to-date: /home/rescue_robot/buaa_rescue_robot/install/keyboard_controller/share/ament_index/resource_index/parent_prefix_path/keyboard_controller
-- Up-to-date: /home/rescue_robot/buaa_rescue_robot/install/keyboard_controller/share/keyboard_controller/environment/ament_prefix_path.sh
-- Installing: /home/rescue_robot/buaa_rescue_robot/install/keyboard_controller/share/keyboard_controller/environment/ament_prefix_path.dsv
-- Up-to-date: /home/rescue_robot/buaa_rescue_robot/install/keyboard_controller/share/keyboard_controller/environment/path.sh
-- Installing: /home/rescue_robot/buaa_rescue_robot/install/keyboard_controller/share/keyboard_controller/environment/path.dsv
-- Up-to-date: /home/rescue_robot/buaa_rescue_robot/install/keyboard_controller/share/keyboard_controller/local_setup.bash
-- Installing: /home/rescue_robot/buaa_rescue_robot/install/keyboard_controller/share/keyboard_controller/local_setup.sh
-- Up-to-date: /home/rescue_robot/buaa_rescue_robot/install/keyboard_controller/share/keyboard_controller/local_setup.zsh
-- Installing: /home/rescue_robot/buaa_rescue_robot/install/keyboard_controller/share/keyboard_controller/local_setup.dsv
-- Installing: /home/rescue_robot/buaa_rescue_robot/install/keyboard_controller/share/keyboard_controller/package.dsv
-- Up-to-date: /home/rescue_robot/buaa_rescue_robot/install/keyboard_controller/share/ament_index/resource_index/packages/keyboard_controller
-- Installing: /home/rescue_robot/buaa_rescue_robot/install/keyboard_controller/share/keyboard_controller/cmake/export_keyboard_controller__rosidl_generator_cExport.cmake
-- Installing: /home/rescue_robot/buaa_rescue_robot/install/keyboard_controller/share/keyboard_controller/cmake/export_keyboard_controller__rosidl_generator_cExport-noconfig.cmake
-- Installing: /home/rescue_robot/buaa_rescue_robot/install/keyboard_controller/share/keyboard_controller/cmake/export_keyboard_controller__rosidl_typesupport_fastrtps_cExport.cmake
-- Installing: /home/rescue_robot/buaa_rescue_robot/install/keyboard_controller/share/keyboard_controller/cmake/export_keyboard_controller__rosidl_typesupport_fastrtps_cExport-noconfig.cmake
-- Installing: /home/rescue_robot/buaa_rescue_robot/install/keyboard_controller/share/keyboard_controller/cmake/export_keyboard_controller__rosidl_generator_cppExport.cmake
-- Installing: /home/rescue_robot/buaa_rescue_robot/install/keyboard_controller/share/keyboard_controller/cmake/export_keyboard_controller__rosidl_typesupport_fastrtps_cppExport.cmake
-- Installing: /home/rescue_robot/buaa_rescue_robot/install/keyboard_controller/share/keyboard_controller/cmake/export_keyboard_controller__rosidl_typesupport_fastrtps_cppExport-noconfig.cmake
-- Installing: /home/rescue_robot/buaa_rescue_robot/install/keyboard_controller/share/keyboard_controller/cmake/keyboard_controller__rosidl_typesupport_introspection_cExport.cmake
-- Installing: /home/rescue_robot/buaa_rescue_robot/install/keyboard_controller/share/keyboard_controller/cmake/keyboard_controller__rosidl_typesupport_introspection_cExport-noconfig.cmake
-- Installing: /home/rescue_robot/buaa_rescue_robot/install/keyboard_controller/share/keyboard_controller/cmake/keyboard_controller__rosidl_typesupport_cExport.cmake
-- Installing: /home/rescue_robot/buaa_rescue_robot/install/keyboard_controller/share/keyboard_controller/cmake/keyboard_controller__rosidl_typesupport_cExport-noconfig.cmake
-- Installing: /home/rescue_robot/buaa_rescue_robot/install/keyboard_controller/share/keyboard_controller/cmake/keyboard_controller__rosidl_typesupport_introspection_cppExport.cmake
-- Installing: /home/rescue_robot/buaa_rescue_robot/install/keyboard_controller/share/keyboard_controller/cmake/keyboard_controller__rosidl_typesupport_introspection_cppExport-noconfig.cmake
-- Installing: /home/rescue_robot/buaa_rescue_robot/install/keyboard_controller/share/keyboard_controller/cmake/keyboard_controller__rosidl_typesupport_cppExport.cmake
-- Installing: /home/rescue_robot/buaa_rescue_robot/install/keyboard_controller/share/keyboard_controller/cmake/keyboard_controller__rosidl_typesupport_cppExport-noconfig.cmake
-- Installing: /home/rescue_robot/buaa_rescue_robot/install/keyboard_controller/share/keyboard_controller/cmake/export_keyboard_controller__rosidl_generator_pyExport.cmake
-- Installing: /home/rescue_robot/buaa_rescue_robot/install/keyboard_controller/share/keyboard_controller/cmake/export_keyboard_controller__rosidl_generator_pyExport-noconfig.cmake
-- Installing: /home/rescue_robot/buaa_rescue_robot/install/keyboard_controller/share/keyboard_controller/cmake/rosidl_cmake-extras.cmake
-- Installing: /home/rescue_robot/buaa_rescue_robot/install/keyboard_controller/share/keyboard_controller/cmake/ament_cmake_export_include_directories-extras.cmake
-- Installing: /home/rescue_robot/buaa_rescue_robot/install/keyboard_controller/share/keyboard_controller/cmake/ament_cmake_export_libraries-extras.cmake
-- Installing: /home/rescue_robot/buaa_rescue_robot/install/keyboard_controller/share/keyboard_controller/cmake/ament_cmake_export_targets-extras.cmake
-- Installing: /home/rescue_robot/buaa_rescue_robot/install/keyboard_controller/share/keyboard_controller/cmake/rosidl_cmake_export_typesupport_targets-extras.cmake
-- Installing: /home/rescue_robot/buaa_rescue_robot/install/keyboard_controller/share/keyboard_controller/cmake/ament_cmake_export_dependencies-extras.cmake
-- Installing: /home/rescue_robot/buaa_rescue_robot/install/keyboard_controller/share/keyboard_controller/cmake/rosidl_cmake_export_typesupport_libraries-extras.cmake
-- Installing: /home/rescue_robot/buaa_rescue_robot/install/keyboard_controller/share/keyboard_controller/cmake/keyboard_controllerConfig.cmake
-- Installing: /home/rescue_robot/buaa_rescue_robot/install/keyboard_controller/share/keyboard_controller/cmake/keyboard_controllerConfig-version.cmake
-- Installing: /home/rescue_robot/buaa_rescue_robot/install/keyboard_controller/share/keyboard_controller/package.xml
