[0.048s] Invoking command in '/home/rescue_robot/buaa_rescue_robot/build/keyboard_controller': CMAKE_PREFIX_PATH=${CMAKE_PREFIX_PATH}:/opt/ros/humble /usr/bin/cmake --build /home/rescue_robot/buaa_rescue_robot/build/keyboard_controller -- -j8 -l8
[0.125s] [  9%] Built target keyboard_controller__rosidl_generator_c
[0.129s] [ 12%] Built target keyboard_controller__cpp
[0.134s] [ 12%] Built target ament_cmake_python_copy_keyboard_controller
[0.188s] [ 30%] Built target keyboard_controller__rosidl_typesupport_c
[0.188s] [ 30%] Built target keyboard_controller__rosidl_typesupport_introspection_c
[0.193s] [ 39%] Built target keyboard_controller__rosidl_typesupport_cpp
[0.196s] [ 48%] Built target keyboard_controller__rosidl_typesupport_fastrtps_c
[0.207s] [ 66%] Built target keyboard_controller__rosidl_typesupport_introspection_cpp
[0.207s] [ 66%] Built target keyboard_controller__rosidl_typesupport_fastrtps_cpp
[0.222s] [35m[1mConsolidate compiler generated dependencies of target keyboard_publisher[0m
[0.246s] [ 66%] Built target keyboard_controller
[0.252s] [ 69%] [32mBuilding CXX object CMakeFiles/keyboard_publisher.dir/src/keyboard_publisher.cpp.o[0m
[0.281s] [ 72%] Built target keyboard_controller__py
[0.324s] [ 78%] Built target keyboard_controller__rosidl_generator_py
[0.358s] [ 84%] Built target keyboard_controller__rosidl_typesupport_introspection_c__pyext
[0.374s] [ 90%] Built target keyboard_controller__rosidl_typesupport_fastrtps_c__pyext
[0.390s] [ 96%] Built target keyboard_controller__rosidl_typesupport_c__pyext
[0.608s] running egg_info
[0.609s] writing keyboard_controller.egg-info/PKG-INFO
[0.609s] writing dependency_links to keyboard_controller.egg-info/dependency_links.txt
[0.609s] writing top-level names to keyboard_controller.egg-info/top_level.txt
[0.611s] reading manifest file 'keyboard_controller.egg-info/SOURCES.txt'
[0.612s] writing manifest file 'keyboard_controller.egg-info/SOURCES.txt'
[0.660s] [ 96%] Built target ament_cmake_python_build_keyboard_controller_egg
[4.958s] [100%] [32m[1mLinking CXX executable keyboard_publisher[0m
[5.179s] [100%] Built target keyboard_publisher
[5.190s] Invoked command in '/home/rescue_robot/buaa_rescue_robot/build/keyboard_controller' returned '0': CMAKE_PREFIX_PATH=${CMAKE_PREFIX_PATH}:/opt/ros/humble /usr/bin/cmake --build /home/rescue_robot/buaa_rescue_robot/build/keyboard_controller -- -j8 -l8
[5.256s] Invoking command in '/home/rescue_robot/buaa_rescue_robot/build/keyboard_controller': CMAKE_PREFIX_PATH=${CMAKE_PREFIX_PATH}:/opt/ros/humble /usr/bin/cmake --install /home/rescue_robot/buaa_rescue_robot/build/keyboard_controller
[5.264s] -- Install configuration: ""
[5.264s] -- Installing: /home/rescue_robot/buaa_rescue_robot/install/keyboard_controller/share/ament_index/resource_index/rosidl_interfaces/keyboard_controller
[5.264s] -- Installing: /home/rescue_robot/buaa_rescue_robot/install/keyboard_controller/include/keyboard_controller/keyboard_controller
[5.265s] -- Installing: /home/rescue_robot/buaa_rescue_robot/install/keyboard_controller/include/keyboard_controller/keyboard_controller/msg
[5.265s] -- Installing: /home/rescue_robot/buaa_rescue_robot/install/keyboard_controller/include/keyboard_controller/keyboard_controller/msg/detail
[5.265s] -- Installing: /home/rescue_robot/buaa_rescue_robot/install/keyboard_controller/include/keyboard_controller/keyboard_controller/msg/detail/control_message__functions.h
[5.265s] -- Installing: /home/rescue_robot/buaa_rescue_robot/install/keyboard_controller/include/keyboard_controller/keyboard_controller/msg/detail/control_message__functions.c
[5.265s] -- Installing: /home/rescue_robot/buaa_rescue_robot/install/keyboard_controller/include/keyboard_controller/keyboard_controller/msg/detail/control_message__type_support.h
[5.265s] -- Installing: /home/rescue_robot/buaa_rescue_robot/install/keyboard_controller/include/keyboard_controller/keyboard_controller/msg/detail/control_message__struct.h
[5.265s] -- Installing: /home/rescue_robot/buaa_rescue_robot/install/keyboard_controller/include/keyboard_controller/keyboard_controller/msg/control_message.h
[5.265s] -- Installing: /home/rescue_robot/buaa_rescue_robot/install/keyboard_controller/include/keyboard_controller/keyboard_controller/msg/rosidl_generator_c__visibility_control.h
[5.266s] -- Installing: /home/rescue_robot/buaa_rescue_robot/install/keyboard_controller/share/keyboard_controller/environment/library_path.sh
[5.266s] -- Installing: /home/rescue_robot/buaa_rescue_robot/install/keyboard_controller/share/keyboard_controller/environment/library_path.dsv
[5.266s] -- Installing: /home/rescue_robot/buaa_rescue_robot/install/keyboard_controller/lib/libkeyboard_controller__rosidl_generator_c.so
[5.267s] -- Set runtime path of "/home/rescue_robot/buaa_rescue_robot/install/keyboard_controller/lib/libkeyboard_controller__rosidl_generator_c.so" to ""
[5.267s] -- Up-to-date: /home/rescue_robot/buaa_rescue_robot/install/keyboard_controller/include/keyboard_controller/keyboard_controller
[5.267s] -- Up-to-date: /home/rescue_robot/buaa_rescue_robot/install/keyboard_controller/include/keyboard_controller/keyboard_controller/msg
[5.267s] -- Up-to-date: /home/rescue_robot/buaa_rescue_robot/install/keyboard_controller/include/keyboard_controller/keyboard_controller/msg/detail
[5.267s] -- Installing: /home/rescue_robot/buaa_rescue_robot/install/keyboard_controller/include/keyboard_controller/keyboard_controller/msg/detail/control_message__rosidl_typesupport_fastrtps_c.h
[5.267s] -- Installing: /home/rescue_robot/buaa_rescue_robot/install/keyboard_controller/include/keyboard_controller/keyboard_controller/msg/rosidl_typesupport_fastrtps_c__visibility_control.h
[5.268s] -- Installing: /home/rescue_robot/buaa_rescue_robot/install/keyboard_controller/lib/libkeyboard_controller__rosidl_typesupport_fastrtps_c.so
[5.268s] -- Set runtime path of "/home/rescue_robot/buaa_rescue_robot/install/keyboard_controller/lib/libkeyboard_controller__rosidl_typesupport_fastrtps_c.so" to ""
[5.268s] -- Up-to-date: /home/rescue_robot/buaa_rescue_robot/install/keyboard_controller/include/keyboard_controller/keyboard_controller
[5.268s] -- Up-to-date: /home/rescue_robot/buaa_rescue_robot/install/keyboard_controller/include/keyboard_controller/keyboard_controller/msg
[5.268s] -- Installing: /home/rescue_robot/buaa_rescue_robot/install/keyboard_controller/include/keyboard_controller/keyboard_controller/msg/control_message.hpp
[5.268s] -- Up-to-date: /home/rescue_robot/buaa_rescue_robot/install/keyboard_controller/include/keyboard_controller/keyboard_controller/msg/detail
[5.269s] -- Installing: /home/rescue_robot/buaa_rescue_robot/install/keyboard_controller/include/keyboard_controller/keyboard_controller/msg/detail/control_message__builder.hpp
[5.269s] -- Installing: /home/rescue_robot/buaa_rescue_robot/install/keyboard_controller/include/keyboard_controller/keyboard_controller/msg/detail/control_message__traits.hpp
[5.269s] -- Installing: /home/rescue_robot/buaa_rescue_robot/install/keyboard_controller/include/keyboard_controller/keyboard_controller/msg/detail/control_message__struct.hpp
[5.269s] -- Up-to-date: /home/rescue_robot/buaa_rescue_robot/install/keyboard_controller/include/keyboard_controller/keyboard_controller
[5.269s] -- Up-to-date: /home/rescue_robot/buaa_rescue_robot/install/keyboard_controller/include/keyboard_controller/keyboard_controller/msg
[5.269s] -- Up-to-date: /home/rescue_robot/buaa_rescue_robot/install/keyboard_controller/include/keyboard_controller/keyboard_controller/msg/detail
[5.269s] -- Installing: /home/rescue_robot/buaa_rescue_robot/install/keyboard_controller/include/keyboard_controller/keyboard_controller/msg/detail/dds_fastrtps
[5.269s] -- Installing: /home/rescue_robot/buaa_rescue_robot/install/keyboard_controller/include/keyboard_controller/keyboard_controller/msg/detail/control_message__rosidl_typesupport_fastrtps_cpp.hpp
[5.270s] -- Installing: /home/rescue_robot/buaa_rescue_robot/install/keyboard_controller/include/keyboard_controller/keyboard_controller/msg/rosidl_typesupport_fastrtps_cpp__visibility_control.h
[5.270s] -- Installing: /home/rescue_robot/buaa_rescue_robot/install/keyboard_controller/lib/libkeyboard_controller__rosidl_typesupport_fastrtps_cpp.so
[5.270s] -- Set runtime path of "/home/rescue_robot/buaa_rescue_robot/install/keyboard_controller/lib/libkeyboard_controller__rosidl_typesupport_fastrtps_cpp.so" to ""
[5.271s] -- Up-to-date: /home/rescue_robot/buaa_rescue_robot/install/keyboard_controller/include/keyboard_controller/keyboard_controller
[5.271s] -- Up-to-date: /home/rescue_robot/buaa_rescue_robot/install/keyboard_controller/include/keyboard_controller/keyboard_controller/msg
[5.271s] -- Up-to-date: /home/rescue_robot/buaa_rescue_robot/install/keyboard_controller/include/keyboard_controller/keyboard_controller/msg/detail
[5.271s] -- Installing: /home/rescue_robot/buaa_rescue_robot/install/keyboard_controller/include/keyboard_controller/keyboard_controller/msg/detail/control_message__rosidl_typesupport_introspection_c.h
[5.271s] -- Installing: /home/rescue_robot/buaa_rescue_robot/install/keyboard_controller/include/keyboard_controller/keyboard_controller/msg/detail/control_message__type_support.c
[5.271s] -- Installing: /home/rescue_robot/buaa_rescue_robot/install/keyboard_controller/include/keyboard_controller/keyboard_controller/msg/rosidl_typesupport_introspection_c__visibility_control.h
[5.271s] -- Installing: /home/rescue_robot/buaa_rescue_robot/install/keyboard_controller/lib/libkeyboard_controller__rosidl_typesupport_introspection_c.so
[5.272s] -- Set runtime path of "/home/rescue_robot/buaa_rescue_robot/install/keyboard_controller/lib/libkeyboard_controller__rosidl_typesupport_introspection_c.so" to ""
[5.272s] -- Installing: /home/rescue_robot/buaa_rescue_robot/install/keyboard_controller/lib/libkeyboard_controller__rosidl_typesupport_c.so
[5.273s] -- Set runtime path of "/home/rescue_robot/buaa_rescue_robot/install/keyboard_controller/lib/libkeyboard_controller__rosidl_typesupport_c.so" to ""
[5.273s] -- Up-to-date: /home/rescue_robot/buaa_rescue_robot/install/keyboard_controller/include/keyboard_controller/keyboard_controller
[5.273s] -- Up-to-date: /home/rescue_robot/buaa_rescue_robot/install/keyboard_controller/include/keyboard_controller/keyboard_controller/msg
[5.273s] -- Up-to-date: /home/rescue_robot/buaa_rescue_robot/install/keyboard_controller/include/keyboard_controller/keyboard_controller/msg/detail
[5.273s] -- Installing: /home/rescue_robot/buaa_rescue_robot/install/keyboard_controller/include/keyboard_controller/keyboard_controller/msg/detail/control_message__type_support.cpp
[5.273s] -- Installing: /home/rescue_robot/buaa_rescue_robot/install/keyboard_controller/include/keyboard_controller/keyboard_controller/msg/detail/control_message__rosidl_typesupport_introspection_cpp.hpp
[5.273s] -- Installing: /home/rescue_robot/buaa_rescue_robot/install/keyboard_controller/lib/libkeyboard_controller__rosidl_typesupport_introspection_cpp.so
[5.274s] -- Set runtime path of "/home/rescue_robot/buaa_rescue_robot/install/keyboard_controller/lib/libkeyboard_controller__rosidl_typesupport_introspection_cpp.so" to ""
[5.274s] -- Installing: /home/rescue_robot/buaa_rescue_robot/install/keyboard_controller/lib/libkeyboard_controller__rosidl_typesupport_cpp.so
[5.274s] -- Set runtime path of "/home/rescue_robot/buaa_rescue_robot/install/keyboard_controller/lib/libkeyboard_controller__rosidl_typesupport_cpp.so" to ""
[5.274s] -- Installing: /home/rescue_robot/buaa_rescue_robot/install/keyboard_controller/share/keyboard_controller/environment/pythonpath.sh
[5.275s] -- Installing: /home/rescue_robot/buaa_rescue_robot/install/keyboard_controller/share/keyboard_controller/environment/pythonpath.dsv
[5.275s] -- Installing: /home/rescue_robot/buaa_rescue_robot/install/keyboard_controller/local/lib/python3.10/dist-packages/keyboard_controller-0.0.1-py3.10.egg-info
[5.275s] -- Installing: /home/rescue_robot/buaa_rescue_robot/install/keyboard_controller/local/lib/python3.10/dist-packages/keyboard_controller-0.0.1-py3.10.egg-info/top_level.txt
[5.275s] -- Installing: /home/rescue_robot/buaa_rescue_robot/install/keyboard_controller/local/lib/python3.10/dist-packages/keyboard_controller-0.0.1-py3.10.egg-info/dependency_links.txt
[5.276s] -- Installing: /home/rescue_robot/buaa_rescue_robot/install/keyboard_controller/local/lib/python3.10/dist-packages/keyboard_controller-0.0.1-py3.10.egg-info/SOURCES.txt
[5.276s] -- Installing: /home/rescue_robot/buaa_rescue_robot/install/keyboard_controller/local/lib/python3.10/dist-packages/keyboard_controller-0.0.1-py3.10.egg-info/PKG-INFO
[5.276s] -- Installing: /home/rescue_robot/buaa_rescue_robot/install/keyboard_controller/local/lib/python3.10/dist-packages/keyboard_controller
[5.276s] -- Installing: /home/rescue_robot/buaa_rescue_robot/install/keyboard_controller/local/lib/python3.10/dist-packages/keyboard_controller/keyboard_controller_s__rosidl_typesupport_introspection_c.cpython-310-x86_64-linux-gnu.so
[5.276s] -- Installing: /home/rescue_robot/buaa_rescue_robot/install/keyboard_controller/local/lib/python3.10/dist-packages/keyboard_controller/_keyboard_controller_s.ep.rosidl_typesupport_introspection_c.c
[5.277s] -- Installing: /home/rescue_robot/buaa_rescue_robot/install/keyboard_controller/local/lib/python3.10/dist-packages/keyboard_controller/libkeyboard_controller__rosidl_generator_py.so
[5.277s] -- Installing: /home/rescue_robot/buaa_rescue_robot/install/keyboard_controller/local/lib/python3.10/dist-packages/keyboard_controller/_keyboard_controller_s.ep.rosidl_typesupport_c.c
[5.277s] -- Installing: /home/rescue_robot/buaa_rescue_robot/install/keyboard_controller/local/lib/python3.10/dist-packages/keyboard_controller/_keyboard_controller_s.ep.rosidl_typesupport_fastrtps_c.c
[5.277s] -- Installing: /home/rescue_robot/buaa_rescue_robot/install/keyboard_controller/local/lib/python3.10/dist-packages/keyboard_controller/keyboard_controller_s__rosidl_typesupport_c.cpython-310-x86_64-linux-gnu.so
[5.277s] -- Installing: /home/rescue_robot/buaa_rescue_robot/install/keyboard_controller/local/lib/python3.10/dist-packages/keyboard_controller/__init__.py
[5.278s] -- Installing: /home/rescue_robot/buaa_rescue_robot/install/keyboard_controller/local/lib/python3.10/dist-packages/keyboard_controller/keyboard_controller_s__rosidl_typesupport_fastrtps_c.cpython-310-x86_64-linux-gnu.so
[5.278s] -- Installing: /home/rescue_robot/buaa_rescue_robot/install/keyboard_controller/local/lib/python3.10/dist-packages/keyboard_controller/msg
[5.278s] -- Installing: /home/rescue_robot/buaa_rescue_robot/install/keyboard_controller/local/lib/python3.10/dist-packages/keyboard_controller/msg/_control_message.py
[5.278s] -- Installing: /home/rescue_robot/buaa_rescue_robot/install/keyboard_controller/local/lib/python3.10/dist-packages/keyboard_controller/msg/_control_message_s.c
[5.278s] -- Installing: /home/rescue_robot/buaa_rescue_robot/install/keyboard_controller/local/lib/python3.10/dist-packages/keyboard_controller/msg/__init__.py
[5.312s] Listing '/home/rescue_robot/buaa_rescue_robot/install/keyboard_controller/local/lib/python3.10/dist-packages/keyboard_controller'...
[5.312s] Compiling '/home/rescue_robot/buaa_rescue_robot/install/keyboard_controller/local/lib/python3.10/dist-packages/keyboard_controller/__init__.py'...
[5.312s] Listing '/home/rescue_robot/buaa_rescue_robot/install/keyboard_controller/local/lib/python3.10/dist-packages/keyboard_controller/msg'...
[5.312s] Compiling '/home/rescue_robot/buaa_rescue_robot/install/keyboard_controller/local/lib/python3.10/dist-packages/keyboard_controller/msg/__init__.py'...
[5.312s] Compiling '/home/rescue_robot/buaa_rescue_robot/install/keyboard_controller/local/lib/python3.10/dist-packages/keyboard_controller/msg/_control_message.py'...
[5.317s] -- Installing: /home/rescue_robot/buaa_rescue_robot/install/keyboard_controller/local/lib/python3.10/dist-packages/keyboard_controller/keyboard_controller_s__rosidl_typesupport_fastrtps_c.cpython-310-x86_64-linux-gnu.so
[5.317s] -- Set runtime path of "/home/rescue_robot/buaa_rescue_robot/install/keyboard_controller/local/lib/python3.10/dist-packages/keyboard_controller/keyboard_controller_s__rosidl_typesupport_fastrtps_c.cpython-310-x86_64-linux-gnu.so" to ""
[5.318s] -- Installing: /home/rescue_robot/buaa_rescue_robot/install/keyboard_controller/local/lib/python3.10/dist-packages/keyboard_controller/keyboard_controller_s__rosidl_typesupport_introspection_c.cpython-310-x86_64-linux-gnu.so
[5.318s] -- Set runtime path of "/home/rescue_robot/buaa_rescue_robot/install/keyboard_controller/local/lib/python3.10/dist-packages/keyboard_controller/keyboard_controller_s__rosidl_typesupport_introspection_c.cpython-310-x86_64-linux-gnu.so" to ""
[5.319s] -- Installing: /home/rescue_robot/buaa_rescue_robot/install/keyboard_controller/local/lib/python3.10/dist-packages/keyboard_controller/keyboard_controller_s__rosidl_typesupport_c.cpython-310-x86_64-linux-gnu.so
[5.319s] -- Set runtime path of "/home/rescue_robot/buaa_rescue_robot/install/keyboard_controller/local/lib/python3.10/dist-packages/keyboard_controller/keyboard_controller_s__rosidl_typesupport_c.cpython-310-x86_64-linux-gnu.so" to ""
[5.320s] -- Installing: /home/rescue_robot/buaa_rescue_robot/install/keyboard_controller/lib/libkeyboard_controller__rosidl_generator_py.so
[5.320s] -- Set runtime path of "/home/rescue_robot/buaa_rescue_robot/install/keyboard_controller/lib/libkeyboard_controller__rosidl_generator_py.so" to ""
[5.320s] -- Installing: /home/rescue_robot/buaa_rescue_robot/install/keyboard_controller/share/keyboard_controller/msg/ControlMessage.idl
[5.321s] -- Installing: /home/rescue_robot/buaa_rescue_robot/install/keyboard_controller/share/keyboard_controller/msg/ControlMessage.msg
[5.321s] -- Installing: /home/rescue_robot/buaa_rescue_robot/install/keyboard_controller/lib/keyboard_controller/keyboard_publisher
[5.323s] -- Set runtime path of "/home/rescue_robot/buaa_rescue_robot/install/keyboard_controller/lib/keyboard_controller/keyboard_publisher" to ""
[5.323s] -- Installing: /home/rescue_robot/buaa_rescue_robot/install/keyboard_controller/share/ament_index/resource_index/package_run_dependencies/keyboard_controller
[5.323s] -- Up-to-date: /home/rescue_robot/buaa_rescue_robot/install/keyboard_controller/share/ament_index/resource_index/parent_prefix_path/keyboard_controller
[5.324s] -- Up-to-date: /home/rescue_robot/buaa_rescue_robot/install/keyboard_controller/share/keyboard_controller/environment/ament_prefix_path.sh
[5.324s] -- Installing: /home/rescue_robot/buaa_rescue_robot/install/keyboard_controller/share/keyboard_controller/environment/ament_prefix_path.dsv
[5.324s] -- Up-to-date: /home/rescue_robot/buaa_rescue_robot/install/keyboard_controller/share/keyboard_controller/environment/path.sh
[5.324s] -- Installing: /home/rescue_robot/buaa_rescue_robot/install/keyboard_controller/share/keyboard_controller/environment/path.dsv
[5.324s] -- Up-to-date: /home/rescue_robot/buaa_rescue_robot/install/keyboard_controller/share/keyboard_controller/local_setup.bash
[5.324s] -- Installing: /home/rescue_robot/buaa_rescue_robot/install/keyboard_controller/share/keyboard_controller/local_setup.sh
[5.325s] -- Up-to-date: /home/rescue_robot/buaa_rescue_robot/install/keyboard_controller/share/keyboard_controller/local_setup.zsh
[5.325s] -- Installing: /home/rescue_robot/buaa_rescue_robot/install/keyboard_controller/share/keyboard_controller/local_setup.dsv
[5.325s] -- Installing: /home/rescue_robot/buaa_rescue_robot/install/keyboard_controller/share/keyboard_controller/package.dsv
[5.325s] -- Up-to-date: /home/rescue_robot/buaa_rescue_robot/install/keyboard_controller/share/ament_index/resource_index/packages/keyboard_controller
[5.325s] -- Installing: /home/rescue_robot/buaa_rescue_robot/install/keyboard_controller/share/keyboard_controller/cmake/export_keyboard_controller__rosidl_generator_cExport.cmake
[5.325s] -- Installing: /home/rescue_robot/buaa_rescue_robot/install/keyboard_controller/share/keyboard_controller/cmake/export_keyboard_controller__rosidl_generator_cExport-noconfig.cmake
[5.325s] -- Installing: /home/rescue_robot/buaa_rescue_robot/install/keyboard_controller/share/keyboard_controller/cmake/export_keyboard_controller__rosidl_typesupport_fastrtps_cExport.cmake
[5.326s] -- Installing: /home/rescue_robot/buaa_rescue_robot/install/keyboard_controller/share/keyboard_controller/cmake/export_keyboard_controller__rosidl_typesupport_fastrtps_cExport-noconfig.cmake
[5.326s] -- Installing: /home/rescue_robot/buaa_rescue_robot/install/keyboard_controller/share/keyboard_controller/cmake/export_keyboard_controller__rosidl_generator_cppExport.cmake
[5.326s] -- Installing: /home/rescue_robot/buaa_rescue_robot/install/keyboard_controller/share/keyboard_controller/cmake/export_keyboard_controller__rosidl_typesupport_fastrtps_cppExport.cmake
[5.326s] -- Installing: /home/rescue_robot/buaa_rescue_robot/install/keyboard_controller/share/keyboard_controller/cmake/export_keyboard_controller__rosidl_typesupport_fastrtps_cppExport-noconfig.cmake
[5.326s] -- Installing: /home/rescue_robot/buaa_rescue_robot/install/keyboard_controller/share/keyboard_controller/cmake/keyboard_controller__rosidl_typesupport_introspection_cExport.cmake
[5.327s] -- Installing: /home/rescue_robot/buaa_rescue_robot/install/keyboard_controller/share/keyboard_controller/cmake/keyboard_controller__rosidl_typesupport_introspection_cExport-noconfig.cmake
[5.327s] -- Installing: /home/rescue_robot/buaa_rescue_robot/install/keyboard_controller/share/keyboard_controller/cmake/keyboard_controller__rosidl_typesupport_cExport.cmake
[5.327s] -- Installing: /home/rescue_robot/buaa_rescue_robot/install/keyboard_controller/share/keyboard_controller/cmake/keyboard_controller__rosidl_typesupport_cExport-noconfig.cmake
[5.327s] -- Installing: /home/rescue_robot/buaa_rescue_robot/install/keyboard_controller/share/keyboard_controller/cmake/keyboard_controller__rosidl_typesupport_introspection_cppExport.cmake
[5.328s] -- Installing: /home/rescue_robot/buaa_rescue_robot/install/keyboard_controller/share/keyboard_controller/cmake/keyboard_controller__rosidl_typesupport_introspection_cppExport-noconfig.cmake
[5.328s] -- Installing: /home/rescue_robot/buaa_rescue_robot/install/keyboard_controller/share/keyboard_controller/cmake/keyboard_controller__rosidl_typesupport_cppExport.cmake
[5.328s] -- Installing: /home/rescue_robot/buaa_rescue_robot/install/keyboard_controller/share/keyboard_controller/cmake/keyboard_controller__rosidl_typesupport_cppExport-noconfig.cmake
[5.328s] -- Installing: /home/rescue_robot/buaa_rescue_robot/install/keyboard_controller/share/keyboard_controller/cmake/export_keyboard_controller__rosidl_generator_pyExport.cmake
[5.329s] -- Installing: /home/rescue_robot/buaa_rescue_robot/install/keyboard_controller/share/keyboard_controller/cmake/export_keyboard_controller__rosidl_generator_pyExport-noconfig.cmake
[5.329s] -- Installing: /home/rescue_robot/buaa_rescue_robot/install/keyboard_controller/share/keyboard_controller/cmake/rosidl_cmake-extras.cmake
[5.329s] -- Installing: /home/rescue_robot/buaa_rescue_robot/install/keyboard_controller/share/keyboard_controller/cmake/ament_cmake_export_include_directories-extras.cmake
[5.329s] -- Installing: /home/rescue_robot/buaa_rescue_robot/install/keyboard_controller/share/keyboard_controller/cmake/ament_cmake_export_libraries-extras.cmake
[5.330s] -- Installing: /home/rescue_robot/buaa_rescue_robot/install/keyboard_controller/share/keyboard_controller/cmake/ament_cmake_export_targets-extras.cmake
[5.330s] -- Installing: /home/rescue_robot/buaa_rescue_robot/install/keyboard_controller/share/keyboard_controller/cmake/rosidl_cmake_export_typesupport_targets-extras.cmake
[5.330s] -- Installing: /home/rescue_robot/buaa_rescue_robot/install/keyboard_controller/share/keyboard_controller/cmake/ament_cmake_export_dependencies-extras.cmake
[5.330s] -- Installing: /home/rescue_robot/buaa_rescue_robot/install/keyboard_controller/share/keyboard_controller/cmake/rosidl_cmake_export_typesupport_libraries-extras.cmake
[5.330s] -- Installing: /home/rescue_robot/buaa_rescue_robot/install/keyboard_controller/share/keyboard_controller/cmake/keyboard_controllerConfig.cmake
[5.330s] -- Installing: /home/rescue_robot/buaa_rescue_robot/install/keyboard_controller/share/keyboard_controller/cmake/keyboard_controllerConfig-version.cmake
[5.331s] -- Installing: /home/rescue_robot/buaa_rescue_robot/install/keyboard_controller/share/keyboard_controller/package.xml
[5.337s] Invoked command in '/home/rescue_robot/buaa_rescue_robot/build/keyboard_controller' returned '0': CMAKE_PREFIX_PATH=${CMAKE_PREFIX_PATH}:/opt/ros/humble /usr/bin/cmake --install /home/rescue_robot/buaa_rescue_robot/build/keyboard_controller
