[0.303s] DEBUG:colcon:Command line arguments: ['/usr/bin/colcon', 'build']
[0.303s] DEBUG:colcon:Parsed command line arguments: Namespace(log_base=None, log_level=None, verb_name='build', build_base='build', install_base='install', merge_install=False, symlink_install=False, test_result_base=None, continue_on_error=False, executor='parallel', parallel_workers=8, event_handlers=None, ignore_user_meta=False, metas=['./colcon.meta'], base_paths=['.'], packages_ignore=None, packages_ignore_regex=None, paths=None, packages_up_to=None, packages_up_to_regex=None, packages_above=None, packages_above_and_dependencies=None, packages_above_depth=None, packages_select_by_dep=None, packages_skip_by_dep=None, packages_skip_up_to=None, packages_select_build_failed=False, packages_skip_build_finished=False, packages_select_test_failures=False, packages_skip_test_passed=False, packages_select=None, packages_skip=None, packages_select_regex=None, packages_skip_regex=None, packages_start=None, packages_end=None, allow_overriding=[], cmake_args=None, cmake_target=None, cmake_target_skip_unavailable=False, cmake_clean_cache=False, cmake_clean_first=False, cmake_force_configure=False, ament_cmake_args=None, catkin_cmake_args=None, catkin_skip_building_tests=False, verb_parser=<colcon_defaults.argument_parser.defaults.DefaultArgumentsDecorator object at 0x7fa95fbe9ae0>, verb_extension=<colcon_core.verb.build.BuildVerb object at 0x7fa96054d2d0>, main=<bound method BuildVerb.main of <colcon_core.verb.build.BuildVerb object at 0x7fa96054d2d0>>)
[0.335s] Level 1:colcon.colcon_core.package_discovery:discover_packages(colcon_meta) check parameters
[0.335s] Level 1:colcon.colcon_core.package_discovery:discover_packages(recursive) check parameters
[0.335s] Level 1:colcon.colcon_core.package_discovery:discover_packages(ignore) check parameters
[0.335s] Level 1:colcon.colcon_core.package_discovery:discover_packages(path) check parameters
[0.335s] Level 1:colcon.colcon_core.package_discovery:discover_packages(colcon_meta) discover
[0.335s] Level 1:colcon.colcon_core.package_discovery:discover_packages(recursive) discover
[0.335s] INFO:colcon.colcon_core.package_discovery:Crawling recursively for packages in '/home/rescue_robot/buaa_rescue_robot'
[0.335s] Level 1:colcon.colcon_core.package_identification:_identify(.) by extensions ['ignore', 'ignore_ament_install']
[0.336s] Level 1:colcon.colcon_core.package_identification:_identify(.) by extension 'ignore'
[0.336s] Level 1:colcon.colcon_core.package_identification:_identify(.) by extension 'ignore_ament_install'
[0.336s] Level 1:colcon.colcon_core.package_identification:_identify(.) by extensions ['colcon_pkg']
[0.336s] Level 1:colcon.colcon_core.package_identification:_identify(.) by extension 'colcon_pkg'
[0.336s] Level 1:colcon.colcon_core.package_identification:_identify(.) by extensions ['colcon_meta']
[0.336s] Level 1:colcon.colcon_core.package_identification:_identify(.) by extension 'colcon_meta'
[0.336s] Level 1:colcon.colcon_core.package_identification:_identify(.) by extensions ['ros']
[0.336s] Level 1:colcon.colcon_core.package_identification:_identify(.) by extension 'ros'
[0.347s] Level 1:colcon.colcon_core.package_identification:_identify(.) by extensions ['cmake', 'python']
[0.347s] Level 1:colcon.colcon_core.package_identification:_identify(.) by extension 'cmake'
[0.347s] Level 1:colcon.colcon_core.package_identification:_identify(.) by extension 'python'
[0.347s] Level 1:colcon.colcon_core.package_identification:_identify(.) by extensions ['python_setup_py']
[0.347s] Level 1:colcon.colcon_core.package_identification:_identify(.) by extension 'python_setup_py'
[0.347s] Level 1:colcon.colcon_core.package_identification:_identify(build) by extensions ['ignore', 'ignore_ament_install']
[0.347s] Level 1:colcon.colcon_core.package_identification:_identify(build) by extension 'ignore'
[0.348s] Level 1:colcon.colcon_core.package_identification:_identify(build) ignored
[0.348s] Level 1:colcon.colcon_core.package_identification:_identify(documents) by extensions ['ignore', 'ignore_ament_install']
[0.348s] Level 1:colcon.colcon_core.package_identification:_identify(documents) by extension 'ignore'
[0.348s] Level 1:colcon.colcon_core.package_identification:_identify(documents) by extension 'ignore_ament_install'
[0.348s] Level 1:colcon.colcon_core.package_identification:_identify(documents) by extensions ['colcon_pkg']
[0.348s] Level 1:colcon.colcon_core.package_identification:_identify(documents) by extension 'colcon_pkg'
[0.348s] Level 1:colcon.colcon_core.package_identification:_identify(documents) by extensions ['colcon_meta']
[0.348s] Level 1:colcon.colcon_core.package_identification:_identify(documents) by extension 'colcon_meta'
[0.348s] Level 1:colcon.colcon_core.package_identification:_identify(documents) by extensions ['ros']
[0.348s] Level 1:colcon.colcon_core.package_identification:_identify(documents) by extension 'ros'
[0.348s] Level 1:colcon.colcon_core.package_identification:_identify(documents) by extensions ['cmake', 'python']
[0.348s] Level 1:colcon.colcon_core.package_identification:_identify(documents) by extension 'cmake'
[0.348s] Level 1:colcon.colcon_core.package_identification:_identify(documents) by extension 'python'
[0.349s] Level 1:colcon.colcon_core.package_identification:_identify(documents) by extensions ['python_setup_py']
[0.349s] Level 1:colcon.colcon_core.package_identification:_identify(documents) by extension 'python_setup_py'
[0.349s] Level 1:colcon.colcon_core.package_identification:_identify(install) by extensions ['ignore', 'ignore_ament_install']
[0.349s] Level 1:colcon.colcon_core.package_identification:_identify(install) by extension 'ignore'
[0.349s] Level 1:colcon.colcon_core.package_identification:_identify(install) ignored
[0.349s] Level 1:colcon.colcon_core.package_identification:_identify(log) by extensions ['ignore', 'ignore_ament_install']
[0.349s] Level 1:colcon.colcon_core.package_identification:_identify(log) by extension 'ignore'
[0.349s] Level 1:colcon.colcon_core.package_identification:_identify(log) ignored
[0.349s] Level 1:colcon.colcon_core.package_identification:_identify(src) by extensions ['ignore', 'ignore_ament_install']
[0.349s] Level 1:colcon.colcon_core.package_identification:_identify(src) by extension 'ignore'
[0.349s] Level 1:colcon.colcon_core.package_identification:_identify(src) by extension 'ignore_ament_install'
[0.350s] Level 1:colcon.colcon_core.package_identification:_identify(src) by extensions ['colcon_pkg']
[0.350s] Level 1:colcon.colcon_core.package_identification:_identify(src) by extension 'colcon_pkg'
[0.350s] Level 1:colcon.colcon_core.package_identification:_identify(src) by extensions ['colcon_meta']
[0.350s] Level 1:colcon.colcon_core.package_identification:_identify(src) by extension 'colcon_meta'
[0.350s] Level 1:colcon.colcon_core.package_identification:_identify(src) by extensions ['ros']
[0.350s] Level 1:colcon.colcon_core.package_identification:_identify(src) by extension 'ros'
[0.350s] Level 1:colcon.colcon_core.package_identification:_identify(src) by extensions ['cmake', 'python']
[0.350s] Level 1:colcon.colcon_core.package_identification:_identify(src) by extension 'cmake'
[0.350s] Level 1:colcon.colcon_core.package_identification:_identify(src) by extension 'python'
[0.350s] Level 1:colcon.colcon_core.package_identification:_identify(src) by extensions ['python_setup_py']
[0.350s] Level 1:colcon.colcon_core.package_identification:_identify(src) by extension 'python_setup_py'
[0.350s] Level 1:colcon.colcon_core.package_identification:_identify(src/buaa_rescue_robot_msgs) by extensions ['ignore', 'ignore_ament_install']
[0.350s] Level 1:colcon.colcon_core.package_identification:_identify(src/buaa_rescue_robot_msgs) by extension 'ignore'
[0.350s] Level 1:colcon.colcon_core.package_identification:_identify(src/buaa_rescue_robot_msgs) by extension 'ignore_ament_install'
[0.350s] Level 1:colcon.colcon_core.package_identification:_identify(src/buaa_rescue_robot_msgs) by extensions ['colcon_pkg']
[0.350s] Level 1:colcon.colcon_core.package_identification:_identify(src/buaa_rescue_robot_msgs) by extension 'colcon_pkg'
[0.350s] Level 1:colcon.colcon_core.package_identification:_identify(src/buaa_rescue_robot_msgs) by extensions ['colcon_meta']
[0.350s] Level 1:colcon.colcon_core.package_identification:_identify(src/buaa_rescue_robot_msgs) by extension 'colcon_meta'
[0.350s] Level 1:colcon.colcon_core.package_identification:_identify(src/buaa_rescue_robot_msgs) by extensions ['ros']
[0.350s] Level 1:colcon.colcon_core.package_identification:_identify(src/buaa_rescue_robot_msgs) by extension 'ros'
[0.353s] DEBUG:colcon.colcon_core.package_identification:Package 'src/buaa_rescue_robot_msgs' with type 'ros.ament_cmake' and name 'buaa_rescue_robot_msgs'
[0.353s] Level 1:colcon.colcon_core.package_identification:_identify(src/cpp_pubsub) by extensions ['ignore', 'ignore_ament_install']
[0.353s] Level 1:colcon.colcon_core.package_identification:_identify(src/cpp_pubsub) by extension 'ignore'
[0.353s] Level 1:colcon.colcon_core.package_identification:_identify(src/cpp_pubsub) by extension 'ignore_ament_install'
[0.354s] Level 1:colcon.colcon_core.package_identification:_identify(src/cpp_pubsub) by extensions ['colcon_pkg']
[0.354s] Level 1:colcon.colcon_core.package_identification:_identify(src/cpp_pubsub) by extension 'colcon_pkg'
[0.354s] Level 1:colcon.colcon_core.package_identification:_identify(src/cpp_pubsub) by extensions ['colcon_meta']
[0.354s] Level 1:colcon.colcon_core.package_identification:_identify(src/cpp_pubsub) by extension 'colcon_meta'
[0.354s] Level 1:colcon.colcon_core.package_identification:_identify(src/cpp_pubsub) by extensions ['ros']
[0.354s] Level 1:colcon.colcon_core.package_identification:_identify(src/cpp_pubsub) by extension 'ros'
[0.354s] DEBUG:colcon.colcon_core.package_identification:Package 'src/cpp_pubsub' with type 'ros.ament_cmake' and name 'cpp_pubsub'
[0.355s] Level 1:colcon.colcon_core.package_identification:_identify(src/keyboard_controller) by extensions ['ignore', 'ignore_ament_install']
[0.355s] Level 1:colcon.colcon_core.package_identification:_identify(src/keyboard_controller) by extension 'ignore'
[0.355s] Level 1:colcon.colcon_core.package_identification:_identify(src/keyboard_controller) by extension 'ignore_ament_install'
[0.355s] Level 1:colcon.colcon_core.package_identification:_identify(src/keyboard_controller) by extensions ['colcon_pkg']
[0.355s] Level 1:colcon.colcon_core.package_identification:_identify(src/keyboard_controller) by extension 'colcon_pkg'
[0.355s] Level 1:colcon.colcon_core.package_identification:_identify(src/keyboard_controller) by extensions ['colcon_meta']
[0.355s] Level 1:colcon.colcon_core.package_identification:_identify(src/keyboard_controller) by extension 'colcon_meta'
[0.355s] Level 1:colcon.colcon_core.package_identification:_identify(src/keyboard_controller) by extensions ['ros']
[0.355s] Level 1:colcon.colcon_core.package_identification:_identify(src/keyboard_controller) by extension 'ros'
[0.356s] DEBUG:colcon.colcon_core.package_identification:Package 'src/keyboard_controller' with type 'ros.ament_cmake' and name 'keyboard_controller'
[0.356s] Level 1:colcon.colcon_core.package_identification:_identify(src/serial) by extensions ['ignore', 'ignore_ament_install']
[0.356s] Level 1:colcon.colcon_core.package_identification:_identify(src/serial) by extension 'ignore'
[0.356s] Level 1:colcon.colcon_core.package_identification:_identify(src/serial) by extension 'ignore_ament_install'
[0.356s] Level 1:colcon.colcon_core.package_identification:_identify(src/serial) by extensions ['colcon_pkg']
[0.356s] Level 1:colcon.colcon_core.package_identification:_identify(src/serial) by extension 'colcon_pkg'
[0.356s] Level 1:colcon.colcon_core.package_identification:_identify(src/serial) by extensions ['colcon_meta']
[0.356s] Level 1:colcon.colcon_core.package_identification:_identify(src/serial) by extension 'colcon_meta'
[0.356s] Level 1:colcon.colcon_core.package_identification:_identify(src/serial) by extensions ['ros']
[0.356s] Level 1:colcon.colcon_core.package_identification:_identify(src/serial) by extension 'ros'
[0.357s] DEBUG:colcon.colcon_core.package_identification:Package 'src/serial' with type 'ros.ament_cmake' and name 'serial'
[0.357s] Level 1:colcon.colcon_core.package_discovery:discover_packages(recursive) using defaults
[0.357s] Level 1:colcon.colcon_core.package_discovery:discover_packages(ignore) discover
[0.357s] Level 1:colcon.colcon_core.package_discovery:discover_packages(ignore) using defaults
[0.357s] Level 1:colcon.colcon_core.package_discovery:discover_packages(path) discover
[0.357s] Level 1:colcon.colcon_core.package_discovery:discover_packages(path) using defaults
[0.379s] Level 1:colcon.colcon_core.package_discovery:discover_packages(prefix_path) check parameters
[0.379s] Level 1:colcon.colcon_core.package_discovery:discover_packages(prefix_path) discover
[0.382s] DEBUG:colcon.colcon_installed_package_information.package_discovery:Found 4 installed packages in /home/rescue_robot/buaa_rescue_robot/install
[0.384s] DEBUG:colcon.colcon_installed_package_information.package_discovery:Found 270 installed packages in /opt/ros/humble
[0.386s] Level 1:colcon.colcon_core.package_discovery:discover_packages(prefix_path) using defaults
[0.445s] Level 5:colcon.colcon_core.verb:set package 'buaa_rescue_robot_msgs' build argument 'cmake_args' from command line to 'None'
[0.445s] Level 5:colcon.colcon_core.verb:set package 'buaa_rescue_robot_msgs' build argument 'cmake_target' from command line to 'None'
[0.445s] Level 5:colcon.colcon_core.verb:set package 'buaa_rescue_robot_msgs' build argument 'cmake_target_skip_unavailable' from command line to 'False'
[0.445s] Level 5:colcon.colcon_core.verb:set package 'buaa_rescue_robot_msgs' build argument 'cmake_clean_cache' from command line to 'False'
[0.445s] Level 5:colcon.colcon_core.verb:set package 'buaa_rescue_robot_msgs' build argument 'cmake_clean_first' from command line to 'False'
[0.445s] Level 5:colcon.colcon_core.verb:set package 'buaa_rescue_robot_msgs' build argument 'cmake_force_configure' from command line to 'False'
[0.445s] Level 5:colcon.colcon_core.verb:set package 'buaa_rescue_robot_msgs' build argument 'ament_cmake_args' from command line to 'None'
[0.445s] Level 5:colcon.colcon_core.verb:set package 'buaa_rescue_robot_msgs' build argument 'catkin_cmake_args' from command line to 'None'
[0.445s] Level 5:colcon.colcon_core.verb:set package 'buaa_rescue_robot_msgs' build argument 'catkin_skip_building_tests' from command line to 'False'
[0.445s] DEBUG:colcon.colcon_core.verb:Building package 'buaa_rescue_robot_msgs' with the following arguments: {'ament_cmake_args': None, 'build_base': '/home/rescue_robot/buaa_rescue_robot/build/buaa_rescue_robot_msgs', 'catkin_cmake_args': None, 'catkin_skip_building_tests': False, 'cmake_args': None, 'cmake_clean_cache': False, 'cmake_clean_first': False, 'cmake_force_configure': False, 'cmake_target': None, 'cmake_target_skip_unavailable': False, 'install_base': '/home/rescue_robot/buaa_rescue_robot/install/buaa_rescue_robot_msgs', 'merge_install': False, 'path': '/home/rescue_robot/buaa_rescue_robot/src/buaa_rescue_robot_msgs', 'symlink_install': False, 'test_result_base': None}
[0.446s] Level 5:colcon.colcon_core.verb:set package 'cpp_pubsub' build argument 'cmake_args' from command line to 'None'
[0.447s] Level 5:colcon.colcon_core.verb:set package 'cpp_pubsub' build argument 'cmake_target' from command line to 'None'
[0.447s] Level 5:colcon.colcon_core.verb:set package 'cpp_pubsub' build argument 'cmake_target_skip_unavailable' from command line to 'False'
[0.447s] Level 5:colcon.colcon_core.verb:set package 'cpp_pubsub' build argument 'cmake_clean_cache' from command line to 'False'
[0.447s] Level 5:colcon.colcon_core.verb:set package 'cpp_pubsub' build argument 'cmake_clean_first' from command line to 'False'
[0.447s] Level 5:colcon.colcon_core.verb:set package 'cpp_pubsub' build argument 'cmake_force_configure' from command line to 'False'
[0.447s] Level 5:colcon.colcon_core.verb:set package 'cpp_pubsub' build argument 'ament_cmake_args' from command line to 'None'
[0.447s] Level 5:colcon.colcon_core.verb:set package 'cpp_pubsub' build argument 'catkin_cmake_args' from command line to 'None'
[0.447s] Level 5:colcon.colcon_core.verb:set package 'cpp_pubsub' build argument 'catkin_skip_building_tests' from command line to 'False'
[0.447s] DEBUG:colcon.colcon_core.verb:Building package 'cpp_pubsub' with the following arguments: {'ament_cmake_args': None, 'build_base': '/home/rescue_robot/buaa_rescue_robot/build/cpp_pubsub', 'catkin_cmake_args': None, 'catkin_skip_building_tests': False, 'cmake_args': None, 'cmake_clean_cache': False, 'cmake_clean_first': False, 'cmake_force_configure': False, 'cmake_target': None, 'cmake_target_skip_unavailable': False, 'install_base': '/home/rescue_robot/buaa_rescue_robot/install/cpp_pubsub', 'merge_install': False, 'path': '/home/rescue_robot/buaa_rescue_robot/src/cpp_pubsub', 'symlink_install': False, 'test_result_base': None}
[0.448s] Level 5:colcon.colcon_core.verb:set package 'keyboard_controller' build argument 'cmake_args' from command line to 'None'
[0.448s] Level 5:colcon.colcon_core.verb:set package 'keyboard_controller' build argument 'cmake_target' from command line to 'None'
[0.448s] Level 5:colcon.colcon_core.verb:set package 'keyboard_controller' build argument 'cmake_target_skip_unavailable' from command line to 'False'
[0.448s] Level 5:colcon.colcon_core.verb:set package 'keyboard_controller' build argument 'cmake_clean_cache' from command line to 'False'
[0.448s] Level 5:colcon.colcon_core.verb:set package 'keyboard_controller' build argument 'cmake_clean_first' from command line to 'False'
[0.448s] Level 5:colcon.colcon_core.verb:set package 'keyboard_controller' build argument 'cmake_force_configure' from command line to 'False'
[0.448s] Level 5:colcon.colcon_core.verb:set package 'keyboard_controller' build argument 'ament_cmake_args' from command line to 'None'
[0.448s] Level 5:colcon.colcon_core.verb:set package 'keyboard_controller' build argument 'catkin_cmake_args' from command line to 'None'
[0.448s] Level 5:colcon.colcon_core.verb:set package 'keyboard_controller' build argument 'catkin_skip_building_tests' from command line to 'False'
[0.448s] DEBUG:colcon.colcon_core.verb:Building package 'keyboard_controller' with the following arguments: {'ament_cmake_args': None, 'build_base': '/home/rescue_robot/buaa_rescue_robot/build/keyboard_controller', 'catkin_cmake_args': None, 'catkin_skip_building_tests': False, 'cmake_args': None, 'cmake_clean_cache': False, 'cmake_clean_first': False, 'cmake_force_configure': False, 'cmake_target': None, 'cmake_target_skip_unavailable': False, 'install_base': '/home/rescue_robot/buaa_rescue_robot/install/keyboard_controller', 'merge_install': False, 'path': '/home/rescue_robot/buaa_rescue_robot/src/keyboard_controller', 'symlink_install': False, 'test_result_base': None}
[0.449s] Level 5:colcon.colcon_core.verb:set package 'serial' build argument 'cmake_args' from command line to 'None'
[0.449s] Level 5:colcon.colcon_core.verb:set package 'serial' build argument 'cmake_target' from command line to 'None'
[0.449s] Level 5:colcon.colcon_core.verb:set package 'serial' build argument 'cmake_target_skip_unavailable' from command line to 'False'
[0.449s] Level 5:colcon.colcon_core.verb:set package 'serial' build argument 'cmake_clean_cache' from command line to 'False'
[0.449s] Level 5:colcon.colcon_core.verb:set package 'serial' build argument 'cmake_clean_first' from command line to 'False'
[0.449s] Level 5:colcon.colcon_core.verb:set package 'serial' build argument 'cmake_force_configure' from command line to 'False'
[0.449s] Level 5:colcon.colcon_core.verb:set package 'serial' build argument 'ament_cmake_args' from command line to 'None'
[0.449s] Level 5:colcon.colcon_core.verb:set package 'serial' build argument 'catkin_cmake_args' from command line to 'None'
[0.449s] Level 5:colcon.colcon_core.verb:set package 'serial' build argument 'catkin_skip_building_tests' from command line to 'False'
[0.449s] DEBUG:colcon.colcon_core.verb:Building package 'serial' with the following arguments: {'ament_cmake_args': None, 'build_base': '/home/rescue_robot/buaa_rescue_robot/build/serial', 'catkin_cmake_args': None, 'catkin_skip_building_tests': False, 'cmake_args': None, 'cmake_clean_cache': False, 'cmake_clean_first': False, 'cmake_force_configure': False, 'cmake_target': None, 'cmake_target_skip_unavailable': False, 'install_base': '/home/rescue_robot/buaa_rescue_robot/install/serial', 'merge_install': False, 'path': '/home/rescue_robot/buaa_rescue_robot/src/serial', 'symlink_install': False, 'test_result_base': None}
[0.450s] INFO:colcon.colcon_core.executor:Executing jobs using 'parallel' executor
[0.453s] DEBUG:colcon.colcon_parallel_executor.executor.parallel:run_until_complete
[0.454s] INFO:colcon.colcon_ros.task.ament_cmake.build:Building ROS package in '/home/rescue_robot/buaa_rescue_robot/src/buaa_rescue_robot_msgs' with build type 'ament_cmake'
[0.454s] INFO:colcon.colcon_cmake.task.cmake.build:Building CMake package in '/home/rescue_robot/buaa_rescue_robot/src/buaa_rescue_robot_msgs'
[0.458s] INFO:colcon.colcon_core.plugin_system:Skipping extension 'colcon_core.shell.bat': Not used on non-Windows systems
[0.458s] INFO:colcon.colcon_core.shell:Skip shell extension 'powershell' for command environment: Not usable outside of PowerShell
[0.458s] DEBUG:colcon.colcon_core.shell:Skip shell extension 'dsv' for command environment
[0.464s] INFO:colcon.colcon_ros.task.ament_cmake.build:Building ROS package in '/home/rescue_robot/buaa_rescue_robot/src/cpp_pubsub' with build type 'ament_cmake'
[0.464s] INFO:colcon.colcon_cmake.task.cmake.build:Building CMake package in '/home/rescue_robot/buaa_rescue_robot/src/cpp_pubsub'
[0.465s] INFO:colcon.colcon_core.shell:Skip shell extension 'powershell' for command environment: Not usable outside of PowerShell
[0.465s] DEBUG:colcon.colcon_core.shell:Skip shell extension 'dsv' for command environment
[0.480s] DEBUG:colcon.colcon_core.event_handler.log_command:Invoking command in '/home/rescue_robot/buaa_rescue_robot/build/buaa_rescue_robot_msgs': CMAKE_PREFIX_PATH=${CMAKE_PREFIX_PATH}:/opt/ros/humble /usr/bin/cmake --build /home/rescue_robot/buaa_rescue_robot/build/buaa_rescue_robot_msgs -- -j8 -l8
[0.492s] DEBUG:colcon.colcon_core.event_handler.log_command:Invoking command in '/home/rescue_robot/buaa_rescue_robot/build/cpp_pubsub': CMAKE_PREFIX_PATH=${CMAKE_PREFIX_PATH}:/opt/ros/humble /usr/bin/cmake --build /home/rescue_robot/buaa_rescue_robot/build/cpp_pubsub -- -j8 -l8
[0.625s] DEBUG:colcon.colcon_core.event_handler.log_command:Invoked command in '/home/rescue_robot/buaa_rescue_robot/build/cpp_pubsub' returned '0': CMAKE_PREFIX_PATH=${CMAKE_PREFIX_PATH}:/opt/ros/humble /usr/bin/cmake --build /home/rescue_robot/buaa_rescue_robot/build/cpp_pubsub -- -j8 -l8
[0.697s] DEBUG:colcon.colcon_core.event_handler.log_command:Invoking command in '/home/rescue_robot/buaa_rescue_robot/build/cpp_pubsub': CMAKE_PREFIX_PATH=${CMAKE_PREFIX_PATH}:/opt/ros/humble /usr/bin/cmake --install /home/rescue_robot/buaa_rescue_robot/build/cpp_pubsub
[0.716s] Level 1:colcon.colcon_core.environment:create_environment_scripts_only(cpp_pubsub)
[0.723s] DEBUG:colcon.colcon_core.event_handler.log_command:Invoked command in '/home/rescue_robot/buaa_rescue_robot/build/cpp_pubsub' returned '0': CMAKE_PREFIX_PATH=${CMAKE_PREFIX_PATH}:/opt/ros/humble /usr/bin/cmake --install /home/rescue_robot/buaa_rescue_robot/build/cpp_pubsub
[0.724s] Level 1:colcon.colcon_core.environment:checking '/home/rescue_robot/buaa_rescue_robot/install/cpp_pubsub' for CMake module files
[0.725s] Level 1:colcon.colcon_core.environment:checking '/home/rescue_robot/buaa_rescue_robot/install/cpp_pubsub' for CMake config files
[0.726s] Level 1:colcon.colcon_core.shell:create_environment_hook('cpp_pubsub', 'cmake_prefix_path')
[0.727s] INFO:colcon.colcon_core.shell:Creating environment hook '/home/rescue_robot/buaa_rescue_robot/install/cpp_pubsub/share/cpp_pubsub/hook/cmake_prefix_path.ps1'
[0.728s] INFO:colcon.colcon_core.shell:Creating environment descriptor '/home/rescue_robot/buaa_rescue_robot/install/cpp_pubsub/share/cpp_pubsub/hook/cmake_prefix_path.dsv'
[0.729s] INFO:colcon.colcon_core.shell:Creating environment hook '/home/rescue_robot/buaa_rescue_robot/install/cpp_pubsub/share/cpp_pubsub/hook/cmake_prefix_path.sh'
[0.730s] Level 1:colcon.colcon_core.environment:checking '/home/rescue_robot/buaa_rescue_robot/install/cpp_pubsub/lib'
[0.730s] Level 1:colcon.colcon_core.environment:checking '/home/rescue_robot/buaa_rescue_robot/install/cpp_pubsub/bin'
[0.731s] Level 1:colcon.colcon_core.environment:checking '/home/rescue_robot/buaa_rescue_robot/install/cpp_pubsub/lib/pkgconfig/cpp_pubsub.pc'
[0.731s] Level 1:colcon.colcon_core.environment:checking '/home/rescue_robot/buaa_rescue_robot/install/cpp_pubsub/lib/python3.10/site-packages'
[0.731s] Level 1:colcon.colcon_core.environment:checking '/home/rescue_robot/buaa_rescue_robot/install/cpp_pubsub/bin'
[0.733s] INFO:colcon.colcon_core.shell:Creating package script '/home/rescue_robot/buaa_rescue_robot/install/cpp_pubsub/share/cpp_pubsub/package.ps1'
[0.734s] INFO:colcon.colcon_core.shell:Creating package descriptor '/home/rescue_robot/buaa_rescue_robot/install/cpp_pubsub/share/cpp_pubsub/package.dsv'
[0.735s] INFO:colcon.colcon_core.shell:Creating package script '/home/rescue_robot/buaa_rescue_robot/install/cpp_pubsub/share/cpp_pubsub/package.sh'
[0.736s] INFO:colcon.colcon_core.shell:Creating package script '/home/rescue_robot/buaa_rescue_robot/install/cpp_pubsub/share/cpp_pubsub/package.bash'
[0.737s] INFO:colcon.colcon_core.shell:Creating package script '/home/rescue_robot/buaa_rescue_robot/install/cpp_pubsub/share/cpp_pubsub/package.zsh'
[0.739s] Level 1:colcon.colcon_core.environment:create_file_with_runtime_dependencies(/home/rescue_robot/buaa_rescue_robot/install/cpp_pubsub/share/colcon-core/packages/cpp_pubsub)
[0.772s] Level 1:colcon.colcon_core.environment:create_environment_scripts_only(cpp_pubsub)
[0.782s] Level 1:colcon.colcon_core.environment:checking '/home/rescue_robot/buaa_rescue_robot/install/cpp_pubsub' for CMake module files
[0.783s] Level 1:colcon.colcon_core.environment:checking '/home/rescue_robot/buaa_rescue_robot/install/cpp_pubsub' for CMake config files
[0.783s] Level 1:colcon.colcon_core.shell:create_environment_hook('cpp_pubsub', 'cmake_prefix_path')
[0.786s] INFO:colcon.colcon_core.shell:Creating environment hook '/home/rescue_robot/buaa_rescue_robot/install/cpp_pubsub/share/cpp_pubsub/hook/cmake_prefix_path.ps1'
[0.787s] INFO:colcon.colcon_core.shell:Creating environment descriptor '/home/rescue_robot/buaa_rescue_robot/install/cpp_pubsub/share/cpp_pubsub/hook/cmake_prefix_path.dsv'
[0.787s] INFO:colcon.colcon_core.shell:Creating environment hook '/home/rescue_robot/buaa_rescue_robot/install/cpp_pubsub/share/cpp_pubsub/hook/cmake_prefix_path.sh'
[0.788s] Level 1:colcon.colcon_core.environment:checking '/home/rescue_robot/buaa_rescue_robot/install/cpp_pubsub/lib'
[0.789s] Level 1:colcon.colcon_core.environment:checking '/home/rescue_robot/buaa_rescue_robot/install/cpp_pubsub/bin'
[0.789s] Level 1:colcon.colcon_core.environment:checking '/home/rescue_robot/buaa_rescue_robot/install/cpp_pubsub/lib/pkgconfig/cpp_pubsub.pc'
[0.789s] Level 1:colcon.colcon_core.environment:checking '/home/rescue_robot/buaa_rescue_robot/install/cpp_pubsub/lib/python3.10/site-packages'
[0.790s] Level 1:colcon.colcon_core.environment:checking '/home/rescue_robot/buaa_rescue_robot/install/cpp_pubsub/bin'
[0.793s] INFO:colcon.colcon_core.shell:Creating package script '/home/rescue_robot/buaa_rescue_robot/install/cpp_pubsub/share/cpp_pubsub/package.ps1'
[0.794s] INFO:colcon.colcon_core.shell:Creating package descriptor '/home/rescue_robot/buaa_rescue_robot/install/cpp_pubsub/share/cpp_pubsub/package.dsv'
[0.795s] INFO:colcon.colcon_core.shell:Creating package script '/home/rescue_robot/buaa_rescue_robot/install/cpp_pubsub/share/cpp_pubsub/package.sh'
[0.796s] INFO:colcon.colcon_core.shell:Creating package script '/home/rescue_robot/buaa_rescue_robot/install/cpp_pubsub/share/cpp_pubsub/package.bash'
[0.797s] INFO:colcon.colcon_core.shell:Creating package script '/home/rescue_robot/buaa_rescue_robot/install/cpp_pubsub/share/cpp_pubsub/package.zsh'
[0.798s] Level 1:colcon.colcon_core.environment:create_file_with_runtime_dependencies(/home/rescue_robot/buaa_rescue_robot/install/cpp_pubsub/share/colcon-core/packages/cpp_pubsub)
[1.060s] DEBUG:colcon.colcon_core.event_handler.log_command:Invoked command in '/home/rescue_robot/buaa_rescue_robot/build/buaa_rescue_robot_msgs' returned '0': CMAKE_PREFIX_PATH=${CMAKE_PREFIX_PATH}:/opt/ros/humble /usr/bin/cmake --build /home/rescue_robot/buaa_rescue_robot/build/buaa_rescue_robot_msgs -- -j8 -l8
[1.150s] DEBUG:colcon.colcon_core.event_handler.log_command:Invoking command in '/home/rescue_robot/buaa_rescue_robot/build/buaa_rescue_robot_msgs': CMAKE_PREFIX_PATH=${CMAKE_PREFIX_PATH}:/opt/ros/humble /usr/bin/cmake --install /home/rescue_robot/buaa_rescue_robot/build/buaa_rescue_robot_msgs
[1.223s] Level 1:colcon.colcon_core.environment:create_environment_scripts_only(buaa_rescue_robot_msgs)
[1.226s] Level 1:colcon.colcon_core.environment:checking '/home/rescue_robot/buaa_rescue_robot/install/buaa_rescue_robot_msgs' for CMake module files
[1.228s] DEBUG:colcon.colcon_core.event_handler.log_command:Invoked command in '/home/rescue_robot/buaa_rescue_robot/build/buaa_rescue_robot_msgs' returned '0': CMAKE_PREFIX_PATH=${CMAKE_PREFIX_PATH}:/opt/ros/humble /usr/bin/cmake --install /home/rescue_robot/buaa_rescue_robot/build/buaa_rescue_robot_msgs
[1.229s] Level 1:colcon.colcon_core.environment:checking '/home/rescue_robot/buaa_rescue_robot/install/buaa_rescue_robot_msgs' for CMake config files
[1.229s] Level 1:colcon.colcon_core.shell:create_environment_hook('buaa_rescue_robot_msgs', 'cmake_prefix_path')
[1.231s] INFO:colcon.colcon_core.shell:Creating environment hook '/home/rescue_robot/buaa_rescue_robot/install/buaa_rescue_robot_msgs/share/buaa_rescue_robot_msgs/hook/cmake_prefix_path.ps1'
[1.231s] INFO:colcon.colcon_core.shell:Creating environment descriptor '/home/rescue_robot/buaa_rescue_robot/install/buaa_rescue_robot_msgs/share/buaa_rescue_robot_msgs/hook/cmake_prefix_path.dsv'
[1.231s] INFO:colcon.colcon_core.shell:Creating environment hook '/home/rescue_robot/buaa_rescue_robot/install/buaa_rescue_robot_msgs/share/buaa_rescue_robot_msgs/hook/cmake_prefix_path.sh'
[1.232s] Level 1:colcon.colcon_core.environment:checking '/home/rescue_robot/buaa_rescue_robot/install/buaa_rescue_robot_msgs/lib'
[1.232s] Level 1:colcon.colcon_core.shell:create_environment_hook('buaa_rescue_robot_msgs', 'ld_library_path_lib')
[1.233s] INFO:colcon.colcon_core.shell:Creating environment hook '/home/rescue_robot/buaa_rescue_robot/install/buaa_rescue_robot_msgs/share/buaa_rescue_robot_msgs/hook/ld_library_path_lib.ps1'
[1.234s] INFO:colcon.colcon_core.shell:Creating environment descriptor '/home/rescue_robot/buaa_rescue_robot/install/buaa_rescue_robot_msgs/share/buaa_rescue_robot_msgs/hook/ld_library_path_lib.dsv'
[1.234s] INFO:colcon.colcon_core.shell:Creating environment hook '/home/rescue_robot/buaa_rescue_robot/install/buaa_rescue_robot_msgs/share/buaa_rescue_robot_msgs/hook/ld_library_path_lib.sh'
[1.234s] Level 1:colcon.colcon_core.environment:checking '/home/rescue_robot/buaa_rescue_robot/install/buaa_rescue_robot_msgs/bin'
[1.234s] Level 1:colcon.colcon_core.environment:checking '/home/rescue_robot/buaa_rescue_robot/install/buaa_rescue_robot_msgs/lib/pkgconfig/buaa_rescue_robot_msgs.pc'
[1.235s] Level 1:colcon.colcon_core.environment:checking '/home/rescue_robot/buaa_rescue_robot/install/buaa_rescue_robot_msgs/lib/python3.10/site-packages'
[1.235s] Level 1:colcon.colcon_core.environment:checking '/home/rescue_robot/buaa_rescue_robot/install/buaa_rescue_robot_msgs/bin'
[1.237s] INFO:colcon.colcon_core.shell:Creating package script '/home/rescue_robot/buaa_rescue_robot/install/buaa_rescue_robot_msgs/share/buaa_rescue_robot_msgs/package.ps1'
[1.237s] INFO:colcon.colcon_core.shell:Creating package descriptor '/home/rescue_robot/buaa_rescue_robot/install/buaa_rescue_robot_msgs/share/buaa_rescue_robot_msgs/package.dsv'
[1.237s] INFO:colcon.colcon_core.shell:Creating package script '/home/rescue_robot/buaa_rescue_robot/install/buaa_rescue_robot_msgs/share/buaa_rescue_robot_msgs/package.sh'
[1.238s] INFO:colcon.colcon_core.shell:Creating package script '/home/rescue_robot/buaa_rescue_robot/install/buaa_rescue_robot_msgs/share/buaa_rescue_robot_msgs/package.bash'
[1.238s] INFO:colcon.colcon_core.shell:Creating package script '/home/rescue_robot/buaa_rescue_robot/install/buaa_rescue_robot_msgs/share/buaa_rescue_robot_msgs/package.zsh'
[1.238s] Level 1:colcon.colcon_core.environment:create_file_with_runtime_dependencies(/home/rescue_robot/buaa_rescue_robot/install/buaa_rescue_robot_msgs/share/colcon-core/packages/buaa_rescue_robot_msgs)
[1.338s] Level 1:colcon.colcon_core.environment:create_environment_scripts_only(buaa_rescue_robot_msgs)
[1.341s] Level 1:colcon.colcon_core.environment:checking '/home/rescue_robot/buaa_rescue_robot/install/buaa_rescue_robot_msgs' for CMake module files
[1.343s] Level 1:colcon.colcon_core.environment:checking '/home/rescue_robot/buaa_rescue_robot/install/buaa_rescue_robot_msgs' for CMake config files
[1.343s] Level 1:colcon.colcon_core.shell:create_environment_hook('buaa_rescue_robot_msgs', 'cmake_prefix_path')
[1.346s] INFO:colcon.colcon_core.shell:Creating environment hook '/home/rescue_robot/buaa_rescue_robot/install/buaa_rescue_robot_msgs/share/buaa_rescue_robot_msgs/hook/cmake_prefix_path.ps1'
[1.347s] INFO:colcon.colcon_core.shell:Creating environment descriptor '/home/rescue_robot/buaa_rescue_robot/install/buaa_rescue_robot_msgs/share/buaa_rescue_robot_msgs/hook/cmake_prefix_path.dsv'
[1.347s] INFO:colcon.colcon_core.shell:Creating environment hook '/home/rescue_robot/buaa_rescue_robot/install/buaa_rescue_robot_msgs/share/buaa_rescue_robot_msgs/hook/cmake_prefix_path.sh'
[1.348s] Level 1:colcon.colcon_core.environment:checking '/home/rescue_robot/buaa_rescue_robot/install/buaa_rescue_robot_msgs/lib'
[1.348s] Level 1:colcon.colcon_core.shell:create_environment_hook('buaa_rescue_robot_msgs', 'ld_library_path_lib')
[1.351s] INFO:colcon.colcon_core.shell:Creating environment hook '/home/rescue_robot/buaa_rescue_robot/install/buaa_rescue_robot_msgs/share/buaa_rescue_robot_msgs/hook/ld_library_path_lib.ps1'
[1.352s] INFO:colcon.colcon_core.shell:Creating environment descriptor '/home/rescue_robot/buaa_rescue_robot/install/buaa_rescue_robot_msgs/share/buaa_rescue_robot_msgs/hook/ld_library_path_lib.dsv'
[1.352s] INFO:colcon.colcon_core.shell:Creating environment hook '/home/rescue_robot/buaa_rescue_robot/install/buaa_rescue_robot_msgs/share/buaa_rescue_robot_msgs/hook/ld_library_path_lib.sh'
[1.353s] Level 1:colcon.colcon_core.environment:checking '/home/rescue_robot/buaa_rescue_robot/install/buaa_rescue_robot_msgs/bin'
[1.353s] Level 1:colcon.colcon_core.environment:checking '/home/rescue_robot/buaa_rescue_robot/install/buaa_rescue_robot_msgs/lib/pkgconfig/buaa_rescue_robot_msgs.pc'
[1.354s] Level 1:colcon.colcon_core.environment:checking '/home/rescue_robot/buaa_rescue_robot/install/buaa_rescue_robot_msgs/lib/python3.10/site-packages'
[1.354s] Level 1:colcon.colcon_core.environment:checking '/home/rescue_robot/buaa_rescue_robot/install/buaa_rescue_robot_msgs/bin'
[1.357s] INFO:colcon.colcon_core.shell:Creating package script '/home/rescue_robot/buaa_rescue_robot/install/buaa_rescue_robot_msgs/share/buaa_rescue_robot_msgs/package.ps1'
[1.358s] INFO:colcon.colcon_core.shell:Creating package descriptor '/home/rescue_robot/buaa_rescue_robot/install/buaa_rescue_robot_msgs/share/buaa_rescue_robot_msgs/package.dsv'
[1.359s] INFO:colcon.colcon_core.shell:Creating package script '/home/rescue_robot/buaa_rescue_robot/install/buaa_rescue_robot_msgs/share/buaa_rescue_robot_msgs/package.sh'
[1.360s] INFO:colcon.colcon_core.shell:Creating package script '/home/rescue_robot/buaa_rescue_robot/install/buaa_rescue_robot_msgs/share/buaa_rescue_robot_msgs/package.bash'
[1.361s] INFO:colcon.colcon_core.shell:Creating package script '/home/rescue_robot/buaa_rescue_robot/install/buaa_rescue_robot_msgs/share/buaa_rescue_robot_msgs/package.zsh'
[1.361s] Level 1:colcon.colcon_core.environment:create_file_with_runtime_dependencies(/home/rescue_robot/buaa_rescue_robot/install/buaa_rescue_robot_msgs/share/colcon-core/packages/buaa_rescue_robot_msgs)
[1.362s] INFO:colcon.colcon_ros.task.ament_cmake.build:Building ROS package in '/home/rescue_robot/buaa_rescue_robot/src/keyboard_controller' with build type 'ament_cmake'
[1.362s] INFO:colcon.colcon_cmake.task.cmake.build:Building CMake package in '/home/rescue_robot/buaa_rescue_robot/src/keyboard_controller'
[1.365s] INFO:colcon.colcon_core.shell:Skip shell extension 'powershell' for command environment: Not usable outside of PowerShell
[1.365s] DEBUG:colcon.colcon_core.shell:Skip shell extension 'dsv' for command environment
[1.374s] INFO:colcon.colcon_ros.task.ament_cmake.build:Building ROS package in '/home/rescue_robot/buaa_rescue_robot/src/serial' with build type 'ament_cmake'
[1.374s] INFO:colcon.colcon_cmake.task.cmake.build:Building CMake package in '/home/rescue_robot/buaa_rescue_robot/src/serial'
[1.377s] INFO:colcon.colcon_core.shell:Skip shell extension 'powershell' for command environment: Not usable outside of PowerShell
[1.377s] DEBUG:colcon.colcon_core.shell:Skip shell extension 'dsv' for command environment
[1.391s] DEBUG:colcon.colcon_core.event_handler.log_command:Invoking command in '/home/rescue_robot/buaa_rescue_robot/build/keyboard_controller': CMAKE_PREFIX_PATH=/home/rescue_robot/buaa_rescue_robot/install/buaa_rescue_robot_msgs:/home/rescue_robot/buaa_rescue_robot/install/serial:/home/rescue_robot/buaa_rescue_robot/install/keyboard_controller:/home/rescue_robot/buaa_rescue_robot/install/cpp_pubsub:/opt/ros/humble /usr/bin/cmake --build /home/rescue_robot/buaa_rescue_robot/build/keyboard_controller -- -j8 -l8
[1.399s] DEBUG:colcon.colcon_core.event_handler.log_command:Invoking command in '/home/rescue_robot/buaa_rescue_robot/build/serial': CMAKE_PREFIX_PATH=/home/rescue_robot/buaa_rescue_robot/install/buaa_rescue_robot_msgs:/home/rescue_robot/buaa_rescue_robot/install/serial:/home/rescue_robot/buaa_rescue_robot/install/keyboard_controller:/home/rescue_robot/buaa_rescue_robot/install/cpp_pubsub:/opt/ros/humble /usr/bin/cmake --build /home/rescue_robot/buaa_rescue_robot/build/serial -- -j8 -l8
[1.514s] DEBUG:colcon.colcon_core.event_handler.log_command:Invoked command in '/home/rescue_robot/buaa_rescue_robot/build/keyboard_controller' returned '0': CMAKE_PREFIX_PATH=/home/rescue_robot/buaa_rescue_robot/install/buaa_rescue_robot_msgs:/home/rescue_robot/buaa_rescue_robot/install/serial:/home/rescue_robot/buaa_rescue_robot/install/keyboard_controller:/home/rescue_robot/buaa_rescue_robot/install/cpp_pubsub:/opt/ros/humble /usr/bin/cmake --build /home/rescue_robot/buaa_rescue_robot/build/keyboard_controller -- -j8 -l8
[1.565s] DEBUG:colcon.colcon_core.event_handler.log_command:Invoking command in '/home/rescue_robot/buaa_rescue_robot/build/keyboard_controller': CMAKE_PREFIX_PATH=/home/rescue_robot/buaa_rescue_robot/install/buaa_rescue_robot_msgs:/home/rescue_robot/buaa_rescue_robot/install/serial:/home/rescue_robot/buaa_rescue_robot/install/keyboard_controller:/home/rescue_robot/buaa_rescue_robot/install/cpp_pubsub:/opt/ros/humble /usr/bin/cmake --install /home/rescue_robot/buaa_rescue_robot/build/keyboard_controller
[1.580s] Level 1:colcon.colcon_core.environment:create_environment_scripts_only(keyboard_controller)
[1.584s] Level 1:colcon.colcon_core.environment:checking '/home/rescue_robot/buaa_rescue_robot/install/keyboard_controller' for CMake module files
[1.584s] Level 1:colcon.colcon_core.environment:checking '/home/rescue_robot/buaa_rescue_robot/install/keyboard_controller' for CMake config files
[1.585s] Level 1:colcon.colcon_core.shell:create_environment_hook('keyboard_controller', 'cmake_prefix_path')
[1.587s] INFO:colcon.colcon_core.shell:Creating environment hook '/home/rescue_robot/buaa_rescue_robot/install/keyboard_controller/share/keyboard_controller/hook/cmake_prefix_path.ps1'
[1.588s] DEBUG:colcon.colcon_core.event_handler.log_command:Invoked command in '/home/rescue_robot/buaa_rescue_robot/build/keyboard_controller' returned '0': CMAKE_PREFIX_PATH=/home/rescue_robot/buaa_rescue_robot/install/buaa_rescue_robot_msgs:/home/rescue_robot/buaa_rescue_robot/install/serial:/home/rescue_robot/buaa_rescue_robot/install/keyboard_controller:/home/rescue_robot/buaa_rescue_robot/install/cpp_pubsub:/opt/ros/humble /usr/bin/cmake --install /home/rescue_robot/buaa_rescue_robot/build/keyboard_controller
[1.589s] INFO:colcon.colcon_core.shell:Creating environment descriptor '/home/rescue_robot/buaa_rescue_robot/install/keyboard_controller/share/keyboard_controller/hook/cmake_prefix_path.dsv'
[1.589s] INFO:colcon.colcon_core.shell:Creating environment hook '/home/rescue_robot/buaa_rescue_robot/install/keyboard_controller/share/keyboard_controller/hook/cmake_prefix_path.sh'
[1.590s] Level 1:colcon.colcon_core.environment:checking '/home/rescue_robot/buaa_rescue_robot/install/keyboard_controller/lib'
[1.590s] Level 1:colcon.colcon_core.environment:checking '/home/rescue_robot/buaa_rescue_robot/install/keyboard_controller/bin'
[1.590s] Level 1:colcon.colcon_core.environment:checking '/home/rescue_robot/buaa_rescue_robot/install/keyboard_controller/lib/pkgconfig/keyboard_controller.pc'
[1.591s] Level 1:colcon.colcon_core.environment:checking '/home/rescue_robot/buaa_rescue_robot/install/keyboard_controller/lib/python3.10/site-packages'
[1.591s] Level 1:colcon.colcon_core.environment:checking '/home/rescue_robot/buaa_rescue_robot/install/keyboard_controller/bin'
[1.596s] INFO:colcon.colcon_core.shell:Creating package script '/home/rescue_robot/buaa_rescue_robot/install/keyboard_controller/share/keyboard_controller/package.ps1'
[1.596s] INFO:colcon.colcon_core.shell:Creating package descriptor '/home/rescue_robot/buaa_rescue_robot/install/keyboard_controller/share/keyboard_controller/package.dsv'
[1.597s] INFO:colcon.colcon_core.shell:Creating package script '/home/rescue_robot/buaa_rescue_robot/install/keyboard_controller/share/keyboard_controller/package.sh'
[1.598s] INFO:colcon.colcon_core.shell:Creating package script '/home/rescue_robot/buaa_rescue_robot/install/keyboard_controller/share/keyboard_controller/package.bash'
[1.598s] INFO:colcon.colcon_core.shell:Creating package script '/home/rescue_robot/buaa_rescue_robot/install/keyboard_controller/share/keyboard_controller/package.zsh'
[1.599s] Level 1:colcon.colcon_core.environment:create_file_with_runtime_dependencies(/home/rescue_robot/buaa_rescue_robot/install/keyboard_controller/share/colcon-core/packages/keyboard_controller)
[1.637s] Level 1:colcon.colcon_core.environment:create_environment_scripts_only(keyboard_controller)
[1.641s] Level 1:colcon.colcon_core.environment:checking '/home/rescue_robot/buaa_rescue_robot/install/keyboard_controller' for CMake module files
[1.642s] Level 1:colcon.colcon_core.environment:checking '/home/rescue_robot/buaa_rescue_robot/install/keyboard_controller' for CMake config files
[1.642s] Level 1:colcon.colcon_core.shell:create_environment_hook('keyboard_controller', 'cmake_prefix_path')
[1.645s] INFO:colcon.colcon_core.shell:Creating environment hook '/home/rescue_robot/buaa_rescue_robot/install/keyboard_controller/share/keyboard_controller/hook/cmake_prefix_path.ps1'
[1.646s] INFO:colcon.colcon_core.shell:Creating environment descriptor '/home/rescue_robot/buaa_rescue_robot/install/keyboard_controller/share/keyboard_controller/hook/cmake_prefix_path.dsv'
[1.647s] INFO:colcon.colcon_core.shell:Creating environment hook '/home/rescue_robot/buaa_rescue_robot/install/keyboard_controller/share/keyboard_controller/hook/cmake_prefix_path.sh'
[1.648s] Level 1:colcon.colcon_core.environment:checking '/home/rescue_robot/buaa_rescue_robot/install/keyboard_controller/lib'
[1.648s] Level 1:colcon.colcon_core.environment:checking '/home/rescue_robot/buaa_rescue_robot/install/keyboard_controller/bin'
[1.648s] Level 1:colcon.colcon_core.environment:checking '/home/rescue_robot/buaa_rescue_robot/install/keyboard_controller/lib/pkgconfig/keyboard_controller.pc'
[1.648s] Level 1:colcon.colcon_core.environment:checking '/home/rescue_robot/buaa_rescue_robot/install/keyboard_controller/lib/python3.10/site-packages'
[1.649s] Level 1:colcon.colcon_core.environment:checking '/home/rescue_robot/buaa_rescue_robot/install/keyboard_controller/bin'
[1.652s] INFO:colcon.colcon_core.shell:Creating package script '/home/rescue_robot/buaa_rescue_robot/install/keyboard_controller/share/keyboard_controller/package.ps1'
[1.653s] INFO:colcon.colcon_core.shell:Creating package descriptor '/home/rescue_robot/buaa_rescue_robot/install/keyboard_controller/share/keyboard_controller/package.dsv'
[1.654s] INFO:colcon.colcon_core.shell:Creating package script '/home/rescue_robot/buaa_rescue_robot/install/keyboard_controller/share/keyboard_controller/package.sh'
[1.655s] INFO:colcon.colcon_core.shell:Creating package script '/home/rescue_robot/buaa_rescue_robot/install/keyboard_controller/share/keyboard_controller/package.bash'
[1.656s] INFO:colcon.colcon_core.shell:Creating package script '/home/rescue_robot/buaa_rescue_robot/install/keyboard_controller/share/keyboard_controller/package.zsh'
[1.656s] Level 1:colcon.colcon_core.environment:create_file_with_runtime_dependencies(/home/rescue_robot/buaa_rescue_robot/install/keyboard_controller/share/colcon-core/packages/keyboard_controller)
[8.825s] DEBUG:colcon.colcon_core.event_handler.log_command:Invoked command in '/home/rescue_robot/buaa_rescue_robot/build/serial' returned '2': CMAKE_PREFIX_PATH=/home/rescue_robot/buaa_rescue_robot/install/buaa_rescue_robot_msgs:/home/rescue_robot/buaa_rescue_robot/install/serial:/home/rescue_robot/buaa_rescue_robot/install/keyboard_controller:/home/rescue_robot/buaa_rescue_robot/install/cpp_pubsub:/opt/ros/humble /usr/bin/cmake --build /home/rescue_robot/buaa_rescue_robot/build/serial -- -j8 -l8
[8.858s] Level 1:colcon.colcon_core.environment:create_environment_scripts_only(serial)
[8.859s] Level 1:colcon.colcon_core.environment:checking '/home/rescue_robot/buaa_rescue_robot/install/serial' for CMake module files
[8.860s] Level 1:colcon.colcon_core.environment:checking '/home/rescue_robot/buaa_rescue_robot/install/serial' for CMake config files
[8.860s] Level 1:colcon.colcon_core.shell:create_environment_hook('serial', 'cmake_prefix_path')
[8.861s] INFO:colcon.colcon_core.shell:Creating environment hook '/home/rescue_robot/buaa_rescue_robot/install/serial/share/serial/hook/cmake_prefix_path.ps1'
[8.862s] INFO:colcon.colcon_core.shell:Creating environment descriptor '/home/rescue_robot/buaa_rescue_robot/install/serial/share/serial/hook/cmake_prefix_path.dsv'
[8.862s] INFO:colcon.colcon_core.shell:Creating environment hook '/home/rescue_robot/buaa_rescue_robot/install/serial/share/serial/hook/cmake_prefix_path.sh'
[8.863s] Level 1:colcon.colcon_core.environment:checking '/home/rescue_robot/buaa_rescue_robot/install/serial/lib'
[8.863s] Level 1:colcon.colcon_core.environment:checking '/home/rescue_robot/buaa_rescue_robot/install/serial/bin'
[8.863s] Level 1:colcon.colcon_core.environment:checking '/home/rescue_robot/buaa_rescue_robot/install/serial/lib/pkgconfig/serial.pc'
[8.863s] Level 1:colcon.colcon_core.environment:checking '/home/rescue_robot/buaa_rescue_robot/install/serial/lib/python3.10/site-packages'
[8.863s] Level 1:colcon.colcon_core.environment:checking '/home/rescue_robot/buaa_rescue_robot/install/serial/bin'
[8.865s] INFO:colcon.colcon_core.shell:Creating package script '/home/rescue_robot/buaa_rescue_robot/install/serial/share/serial/package.ps1'
[8.865s] INFO:colcon.colcon_core.shell:Creating package descriptor '/home/rescue_robot/buaa_rescue_robot/install/serial/share/serial/package.dsv'
[8.865s] INFO:colcon.colcon_core.shell:Creating package script '/home/rescue_robot/buaa_rescue_robot/install/serial/share/serial/package.sh'
[8.866s] INFO:colcon.colcon_core.shell:Creating package script '/home/rescue_robot/buaa_rescue_robot/install/serial/share/serial/package.bash'
[8.866s] INFO:colcon.colcon_core.shell:Creating package script '/home/rescue_robot/buaa_rescue_robot/install/serial/share/serial/package.zsh'
[8.867s] Level 1:colcon.colcon_core.environment:create_file_with_runtime_dependencies(/home/rescue_robot/buaa_rescue_robot/install/serial/share/colcon-core/packages/serial)
[8.877s] DEBUG:colcon.colcon_parallel_executor.executor.parallel:closing loop
[8.877s] DEBUG:colcon.colcon_parallel_executor.executor.parallel:loop closed
[8.878s] DEBUG:colcon.colcon_parallel_executor.executor.parallel:run_until_complete finished with '2'
[8.878s] DEBUG:colcon.colcon_core.event_reactor:joining thread
[8.889s] INFO:colcon.colcon_core.plugin_system:Skipping extension 'colcon_notification.desktop_notification.terminal_notifier': Not used on non-Darwin systems
[8.890s] INFO:colcon.colcon_core.plugin_system:Skipping extension 'colcon_notification.desktop_notification.win32': Not used on non-Windows systems
[8.890s] INFO:colcon.colcon_notification.desktop_notification:Sending desktop notification using 'notify2'
[8.913s] DEBUG:colcon.colcon_core.event_reactor:joined thread
[8.915s] INFO:colcon.colcon_core.shell:Creating prefix script '/home/rescue_robot/buaa_rescue_robot/install/local_setup.ps1'
[8.917s] INFO:colcon.colcon_core.shell:Creating prefix util module '/home/rescue_robot/buaa_rescue_robot/install/_local_setup_util_ps1.py'
[8.921s] INFO:colcon.colcon_core.shell:Creating prefix chain script '/home/rescue_robot/buaa_rescue_robot/install/setup.ps1'
[8.924s] INFO:colcon.colcon_core.shell:Creating prefix script '/home/rescue_robot/buaa_rescue_robot/install/local_setup.sh'
[8.924s] INFO:colcon.colcon_core.shell:Creating prefix util module '/home/rescue_robot/buaa_rescue_robot/install/_local_setup_util_sh.py'
[8.925s] INFO:colcon.colcon_core.shell:Creating prefix chain script '/home/rescue_robot/buaa_rescue_robot/install/setup.sh'
[8.928s] INFO:colcon.colcon_core.shell:Creating prefix script '/home/rescue_robot/buaa_rescue_robot/install/local_setup.bash'
[8.930s] INFO:colcon.colcon_core.shell:Creating prefix chain script '/home/rescue_robot/buaa_rescue_robot/install/setup.bash'
[8.934s] INFO:colcon.colcon_core.shell:Creating prefix script '/home/rescue_robot/buaa_rescue_robot/install/local_setup.zsh'
[8.935s] INFO:colcon.colcon_core.shell:Creating prefix chain script '/home/rescue_robot/buaa_rescue_robot/install/setup.zsh'
