[0.010s] Invoking command in '/home/rescue-robot/buaa_rescue_robot/build/serial': CMAKE_PREFIX_PATH=/home/rescue-robot/buaa_rescue_robot/install/buaa_rescue_robot_msgs:/home/rescue-robot/buaa_rescue_robot/install/serial:/home/rescue-robot/buaa_rescue_robot/install/keyboard_controller:/home/rescue-robot/buaa_rescue_robot/install/cpp_pubsub:/home/rescue-robot/buaa_rescue_robot/install:/home/rescue-robot/buaa_rescue_robot/install:/opt/ros/humble /usr/bin/cmake --build /home/rescue-robot/buaa_rescue_robot/build/serial -- -j8 -l8
[0.058s] [35m[1mConsolidate compiler generated dependencies of target serial_sender[0m
[0.082s] [ 50%] Built target serial_receiver
[0.089s] [ 75%] [32mBuilding CXX object CMakeFiles/serial_sender.dir/src/serial_sender.cpp.o[0m
[2.466s] [01m[K/home/rescue-robot/buaa_rescue_robot/src/serial/src/serial_sender.cpp:[m[K In lambda function:
[2.466s] [01m[K/home/rescue-robot/buaa_rescue_robot/src/serial/src/serial_sender.cpp:131:25:[m[K [01;31m[Kerror: [m[Kexpected ‘[01m[K;[m[K’ before ‘[01m[Kstd[m[K’
[2.466s]   131 |                         [01;31m[Kstd[m[K::vector<uint8_t> data(frame.begin() + header.size(), frame.end() - 2);
[2.466s]       |                         [01;31m[K^~~[m[K
[2.474s] [01m[K/home/rescue-robot/buaa_rescue_robot/src/serial/src/serial_sender.cpp:135:51:[m[K [01;31m[Kerror: [m[K‘[01m[Kcalculate_crc16[m[K’ was not declared in this scope; did you mean ‘[01m[Kcalculated_crc[m[K’?
[2.474s]   135 |                         uint16_t calculated_crc = [01;31m[Kcalculate_crc16[m[K(frame, 0, frame.size() - 2);
[2.474s]       |                                                   [01;31m[K^~~~~~~~~~~~~~~[m[K
[2.474s]       |                                                   [32m[Kcalculated_crc[m[K
[2.474s] [01m[K/home/rescue-robot/buaa_rescue_robot/src/serial/src/serial_sender.cpp:140:46:[m[K [01;31m[Kerror: [m[Kunable to deduce ‘[01m[Kauto&&[m[K’ from ‘[01m[Kstd::data[m[K’
[2.474s]   140 |                             for (auto byte : [01;31m[Kdata[m[K) {
[2.474s]       |                                              [01;31m[K^~~~[m[K
[2.475s] [01m[K/home/rescue-robot/buaa_rescue_robot/src/serial/src/serial_sender.cpp:140:46:[m[K [01;36m[Knote: [m[K  couldn’t deduce template parameter ‘[01m[Kauto[m[K’
[4.640s] gmake[2]: *** [CMakeFiles/serial_sender.dir/build.make:76: CMakeFiles/serial_sender.dir/src/serial_sender.cpp.o] Error 1
[4.641s] gmake[1]: *** [CMakeFiles/Makefile2:139: CMakeFiles/serial_sender.dir/all] Error 2
[4.641s] gmake: *** [Makefile:146: all] Error 2
[4.643s] Invoked command in '/home/rescue-robot/buaa_rescue_robot/build/serial' returned '2': CMAKE_PREFIX_PATH=/home/rescue-robot/buaa_rescue_robot/install/buaa_rescue_robot_msgs:/home/rescue-robot/buaa_rescue_robot/install/serial:/home/rescue-robot/buaa_rescue_robot/install/keyboard_controller:/home/rescue-robot/buaa_rescue_robot/install/cpp_pubsub:/home/rescue-robot/buaa_rescue_robot/install:/home/rescue-robot/buaa_rescue_robot/install:/opt/ros/humble /usr/bin/cmake --build /home/rescue-robot/buaa_rescue_robot/build/serial -- -j8 -l8
