-- Found ament_cmake: 1.3.5 (/opt/ros/humble/share/ament_cmake/cmake)
-- Found rclcpp: 16.0.5 (/opt/ros/humble/share/rclcpp/cmake)
-- Found rosidl_generator_c: 3.1.5 (/opt/ros/humble/share/rosidl_generator_c/cmake)
-- Found rosidl_adapter: 3.1.5 (/opt/ros/humble/share/rosidl_adapter/cmake)
-- Found rosidl_generator_cpp: 3.1.5 (/opt/ros/humble/share/rosidl_generator_cpp/cmake)
-- Using all available rosidl_typesupport_c: rosidl_typesupport_fastrtps_c;rosidl_typesupport_introspection_c
-- Using all available rosidl_typesupport_cpp: rosidl_typesupport_fastrtps_cpp;rosidl_typesupport_introspection_cpp
-- Found rmw_implementation_cmake: 6.1.1 (/opt/ros/humble/share/rmw_implementation_cmake/cmake)
-- Found rmw_fastrtps_cpp: 6.2.3 (/opt/ros/humble/share/rmw_fastrtps_cpp/cmake)
-- Using RMW implementation 'rmw_fastrtps_cpp' as default
-- Configuring done
-- Generating done
-- Build files have been written to: /home/rescue-robot/buaa_rescue_robot/build/serial
[35m[1mConsolidate compiler generated dependencies of target serial_sender[0m
[35m[1mConsolidate compiler generated dependencies of target serial_receiver[0m
[ 25%] [32mBuilding CXX object CMakeFiles/serial_sender.dir/src/serial_sender.cpp.o[0m
[ 50%] [32mBuilding CXX object CMakeFiles/serial_receiver.dir/src/serial_receiver.cpp.o[0m
[ 75%] [32m[1mLinking CXX executable serial_receiver[0m
/usr/bin/ld: cannot find -lrclcpp: No such file or directory
/usr/bin/ld: cannot find -lstd_msgs: No such file or directory
[100%] [32m[1mLinking CXX executable serial_sender[0m
collect2: error: ld returned 1 exit status
gmake[2]: *** [CMakeFiles/serial_receiver.dir/build.make:159: serial_receiver] Error 1
gmake[1]: *** [CMakeFiles/Makefile2:165: CMakeFiles/serial_receiver.dir/all] Error 2
gmake[1]: *** Waiting for unfinished jobs....
/usr/bin/ld: cannot find -lrclcpp: No such file or directory
/usr/bin/ld: cannot find -lstd_msgs: No such file or directory
collect2: error: ld returned 1 exit status
gmake[2]: *** [CMakeFiles/serial_sender.dir/build.make:159: serial_sender] Error 1
gmake[1]: *** [CMakeFiles/Makefile2:139: CMakeFiles/serial_sender.dir/all] Error 2
gmake: *** [Makefile:146: all] Error 2
