[0.016s] Invoking command in '/home/rescue-robot/buaa_rescue_robot/build/serial': CMAKE_PREFIX_PATH=${CMAKE_PREFIX_PATH}:/opt/ros/humble /usr/bin/cmake --build /home/rescue-robot/buaa_rescue_robot/build/serial -- -j8 -l8
[0.042s] -- Found ament_cmake: 1.3.5 (/opt/ros/humble/share/ament_cmake/cmake)
[0.185s] -- Found rclcpp: 16.0.5 (/opt/ros/humble/share/rclcpp/cmake)
[0.206s] -- Found rosidl_generator_c: 3.1.5 (/opt/ros/humble/share/rosidl_generator_c/cmake)
[0.208s] -- Found rosidl_adapter: 3.1.5 (/opt/ros/humble/share/rosidl_adapter/cmake)
[0.215s] -- Found rosidl_generator_cpp: 3.1.5 (/opt/ros/humble/share/rosidl_generator_cpp/cmake)
[0.227s] -- Using all available rosidl_typesupport_c: rosidl_typesupport_fastrtps_c;rosidl_typesupport_introspection_c
[0.244s] -- Using all available rosidl_typesupport_cpp: rosidl_typesupport_fastrtps_cpp;rosidl_typesupport_introspection_cpp
[0.299s] -- Found rmw_implementation_cmake: 6.1.1 (/opt/ros/humble/share/rmw_implementation_cmake/cmake)
[0.300s] -- Found rmw_fastrtps_cpp: 6.2.3 (/opt/ros/humble/share/rmw_fastrtps_cpp/cmake)
[0.395s] -- Using RMW implementation 'rmw_fastrtps_cpp' as default
[0.586s] -- Configuring done
[0.594s] -- Generating done
[0.595s] -- Build files have been written to: /home/rescue-robot/buaa_rescue_robot/build/serial
[0.620s] [35m[1mConsolidate compiler generated dependencies of target serial_sender[0m
[0.620s] [35m[1mConsolidate compiler generated dependencies of target serial_receiver[0m
[0.641s] [ 25%] [32mBuilding CXX object CMakeFiles/serial_sender.dir/src/serial_sender.cpp.o[0m
[0.644s] [ 50%] [32mBuilding CXX object CMakeFiles/serial_receiver.dir/src/serial_receiver.cpp.o[0m
[4.176s] [ 75%] [32m[1mLinking CXX executable serial_receiver[0m
[4.198s] /usr/bin/ld: cannot find -lrclcpp: No such file or directory
[4.198s] /usr/bin/ld: cannot find -lstd_msgs: No such file or directory
[4.254s] [100%] [32m[1mLinking CXX executable serial_sender[0m
[4.254s] collect2: error: ld returned 1 exit status
[4.256s] gmake[2]: *** [CMakeFiles/serial_receiver.dir/build.make:159: serial_receiver] Error 1
[4.256s] gmake[1]: *** [CMakeFiles/Makefile2:165: CMakeFiles/serial_receiver.dir/all] Error 2
[4.256s] gmake[1]: *** Waiting for unfinished jobs....
[4.271s] /usr/bin/ld: cannot find -lrclcpp: No such file or directory
[4.271s] /usr/bin/ld: cannot find -lstd_msgs: No such file or directory
[4.301s] collect2: error: ld returned 1 exit status
[4.302s] gmake[2]: *** [CMakeFiles/serial_sender.dir/build.make:159: serial_sender] Error 1
[4.302s] gmake[1]: *** [CMakeFiles/Makefile2:139: CMakeFiles/serial_sender.dir/all] Error 2
[4.302s] gmake: *** [Makefile:146: all] Error 2
[4.304s] Invoked command in '/home/rescue-robot/buaa_rescue_robot/build/serial' returned '2': CMAKE_PREFIX_PATH=${CMAKE_PREFIX_PATH}:/opt/ros/humble /usr/bin/cmake --build /home/rescue-robot/buaa_rescue_robot/build/serial -- -j8 -l8
