[0.017s] Invoking command in '/home/rescue-robot/buaa_rescue_robot/build/buaa_rescue_robot_msgs': CMAKE_PREFIX_PATH=${CMAKE_PREFIX_PATH}:/opt/ros/humble /usr/bin/cmake --build /home/rescue-robot/buaa_rescue_robot/build/buaa_rescue_robot_msgs -- -j8 -l8
[0.088s] [  9%] Built target buaa_rescue_robot_msgs__rosidl_generator_c
[0.088s] [ 12%] Built target buaa_rescue_robot_msgs__cpp
[0.104s] [ 12%] Built target ament_cmake_python_copy_buaa_rescue_robot_msgs
[0.120s] [ 22%] Built target buaa_rescue_robot_msgs__rosidl_typesupport_fastrtps_c
[0.134s] [ 32%] Built target buaa_rescue_robot_msgs__rosidl_typesupport_introspection_c
[0.134s] [ 41%] Built target buaa_rescue_robot_msgs__rosidl_typesupport_c
[0.138s] [ 51%] Built target buaa_rescue_robot_msgs__rosidl_typesupport_fastrtps_cpp
[0.138s] [ 64%] Built target buaa_rescue_robot_msgs__rosidl_typesupport_cpp
[0.138s] [ 70%] Built target buaa_rescue_robot_msgs__rosidl_typesupport_introspection_cpp
[0.164s] [ 70%] Built target buaa_rescue_robot_msgs
[0.192s] [ 74%] Built target buaa_rescue_robot_msgs__py
[0.224s] [ 80%] Built target buaa_rescue_robot_msgs__rosidl_generator_py
[0.251s] [ 87%] Built target buaa_rescue_robot_msgs__rosidl_typesupport_c__pyext
[0.264s] [ 93%] Built target buaa_rescue_robot_msgs__rosidl_typesupport_introspection_c__pyext
[0.264s] [100%] Built target buaa_rescue_robot_msgs__rosidl_typesupport_fastrtps_c__pyext
[0.401s] running egg_info
[0.402s] writing buaa_rescue_robot_msgs.egg-info/PKG-INFO
[0.402s] writing dependency_links to buaa_rescue_robot_msgs.egg-info/dependency_links.txt
[0.402s] writing top-level names to buaa_rescue_robot_msgs.egg-info/top_level.txt
[0.404s] reading manifest file 'buaa_rescue_robot_msgs.egg-info/SOURCES.txt'
[0.404s] writing manifest file 'buaa_rescue_robot_msgs.egg-info/SOURCES.txt'
[0.431s] [100%] Built target ament_cmake_python_build_buaa_rescue_robot_msgs_egg
[0.440s] Invoked command in '/home/rescue-robot/buaa_rescue_robot/build/buaa_rescue_robot_msgs' returned '0': CMAKE_PREFIX_PATH=${CMAKE_PREFIX_PATH}:/opt/ros/humble /usr/bin/cmake --build /home/rescue-robot/buaa_rescue_robot/build/buaa_rescue_robot_msgs -- -j8 -l8
[0.491s] Invoking command in '/home/rescue-robot/buaa_rescue_robot/build/buaa_rescue_robot_msgs': CMAKE_PREFIX_PATH=${CMAKE_PREFIX_PATH}:/opt/ros/humble /usr/bin/cmake --install /home/rescue-robot/buaa_rescue_robot/build/buaa_rescue_robot_msgs
[0.498s] -- Install configuration: ""
[0.498s] -- Up-to-date: /home/rescue-robot/buaa_rescue_robot/install/buaa_rescue_robot_msgs/share/ament_index/resource_index/rosidl_interfaces/buaa_rescue_robot_msgs
[0.498s] -- Up-to-date: /home/rescue-robot/buaa_rescue_robot/install/buaa_rescue_robot_msgs/include/buaa_rescue_robot_msgs/buaa_rescue_robot_msgs
[0.498s] -- Up-to-date: /home/rescue-robot/buaa_rescue_robot/install/buaa_rescue_robot_msgs/include/buaa_rescue_robot_msgs/buaa_rescue_robot_msgs/msg
[0.499s] -- Up-to-date: /home/rescue-robot/buaa_rescue_robot/install/buaa_rescue_robot_msgs/include/buaa_rescue_robot_msgs/buaa_rescue_robot_msgs/msg/detail
[0.499s] -- Up-to-date: /home/rescue-robot/buaa_rescue_robot/install/buaa_rescue_robot_msgs/include/buaa_rescue_robot_msgs/buaa_rescue_robot_msgs/msg/detail/control_message__struct.h
[0.499s] -- Up-to-date: /home/rescue-robot/buaa_rescue_robot/install/buaa_rescue_robot_msgs/include/buaa_rescue_robot_msgs/buaa_rescue_robot_msgs/msg/detail/control_message__type_support.h
[0.499s] -- Up-to-date: /home/rescue-robot/buaa_rescue_robot/install/buaa_rescue_robot_msgs/include/buaa_rescue_robot_msgs/buaa_rescue_robot_msgs/msg/detail/control_message__functions.c
[0.499s] -- Up-to-date: /home/rescue-robot/buaa_rescue_robot/install/buaa_rescue_robot_msgs/include/buaa_rescue_robot_msgs/buaa_rescue_robot_msgs/msg/detail/control_message__functions.h
[0.499s] -- Up-to-date: /home/rescue-robot/buaa_rescue_robot/install/buaa_rescue_robot_msgs/include/buaa_rescue_robot_msgs/buaa_rescue_robot_msgs/msg/control_message.h
[0.499s] -- Up-to-date: /home/rescue-robot/buaa_rescue_robot/install/buaa_rescue_robot_msgs/include/buaa_rescue_robot_msgs/buaa_rescue_robot_msgs/msg/rosidl_generator_c__visibility_control.h
[0.499s] -- Up-to-date: /home/rescue-robot/buaa_rescue_robot/install/buaa_rescue_robot_msgs/share/buaa_rescue_robot_msgs/environment/library_path.sh
[0.500s] -- Up-to-date: /home/rescue-robot/buaa_rescue_robot/install/buaa_rescue_robot_msgs/share/buaa_rescue_robot_msgs/environment/library_path.dsv
[0.500s] -- Up-to-date: /home/rescue-robot/buaa_rescue_robot/install/buaa_rescue_robot_msgs/lib/libbuaa_rescue_robot_msgs__rosidl_generator_c.so
[0.500s] -- Up-to-date: /home/rescue-robot/buaa_rescue_robot/install/buaa_rescue_robot_msgs/include/buaa_rescue_robot_msgs/buaa_rescue_robot_msgs
[0.500s] -- Up-to-date: /home/rescue-robot/buaa_rescue_robot/install/buaa_rescue_robot_msgs/include/buaa_rescue_robot_msgs/buaa_rescue_robot_msgs/msg
[0.500s] -- Up-to-date: /home/rescue-robot/buaa_rescue_robot/install/buaa_rescue_robot_msgs/include/buaa_rescue_robot_msgs/buaa_rescue_robot_msgs/msg/detail
[0.500s] -- Up-to-date: /home/rescue-robot/buaa_rescue_robot/install/buaa_rescue_robot_msgs/include/buaa_rescue_robot_msgs/buaa_rescue_robot_msgs/msg/detail/control_message__rosidl_typesupport_fastrtps_c.h
[0.500s] -- Up-to-date: /home/rescue-robot/buaa_rescue_robot/install/buaa_rescue_robot_msgs/include/buaa_rescue_robot_msgs/buaa_rescue_robot_msgs/msg/rosidl_typesupport_fastrtps_c__visibility_control.h
[0.500s] -- Up-to-date: /home/rescue-robot/buaa_rescue_robot/install/buaa_rescue_robot_msgs/lib/libbuaa_rescue_robot_msgs__rosidl_typesupport_fastrtps_c.so
[0.500s] -- Up-to-date: /home/rescue-robot/buaa_rescue_robot/install/buaa_rescue_robot_msgs/include/buaa_rescue_robot_msgs/buaa_rescue_robot_msgs
[0.501s] -- Up-to-date: /home/rescue-robot/buaa_rescue_robot/install/buaa_rescue_robot_msgs/include/buaa_rescue_robot_msgs/buaa_rescue_robot_msgs/msg
[0.501s] -- Up-to-date: /home/rescue-robot/buaa_rescue_robot/install/buaa_rescue_robot_msgs/include/buaa_rescue_robot_msgs/buaa_rescue_robot_msgs/msg/detail
[0.501s] -- Up-to-date: /home/rescue-robot/buaa_rescue_robot/install/buaa_rescue_robot_msgs/include/buaa_rescue_robot_msgs/buaa_rescue_robot_msgs/msg/detail/control_message__builder.hpp
[0.501s] -- Up-to-date: /home/rescue-robot/buaa_rescue_robot/install/buaa_rescue_robot_msgs/include/buaa_rescue_robot_msgs/buaa_rescue_robot_msgs/msg/detail/control_message__struct.hpp
[0.501s] -- Up-to-date: /home/rescue-robot/buaa_rescue_robot/install/buaa_rescue_robot_msgs/include/buaa_rescue_robot_msgs/buaa_rescue_robot_msgs/msg/detail/control_message__traits.hpp
[0.501s] -- Up-to-date: /home/rescue-robot/buaa_rescue_robot/install/buaa_rescue_robot_msgs/include/buaa_rescue_robot_msgs/buaa_rescue_robot_msgs/msg/control_message.hpp
[0.501s] -- Up-to-date: /home/rescue-robot/buaa_rescue_robot/install/buaa_rescue_robot_msgs/include/buaa_rescue_robot_msgs/buaa_rescue_robot_msgs
[0.501s] -- Up-to-date: /home/rescue-robot/buaa_rescue_robot/install/buaa_rescue_robot_msgs/include/buaa_rescue_robot_msgs/buaa_rescue_robot_msgs/msg
[0.501s] -- Up-to-date: /home/rescue-robot/buaa_rescue_robot/install/buaa_rescue_robot_msgs/include/buaa_rescue_robot_msgs/buaa_rescue_robot_msgs/msg/detail
[0.501s] -- Up-to-date: /home/rescue-robot/buaa_rescue_robot/install/buaa_rescue_robot_msgs/include/buaa_rescue_robot_msgs/buaa_rescue_robot_msgs/msg/detail/control_message__rosidl_typesupport_fastrtps_cpp.hpp
[0.501s] -- Up-to-date: /home/rescue-robot/buaa_rescue_robot/install/buaa_rescue_robot_msgs/include/buaa_rescue_robot_msgs/buaa_rescue_robot_msgs/msg/detail/dds_fastrtps
[0.502s] -- Up-to-date: /home/rescue-robot/buaa_rescue_robot/install/buaa_rescue_robot_msgs/include/buaa_rescue_robot_msgs/buaa_rescue_robot_msgs/msg/rosidl_typesupport_fastrtps_cpp__visibility_control.h
[0.502s] -- Up-to-date: /home/rescue-robot/buaa_rescue_robot/install/buaa_rescue_robot_msgs/lib/libbuaa_rescue_robot_msgs__rosidl_typesupport_fastrtps_cpp.so
[0.502s] -- Up-to-date: /home/rescue-robot/buaa_rescue_robot/install/buaa_rescue_robot_msgs/include/buaa_rescue_robot_msgs/buaa_rescue_robot_msgs
[0.502s] -- Up-to-date: /home/rescue-robot/buaa_rescue_robot/install/buaa_rescue_robot_msgs/include/buaa_rescue_robot_msgs/buaa_rescue_robot_msgs/msg
[0.502s] -- Up-to-date: /home/rescue-robot/buaa_rescue_robot/install/buaa_rescue_robot_msgs/include/buaa_rescue_robot_msgs/buaa_rescue_robot_msgs/msg/detail
[0.502s] -- Up-to-date: /home/rescue-robot/buaa_rescue_robot/install/buaa_rescue_robot_msgs/include/buaa_rescue_robot_msgs/buaa_rescue_robot_msgs/msg/detail/control_message__rosidl_typesupport_introspection_c.h
[0.502s] -- Up-to-date: /home/rescue-robot/buaa_rescue_robot/install/buaa_rescue_robot_msgs/include/buaa_rescue_robot_msgs/buaa_rescue_robot_msgs/msg/detail/control_message__type_support.c
[0.502s] -- Up-to-date: /home/rescue-robot/buaa_rescue_robot/install/buaa_rescue_robot_msgs/include/buaa_rescue_robot_msgs/buaa_rescue_robot_msgs/msg/rosidl_typesupport_introspection_c__visibility_control.h
[0.502s] -- Up-to-date: /home/rescue-robot/buaa_rescue_robot/install/buaa_rescue_robot_msgs/lib/libbuaa_rescue_robot_msgs__rosidl_typesupport_introspection_c.so
[0.502s] -- Up-to-date: /home/rescue-robot/buaa_rescue_robot/install/buaa_rescue_robot_msgs/lib/libbuaa_rescue_robot_msgs__rosidl_typesupport_c.so
[0.502s] -- Up-to-date: /home/rescue-robot/buaa_rescue_robot/install/buaa_rescue_robot_msgs/include/buaa_rescue_robot_msgs/buaa_rescue_robot_msgs
[0.503s] -- Up-to-date: /home/rescue-robot/buaa_rescue_robot/install/buaa_rescue_robot_msgs/include/buaa_rescue_robot_msgs/buaa_rescue_robot_msgs/msg
[0.503s] -- Up-to-date: /home/rescue-robot/buaa_rescue_robot/install/buaa_rescue_robot_msgs/include/buaa_rescue_robot_msgs/buaa_rescue_robot_msgs/msg/detail
[0.503s] -- Up-to-date: /home/rescue-robot/buaa_rescue_robot/install/buaa_rescue_robot_msgs/include/buaa_rescue_robot_msgs/buaa_rescue_robot_msgs/msg/detail/control_message__type_support.cpp
[0.503s] -- Up-to-date: /home/rescue-robot/buaa_rescue_robot/install/buaa_rescue_robot_msgs/include/buaa_rescue_robot_msgs/buaa_rescue_robot_msgs/msg/detail/control_message__rosidl_typesupport_introspection_cpp.hpp
[0.503s] -- Up-to-date: /home/rescue-robot/buaa_rescue_robot/install/buaa_rescue_robot_msgs/lib/libbuaa_rescue_robot_msgs__rosidl_typesupport_introspection_cpp.so
[0.503s] -- Up-to-date: /home/rescue-robot/buaa_rescue_robot/install/buaa_rescue_robot_msgs/lib/libbuaa_rescue_robot_msgs__rosidl_typesupport_cpp.so
[0.503s] -- Up-to-date: /home/rescue-robot/buaa_rescue_robot/install/buaa_rescue_robot_msgs/share/buaa_rescue_robot_msgs/environment/pythonpath.sh
[0.503s] -- Up-to-date: /home/rescue-robot/buaa_rescue_robot/install/buaa_rescue_robot_msgs/share/buaa_rescue_robot_msgs/environment/pythonpath.dsv
[0.503s] -- Up-to-date: /home/rescue-robot/buaa_rescue_robot/install/buaa_rescue_robot_msgs/local/lib/python3.10/dist-packages/buaa_rescue_robot_msgs-0.0.0-py3.10.egg-info
[0.503s] -- Installing: /home/rescue-robot/buaa_rescue_robot/install/buaa_rescue_robot_msgs/local/lib/python3.10/dist-packages/buaa_rescue_robot_msgs-0.0.0-py3.10.egg-info/dependency_links.txt
[0.503s] -- Installing: /home/rescue-robot/buaa_rescue_robot/install/buaa_rescue_robot_msgs/local/lib/python3.10/dist-packages/buaa_rescue_robot_msgs-0.0.0-py3.10.egg-info/PKG-INFO
[0.503s] -- Installing: /home/rescue-robot/buaa_rescue_robot/install/buaa_rescue_robot_msgs/local/lib/python3.10/dist-packages/buaa_rescue_robot_msgs-0.0.0-py3.10.egg-info/top_level.txt
[0.503s] -- Installing: /home/rescue-robot/buaa_rescue_robot/install/buaa_rescue_robot_msgs/local/lib/python3.10/dist-packages/buaa_rescue_robot_msgs-0.0.0-py3.10.egg-info/SOURCES.txt
[0.504s] -- Up-to-date: /home/rescue-robot/buaa_rescue_robot/install/buaa_rescue_robot_msgs/local/lib/python3.10/dist-packages/buaa_rescue_robot_msgs
[0.504s] -- Up-to-date: /home/rescue-robot/buaa_rescue_robot/install/buaa_rescue_robot_msgs/local/lib/python3.10/dist-packages/buaa_rescue_robot_msgs/_buaa_rescue_robot_msgs_s.ep.rosidl_typesupport_fastrtps_c.c
[0.504s] -- Up-to-date: /home/rescue-robot/buaa_rescue_robot/install/buaa_rescue_robot_msgs/local/lib/python3.10/dist-packages/buaa_rescue_robot_msgs/msg
[0.504s] -- Up-to-date: /home/rescue-robot/buaa_rescue_robot/install/buaa_rescue_robot_msgs/local/lib/python3.10/dist-packages/buaa_rescue_robot_msgs/msg/_control_message_s.c
[0.504s] -- Up-to-date: /home/rescue-robot/buaa_rescue_robot/install/buaa_rescue_robot_msgs/local/lib/python3.10/dist-packages/buaa_rescue_robot_msgs/msg/_control_message.py
[0.504s] -- Up-to-date: /home/rescue-robot/buaa_rescue_robot/install/buaa_rescue_robot_msgs/local/lib/python3.10/dist-packages/buaa_rescue_robot_msgs/msg/__init__.py
[0.504s] -- Up-to-date: /home/rescue-robot/buaa_rescue_robot/install/buaa_rescue_robot_msgs/local/lib/python3.10/dist-packages/buaa_rescue_robot_msgs/buaa_rescue_robot_msgs_s__rosidl_typesupport_c.cpython-310-x86_64-linux-gnu.so
[0.504s] -- Up-to-date: /home/rescue-robot/buaa_rescue_robot/install/buaa_rescue_robot_msgs/local/lib/python3.10/dist-packages/buaa_rescue_robot_msgs/_buaa_rescue_robot_msgs_s.ep.rosidl_typesupport_c.c
[0.504s] -- Up-to-date: /home/rescue-robot/buaa_rescue_robot/install/buaa_rescue_robot_msgs/local/lib/python3.10/dist-packages/buaa_rescue_robot_msgs/libbuaa_rescue_robot_msgs__rosidl_generator_py.so
[0.504s] -- Up-to-date: /home/rescue-robot/buaa_rescue_robot/install/buaa_rescue_robot_msgs/local/lib/python3.10/dist-packages/buaa_rescue_robot_msgs/buaa_rescue_robot_msgs_s__rosidl_typesupport_introspection_c.cpython-310-x86_64-linux-gnu.so
[0.504s] -- Up-to-date: /home/rescue-robot/buaa_rescue_robot/install/buaa_rescue_robot_msgs/local/lib/python3.10/dist-packages/buaa_rescue_robot_msgs/buaa_rescue_robot_msgs_s__rosidl_typesupport_fastrtps_c.cpython-310-x86_64-linux-gnu.so
[0.504s] -- Up-to-date: /home/rescue-robot/buaa_rescue_robot/install/buaa_rescue_robot_msgs/local/lib/python3.10/dist-packages/buaa_rescue_robot_msgs/_buaa_rescue_robot_msgs_s.ep.rosidl_typesupport_introspection_c.c
[0.504s] -- Up-to-date: /home/rescue-robot/buaa_rescue_robot/install/buaa_rescue_robot_msgs/local/lib/python3.10/dist-packages/buaa_rescue_robot_msgs/__init__.py
[0.544s] Listing '/home/rescue-robot/buaa_rescue_robot/install/buaa_rescue_robot_msgs/local/lib/python3.10/dist-packages/buaa_rescue_robot_msgs'...
[0.544s] Listing '/home/rescue-robot/buaa_rescue_robot/install/buaa_rescue_robot_msgs/local/lib/python3.10/dist-packages/buaa_rescue_robot_msgs/msg'...
[0.549s] -- Up-to-date: /home/rescue-robot/buaa_rescue_robot/install/buaa_rescue_robot_msgs/local/lib/python3.10/dist-packages/buaa_rescue_robot_msgs/buaa_rescue_robot_msgs_s__rosidl_typesupport_fastrtps_c.cpython-310-x86_64-linux-gnu.so
[0.549s] -- Up-to-date: /home/rescue-robot/buaa_rescue_robot/install/buaa_rescue_robot_msgs/local/lib/python3.10/dist-packages/buaa_rescue_robot_msgs/buaa_rescue_robot_msgs_s__rosidl_typesupport_introspection_c.cpython-310-x86_64-linux-gnu.so
[0.549s] -- Up-to-date: /home/rescue-robot/buaa_rescue_robot/install/buaa_rescue_robot_msgs/local/lib/python3.10/dist-packages/buaa_rescue_robot_msgs/buaa_rescue_robot_msgs_s__rosidl_typesupport_c.cpython-310-x86_64-linux-gnu.so
[0.551s] -- Up-to-date: /home/rescue-robot/buaa_rescue_robot/install/buaa_rescue_robot_msgs/lib/libbuaa_rescue_robot_msgs__rosidl_generator_py.so
[0.551s] -- Up-to-date: /home/rescue-robot/buaa_rescue_robot/install/buaa_rescue_robot_msgs/share/buaa_rescue_robot_msgs/msg/ControlMessage.idl
[0.551s] -- Up-to-date: /home/rescue-robot/buaa_rescue_robot/install/buaa_rescue_robot_msgs/share/buaa_rescue_robot_msgs/msg/ControlMessage.msg
[0.551s] -- Up-to-date: /home/rescue-robot/buaa_rescue_robot/install/buaa_rescue_robot_msgs/share/buaa_rescue_robot_msgs/launch
[0.551s] -- Up-to-date: /home/rescue-robot/buaa_rescue_robot/install/buaa_rescue_robot_msgs/share/buaa_rescue_robot_msgs/launch/elevator_control_by_keyboard.launch.py
[0.551s] -- Up-to-date: /home/rescue-robot/buaa_rescue_robot/install/buaa_rescue_robot_msgs/share/ament_index/resource_index/package_run_dependencies/buaa_rescue_robot_msgs
[0.551s] -- Up-to-date: /home/rescue-robot/buaa_rescue_robot/install/buaa_rescue_robot_msgs/share/ament_index/resource_index/parent_prefix_path/buaa_rescue_robot_msgs
[0.551s] -- Up-to-date: /home/rescue-robot/buaa_rescue_robot/install/buaa_rescue_robot_msgs/share/buaa_rescue_robot_msgs/environment/ament_prefix_path.sh
[0.551s] -- Up-to-date: /home/rescue-robot/buaa_rescue_robot/install/buaa_rescue_robot_msgs/share/buaa_rescue_robot_msgs/environment/ament_prefix_path.dsv
[0.551s] -- Up-to-date: /home/rescue-robot/buaa_rescue_robot/install/buaa_rescue_robot_msgs/share/buaa_rescue_robot_msgs/environment/path.sh
[0.552s] -- Up-to-date: /home/rescue-robot/buaa_rescue_robot/install/buaa_rescue_robot_msgs/share/buaa_rescue_robot_msgs/environment/path.dsv
[0.552s] -- Up-to-date: /home/rescue-robot/buaa_rescue_robot/install/buaa_rescue_robot_msgs/share/buaa_rescue_robot_msgs/local_setup.bash
[0.552s] -- Up-to-date: /home/rescue-robot/buaa_rescue_robot/install/buaa_rescue_robot_msgs/share/buaa_rescue_robot_msgs/local_setup.sh
[0.552s] -- Up-to-date: /home/rescue-robot/buaa_rescue_robot/install/buaa_rescue_robot_msgs/share/buaa_rescue_robot_msgs/local_setup.zsh
[0.552s] -- Up-to-date: /home/rescue-robot/buaa_rescue_robot/install/buaa_rescue_robot_msgs/share/buaa_rescue_robot_msgs/local_setup.dsv
[0.552s] -- Installing: /home/rescue-robot/buaa_rescue_robot/install/buaa_rescue_robot_msgs/share/buaa_rescue_robot_msgs/package.dsv
[0.552s] -- Up-to-date: /home/rescue-robot/buaa_rescue_robot/install/buaa_rescue_robot_msgs/share/ament_index/resource_index/packages/buaa_rescue_robot_msgs
[0.552s] -- Up-to-date: /home/rescue-robot/buaa_rescue_robot/install/buaa_rescue_robot_msgs/share/buaa_rescue_robot_msgs/cmake/export_buaa_rescue_robot_msgs__rosidl_generator_cExport.cmake
[0.552s] -- Up-to-date: /home/rescue-robot/buaa_rescue_robot/install/buaa_rescue_robot_msgs/share/buaa_rescue_robot_msgs/cmake/export_buaa_rescue_robot_msgs__rosidl_generator_cExport-noconfig.cmake
[0.552s] -- Up-to-date: /home/rescue-robot/buaa_rescue_robot/install/buaa_rescue_robot_msgs/share/buaa_rescue_robot_msgs/cmake/export_buaa_rescue_robot_msgs__rosidl_typesupport_fastrtps_cExport.cmake
[0.553s] -- Up-to-date: /home/rescue-robot/buaa_rescue_robot/install/buaa_rescue_robot_msgs/share/buaa_rescue_robot_msgs/cmake/export_buaa_rescue_robot_msgs__rosidl_typesupport_fastrtps_cExport-noconfig.cmake
[0.553s] -- Up-to-date: /home/rescue-robot/buaa_rescue_robot/install/buaa_rescue_robot_msgs/share/buaa_rescue_robot_msgs/cmake/export_buaa_rescue_robot_msgs__rosidl_generator_cppExport.cmake
[0.553s] -- Up-to-date: /home/rescue-robot/buaa_rescue_robot/install/buaa_rescue_robot_msgs/share/buaa_rescue_robot_msgs/cmake/export_buaa_rescue_robot_msgs__rosidl_typesupport_fastrtps_cppExport.cmake
[0.553s] -- Up-to-date: /home/rescue-robot/buaa_rescue_robot/install/buaa_rescue_robot_msgs/share/buaa_rescue_robot_msgs/cmake/export_buaa_rescue_robot_msgs__rosidl_typesupport_fastrtps_cppExport-noconfig.cmake
[0.553s] -- Up-to-date: /home/rescue-robot/buaa_rescue_robot/install/buaa_rescue_robot_msgs/share/buaa_rescue_robot_msgs/cmake/buaa_rescue_robot_msgs__rosidl_typesupport_introspection_cExport.cmake
[0.553s] -- Up-to-date: /home/rescue-robot/buaa_rescue_robot/install/buaa_rescue_robot_msgs/share/buaa_rescue_robot_msgs/cmake/buaa_rescue_robot_msgs__rosidl_typesupport_introspection_cExport-noconfig.cmake
[0.553s] -- Up-to-date: /home/rescue-robot/buaa_rescue_robot/install/buaa_rescue_robot_msgs/share/buaa_rescue_robot_msgs/cmake/buaa_rescue_robot_msgs__rosidl_typesupport_cExport.cmake
[0.553s] -- Up-to-date: /home/rescue-robot/buaa_rescue_robot/install/buaa_rescue_robot_msgs/share/buaa_rescue_robot_msgs/cmake/buaa_rescue_robot_msgs__rosidl_typesupport_cExport-noconfig.cmake
[0.553s] -- Up-to-date: /home/rescue-robot/buaa_rescue_robot/install/buaa_rescue_robot_msgs/share/buaa_rescue_robot_msgs/cmake/buaa_rescue_robot_msgs__rosidl_typesupport_introspection_cppExport.cmake
[0.553s] -- Up-to-date: /home/rescue-robot/buaa_rescue_robot/install/buaa_rescue_robot_msgs/share/buaa_rescue_robot_msgs/cmake/buaa_rescue_robot_msgs__rosidl_typesupport_introspection_cppExport-noconfig.cmake
[0.554s] -- Up-to-date: /home/rescue-robot/buaa_rescue_robot/install/buaa_rescue_robot_msgs/share/buaa_rescue_robot_msgs/cmake/buaa_rescue_robot_msgs__rosidl_typesupport_cppExport.cmake
[0.554s] -- Up-to-date: /home/rescue-robot/buaa_rescue_robot/install/buaa_rescue_robot_msgs/share/buaa_rescue_robot_msgs/cmake/buaa_rescue_robot_msgs__rosidl_typesupport_cppExport-noconfig.cmake
[0.554s] -- Up-to-date: /home/rescue-robot/buaa_rescue_robot/install/buaa_rescue_robot_msgs/share/buaa_rescue_robot_msgs/cmake/export_buaa_rescue_robot_msgs__rosidl_generator_pyExport.cmake
[0.554s] -- Up-to-date: /home/rescue-robot/buaa_rescue_robot/install/buaa_rescue_robot_msgs/share/buaa_rescue_robot_msgs/cmake/export_buaa_rescue_robot_msgs__rosidl_generator_pyExport-noconfig.cmake
[0.554s] -- Up-to-date: /home/rescue-robot/buaa_rescue_robot/install/buaa_rescue_robot_msgs/share/buaa_rescue_robot_msgs/cmake/rosidl_cmake-extras.cmake
[0.554s] -- Up-to-date: /home/rescue-robot/buaa_rescue_robot/install/buaa_rescue_robot_msgs/share/buaa_rescue_robot_msgs/cmake/ament_cmake_export_include_directories-extras.cmake
[0.554s] -- Up-to-date: /home/rescue-robot/buaa_rescue_robot/install/buaa_rescue_robot_msgs/share/buaa_rescue_robot_msgs/cmake/ament_cmake_export_libraries-extras.cmake
[0.554s] -- Up-to-date: /home/rescue-robot/buaa_rescue_robot/install/buaa_rescue_robot_msgs/share/buaa_rescue_robot_msgs/cmake/ament_cmake_export_targets-extras.cmake
[0.554s] -- Up-to-date: /home/rescue-robot/buaa_rescue_robot/install/buaa_rescue_robot_msgs/share/buaa_rescue_robot_msgs/cmake/rosidl_cmake_export_typesupport_targets-extras.cmake
[0.554s] -- Up-to-date: /home/rescue-robot/buaa_rescue_robot/install/buaa_rescue_robot_msgs/share/buaa_rescue_robot_msgs/cmake/ament_cmake_export_dependencies-extras.cmake
[0.554s] -- Up-to-date: /home/rescue-robot/buaa_rescue_robot/install/buaa_rescue_robot_msgs/share/buaa_rescue_robot_msgs/cmake/rosidl_cmake_export_typesupport_libraries-extras.cmake
[0.554s] -- Up-to-date: /home/rescue-robot/buaa_rescue_robot/install/buaa_rescue_robot_msgs/share/buaa_rescue_robot_msgs/cmake/buaa_rescue_robot_msgsConfig.cmake
[0.554s] -- Up-to-date: /home/rescue-robot/buaa_rescue_robot/install/buaa_rescue_robot_msgs/share/buaa_rescue_robot_msgs/cmake/buaa_rescue_robot_msgsConfig-version.cmake
[0.555s] -- Up-to-date: /home/rescue-robot/buaa_rescue_robot/install/buaa_rescue_robot_msgs/share/buaa_rescue_robot_msgs/package.xml
[0.566s] Invoked command in '/home/rescue-robot/buaa_rescue_robot/build/buaa_rescue_robot_msgs' returned '0': CMAKE_PREFIX_PATH=${CMAKE_PREFIX_PATH}:/opt/ros/humble /usr/bin/cmake --install /home/rescue-robot/buaa_rescue_robot/build/buaa_rescue_robot_msgs
