[0.014s] Invoking command in '/home/rescue-robot/buaa_rescue_robot/build/keyboard_controller': AMENT_PREFIX_PATH=/home/rescue-robot/buaa_rescue_robot/install/buaa_rescue_robot_msgs:${AMENT_PREFIX_PATH} CMAKE_PREFIX_PATH=/home/rescue-robot/buaa_rescue_robot/install/buaa_rescue_robot_msgs:/home/rescue-robot/buaa_rescue_robot/install:/home/rescue-robot/buaa_rescue_robot/install:/opt/ros/humble LD_LIBRARY_PATH=/home/rescue-robot/buaa_rescue_robot/install/buaa_rescue_robot_msgs/lib:${LD_LIBRARY_PATH} PYTHONPATH=/home/rescue-robot/buaa_rescue_robot/install/buaa_rescue_robot_msgs/local/lib/python3.10/dist-packages:${PYTHONPATH} /usr/bin/cmake /home/rescue-robot/buaa_rescue_robot/src/keyboard_controller -DCMAKE_INSTALL_PREFIX=/home/rescue-robot/buaa_rescue_robot/install/keyboard_controller
[0.076s] -- The C compiler identification is GNU 11.4.0
[0.143s] -- The CXX compiler identification is GNU 11.4.0
[0.149s] -- Detecting C compiler ABI info
[0.250s] -- Detecting C compiler ABI info - done
[0.261s] -- Check for working C compiler: /usr/bin/cc - skipped
[0.261s] -- Detecting C compile features
[0.261s] -- Detecting C compile features - done
[0.265s] -- Detecting CXX compiler ABI info
[0.370s] -- Detecting CXX compiler ABI info - done
[0.381s] -- Check for working CXX compiler: /usr/bin/c++ - skipped
[0.381s] -- Detecting CXX compile features
[0.382s] -- Detecting CXX compile features - done
[0.384s] -- Found ament_cmake: 1.3.5 (/opt/ros/humble/share/ament_cmake/cmake)
[0.580s] -- Found Python3: /usr/bin/python3.10 (found version "3.10.12") found components: Interpreter 
[0.685s] -- Found rclcpp: 16.0.5 (/opt/ros/humble/share/rclcpp/cmake)
[0.744s] -- Found rosidl_generator_c: 3.1.5 (/opt/ros/humble/share/rosidl_generator_c/cmake)
[0.750s] -- Found rosidl_adapter: 3.1.5 (/opt/ros/humble/share/rosidl_adapter/cmake)
[0.760s] -- Found rosidl_generator_cpp: 3.1.5 (/opt/ros/humble/share/rosidl_generator_cpp/cmake)
[0.777s] -- Using all available rosidl_typesupport_c: rosidl_typesupport_fastrtps_c;rosidl_typesupport_introspection_c
[0.804s] -- Using all available rosidl_typesupport_cpp: rosidl_typesupport_fastrtps_cpp;rosidl_typesupport_introspection_cpp
[0.902s] -- Found rmw_implementation_cmake: 6.1.1 (/opt/ros/humble/share/rmw_implementation_cmake/cmake)
[0.903s] -- Found rmw_fastrtps_cpp: 6.2.3 (/opt/ros/humble/share/rmw_fastrtps_cpp/cmake)
[0.998s] -- Found OpenSSL: /usr/lib/x86_64-linux-gnu/libcrypto.so (found version "3.0.2")  
[1.029s] -- Found FastRTPS: /opt/ros/humble/include  
[1.071s] -- Using RMW implementation 'rmw_fastrtps_cpp' as default
[1.081s] -- Looking for pthread.h
[1.159s] -- Looking for pthread.h - found
[1.160s] -- Performing Test CMAKE_HAVE_LIBC_PTHREAD
[1.241s] -- Performing Test CMAKE_HAVE_LIBC_PTHREAD - Success
[1.242s] -- Found Threads: TRUE  
[1.444s] -- Found rosidl_default_generators: 1.2.0 (/opt/ros/humble/share/rosidl_default_generators/cmake)
[1.455s] -- Found buaa_rescue_robot_msgs: 0.0.0 (/home/rescue-robot/buaa_rescue_robot/install/buaa_rescue_robot_msgs/share/buaa_rescue_robot_msgs/cmake)
[1.541s] -- Configuring done
[1.552s] -- Generating done
[1.554s] -- Build files have been written to: /home/rescue-robot/buaa_rescue_robot/build/keyboard_controller
[1.575s] Invoked command in '/home/rescue-robot/buaa_rescue_robot/build/keyboard_controller' returned '0': AMENT_PREFIX_PATH=/home/rescue-robot/buaa_rescue_robot/install/buaa_rescue_robot_msgs:${AMENT_PREFIX_PATH} CMAKE_PREFIX_PATH=/home/rescue-robot/buaa_rescue_robot/install/buaa_rescue_robot_msgs:/home/rescue-robot/buaa_rescue_robot/install:/home/rescue-robot/buaa_rescue_robot/install:/opt/ros/humble LD_LIBRARY_PATH=/home/rescue-robot/buaa_rescue_robot/install/buaa_rescue_robot_msgs/lib:${LD_LIBRARY_PATH} PYTHONPATH=/home/rescue-robot/buaa_rescue_robot/install/buaa_rescue_robot_msgs/local/lib/python3.10/dist-packages:${PYTHONPATH} /usr/bin/cmake /home/rescue-robot/buaa_rescue_robot/src/keyboard_controller -DCMAKE_INSTALL_PREFIX=/home/rescue-robot/buaa_rescue_robot/install/keyboard_controller
[1.576s] Invoking command in '/home/rescue-robot/buaa_rescue_robot/build/keyboard_controller': AMENT_PREFIX_PATH=/home/rescue-robot/buaa_rescue_robot/install/buaa_rescue_robot_msgs:${AMENT_PREFIX_PATH} CMAKE_PREFIX_PATH=/home/rescue-robot/buaa_rescue_robot/install/buaa_rescue_robot_msgs:/home/rescue-robot/buaa_rescue_robot/install:/home/rescue-robot/buaa_rescue_robot/install:/opt/ros/humble LD_LIBRARY_PATH=/home/rescue-robot/buaa_rescue_robot/install/buaa_rescue_robot_msgs/lib:${LD_LIBRARY_PATH} PYTHONPATH=/home/rescue-robot/buaa_rescue_robot/install/buaa_rescue_robot_msgs/local/lib/python3.10/dist-packages:${PYTHONPATH} /usr/bin/cmake --build /home/rescue-robot/buaa_rescue_robot/build/keyboard_controller -- -j8 -l8
[1.642s] [ 50%] [32mBuilding CXX object CMakeFiles/keyboard_publisher.dir/src/keyboard_publisher.cpp.o[0m
[6.369s] [100%] [32m[1mLinking CXX executable keyboard_publisher[0m
[6.580s] [100%] Built target keyboard_publisher
[6.591s] Invoked command in '/home/rescue-robot/buaa_rescue_robot/build/keyboard_controller' returned '0': AMENT_PREFIX_PATH=/home/rescue-robot/buaa_rescue_robot/install/buaa_rescue_robot_msgs:${AMENT_PREFIX_PATH} CMAKE_PREFIX_PATH=/home/rescue-robot/buaa_rescue_robot/install/buaa_rescue_robot_msgs:/home/rescue-robot/buaa_rescue_robot/install:/home/rescue-robot/buaa_rescue_robot/install:/opt/ros/humble LD_LIBRARY_PATH=/home/rescue-robot/buaa_rescue_robot/install/buaa_rescue_robot_msgs/lib:${LD_LIBRARY_PATH} PYTHONPATH=/home/rescue-robot/buaa_rescue_robot/install/buaa_rescue_robot_msgs/local/lib/python3.10/dist-packages:${PYTHONPATH} /usr/bin/cmake --build /home/rescue-robot/buaa_rescue_robot/build/keyboard_controller -- -j8 -l8
[6.619s] Invoking command in '/home/rescue-robot/buaa_rescue_robot/build/keyboard_controller': AMENT_PREFIX_PATH=/home/rescue-robot/buaa_rescue_robot/install/buaa_rescue_robot_msgs:${AMENT_PREFIX_PATH} CMAKE_PREFIX_PATH=/home/rescue-robot/buaa_rescue_robot/install/buaa_rescue_robot_msgs:/home/rescue-robot/buaa_rescue_robot/install:/home/rescue-robot/buaa_rescue_robot/install:/opt/ros/humble LD_LIBRARY_PATH=/home/rescue-robot/buaa_rescue_robot/install/buaa_rescue_robot_msgs/lib:${LD_LIBRARY_PATH} PYTHONPATH=/home/rescue-robot/buaa_rescue_robot/install/buaa_rescue_robot_msgs/local/lib/python3.10/dist-packages:${PYTHONPATH} /usr/bin/cmake --install /home/rescue-robot/buaa_rescue_robot/build/keyboard_controller
[6.628s] -- Install configuration: ""
[6.628s] -- Installing: /home/rescue-robot/buaa_rescue_robot/install/keyboard_controller/lib/keyboard_controller/keyboard_publisher
[6.630s] -- Set runtime path of "/home/rescue-robot/buaa_rescue_robot/install/keyboard_controller/lib/keyboard_controller/keyboard_publisher" to ""
[6.630s] -- Installing: /home/rescue-robot/buaa_rescue_robot/install/keyboard_controller/share/ament_index/resource_index/package_run_dependencies/keyboard_controller
[6.630s] -- Installing: /home/rescue-robot/buaa_rescue_robot/install/keyboard_controller/share/ament_index/resource_index/parent_prefix_path/keyboard_controller
[6.630s] -- Installing: /home/rescue-robot/buaa_rescue_robot/install/keyboard_controller/share/keyboard_controller/environment/ament_prefix_path.sh
[6.630s] -- Installing: /home/rescue-robot/buaa_rescue_robot/install/keyboard_controller/share/keyboard_controller/environment/ament_prefix_path.dsv
[6.630s] -- Installing: /home/rescue-robot/buaa_rescue_robot/install/keyboard_controller/share/keyboard_controller/environment/path.sh
[6.631s] -- Installing: /home/rescue-robot/buaa_rescue_robot/install/keyboard_controller/share/keyboard_controller/environment/path.dsv
[6.631s] -- Installing: /home/rescue-robot/buaa_rescue_robot/install/keyboard_controller/share/keyboard_controller/local_setup.bash
[6.631s] -- Installing: /home/rescue-robot/buaa_rescue_robot/install/keyboard_controller/share/keyboard_controller/local_setup.sh
[6.631s] -- Installing: /home/rescue-robot/buaa_rescue_robot/install/keyboard_controller/share/keyboard_controller/local_setup.zsh
[6.631s] -- Installing: /home/rescue-robot/buaa_rescue_robot/install/keyboard_controller/share/keyboard_controller/local_setup.dsv
[6.631s] -- Installing: /home/rescue-robot/buaa_rescue_robot/install/keyboard_controller/share/keyboard_controller/package.dsv
[6.631s] -- Installing: /home/rescue-robot/buaa_rescue_robot/install/keyboard_controller/share/ament_index/resource_index/packages/keyboard_controller
[6.632s] -- Installing: /home/rescue-robot/buaa_rescue_robot/install/keyboard_controller/share/keyboard_controller/cmake/keyboard_controllerConfig.cmake
[6.632s] -- Installing: /home/rescue-robot/buaa_rescue_robot/install/keyboard_controller/share/keyboard_controller/cmake/keyboard_controllerConfig-version.cmake
[6.632s] -- Installing: /home/rescue-robot/buaa_rescue_robot/install/keyboard_controller/share/keyboard_controller/package.xml
[6.634s] Invoked command in '/home/rescue-robot/buaa_rescue_robot/build/keyboard_controller' returned '0': AMENT_PREFIX_PATH=/home/rescue-robot/buaa_rescue_robot/install/buaa_rescue_robot_msgs:${AMENT_PREFIX_PATH} CMAKE_PREFIX_PATH=/home/rescue-robot/buaa_rescue_robot/install/buaa_rescue_robot_msgs:/home/rescue-robot/buaa_rescue_robot/install:/home/rescue-robot/buaa_rescue_robot/install:/opt/ros/humble LD_LIBRARY_PATH=/home/rescue-robot/buaa_rescue_robot/install/buaa_rescue_robot_msgs/lib:${LD_LIBRARY_PATH} PYTHONPATH=/home/rescue-robot/buaa_rescue_robot/install/buaa_rescue_robot_msgs/local/lib/python3.10/dist-packages:${PYTHONPATH} /usr/bin/cmake --install /home/rescue-robot/buaa_rescue_robot/build/keyboard_controller
