[0.013s] Invoking command in '/home/rescue-robot/buaa_rescue_robot/build/cpp_pubsub': CMAKE_PREFIX_PATH=${CMAKE_PREFIX_PATH}:/opt/ros/humble /usr/bin/cmake /home/rescue-robot/buaa_rescue_robot/src/cpp_pubsub -DCMAKE_INSTALL_PREFIX=/home/rescue-robot/buaa_rescue_robot/install/cpp_pubsub
[0.070s] -- The C compiler identification is GNU 11.4.0
[0.111s] -- The CXX compiler identification is GNU 11.4.0
[0.118s] -- Detecting C compiler ABI info
[0.167s] -- Detecting C compiler ABI info - done
[0.174s] -- Check for working C compiler: /usr/bin/cc - skipped
[0.174s] -- Detecting C compile features
[0.175s] -- Detecting C compile features - done
[0.177s] -- Detecting CXX compiler ABI info
[0.242s] -- Detecting CXX compiler ABI info - done
[0.248s] -- Check for working CXX compiler: /usr/bin/c++ - skipped
[0.248s] -- Detecting CXX compile features
[0.249s] -- Detecting CXX compile features - done
[0.250s] -- Found ament_cmake: 1.3.5 (/opt/ros/humble/share/ament_cmake/cmake)
[0.375s] -- Found Python3: /usr/bin/python3.10 (found version "3.10.12") found components: Interpreter 
[0.447s] -- Found rclcpp: 16.0.5 (/opt/ros/humble/share/rclcpp/cmake)
[0.477s] -- Found rosidl_generator_c: 3.1.5 (/opt/ros/humble/share/rosidl_generator_c/cmake)
[0.481s] -- Found rosidl_adapter: 3.1.5 (/opt/ros/humble/share/rosidl_adapter/cmake)
[0.489s] -- Found rosidl_generator_cpp: 3.1.5 (/opt/ros/humble/share/rosidl_generator_cpp/cmake)
[0.500s] -- Using all available rosidl_typesupport_c: rosidl_typesupport_fastrtps_c;rosidl_typesupport_introspection_c
[0.523s] -- Using all available rosidl_typesupport_cpp: rosidl_typesupport_fastrtps_cpp;rosidl_typesupport_introspection_cpp
[0.576s] -- Found rmw_implementation_cmake: 6.1.1 (/opt/ros/humble/share/rmw_implementation_cmake/cmake)
[0.577s] -- Found rmw_fastrtps_cpp: 6.2.3 (/opt/ros/humble/share/rmw_fastrtps_cpp/cmake)
[0.648s] -- Found OpenSSL: /usr/lib/x86_64-linux-gnu/libcrypto.so (found version "3.0.2")  
[0.667s] -- Found FastRTPS: /opt/ros/humble/include  
[0.700s] -- Using RMW implementation 'rmw_fastrtps_cpp' as default
[0.706s] -- Looking for pthread.h
[0.761s] -- Looking for pthread.h - found
[0.761s] -- Performing Test CMAKE_HAVE_LIBC_PTHREAD
[0.812s] -- Performing Test CMAKE_HAVE_LIBC_PTHREAD - Success
[0.812s] -- Found Threads: TRUE  
[1.003s] -- Configuring done
[1.010s] -- Generating done
[1.011s] -- Build files have been written to: /home/rescue-robot/buaa_rescue_robot/build/cpp_pubsub
[1.018s] Invoked command in '/home/rescue-robot/buaa_rescue_robot/build/cpp_pubsub' returned '0': CMAKE_PREFIX_PATH=${CMAKE_PREFIX_PATH}:/opt/ros/humble /usr/bin/cmake /home/rescue-robot/buaa_rescue_robot/src/cpp_pubsub -DCMAKE_INSTALL_PREFIX=/home/rescue-robot/buaa_rescue_robot/install/cpp_pubsub
[1.020s] Invoking command in '/home/rescue-robot/buaa_rescue_robot/build/cpp_pubsub': CMAKE_PREFIX_PATH=${CMAKE_PREFIX_PATH}:/opt/ros/humble /usr/bin/cmake --build /home/rescue-robot/buaa_rescue_robot/build/cpp_pubsub -- -j8 -l8
[1.062s] [ 50%] [32mBuilding CXX object CMakeFiles/listener.dir/src/listener.cpp.o[0m
[1.062s] [ 50%] [32mBuilding CXX object CMakeFiles/talker.dir/src/talker.cpp.o[0m
[4.396s] [ 75%] [32m[1mLinking CXX executable talker[0m
[4.544s] [ 75%] Built target talker
[7.331s] [100%] [32m[1mLinking CXX executable listener[0m
[7.712s] [100%] Built target listener
