[35m[1mConsolidate compiler generated dependencies of target keyboard_controller__rosidl_generator_c[0m
[  3%] Built target keyboard_controller__cpp
[ 12%] Built target keyboard_controller__rosidl_generator_c
[ 12%] Built target ament_cmake_python_copy_keyboard_controller
[35m[1mConsolidate compiler generated dependencies of target keyboard_controller__rosidl_typesupport_cpp[0m
[35m[1mConsolidate compiler generated dependencies of target keyboard_controller__rosidl_typesupport_fastrtps_cpp[0m
[35m[1mConsolidate compiler generated dependencies of target keyboard_controller__rosidl_typesupport_introspection_cpp[0m
[35m[1mConsolidate compiler generated dependencies of target keyboard_controller__rosidl_typesupport_introspection_c[0m
[35m[1mConsolidate compiler generated dependencies of target keyboard_controller__rosidl_typesupport_fastrtps_c[0m
[ 21%] Built target keyboard_controller__rosidl_typesupport_cpp
[ 30%] Built target keyboard_controller__rosidl_typesupport_introspection_cpp
[35m[1mConsolidate compiler generated dependencies of target keyboard_controller__rosidl_typesupport_c[0m
[ 39%] Built target keyboard_controller__rosidl_typesupport_fastrtps_cpp
[35m[1mConsolidate compiler generated dependencies of target keyboard_publisher[0m
[ 48%] Built target keyboard_controller__rosidl_typesupport_introspection_c
[ 57%] Built target keyboard_controller__rosidl_typesupport_fastrtps_c
[ 66%] Built target keyboard_controller__rosidl_typesupport_c
[ 69%] [32mBuilding CXX object CMakeFiles/keyboard_publisher.dir/src/keyboard_publisher.cpp.o[0m
[ 69%] Built target keyboard_controller
[ 72%] Built target keyboard_controller__py
[35m[1mConsolidate compiler generated dependencies of target keyboard_controller__rosidl_generator_py[0m
[ 78%] Built target keyboard_controller__rosidl_generator_py
[35m[1mConsolidate compiler generated dependencies of target keyboard_controller__rosidl_typesupport_fastrtps_c__pyext[0m
[35m[1mConsolidate compiler generated dependencies of target keyboard_controller__rosidl_typesupport_c__pyext[0m
[35m[1mConsolidate compiler generated dependencies of target keyboard_controller__rosidl_typesupport_introspection_c__pyext[0m
[ 84%] Built target keyboard_controller__rosidl_typesupport_c__pyext
[ 90%] Built target keyboard_controller__rosidl_typesupport_introspection_c__pyext
[ 96%] Built target keyboard_controller__rosidl_typesupport_fastrtps_c__pyext
running egg_info
writing keyboard_controller.egg-info/PKG-INFO
writing dependency_links to keyboard_controller.egg-info/dependency_links.txt
writing top-level names to keyboard_controller.egg-info/top_level.txt
reading manifest file 'keyboard_controller.egg-info/SOURCES.txt'
writing manifest file 'keyboard_controller.egg-info/SOURCES.txt'
[ 96%] Built target ament_cmake_python_build_keyboard_controller_egg
