[0.026s] Invoking command in '/home/rescue_robot/buaa_rescue_robot/build/cpp_pubsub': CMAKE_PREFIX_PATH=${CMAKE_PREFIX_PATH}:/opt/ros/humble /usr/bin/cmake --build /home/rescue_robot/buaa_rescue_robot/build/cpp_pubsub -- -j8 -l8
[0.089s] [ 50%] [32mBuilding CXX object CMakeFiles/listener.dir/src/listener.cpp.o[0m
[0.089s] [ 50%] [32mBuilding CXX object CMakeFiles/talker.dir/src/talker.cpp.o[0m
[6.789s] [ 75%] [32m[1mLinking CXX executable talker[0m
[7.113s] [ 75%] Built target talker
[11.377s] [100%] [32m[1mLinking CXX executable listener[0m
[11.817s] [100%] Built target listener
[11.828s] Invoked command in '/home/rescue_robot/buaa_rescue_robot/build/cpp_pubsub' returned '0': CMAKE_PREFIX_PATH=${CMAKE_PREFIX_PATH}:/opt/ros/humble /usr/bin/cmake --build /home/rescue_robot/buaa_rescue_robot/build/cpp_pubsub -- -j8 -l8
[11.854s] Invoking command in '/home/rescue_robot/buaa_rescue_robot/build/cpp_pubsub': CMAKE_PREFIX_PATH=${CMAKE_PREFIX_PATH}:/opt/ros/humble /usr/bin/cmake --install /home/rescue_robot/buaa_rescue_robot/build/cpp_pubsub
[11.864s] -- Install configuration: ""
[11.864s] -- Installing: /home/rescue_robot/buaa_rescue_robot/install/cpp_pubsub/lib/cpp_pubsub/talker
[11.866s] -- Set runtime path of "/home/rescue_robot/buaa_rescue_robot/install/cpp_pubsub/lib/cpp_pubsub/talker" to ""
[11.867s] -- Installing: /home/rescue_robot/buaa_rescue_robot/install/cpp_pubsub/lib/cpp_pubsub/listener
[11.872s] -- Set runtime path of "/home/rescue_robot/buaa_rescue_robot/install/cpp_pubsub/lib/cpp_pubsub/listener" to ""
[11.872s] -- Installing: /home/rescue_robot/buaa_rescue_robot/install/cpp_pubsub/share/ament_index/resource_index/package_run_dependencies/cpp_pubsub
[11.872s] -- Installing: /home/rescue_robot/buaa_rescue_robot/install/cpp_pubsub/share/ament_index/resource_index/parent_prefix_path/cpp_pubsub
[11.872s] -- Installing: /home/rescue_robot/buaa_rescue_robot/install/cpp_pubsub/share/cpp_pubsub/environment/ament_prefix_path.sh
[11.873s] -- Installing: /home/rescue_robot/buaa_rescue_robot/install/cpp_pubsub/share/cpp_pubsub/environment/ament_prefix_path.dsv
[11.873s] -- Installing: /home/rescue_robot/buaa_rescue_robot/install/cpp_pubsub/share/cpp_pubsub/environment/path.sh
[11.873s] -- Installing: /home/rescue_robot/buaa_rescue_robot/install/cpp_pubsub/share/cpp_pubsub/environment/path.dsv
[11.873s] -- Installing: /home/rescue_robot/buaa_rescue_robot/install/cpp_pubsub/share/cpp_pubsub/local_setup.bash
[11.873s] -- Installing: /home/rescue_robot/buaa_rescue_robot/install/cpp_pubsub/share/cpp_pubsub/local_setup.sh
[11.874s] -- Installing: /home/rescue_robot/buaa_rescue_robot/install/cpp_pubsub/share/cpp_pubsub/local_setup.zsh
[11.874s] -- Installing: /home/rescue_robot/buaa_rescue_robot/install/cpp_pubsub/share/cpp_pubsub/local_setup.dsv
[11.874s] -- Installing: /home/rescue_robot/buaa_rescue_robot/install/cpp_pubsub/share/cpp_pubsub/package.dsv
[11.874s] -- Installing: /home/rescue_robot/buaa_rescue_robot/install/cpp_pubsub/share/ament_index/resource_index/packages/cpp_pubsub
[11.875s] -- Installing: /home/rescue_robot/buaa_rescue_robot/install/cpp_pubsub/share/cpp_pubsub/cmake/cpp_pubsubConfig.cmake
[11.875s] -- Installing: /home/rescue_robot/buaa_rescue_robot/install/cpp_pubsub/share/cpp_pubsub/cmake/cpp_pubsubConfig-version.cmake
[11.875s] -- Installing: /home/rescue_robot/buaa_rescue_robot/install/cpp_pubsub/share/cpp_pubsub/package.xml
[11.881s] Invoked command in '/home/rescue_robot/buaa_rescue_robot/build/cpp_pubsub' returned '0': CMAKE_PREFIX_PATH=${CMAKE_PREFIX_PATH}:/opt/ros/humble /usr/bin/cmake --install /home/rescue_robot/buaa_rescue_robot/build/cpp_pubsub
