[0.024s] Invoking command in '/home/rescue_robot/buaa_rescue_robot/build/serial': CMAKE_PREFIX_PATH=${CMAKE_PREFIX_PATH}:/opt/ros/humble /usr/bin/cmake /home/rescue_robot/buaa_rescue_robot/src/serial -DCMAKE_INSTALL_PREFIX=/home/rescue_robot/buaa_rescue_robot/install/serial
[0.150s] -- The C compiler identification is GNU 11.4.0
[0.255s] -- The CXX compiler identification is GNU 11.4.0
[0.265s] -- Detecting C compiler ABI info
[0.339s] -- Detecting C compiler ABI info - done
[0.348s] -- Check for working C compiler: /usr/bin/cc - skipped
[0.349s] -- Detecting C compile features
[0.350s] -- Detecting C compile features - done
[0.353s] -- Detecting CXX compiler ABI info
[0.445s] -- Detecting CXX compiler ABI info - done
[0.454s] -- Check for working CXX compiler: /usr/bin/c++ - skipped
[0.454s] -- Detecting CXX compile features
[0.454s] -- Detecting CXX compile features - done
[0.458s] -- Found ament_cmake: 1.3.5 (/opt/ros/humble/share/ament_cmake/cmake)
[0.647s] -- Found Python3: /usr/bin/python3.10 (found version "3.10.12") found components: Interpreter 
[0.745s] -- Found rclcpp: 16.0.5 (/opt/ros/humble/share/rclcpp/cmake)
[0.809s] -- Found rosidl_generator_c: 3.1.5 (/opt/ros/humble/share/rosidl_generator_c/cmake)
[0.816s] -- Found rosidl_adapter: 3.1.5 (/opt/ros/humble/share/rosidl_adapter/cmake)
[0.833s] -- Found rosidl_generator_cpp: 3.1.5 (/opt/ros/humble/share/rosidl_generator_cpp/cmake)
[0.851s] -- Using all available rosidl_typesupport_c: rosidl_typesupport_fastrtps_c;rosidl_typesupport_introspection_c
[0.874s] -- Using all available rosidl_typesupport_cpp: rosidl_typesupport_fastrtps_cpp;rosidl_typesupport_introspection_cpp
[0.966s] -- Found rmw_implementation_cmake: 6.1.1 (/opt/ros/humble/share/rmw_implementation_cmake/cmake)
[0.970s] -- Found rmw_fastrtps_cpp: 6.2.3 (/opt/ros/humble/share/rmw_fastrtps_cpp/cmake)
[1.079s] -- Found OpenSSL: /usr/lib/x86_64-linux-gnu/libcrypto.so (found version "3.0.2")  
[1.107s] -- Found FastRTPS: /opt/ros/humble/include  
[1.163s] -- Using RMW implementation 'rmw_fastrtps_cpp' as default
[1.174s] -- Looking for pthread.h
[1.259s] -- Looking for pthread.h - found
[1.259s] -- Performing Test CMAKE_HAVE_LIBC_PTHREAD
[1.363s] -- Performing Test CMAKE_HAVE_LIBC_PTHREAD - Success
[1.364s] -- Found Threads: TRUE  
[1.579s] [31mCMake Error at CMakeLists.txt:11 (find_package):
[1.580s]   By not providing "Findasio.cmake" in CMAKE_MODULE_PATH this project has
[1.580s]   asked CMake to find a package configuration file provided by "asio", but
[1.580s]   CMake did not find one.
[1.580s] 
[1.580s]   Could not find a package configuration file provided by "asio" with any of
[1.580s]   the following names:
[1.580s] 
[1.580s]     asioConfig.cmake
[1.580s]     asio-config.cmake
[1.580s] 
[1.580s]   Add the installation prefix of "asio" to CMAKE_PREFIX_PATH or set
[1.580s]   "asio_DIR" to a directory containing one of the above files.  If "asio"
[1.580s]   provides a separate development package or SDK, be sure it has been
[1.580s]   installed.
[1.580s] 
[1.580s] [0m
[1.581s] -- Configuring incomplete, errors occurred!
[1.581s] See also "/home/rescue_robot/buaa_rescue_robot/build/serial/CMakeFiles/CMakeOutput.log".
