[0.021s] Invoking command in '/home/rescue_robot/buaa_rescue_robot/build/serial': CMAKE_PREFIX_PATH=${CMAKE_PREFIX_PATH}:/opt/ros/humble /usr/bin/cmake /home/rescue_robot/buaa_rescue_robot/src/serial -DCMAKE_INSTALL_PREFIX=/home/rescue_robot/buaa_rescue_robot/install/serial
[0.095s] -- The C compiler identification is GNU 11.4.0
[0.172s] -- The CXX compiler identification is GNU 11.4.0
[0.180s] -- Detecting C compiler ABI info
[0.261s] -- Detecting C compiler ABI info - done
[0.274s] -- Check for working C compiler: /usr/bin/cc - skipped
[0.274s] -- Detecting C compile features
[0.275s] -- Detecting C compile features - done
[0.279s] -- Detecting CXX compiler ABI info
[0.367s] -- Detecting CXX compiler ABI info - done
[0.376s] -- Check for working CXX compiler: /usr/bin/c++ - skipped
[0.376s] -- Detecting CXX compile features
[0.377s] -- Detecting CXX compile features - done
[0.379s] -- Found ament_cmake: 1.3.5 (/opt/ros/humble/share/ament_cmake/cmake)
[0.580s] -- Found Python3: /usr/bin/python3.10 (found version "3.10.12") found components: Interpreter 
[0.676s] -- Found rclcpp: 16.0.5 (/opt/ros/humble/share/rclcpp/cmake)
[0.724s] -- Found rosidl_generator_c: 3.1.5 (/opt/ros/humble/share/rosidl_generator_c/cmake)
[0.729s] -- Found rosidl_adapter: 3.1.5 (/opt/ros/humble/share/rosidl_adapter/cmake)
[0.737s] -- Found rosidl_generator_cpp: 3.1.5 (/opt/ros/humble/share/rosidl_generator_cpp/cmake)
[0.751s] -- Using all available rosidl_typesupport_c: rosidl_typesupport_fastrtps_c;rosidl_typesupport_introspection_c
[0.771s] -- Using all available rosidl_typesupport_cpp: rosidl_typesupport_fastrtps_cpp;rosidl_typesupport_introspection_cpp
[0.854s] -- Found rmw_implementation_cmake: 6.1.1 (/opt/ros/humble/share/rmw_implementation_cmake/cmake)
[0.856s] -- Found rmw_fastrtps_cpp: 6.2.3 (/opt/ros/humble/share/rmw_fastrtps_cpp/cmake)
[0.962s] -- Found OpenSSL: /usr/lib/x86_64-linux-gnu/libcrypto.so (found version "3.0.2")  
[1.003s] -- Found FastRTPS: /opt/ros/humble/include  
[1.077s] -- Using RMW implementation 'rmw_fastrtps_cpp' as default
[1.086s] -- Looking for pthread.h
[1.175s] -- Looking for pthread.h - found
[1.176s] -- Performing Test CMAKE_HAVE_LIBC_PTHREAD
[1.257s] -- Performing Test CMAKE_HAVE_LIBC_PTHREAD - Success
[1.258s] -- Found Threads: TRUE  
[1.465s] [31mCMake Error at CMakeLists.txt:11 (find_package):
[1.465s]   By not providing "Findasio.cmake" in CMAKE_MODULE_PATH this project has
[1.465s]   asked CMake to find a package configuration file provided by "asio", but
[1.466s]   CMake did not find one.
[1.466s] 
[1.466s]   Could not find a package configuration file provided by "asio" with any of
[1.466s]   the following names:
[1.466s] 
[1.466s]     asioConfig.cmake
[1.466s]     asio-config.cmake
[1.466s] 
[1.466s]   Add the installation prefix of "asio" to CMAKE_PREFIX_PATH or set
[1.466s]   "asio_DIR" to a directory containing one of the above files.  If "asio"
[1.466s]   provides a separate development package or SDK, be sure it has been
[1.466s]   installed.
[1.466s] 
[1.466s] [0m
[1.466s] -- Configuring incomplete, errors occurred!
[1.467s] See also "/home/rescue_robot/buaa_rescue_robot/build/serial/CMakeFiles/CMakeOutput.log".
[1.477s] Invoked command in '/home/rescue_robot/buaa_rescue_robot/build/serial' returned '1': CMAKE_PREFIX_PATH=${CMAKE_PREFIX_PATH}:/opt/ros/humble /usr/bin/cmake /home/rescue_robot/buaa_rescue_robot/src/serial -DCMAKE_INSTALL_PREFIX=/home/rescue_robot/buaa_rescue_robot/install/serial
