[0.010s] Invoking command in '/home/rescue-robot/buaa_rescue_robot/build/serial': CMAKE_PREFIX_PATH=/home/rescue-robot/buaa_rescue_robot/install/buaa_rescue_robot_msgs:/home/rescue-robot/buaa_rescue_robot/install/serial:/home/rescue-robot/buaa_rescue_robot/install/keyboard_controller:/home/rescue-robot/buaa_rescue_robot/install/cpp_pubsub:/home/rescue-robot/buaa_rescue_robot/install:/home/rescue-robot/buaa_rescue_robot/install:/opt/ros/humble /usr/bin/cmake --build /home/rescue-robot/buaa_rescue_robot/build/serial -- -j8 -l8
[0.057s] [35m[1mConsolidate compiler generated dependencies of target serial_sender[0m
[0.082s] [ 50%] Built target serial_receiver
[0.087s] [ 75%] [32mBuilding CXX object CMakeFiles/serial_sender.dir/src/serial_sender.cpp.o[0m
[7.625s] [100%] [32m[1mLinking CXX executable serial_sender[0m
[7.982s] [100%] Built target serial_sender
[7.993s] Invoked command in '/home/rescue-robot/buaa_rescue_robot/build/serial' returned '0': CMAKE_PREFIX_PATH=/home/rescue-robot/buaa_rescue_robot/install/buaa_rescue_robot_msgs:/home/rescue-robot/buaa_rescue_robot/install/serial:/home/rescue-robot/buaa_rescue_robot/install/keyboard_controller:/home/rescue-robot/buaa_rescue_robot/install/cpp_pubsub:/home/rescue-robot/buaa_rescue_robot/install:/home/rescue-robot/buaa_rescue_robot/install:/opt/ros/humble /usr/bin/cmake --build /home/rescue-robot/buaa_rescue_robot/build/serial -- -j8 -l8
[8.015s] Invoking command in '/home/rescue-robot/buaa_rescue_robot/build/serial': CMAKE_PREFIX_PATH=/home/rescue-robot/buaa_rescue_robot/install/buaa_rescue_robot_msgs:/home/rescue-robot/buaa_rescue_robot/install/serial:/home/rescue-robot/buaa_rescue_robot/install/keyboard_controller:/home/rescue-robot/buaa_rescue_robot/install/cpp_pubsub:/home/rescue-robot/buaa_rescue_robot/install:/home/rescue-robot/buaa_rescue_robot/install:/opt/ros/humble /usr/bin/cmake --install /home/rescue-robot/buaa_rescue_robot/build/serial
[8.021s] -- Install configuration: ""
[8.021s] -- Installing: /home/rescue-robot/buaa_rescue_robot/install/serial/lib/serial/serial_sender
[8.024s] -- Set runtime path of "/home/rescue-robot/buaa_rescue_robot/install/serial/lib/serial/serial_sender" to ""
[8.024s] -- Up-to-date: /home/rescue-robot/buaa_rescue_robot/install/serial/lib/serial/serial_receiver
[8.024s] -- Up-to-date: /home/rescue-robot/buaa_rescue_robot/install/serial/share/ament_index/resource_index/package_run_dependencies/serial
[8.024s] -- Up-to-date: /home/rescue-robot/buaa_rescue_robot/install/serial/share/ament_index/resource_index/parent_prefix_path/serial
[8.024s] -- Up-to-date: /home/rescue-robot/buaa_rescue_robot/install/serial/share/serial/environment/ament_prefix_path.sh
[8.024s] -- Up-to-date: /home/rescue-robot/buaa_rescue_robot/install/serial/share/serial/environment/ament_prefix_path.dsv
[8.025s] -- Up-to-date: /home/rescue-robot/buaa_rescue_robot/install/serial/share/serial/environment/path.sh
[8.025s] -- Up-to-date: /home/rescue-robot/buaa_rescue_robot/install/serial/share/serial/environment/path.dsv
[8.025s] -- Up-to-date: /home/rescue-robot/buaa_rescue_robot/install/serial/share/serial/local_setup.bash
[8.025s] -- Up-to-date: /home/rescue-robot/buaa_rescue_robot/install/serial/share/serial/local_setup.sh
[8.025s] -- Up-to-date: /home/rescue-robot/buaa_rescue_robot/install/serial/share/serial/local_setup.zsh
[8.025s] -- Up-to-date: /home/rescue-robot/buaa_rescue_robot/install/serial/share/serial/local_setup.dsv
[8.025s] -- Installing: /home/rescue-robot/buaa_rescue_robot/install/serial/share/serial/package.dsv
[8.025s] -- Up-to-date: /home/rescue-robot/buaa_rescue_robot/install/serial/share/ament_index/resource_index/packages/serial
[8.025s] -- Up-to-date: /home/rescue-robot/buaa_rescue_robot/install/serial/share/serial/cmake/serialConfig.cmake
[8.025s] -- Up-to-date: /home/rescue-robot/buaa_rescue_robot/install/serial/share/serial/cmake/serialConfig-version.cmake
[8.025s] -- Up-to-date: /home/rescue-robot/buaa_rescue_robot/install/serial/share/serial/package.xml
[8.029s] Invoked command in '/home/rescue-robot/buaa_rescue_robot/build/serial' returned '0': CMAKE_PREFIX_PATH=/home/rescue-robot/buaa_rescue_robot/install/buaa_rescue_robot_msgs:/home/rescue-robot/buaa_rescue_robot/install/serial:/home/rescue-robot/buaa_rescue_robot/install/keyboard_controller:/home/rescue-robot/buaa_rescue_robot/install/cpp_pubsub:/home/rescue-robot/buaa_rescue_robot/install:/home/rescue-robot/buaa_rescue_robot/install:/opt/ros/humble /usr/bin/cmake --install /home/rescue-robot/buaa_rescue_robot/build/serial
