[0.010s] Invoking command in '/home/rescue-robot/buaa_rescue_robot/build/serial': CMAKE_PREFIX_PATH=/home/rescue-robot/buaa_rescue_robot/install/buaa_rescue_robot_msgs:/home/rescue-robot/buaa_rescue_robot/install/serial:/home/rescue-robot/buaa_rescue_robot/install/keyboard_controller:/home/rescue-robot/buaa_rescue_robot/install/cpp_pubsub:/home/rescue-robot/buaa_rescue_robot/install:/home/rescue-robot/buaa_rescue_robot/install:/opt/ros/humble /usr/bin/cmake --build /home/rescue-robot/buaa_rescue_robot/build/serial -- -j8 -l8
[0.050s] [35m[1mConsolidate compiler generated dependencies of target serial_sender[0m
[0.074s] [ 50%] Built target serial_receiver
[0.085s] [ 75%] [32mBuilding CXX object CMakeFiles/serial_sender.dir/src/serial_sender.cpp.o[0m
[2.361s] [01m[K/home/rescue-robot/buaa_rescue_robot/src/serial/src/serial_sender.cpp:[m[K In lambda function:
[2.361s] [01m[K/home/rescue-robot/buaa_rescue_robot/src/serial/src/serial_sender.cpp:64:63:[m[K [01;35m[Kwarning: [m[Kunused parameter ‘[01m[Kbytes_transferred[m[K’ [[01;35m[K]8;;https://gcc.gnu.org/onlinedocs/gcc/Warning-Options.html#index-Wunused-parameter-Wunused-parameter]8;;[m[K]
[2.361s]    64 |             [this](const asio::error_code& error, [01;35m[Kstd::size_t bytes_transferred[m[K) {
[2.361s]       |                                                   [01;35m[K~~~~~~~~~~~~^~~~~~~~~~~~~~~~~[m[K
[7.538s] [100%] [32m[1mLinking CXX executable serial_sender[0m
[7.951s] [100%] Built target serial_sender
[7.964s] Invoked command in '/home/rescue-robot/buaa_rescue_robot/build/serial' returned '0': CMAKE_PREFIX_PATH=/home/rescue-robot/buaa_rescue_robot/install/buaa_rescue_robot_msgs:/home/rescue-robot/buaa_rescue_robot/install/serial:/home/rescue-robot/buaa_rescue_robot/install/keyboard_controller:/home/rescue-robot/buaa_rescue_robot/install/cpp_pubsub:/home/rescue-robot/buaa_rescue_robot/install:/home/rescue-robot/buaa_rescue_robot/install:/opt/ros/humble /usr/bin/cmake --build /home/rescue-robot/buaa_rescue_robot/build/serial -- -j8 -l8
[7.992s] Invoking command in '/home/rescue-robot/buaa_rescue_robot/build/serial': CMAKE_PREFIX_PATH=/home/rescue-robot/buaa_rescue_robot/install/buaa_rescue_robot_msgs:/home/rescue-robot/buaa_rescue_robot/install/serial:/home/rescue-robot/buaa_rescue_robot/install/keyboard_controller:/home/rescue-robot/buaa_rescue_robot/install/cpp_pubsub:/home/rescue-robot/buaa_rescue_robot/install:/home/rescue-robot/buaa_rescue_robot/install:/opt/ros/humble /usr/bin/cmake --install /home/rescue-robot/buaa_rescue_robot/build/serial
[7.998s] -- Install configuration: ""
[7.998s] -- Installing: /home/rescue-robot/buaa_rescue_robot/install/serial/lib/serial/serial_sender
[8.001s] -- Set runtime path of "/home/rescue-robot/buaa_rescue_robot/install/serial/lib/serial/serial_sender" to ""
[8.001s] -- Up-to-date: /home/rescue-robot/buaa_rescue_robot/install/serial/lib/serial/serial_receiver
[8.001s] -- Up-to-date: /home/rescue-robot/buaa_rescue_robot/install/serial/share/ament_index/resource_index/package_run_dependencies/serial
[8.002s] -- Up-to-date: /home/rescue-robot/buaa_rescue_robot/install/serial/share/ament_index/resource_index/parent_prefix_path/serial
[8.002s] -- Up-to-date: /home/rescue-robot/buaa_rescue_robot/install/serial/share/serial/environment/ament_prefix_path.sh
[8.002s] -- Up-to-date: /home/rescue-robot/buaa_rescue_robot/install/serial/share/serial/environment/ament_prefix_path.dsv
[8.002s] -- Up-to-date: /home/rescue-robot/buaa_rescue_robot/install/serial/share/serial/environment/path.sh
[8.002s] -- Up-to-date: /home/rescue-robot/buaa_rescue_robot/install/serial/share/serial/environment/path.dsv
[8.002s] -- Up-to-date: /home/rescue-robot/buaa_rescue_robot/install/serial/share/serial/local_setup.bash
[8.002s] -- Up-to-date: /home/rescue-robot/buaa_rescue_robot/install/serial/share/serial/local_setup.sh
[8.002s] -- Up-to-date: /home/rescue-robot/buaa_rescue_robot/install/serial/share/serial/local_setup.zsh
[8.002s] -- Up-to-date: /home/rescue-robot/buaa_rescue_robot/install/serial/share/serial/local_setup.dsv
[8.002s] -- Installing: /home/rescue-robot/buaa_rescue_robot/install/serial/share/serial/package.dsv
[8.002s] -- Up-to-date: /home/rescue-robot/buaa_rescue_robot/install/serial/share/ament_index/resource_index/packages/serial
[8.002s] -- Up-to-date: /home/rescue-robot/buaa_rescue_robot/install/serial/share/serial/cmake/serialConfig.cmake
[8.002s] -- Up-to-date: /home/rescue-robot/buaa_rescue_robot/install/serial/share/serial/cmake/serialConfig-version.cmake
[8.002s] -- Up-to-date: /home/rescue-robot/buaa_rescue_robot/install/serial/share/serial/package.xml
[8.008s] Invoked command in '/home/rescue-robot/buaa_rescue_robot/build/serial' returned '0': CMAKE_PREFIX_PATH=/home/rescue-robot/buaa_rescue_robot/install/buaa_rescue_robot_msgs:/home/rescue-robot/buaa_rescue_robot/install/serial:/home/rescue-robot/buaa_rescue_robot/install/keyboard_controller:/home/rescue-robot/buaa_rescue_robot/install/cpp_pubsub:/home/rescue-robot/buaa_rescue_robot/install:/home/rescue-robot/buaa_rescue_robot/install:/opt/ros/humble /usr/bin/cmake --install /home/rescue-robot/buaa_rescue_robot/build/serial
