[01m[K/home/rescue-robot/buaa_rescue_robot/src/serial/src/serial_sender.cpp:290:49:[m[K [01;31m[Kerror: [m[Kexpected identifier before numeric constant
  290 |     std::vector<uint8_t> received_modbus_frame_([01;31m[K1024[m[K);  // 假设最大长度为1024字节
      |                                                 [01;31m[K^~~~[m[K
[01m[K/home/rescue-robot/buaa_rescue_robot/src/serial/src/serial_sender.cpp:290:49:[m[K [01;31m[Kerror: [m[Kexpected ‘[01m[K,[m[K’ or ‘[01m[K...[m[K’ before numeric constant
[01m[K/home/rescue-robot/buaa_rescue_robot/src/serial/src/serial_sender.cpp:[m[K In member function ‘[01m[Kvoid SerialSender::start_receive()[m[K’:
[01m[K/home/rescue-robot/buaa_rescue_robot/src/serial/src/serial_sender.cpp:187:52:[m[K [01;31m[Kerror: [m[Kinvalid use of non-static member function ‘[01m[Kstd::vector<unsigned char, std::allocator<unsigned char> > SerialSender::received_modbus_frame_(int)[m[K’
  187 |         serial_port_->async_read_some(asio::buffer([01;31m[Kreceived_modbus_frame_[m[K, 1024),
      |                                                    [01;31m[K^~~~~~~~~~~~~~~~~~~~~~[m[K
[01m[K/home/rescue-robot/buaa_rescue_robot/src/serial/src/serial_sender.cpp:290:26:[m[K [01;36m[Knote: [m[Kdeclared here
  290 |     std::vector<uint8_t> [01;36m[Kreceived_modbus_frame_[m[K(1024);  // 假设最大长度为1024字节
      |                          [01;36m[K^~~~~~~~~~~~~~~~~~~~~~[m[K
[01m[K/home/rescue-robot/buaa_rescue_robot/src/serial/src/serial_sender.cpp:[m[K In lambda function:
[01m[K/home/rescue-robot/buaa_rescue_robot/src/serial/src/serial_sender.cpp:194:21:[m[K [01;31m[Kerror: [m[Kinvalid use of member function ‘[01m[Kstd::vector<unsigned char, std::allocator<unsigned char> > SerialSender::received_modbus_frame_(int)[m[K’ (did you forget the ‘[01m[K()[m[K’ ?)
  194 |                     [01;31m[Kreceived_modbus_frame_[m[K.resize(bytes_transferred);  // 调整大小以匹配实际接收到的字节数
      |                     [01;31m[K^~~~~~~~~~~~~~~~~~~~~~[m[K
[01m[K/home/rescue-robot/buaa_rescue_robot/src/serial/src/serial_sender.cpp:196:46:[m[K [01;31m[Kerror: [m[Kinvalid use of non-static member function ‘[01m[Kstd::vector<unsigned char, std::allocator<unsigned char> > SerialSender::received_modbus_frame_(int)[m[K’
  196 |                     last_received_message_ = [01;31m[Kreceived_modbus_frame_[m[K;  // 更新最后接收到的消息
      |                                              [01;31m[K^~~~~~~~~~~~~~~~~~~~~~[m[K
[01m[K/home/rescue-robot/buaa_rescue_robot/src/serial/src/serial_sender.cpp:290:26:[m[K [01;36m[Knote: [m[Kdeclared here
  290 |     std::vector<uint8_t> [01;36m[Kreceived_modbus_frame_[m[K(1024);  // 假设最大长度为1024字节
      |                          [01;36m[K^~~~~~~~~~~~~~~~~~~~~~[m[K
[01m[K/home/rescue-robot/buaa_rescue_robot/src/serial/src/serial_sender.cpp:199:39:[m[K [01;31m[Kerror: [m[Kinvalid initialization of reference of type ‘[01m[Kstd::vector<unsigned char, std::allocator<unsigned char> > (SerialSender::*&&)(int)[m[K’ from expression of type ‘[01m[K<unresolved overloaded function type>[m[K’
  199 |                     for (auto &byte : [01;31m[Kreceived_modbus_frame_[m[K) {
      |                                       [01;31m[K^~~~~~~~~~~~~~~~~~~~~~[m[K
[01m[K/home/rescue-robot/buaa_rescue_robot/src/serial/src/serial_sender.cpp:199:39:[m[K [01;31m[Kerror: [m[Kno matching function for call to ‘[01m[Kbegin(std::vector<unsigned char, std::allocator<unsigned char> > (SerialSender::*&)(int))[m[K’
In file included from [01m[K/usr/include/c++/11/utility:76[m[K,
                 from [01m[K/usr/include/c++/11/bits/unique_ptr.h:36[m[K,
                 from [01m[K/usr/include/c++/11/memory:76[m[K,
                 from [01m[K/opt/ros/humble/include/rclcpp/rclcpp/rclcpp.hpp:153[m[K,
                 from [01m[K/home/rescue-robot/buaa_rescue_robot/src/serial/src/serial_sender.cpp:2[m[K:
[01m[K/usr/include/c++/11/initializer_list:90:5:[m[K [01;36m[Knote: [m[Kcandidate: ‘[01m[Ktemplate<class _Tp> constexpr const _Tp* std::begin(std::initializer_list<_Tp>)[m[K’
   90 |     [01;36m[Kbegin[m[K(initializer_list<_Tp> __ils) noexcept
      |     [01;36m[K^~~~~[m[K
[01m[K/usr/include/c++/11/initializer_list:90:5:[m[K [01;36m[Knote: [m[K  template argument deduction/substitution failed:
[01m[K/home/rescue-robot/buaa_rescue_robot/src/serial/src/serial_sender.cpp:199:39:[m[K [01;36m[Knote: [m[K  mismatched types ‘[01m[Kstd::initializer_list<_Tp>[m[K’ and ‘[01m[Kstd::vector<unsigned char, std::allocator<unsigned char> > (SerialSender::*)(int)[m[K’
  199 |                     for (auto &byte : [01;36m[Kreceived_modbus_frame_[m[K) {
      |                                       [01;36m[K^~~~~~~~~~~~~~~~~~~~~~[m[K
In file included from [01m[K/usr/include/c++/11/array:41[m[K,
                 from [01m[K/usr/include/c++/11/tuple:39[m[K,
                 from [01m[K/usr/include/c++/11/bits/unique_ptr.h:37[m[K,
                 from [01m[K/usr/include/c++/11/memory:76[m[K,
                 from [01m[K/opt/ros/humble/include/rclcpp/rclcpp/rclcpp.hpp:153[m[K,
                 from [01m[K/home/rescue-robot/buaa_rescue_robot/src/serial/src/serial_sender.cpp:2[m[K:
[01m[K/usr/include/c++/11/bits/range_access.h:51:5:[m[K [01;36m[Knote: [m[Kcandidate: ‘[01m[Ktemplate<class _Container> constexpr decltype (__cont.begin()) std::begin(_Container&)[m[K’
   51 |     [01;36m[Kbegin[m[K(_Container& __cont) -> decltype(__cont.begin())
      |     [01;36m[K^~~~~[m[K
[01m[K/usr/include/c++/11/bits/range_access.h:51:5:[m[K [01;36m[Knote: [m[K  template argument deduction/substitution failed:
/usr/include/c++/11/bits/range_access.h: In substitution of ‘[01m[Ktemplate<class _Container> constexpr decltype (__cont.begin()) std::begin(_Container&) [with _Container = std::vector<unsigned char, std::allocator<unsigned char> > (SerialSender::*)(int)][m[K’:
[01m[K/home/rescue-robot/buaa_rescue_robot/src/serial/src/serial_sender.cpp:199:39:[m[K   required from here
[01m[K/usr/include/c++/11/bits/range_access.h:51:50:[m[K [01;31m[Kerror: [m[Krequest for member ‘[01m[Kbegin[m[K’ in ‘[01m[K__cont[m[K’, which is of non-class type ‘[01m[Kstd::vector<unsigned char, std::allocator<unsigned char> > (SerialSender::*)(int)[m[K’
   51 |     begin(_Container& __cont) -> decltype([01;31m[K__cont.begin[m[K())
      |                                           [01;31m[K~~~~~~~^~~~~[m[K
[01m[K/usr/include/c++/11/bits/range_access.h:61:5:[m[K [01;36m[Knote: [m[Kcandidate: ‘[01m[Ktemplate<class _Container> constexpr decltype (__cont.begin()) std::begin(const _Container&)[m[K’
   61 |     [01;36m[Kbegin[m[K(const _Container& __cont) -> decltype(__cont.begin())
      |     [01;36m[K^~~~~[m[K
[01m[K/usr/include/c++/11/bits/range_access.h:61:5:[m[K [01;36m[Knote: [m[K  template argument deduction/substitution failed:
/usr/include/c++/11/bits/range_access.h: In substitution of ‘[01m[Ktemplate<class _Container> constexpr decltype (__cont.begin()) std::begin(const _Container&) [with _Container = std::vector<unsigned char, std::allocator<unsigned char> > (SerialSender::*)(int)][m[K’:
[01m[K/home/rescue-robot/buaa_rescue_robot/src/serial/src/serial_sender.cpp:199:39:[m[K   required from here
[01m[K/usr/include/c++/11/bits/range_access.h:61:56:[m[K [01;31m[Kerror: [m[Krequest for member ‘[01m[Kbegin[m[K’ in ‘[01m[K__cont[m[K’, which is of non-class type ‘[01m[Kstd::vector<unsigned char, std::allocator<unsigned char> > (SerialSender::* const)(int)[m[K’
   61 |     begin(const _Container& __cont) -> decltype([01;31m[K__cont.begin[m[K())
      |                                                 [01;31m[K~~~~~~~^~~~~[m[K
[01m[K/usr/include/c++/11/bits/range_access.h:90:5:[m[K [01;36m[Knote: [m[Kcandidate: ‘[01m[Ktemplate<class _Tp, long unsigned int _Nm> constexpr _Tp* std::begin(_Tp (&)[_Nm])[m[K’
   90 |     [01;36m[Kbegin[m[K(_Tp (&__arr)[_Nm]) noexcept
      |     [01;36m[K^~~~~[m[K
[01m[K/usr/include/c++/11/bits/range_access.h:90:5:[m[K [01;36m[Knote: [m[K  template argument deduction/substitution failed:
[01m[K/home/rescue-robot/buaa_rescue_robot/src/serial/src/serial_sender.cpp:199:39:[m[K [01;36m[Knote: [m[K  mismatched types ‘[01m[K_Tp [_Nm][m[K’ and ‘[01m[Kstd::vector<unsigned char, std::allocator<unsigned char> > (SerialSender::*)(int)[m[K’
  199 |                     for (auto &byte : [01;36m[Kreceived_modbus_frame_[m[K) {
      |                                       [01;36m[K^~~~~~~~~~~~~~~~~~~~~~[m[K
In file included from [01m[K/usr/include/c++/11/array:41[m[K,
                 from [01m[K/usr/include/c++/11/tuple:39[m[K,
                 from [01m[K/usr/include/c++/11/bits/unique_ptr.h:37[m[K,
                 from [01m[K/usr/include/c++/11/memory:76[m[K,
                 from [01m[K/opt/ros/humble/include/rclcpp/rclcpp/rclcpp.hpp:153[m[K,
                 from [01m[K/home/rescue-robot/buaa_rescue_robot/src/serial/src/serial_sender.cpp:2[m[K:
[01m[K/usr/include/c++/11/bits/range_access.h:107:31:[m[K [01;36m[Knote: [m[Kcandidate: ‘[01m[Ktemplate<class _Tp> _Tp* std::begin(std::valarray<_Tp>&)[m[K’
  107 |   template<typename _Tp> _Tp* [01;36m[Kbegin[m[K(valarray<_Tp>&) noexcept;
      |                               [01;36m[K^~~~~[m[K
[01m[K/usr/include/c++/11/bits/range_access.h:107:31:[m[K [01;36m[Knote: [m[K  template argument deduction/substitution failed:
[01m[K/home/rescue-robot/buaa_rescue_robot/src/serial/src/serial_sender.cpp:199:39:[m[K [01;36m[Knote: [m[K  mismatched types ‘[01m[Kstd::valarray<_Tp>[m[K’ and ‘[01m[Kstd::vector<unsigned char, std::allocator<unsigned char> > (SerialSender::*)(int)[m[K’
  199 |                     for (auto &byte : [01;36m[Kreceived_modbus_frame_[m[K) {
      |                                       [01;36m[K^~~~~~~~~~~~~~~~~~~~~~[m[K
In file included from [01m[K/usr/include/c++/11/array:41[m[K,
                 from [01m[K/usr/include/c++/11/tuple:39[m[K,
                 from [01m[K/usr/include/c++/11/bits/unique_ptr.h:37[m[K,
                 from [01m[K/usr/include/c++/11/memory:76[m[K,
                 from [01m[K/opt/ros/humble/include/rclcpp/rclcpp/rclcpp.hpp:153[m[K,
                 from [01m[K/home/rescue-robot/buaa_rescue_robot/src/serial/src/serial_sender.cpp:2[m[K:
[01m[K/usr/include/c++/11/bits/range_access.h:108:37:[m[K [01;36m[Knote: [m[Kcandidate: ‘[01m[Ktemplate<class _Tp> const _Tp* std::begin(const std::valarray<_Tp>&)[m[K’
  108 |   template<typename _Tp> const _Tp* [01;36m[Kbegin[m[K(const valarray<_Tp>&) noexcept;
      |                                     [01;36m[K^~~~~[m[K
[01m[K/usr/include/c++/11/bits/range_access.h:108:37:[m[K [01;36m[Knote: [m[K  template argument deduction/substitution failed:
[01m[K/home/rescue-robot/buaa_rescue_robot/src/serial/src/serial_sender.cpp:199:39:[m[K [01;36m[Knote: [m[K  mismatched types ‘[01m[Kconst std::valarray<_Tp>[m[K’ and ‘[01m[Kstd::vector<unsigned char, std::allocator<unsigned char> > (SerialSender::*)(int)[m[K’
  199 |                     for (auto &byte : [01;36m[Kreceived_modbus_frame_[m[K) {
      |                                       [01;36m[K^~~~~~~~~~~~~~~~~~~~~~[m[K
[01m[K/home/rescue-robot/buaa_rescue_robot/src/serial/src/serial_sender.cpp:199:39:[m[K [01;31m[Kerror: [m[Kno matching function for call to ‘[01m[Kend(std::vector<unsigned char, std::allocator<unsigned char> > (SerialSender::*&)(int))[m[K’
In file included from [01m[K/usr/include/c++/11/utility:76[m[K,
                 from [01m[K/usr/include/c++/11/bits/unique_ptr.h:36[m[K,
                 from [01m[K/usr/include/c++/11/memory:76[m[K,
                 from [01m[K/opt/ros/humble/include/rclcpp/rclcpp/rclcpp.hpp:153[m[K,
                 from [01m[K/home/rescue-robot/buaa_rescue_robot/src/serial/src/serial_sender.cpp:2[m[K:
[01m[K/usr/include/c++/11/initializer_list:101:5:[m[K [01;36m[Knote: [m[Kcandidate: ‘[01m[Ktemplate<class _Tp> constexpr const _Tp* std::end(std::initializer_list<_Tp>)[m[K’
  101 |     [01;36m[Kend[m[K(initializer_list<_Tp> __ils) noexcept
      |     [01;36m[K^~~[m[K
[01m[K/usr/include/c++/11/initializer_list:101:5:[m[K [01;36m[Knote: [m[K  template argument deduction/substitution failed:
[01m[K/home/rescue-robot/buaa_rescue_robot/src/serial/src/serial_sender.cpp:199:39:[m[K [01;36m[Knote: [m[K  mismatched types ‘[01m[Kstd::initializer_list<_Tp>[m[K’ and ‘[01m[Kstd::vector<unsigned char, std::allocator<unsigned char> > (SerialSender::*)(int)[m[K’
  199 |                     for (auto &byte : [01;36m[Kreceived_modbus_frame_[m[K) {
      |                                       [01;36m[K^~~~~~~~~~~~~~~~~~~~~~[m[K
In file included from [01m[K/usr/include/c++/11/array:41[m[K,
                 from [01m[K/usr/include/c++/11/tuple:39[m[K,
                 from [01m[K/usr/include/c++/11/bits/unique_ptr.h:37[m[K,
                 from [01m[K/usr/include/c++/11/memory:76[m[K,
                 from [01m[K/opt/ros/humble/include/rclcpp/rclcpp/rclcpp.hpp:153[m[K,
                 from [01m[K/home/rescue-robot/buaa_rescue_robot/src/serial/src/serial_sender.cpp:2[m[K:
[01m[K/usr/include/c++/11/bits/range_access.h:71:5:[m[K [01;36m[Knote: [m[Kcandidate: ‘[01m[Ktemplate<class _Container> constexpr decltype (__cont.end()) std::end(_Container&)[m[K’
   71 |     [01;36m[Kend[m[K(_Container& __cont) -> decltype(__cont.end())
      |     [01;36m[K^~~[m[K
[01m[K/usr/include/c++/11/bits/range_access.h:71:5:[m[K [01;36m[Knote: [m[K  template argument deduction/substitution failed:
/usr/include/c++/11/bits/range_access.h: In substitution of ‘[01m[Ktemplate<class _Container> constexpr decltype (__cont.end()) std::end(_Container&) [with _Container = std::vector<unsigned char, std::allocator<unsigned char> > (SerialSender::*)(int)][m[K’:
[01m[K/home/rescue-robot/buaa_rescue_robot/src/serial/src/serial_sender.cpp:199:39:[m[K   required from here
[01m[K/usr/include/c++/11/bits/range_access.h:71:48:[m[K [01;31m[Kerror: [m[Krequest for member ‘[01m[Kend[m[K’ in ‘[01m[K__cont[m[K’, which is of non-class type ‘[01m[Kstd::vector<unsigned char, std::allocator<unsigned char> > (SerialSender::*)(int)[m[K’
   71 |     end(_Container& __cont) -> decltype([01;31m[K__cont.end[m[K())
      |                                         [01;31m[K~~~~~~~^~~[m[K
[01m[K/usr/include/c++/11/bits/range_access.h:81:5:[m[K [01;36m[Knote: [m[Kcandidate: ‘[01m[Ktemplate<class _Container> constexpr decltype (__cont.end()) std::end(const _Container&)[m[K’
   81 |     [01;36m[Kend[m[K(const _Container& __cont) -> decltype(__cont.end())
      |     [01;36m[K^~~[m[K
[01m[K/usr/include/c++/11/bits/range_access.h:81:5:[m[K [01;36m[Knote: [m[K  template argument deduction/substitution failed:
/usr/include/c++/11/bits/range_access.h: In substitution of ‘[01m[Ktemplate<class _Container> constexpr decltype (__cont.end()) std::end(const _Container&) [with _Container = std::vector<unsigned char, std::allocator<unsigned char> > (SerialSender::*)(int)][m[K’:
[01m[K/home/rescue-robot/buaa_rescue_robot/src/serial/src/serial_sender.cpp:199:39:[m[K   required from here
[01m[K/usr/include/c++/11/bits/range_access.h:81:54:[m[K [01;31m[Kerror: [m[Krequest for member ‘[01m[Kend[m[K’ in ‘[01m[K__cont[m[K’, which is of non-class type ‘[01m[Kstd::vector<unsigned char, std::allocator<unsigned char> > (SerialSender::* const)(int)[m[K’
   81 |     end(const _Container& __cont) -> decltype([01;31m[K__cont.end[m[K())
      |                                               [01;31m[K~~~~~~~^~~[m[K
[01m[K/usr/include/c++/11/bits/range_access.h:100:5:[m[K [01;36m[Knote: [m[Kcandidate: ‘[01m[Ktemplate<class _Tp, long unsigned int _Nm> constexpr _Tp* std::end(_Tp (&)[_Nm])[m[K’
  100 |     [01;36m[Kend[m[K(_Tp (&__arr)[_Nm]) noexcept
      |     [01;36m[K^~~[m[K
[01m[K/usr/include/c++/11/bits/range_access.h:100:5:[m[K [01;36m[Knote: [m[K  template argument deduction/substitution failed:
[01m[K/home/rescue-robot/buaa_rescue_robot/src/serial/src/serial_sender.cpp:199:39:[m[K [01;36m[Knote: [m[K  mismatched types ‘[01m[K_Tp [_Nm][m[K’ and ‘[01m[Kstd::vector<unsigned char, std::allocator<unsigned char> > (SerialSender::*)(int)[m[K’
  199 |                     for (auto &byte : [01;36m[Kreceived_modbus_frame_[m[K) {
      |                                       [01;36m[K^~~~~~~~~~~~~~~~~~~~~~[m[K
In file included from [01m[K/usr/include/c++/11/array:41[m[K,
                 from [01m[K/usr/include/c++/11/tuple:39[m[K,
                 from [01m[K/usr/include/c++/11/bits/unique_ptr.h:37[m[K,
                 from [01m[K/usr/include/c++/11/memory:76[m[K,
                 from [01m[K/opt/ros/humble/include/rclcpp/rclcpp/rclcpp.hpp:153[m[K,
                 from [01m[K/home/rescue-robot/buaa_rescue_robot/src/serial/src/serial_sender.cpp:2[m[K:
[01m[K/usr/include/c++/11/bits/range_access.h:109:31:[m[K [01;36m[Knote: [m[Kcandidate: ‘[01m[Ktemplate<class _Tp> _Tp* std::end(std::valarray<_Tp>&)[m[K’
  109 |   template<typename _Tp> _Tp* [01;36m[Kend[m[K(valarray<_Tp>&) noexcept;
      |                               [01;36m[K^~~[m[K
[01m[K/usr/include/c++/11/bits/range_access.h:109:31:[m[K [01;36m[Knote: [m[K  template argument deduction/substitution failed:
[01m[K/home/rescue-robot/buaa_rescue_robot/src/serial/src/serial_sender.cpp:199:39:[m[K [01;36m[Knote: [m[K  mismatched types ‘[01m[Kstd::valarray<_Tp>[m[K’ and ‘[01m[Kstd::vector<unsigned char, std::allocator<unsigned char> > (SerialSender::*)(int)[m[K’
  199 |                     for (auto &byte : [01;36m[Kreceived_modbus_frame_[m[K) {
      |                                       [01;36m[K^~~~~~~~~~~~~~~~~~~~~~[m[K
In file included from [01m[K/usr/include/c++/11/array:41[m[K,
                 from [01m[K/usr/include/c++/11/tuple:39[m[K,
                 from [01m[K/usr/include/c++/11/bits/unique_ptr.h:37[m[K,
                 from [01m[K/usr/include/c++/11/memory:76[m[K,
                 from [01m[K/opt/ros/humble/include/rclcpp/rclcpp/rclcpp.hpp:153[m[K,
                 from [01m[K/home/rescue-robot/buaa_rescue_robot/src/serial/src/serial_sender.cpp:2[m[K:
[01m[K/usr/include/c++/11/bits/range_access.h:110:37:[m[K [01;36m[Knote: [m[Kcandidate: ‘[01m[Ktemplate<class _Tp> const _Tp* std::end(const std::valarray<_Tp>&)[m[K’
  110 |   template<typename _Tp> const _Tp* [01;36m[Kend[m[K(const valarray<_Tp>&) noexcept;
      |                                     [01;36m[K^~~[m[K
[01m[K/usr/include/c++/11/bits/range_access.h:110:37:[m[K [01;36m[Knote: [m[K  template argument deduction/substitution failed:
[01m[K/home/rescue-robot/buaa_rescue_robot/src/serial/src/serial_sender.cpp:199:39:[m[K [01;36m[Knote: [m[K  mismatched types ‘[01m[Kconst std::valarray<_Tp>[m[K’ and ‘[01m[Kstd::vector<unsigned char, std::allocator<unsigned char> > (SerialSender::*)(int)[m[K’
  199 |                     for (auto &byte : [01;36m[Kreceived_modbus_frame_[m[K) {
      |                                       [01;36m[K^~~~~~~~~~~~~~~~~~~~~~[m[K
[01m[K/home/rescue-robot/buaa_rescue_robot/src/serial/src/serial_sender.cpp:203:42:[m[K [01;31m[Kerror: [m[Kinvalid use of non-static member function ‘[01m[Kstd::vector<unsigned char, std::allocator<unsigned char> > SerialSender::received_modbus_frame_(int)[m[K’
  203 |                     process_modbus_frame([01;31m[Kreceived_modbus_frame_[m[K);
      |                                          [01;31m[K^~~~~~~~~~~~~~~~~~~~~~[m[K
[01m[K/home/rescue-robot/buaa_rescue_robot/src/serial/src/serial_sender.cpp:290:26:[m[K [01;36m[Knote: [m[Kdeclared here
  290 |     std::vector<uint8_t> [01;36m[Kreceived_modbus_frame_[m[K(1024);  // 假设最大长度为1024字节
      |                          [01;36m[K^~~~~~~~~~~~~~~~~~~~~~[m[K
[01m[K/home/rescue-robot/buaa_rescue_robot/src/serial/src/serial_sender.cpp:188:67:[m[K [01;35m[Kwarning: [m[Kunused parameter ‘[01m[Kbytes_transferred[m[K’ [[01;35m[K]8;;https://gcc.gnu.org/onlinedocs/gcc/Warning-Options.html#index-Wunused-parameter-Wunused-parameter]8;;[m[K]
  188 |                 [this](const asio::error_code& error, [01;35m[Kstd::size_t bytes_transferred[m[K)
      |                                                       [01;35m[K~~~~~~~~~~~~^~~~~~~~~~~~~~~~~[m[K
gmake[2]: *** [CMakeFiles/serial_sender.dir/build.make:76: CMakeFiles/serial_sender.dir/src/serial_sender.cpp.o] Error 1
gmake[1]: *** [CMakeFiles/Makefile2:139: CMakeFiles/serial_sender.dir/all] Error 2
gmake: *** [Makefile:146: all] Error 2
