[0.016s] Invoking command in '/home/rescue_robot/buaa_rescue_robot/build/cpp_pubsub': CMAKE_PREFIX_PATH=${CMAKE_PREFIX_PATH}:/opt/ros/humble /usr/bin/cmake --build /home/rescue_robot/buaa_rescue_robot/build/cpp_pubsub -- -j8 -l8
[0.098s] [ 50%] Built target listener
[0.099s] [100%] Built target talker
[0.129s] Invoked command in '/home/rescue_robot/buaa_rescue_robot/build/cpp_pubsub' returned '0': CMAKE_PREFIX_PATH=${CMAKE_PREFIX_PATH}:/opt/ros/humble /usr/bin/cmake --build /home/rescue_robot/buaa_rescue_robot/build/cpp_pubsub -- -j8 -l8
[0.177s] Invoking command in '/home/rescue_robot/buaa_rescue_robot/build/cpp_pubsub': CMAKE_PREFIX_PATH=${CMAKE_PREFIX_PATH}:/opt/ros/humble /usr/bin/cmake --install /home/rescue_robot/buaa_rescue_robot/build/cpp_pubsub
[0.185s] -- Install configuration: ""
[0.185s] -- Up-to-date: /home/rescue_robot/buaa_rescue_robot/install/cpp_pubsub/lib/cpp_pubsub/talker
[0.186s] -- Up-to-date: /home/rescue_robot/buaa_rescue_robot/install/cpp_pubsub/lib/cpp_pubsub/listener
[0.187s] -- Up-to-date: /home/rescue_robot/buaa_rescue_robot/install/cpp_pubsub/share/ament_index/resource_index/package_run_dependencies/cpp_pubsub
[0.187s] -- Up-to-date: /home/rescue_robot/buaa_rescue_robot/install/cpp_pubsub/share/ament_index/resource_index/parent_prefix_path/cpp_pubsub
[0.187s] -- Up-to-date: /home/rescue_robot/buaa_rescue_robot/install/cpp_pubsub/share/cpp_pubsub/environment/ament_prefix_path.sh
[0.187s] -- Up-to-date: /home/rescue_robot/buaa_rescue_robot/install/cpp_pubsub/share/cpp_pubsub/environment/ament_prefix_path.dsv
[0.187s] -- Up-to-date: /home/rescue_robot/buaa_rescue_robot/install/cpp_pubsub/share/cpp_pubsub/environment/path.sh
[0.187s] -- Up-to-date: /home/rescue_robot/buaa_rescue_robot/install/cpp_pubsub/share/cpp_pubsub/environment/path.dsv
[0.188s] -- Up-to-date: /home/rescue_robot/buaa_rescue_robot/install/cpp_pubsub/share/cpp_pubsub/local_setup.bash
[0.188s] -- Up-to-date: /home/rescue_robot/buaa_rescue_robot/install/cpp_pubsub/share/cpp_pubsub/local_setup.sh
[0.188s] -- Up-to-date: /home/rescue_robot/buaa_rescue_robot/install/cpp_pubsub/share/cpp_pubsub/local_setup.zsh
[0.188s] -- Up-to-date: /home/rescue_robot/buaa_rescue_robot/install/cpp_pubsub/share/cpp_pubsub/local_setup.dsv
[0.189s] -- Installing: /home/rescue_robot/buaa_rescue_robot/install/cpp_pubsub/share/cpp_pubsub/package.dsv
[0.189s] -- Up-to-date: /home/rescue_robot/buaa_rescue_robot/install/cpp_pubsub/share/ament_index/resource_index/packages/cpp_pubsub
[0.189s] -- Up-to-date: /home/rescue_robot/buaa_rescue_robot/install/cpp_pubsub/share/cpp_pubsub/cmake/cpp_pubsubConfig.cmake
[0.189s] -- Up-to-date: /home/rescue_robot/buaa_rescue_robot/install/cpp_pubsub/share/cpp_pubsub/cmake/cpp_pubsubConfig-version.cmake
[0.189s] -- Up-to-date: /home/rescue_robot/buaa_rescue_robot/install/cpp_pubsub/share/cpp_pubsub/package.xml
[0.194s] Invoked command in '/home/rescue_robot/buaa_rescue_robot/build/cpp_pubsub' returned '0': CMAKE_PREFIX_PATH=${CMAKE_PREFIX_PATH}:/opt/ros/humble /usr/bin/cmake --install /home/rescue_robot/buaa_rescue_robot/build/cpp_pubsub
