[0.013s] Invoking command in '/home/rescue_robot/buaa_rescue_robot/src/buaa_rescue_robot_msgs/build/buaa_rescue_robot_msgs': CMAKE_PREFIX_PATH=${CMAKE_PREFIX_PATH}:/opt/ros/humble /usr/bin/cmake /home/rescue_robot/buaa_rescue_robot/src/buaa_rescue_robot_msgs -DCMAKE_INSTALL_PREFIX=/home/rescue_robot/buaa_rescue_robot/src/buaa_rescue_robot_msgs/install/buaa_rescue_robot_msgs
[0.087s] -- The C compiler identification is GNU 11.4.0
[0.150s] -- The CXX compiler identification is GNU 11.4.0
[0.157s] -- Detecting C compiler ABI info
[0.229s] -- Detecting C compiler ABI info - done
[0.238s] -- Check for working C compiler: /usr/bin/cc - skipped
[0.238s] -- Detecting C compile features
[0.238s] -- Detecting C compile features - done
[0.242s] -- Detecting CXX compiler ABI info
[0.324s] -- Detecting CXX compiler ABI info - done
[0.332s] -- Check for working CXX compiler: /usr/bin/c++ - skipped
[0.333s] -- Detecting CXX compile features
[0.333s] -- Detecting CXX compile features - done
[0.336s] -- Found ament_cmake: 1.3.5 (/opt/ros/humble/share/ament_cmake/cmake)
[0.565s] -- Found Python3: /usr/bin/python3.10 (found version "3.10.12") found components: Interpreter 
[0.691s] -- Found rclcpp: 16.0.5 (/opt/ros/humble/share/rclcpp/cmake)
[0.748s] -- Found rosidl_generator_c: 3.1.5 (/opt/ros/humble/share/rosidl_generator_c/cmake)
[0.754s] -- Found rosidl_adapter: 3.1.5 (/opt/ros/humble/share/rosidl_adapter/cmake)
[0.762s] -- Found rosidl_generator_cpp: 3.1.5 (/opt/ros/humble/share/rosidl_generator_cpp/cmake)
[0.777s] -- Using all available rosidl_typesupport_c: rosidl_typesupport_fastrtps_c;rosidl_typesupport_introspection_c
[0.797s] -- Using all available rosidl_typesupport_cpp: rosidl_typesupport_fastrtps_cpp;rosidl_typesupport_introspection_cpp
[0.883s] -- Found rmw_implementation_cmake: 6.1.1 (/opt/ros/humble/share/rmw_implementation_cmake/cmake)
[0.885s] -- Found rmw_fastrtps_cpp: 6.2.3 (/opt/ros/humble/share/rmw_fastrtps_cpp/cmake)
[0.995s] -- Found OpenSSL: /usr/lib/x86_64-linux-gnu/libcrypto.so (found version "3.0.2")  
[1.026s] -- Found FastRTPS: /opt/ros/humble/include  
[1.081s] -- Using RMW implementation 'rmw_fastrtps_cpp' as default
[1.093s] -- Looking for pthread.h
[1.176s] -- Looking for pthread.h - found
[1.177s] -- Performing Test CMAKE_HAVE_LIBC_PTHREAD
[1.257s] -- Performing Test CMAKE_HAVE_LIBC_PTHREAD - Success
[1.259s] -- Found Threads: TRUE  
[1.459s] -- Found rosidl_default_generators: 1.2.0 (/opt/ros/humble/share/rosidl_default_generators/cmake)
[1.468s] [31mCMake Error at /opt/ros/humble/share/rosidl_cmake/cmake/rosidl_generate_interfaces.cmake:93 (message):
[1.469s]   rosidl_generate_interfaces() the passed file 'msg/YourMessage.msg' doesn't
[1.469s]   exist relative to the CMAKE_CURRENT_SOURCE_DIR
[1.469s]   '/home/rescue_robot/buaa_rescue_robot/src/buaa_rescue_robot_msgs'
[1.469s] Call Stack (most recent call first):
[1.469s]   CMakeLists.txt:14 (rosidl_generate_interfaces)
[1.469s] 
[1.469s] [0m
[1.469s] -- Configuring incomplete, errors occurred!
[1.470s] See also "/home/rescue_robot/buaa_rescue_robot/src/buaa_rescue_robot_msgs/build/buaa_rescue_robot_msgs/CMakeFiles/CMakeOutput.log".
[1.477s] Invoked command in '/home/rescue_robot/buaa_rescue_robot/src/buaa_rescue_robot_msgs/build/buaa_rescue_robot_msgs' returned '1': CMAKE_PREFIX_PATH=${CMAKE_PREFIX_PATH}:/opt/ros/humble /usr/bin/cmake /home/rescue_robot/buaa_rescue_robot/src/buaa_rescue_robot_msgs -DCMAKE_INSTALL_PREFIX=/home/rescue_robot/buaa_rescue_robot/src/buaa_rescue_robot_msgs/install/buaa_rescue_robot_msgs
