-- The C compiler identification is GNU 11.4.0
-- The CXX compiler identification is GNU 11.4.0
-- Detecting C compiler ABI info
-- Detecting C compiler ABI info - done
-- Check for working C compiler: /usr/bin/cc - skipped
-- Detecting C compile features
-- Detecting C compile features - done
-- Detecting CXX compiler ABI info
-- Detecting CXX compiler ABI info - done
-- Check for working CXX compiler: /usr/bin/c++ - skipped
-- Detecting CXX compile features
-- Detecting CXX compile features - done
-- Found ament_cmake: 1.3.5 (/opt/ros/humble/share/ament_cmake/cmake)
-- Found Python3: /usr/bin/python3.10 (found version "3.10.12") found components: Interpreter 
-- Found rclcpp: 16.0.5 (/opt/ros/humble/share/rclcpp/cmake)
-- Found rosidl_generator_c: 3.1.5 (/opt/ros/humble/share/rosidl_generator_c/cmake)
-- Found rosidl_adapter: 3.1.5 (/opt/ros/humble/share/rosidl_adapter/cmake)
-- Found rosidl_generator_cpp: 3.1.5 (/opt/ros/humble/share/rosidl_generator_cpp/cmake)
-- Using all available rosidl_typesupport_c: rosidl_typesupport_fastrtps_c;rosidl_typesupport_introspection_c
-- Using all available rosidl_typesupport_cpp: rosidl_typesupport_fastrtps_cpp;rosidl_typesupport_introspection_cpp
-- Found rmw_implementation_cmake: 6.1.1 (/opt/ros/humble/share/rmw_implementation_cmake/cmake)
-- Found rmw_fastrtps_cpp: 6.2.3 (/opt/ros/humble/share/rmw_fastrtps_cpp/cmake)
-- Found OpenSSL: /usr/lib/x86_64-linux-gnu/libcrypto.so (found version "3.0.2")  
-- Found FastRTPS: /opt/ros/humble/include  
-- Using RMW implementation 'rmw_fastrtps_cpp' as default
-- Looking for pthread.h
-- Looking for pthread.h - found
-- Performing Test CMAKE_HAVE_LIBC_PTHREAD
-- Performing Test CMAKE_HAVE_LIBC_PTHREAD - Success
-- Found Threads: TRUE  
-- Found rosidl_default_generators: 1.2.0 (/opt/ros/humble/share/rosidl_default_generators/cmake)
-- Found buaa_rescue_robot_msgs: 0.0.0 (/home/rescue_robot/buaa_rescue_robot/install/buaa_rescue_robot_msgs/share/buaa_rescue_robot_msgs/cmake)
-- Configuring done
-- Generating done
-- Build files have been written to: /home/rescue_robot/buaa_rescue_robot/build/serial
[ 50%] [32mBuilding CXX object CMakeFiles/serial_receiver.dir/src/serial_receiver.cpp.o[0m
[ 50%] [32mBuilding CXX object CMakeFiles/serial_sender.dir/src/serial_sender.cpp.o[0m
[01m[K/home/rescue_robot/buaa_rescue_robot/src/serial/src/serial_sender.cpp:39:25:[m[K [01;31m[Kerror: [m[K‘[01m[Keyboard_controller[m[K’ does not name a type
   39 |     void callback(const [01;31m[Keyboard_controller[m[K::msg::ControlMessage::SharedPtr msg)
      |                         [01;31m[K^~~~~~~~~~~~~~~~~~[m[K
[01m[K/home/rescue_robot/buaa_rescue_robot/src/serial/src/serial_sender.cpp:39:48:[m[K [01;31m[Kerror: [m[Kexpected unqualified-id before ‘[01m[K::[m[K’ token
   39 |     void callback(const eyboard_controller::msg[01;31m[K::[m[KControlMessage::SharedPtr msg)
      |                                                [01;31m[K^~[m[K
[01m[K/home/rescue_robot/buaa_rescue_robot/src/serial/src/serial_sender.cpp:39:48:[m[K [01;31m[Kerror: [m[Kexpected ‘[01m[K)[m[K’ before ‘[01m[K::[m[K’ token
   39 |     void callback[34m[K([m[Kconst eyboard_controller::msg[01;31m[K:[m[K[32m[K:[m[KControlMessage::SharedPtr msg)
      |                  [34m[K~[m[K                             [01;31m[K^[m[K[32m[K~[m[K
      |                                                [32m[K)[m[K
[01m[K/home/rescue_robot/buaa_rescue_robot/src/serial/src/serial_sender.cpp:39:45:[m[K [01;31m[Kerror: [m[Kexpected ‘[01m[K;[m[K’ at end of member declaration
   39 |     void callback(const eyboard_controller::[01;31m[Kmsg[m[K::ControlMessage::SharedPtr msg)
      |                                             [01;31m[K^~~[m[K
      |                                                [32m[K;[m[K
[01m[K/home/rescue_robot/buaa_rescue_robot/src/serial/src/serial_sender.cpp:39:50:[m[K [01;31m[Kerror: [m[K‘[01m[KControlMessage[m[K’ in namespace ‘[01m[K::[m[K’ does not name a type
   39 |     void callback(const eyboard_controller::msg::[01;31m[KControlMessage[m[K::SharedPtr msg)
      |                                                  [01;31m[K^~~~~~~~~~~~~~[m[K
[01m[K/home/rescue_robot/buaa_rescue_robot/src/serial/src/serial_sender.cpp:[m[K In constructor ‘[01m[KSerialSender::SerialSender()[m[K’:
[01m[K/home/rescue_robot/buaa_rescue_robot/src/serial/src/serial_sender.cpp:34:76:[m[K [01;31m[Kerror: [m[Kno match for ‘[01m[Koperator=[m[K’ (operand types are ‘[01m[Krclcpp::Subscription<std_msgs::msg::String_<std::allocator<void> > >::SharedPtr[m[K’ {aka ‘[01m[Kstd::shared_ptr<rclcpp::Subscription<std_msgs::msg::String_<std::allocator<void> > > >[m[K’} and ‘[01m[Kstd::shared_ptr<rclcpp::Subscription<buaa_rescue_robot_msgs::msg::ControlMessage_<std::allocator<void> >, std::allocator<void>, buaa_rescue_robot_msgs::msg::ControlMessage_<std::allocator<void> >, buaa_rescue_robot_msgs::msg::ControlMessage_<std::allocator<void> >, rclcpp::message_memory_strategy::MessageMemoryStrategy<buaa_rescue_robot_msgs::msg::ControlMessage_<std::allocator<void> >, std::allocator<void> > > >[m[K’)
   34 |             std::bind(&SerialSender::callback, this, std::placeholders::_1)[01;31m[K)[m[K;
      |                                                                            [01;31m[K^[m[K
In file included from [01m[K/usr/include/c++/11/memory:77[m[K,
                 from [01m[K/opt/ros/humble/include/rclcpp/rclcpp/rclcpp.hpp:153[m[K,
                 from [01m[K/home/rescue_robot/buaa_rescue_robot/src/serial/src/serial_sender.cpp:1[m[K:
[01m[K/usr/include/c++/11/bits/shared_ptr.h:363:9:[m[K [01;36m[Knote: [m[Kcandidate: ‘[01m[Ktemplate<class _Yp> std::shared_ptr<_Tp>::_Assignable<const std::shared_ptr<_Yp>&> std::shared_ptr<_Tp>::operator=(const std::shared_ptr<_Yp>&) [with _Yp = _Yp; _Tp = rclcpp::Subscription<std_msgs::msg::String_<std::allocator<void> > >][m[K’
  363 |         [01;36m[Koperator[m[K=(const shared_ptr<_Yp>& __r) noexcept
      |         [01;36m[K^~~~~~~~[m[K
[01m[K/usr/include/c++/11/bits/shared_ptr.h:363:9:[m[K [01;36m[Knote: [m[K  template argument deduction/substitution failed:
/usr/include/c++/11/bits/shared_ptr.h: In substitution of ‘[01m[Ktemplate<class _Tp> template<class _Arg> using _Assignable = typename std::enable_if<std::is_assignable<std::__shared_ptr<_Tp>&, _Arg>::value, std::shared_ptr<_Tp>&>::type [with _Arg = const std::shared_ptr<rclcpp::Subscription<buaa_rescue_robot_msgs::msg::ControlMessage_<std::allocator<void> >, std::allocator<void>, buaa_rescue_robot_msgs::msg::ControlMessage_<std::allocator<void> >, buaa_rescue_robot_msgs::msg::ControlMessage_<std::allocator<void> >, rclcpp::message_memory_strategy::MessageMemoryStrategy<buaa_rescue_robot_msgs::msg::ControlMessage_<std::allocator<void> >, std::allocator<void> > > >&; _Tp = rclcpp::Subscription<std_msgs::msg::String_<std::allocator<void> > >][m[K’:
[01m[K/usr/include/c++/11/bits/shared_ptr.h:363:2:[m[K   required by substitution of ‘[01m[Ktemplate<class _Yp> std::shared_ptr<rclcpp::Subscription<std_msgs::msg::String_<std::allocator<void> > > >::_Assignable<const std::shared_ptr<_Tp>&> std::shared_ptr<rclcpp::Subscription<std_msgs::msg::String_<std::allocator<void> > > >::operator=<_Yp>(const std::shared_ptr<_Tp>&) [with _Yp = rclcpp::Subscription<buaa_rescue_robot_msgs::msg::ControlMessage_<std::allocator<void> >, std::allocator<void>, buaa_rescue_robot_msgs::msg::ControlMessage_<std::allocator<void> >, buaa_rescue_robot_msgs::msg::ControlMessage_<std::allocator<void> >, rclcpp::message_memory_strategy::MessageMemoryStrategy<buaa_rescue_robot_msgs::msg::ControlMessage_<std::allocator<void> >, std::allocator<void> > >][m[K’
[01m[K/home/rescue_robot/buaa_rescue_robot/src/serial/src/serial_sender.cpp:34:76:[m[K   required from here
[01m[K/usr/include/c++/11/bits/shared_ptr.h:130:15:[m[K [01;31m[Kerror: [m[Kno type named ‘[01m[Ktype[m[K’ in ‘[01m[Kstruct std::enable_if<false, std::shared_ptr<rclcpp::Subscription<std_msgs::msg::String_<std::allocator<void> > > >&>[m[K’
  130 |         using [01;31m[K_Assignable[m[K = typename enable_if<
      |               [01;31m[K^~~~~~~~~~~[m[K
[01m[K/usr/include/c++/11/bits/shared_ptr.h:374:9:[m[K [01;36m[Knote: [m[Kcandidate: ‘[01m[Ktemplate<class _Yp> std::shared_ptr<_Tp>::_Assignable<std::auto_ptr<_Up> > std::shared_ptr<_Tp>::operator=(std::auto_ptr<_Up>&&) [with _Yp = _Yp; _Tp = rclcpp::Subscription<std_msgs::msg::String_<std::allocator<void> > >][m[K’
  374 |         [01;36m[Koperator[m[K=(auto_ptr<_Yp>&& __r)
      |         [01;36m[K^~~~~~~~[m[K
[01m[K/usr/include/c++/11/bits/shared_ptr.h:374:9:[m[K [01;36m[Knote: [m[K  template argument deduction/substitution failed:
[01m[K/home/rescue_robot/buaa_rescue_robot/src/serial/src/serial_sender.cpp:34:76:[m[K [01;36m[Knote: [m[K  ‘[01m[Kstd::shared_ptr<rclcpp::Subscription<buaa_rescue_robot_msgs::msg::ControlMessage_<std::allocator<void> >, std::allocator<void>, buaa_rescue_robot_msgs::msg::ControlMessage_<std::allocator<void> >, buaa_rescue_robot_msgs::msg::ControlMessage_<std::allocator<void> >, rclcpp::message_memory_strategy::MessageMemoryStrategy<buaa_rescue_robot_msgs::msg::ControlMessage_<std::allocator<void> >, std::allocator<void> > > >[m[K’ is not derived from ‘[01m[Kstd::auto_ptr<_Up>[m[K’
   34 |             std::bind(&SerialSender::callback, this, std::placeholders::_1)[01;36m[K)[m[K;
      |                                                                            [01;36m[K^[m[K
In file included from [01m[K/usr/include/c++/11/memory:77[m[K,
                 from [01m[K/opt/ros/humble/include/rclcpp/rclcpp/rclcpp.hpp:153[m[K,
                 from [01m[K/home/rescue_robot/buaa_rescue_robot/src/serial/src/serial_sender.cpp:1[m[K:
[01m[K/usr/include/c++/11/bits/shared_ptr.h:391:9:[m[K [01;36m[Knote: [m[Kcandidate: ‘[01m[Ktemplate<class _Yp> std::shared_ptr<_Tp>::_Assignable<std::shared_ptr<_Yp> > std::shared_ptr<_Tp>::operator=(std::shared_ptr<_Yp>&&) [with _Yp = _Yp; _Tp = rclcpp::Subscription<std_msgs::msg::String_<std::allocator<void> > >][m[K’
  391 |         [01;36m[Koperator[m[K=(shared_ptr<_Yp>&& __r) noexcept
      |         [01;36m[K^~~~~~~~[m[K
[01m[K/usr/include/c++/11/bits/shared_ptr.h:391:9:[m[K [01;36m[Knote: [m[K  template argument deduction/substitution failed:
/usr/include/c++/11/bits/shared_ptr.h: In substitution of ‘[01m[Ktemplate<class _Tp> template<class _Arg> using _Assignable = typename std::enable_if<std::is_assignable<std::__shared_ptr<_Tp>&, _Arg>::value, std::shared_ptr<_Tp>&>::type [with _Arg = std::shared_ptr<rclcpp::Subscription<buaa_rescue_robot_msgs::msg::ControlMessage_<std::allocator<void> >, std::allocator<void>, buaa_rescue_robot_msgs::msg::ControlMessage_<std::allocator<void> >, buaa_rescue_robot_msgs::msg::ControlMessage_<std::allocator<void> >, rclcpp::message_memory_strategy::MessageMemoryStrategy<buaa_rescue_robot_msgs::msg::ControlMessage_<std::allocator<void> >, std::allocator<void> > > >; _Tp = rclcpp::Subscription<std_msgs::msg::String_<std::allocator<void> > >][m[K’:
[01m[K/usr/include/c++/11/bits/shared_ptr.h:391:2:[m[K   required by substitution of ‘[01m[Ktemplate<class _Yp> std::shared_ptr<rclcpp::Subscription<std_msgs::msg::String_<std::allocator<void> > > >::_Assignable<std::shared_ptr<_Tp> > std::shared_ptr<rclcpp::Subscription<std_msgs::msg::String_<std::allocator<void> > > >::operator=<_Yp>(std::shared_ptr<_Tp>&&) [with _Yp = rclcpp::Subscription<buaa_rescue_robot_msgs::msg::ControlMessage_<std::allocator<void> >, std::allocator<void>, buaa_rescue_robot_msgs::msg::ControlMessage_<std::allocator<void> >, buaa_rescue_robot_msgs::msg::ControlMessage_<std::allocator<void> >, rclcpp::message_memory_strategy::MessageMemoryStrategy<buaa_rescue_robot_msgs::msg::ControlMessage_<std::allocator<void> >, std::allocator<void> > >][m[K’
[01m[K/home/rescue_robot/buaa_rescue_robot/src/serial/src/serial_sender.cpp:34:76:[m[K   required from here
[01m[K/usr/include/c++/11/bits/shared_ptr.h:130:15:[m[K [01;31m[Kerror: [m[Kno type named ‘[01m[Ktype[m[K’ in ‘[01m[Kstruct std::enable_if<false, std::shared_ptr<rclcpp::Subscription<std_msgs::msg::String_<std::allocator<void> > > >&>[m[K’
  130 |         using [01;31m[K_Assignable[m[K = typename enable_if<
      |               [01;31m[K^~~~~~~~~~~[m[K
[01m[K/usr/include/c++/11/bits/shared_ptr.h:399:9:[m[K [01;36m[Knote: [m[Kcandidate: ‘[01m[Ktemplate<class _Yp, class _Del> std::shared_ptr<_Tp>::_Assignable<std::unique_ptr<_Up, _Ep> > std::shared_ptr<_Tp>::operator=(std::unique_ptr<_Up, _Ep>&&) [with _Yp = _Yp; _Del = _Del; _Tp = rclcpp::Subscription<std_msgs::msg::String_<std::allocator<void> > >][m[K’
  399 |         [01;36m[Koperator[m[K=(unique_ptr<_Yp, _Del>&& __r)
      |         [01;36m[K^~~~~~~~[m[K
[01m[K/usr/include/c++/11/bits/shared_ptr.h:399:9:[m[K [01;36m[Knote: [m[K  template argument deduction/substitution failed:
[01m[K/home/rescue_robot/buaa_rescue_robot/src/serial/src/serial_sender.cpp:34:76:[m[K [01;36m[Knote: [m[K  ‘[01m[Kstd::shared_ptr<rclcpp::Subscription<buaa_rescue_robot_msgs::msg::ControlMessage_<std::allocator<void> >, std::allocator<void>, buaa_rescue_robot_msgs::msg::ControlMessage_<std::allocator<void> >, buaa_rescue_robot_msgs::msg::ControlMessage_<std::allocator<void> >, rclcpp::message_memory_strategy::MessageMemoryStrategy<buaa_rescue_robot_msgs::msg::ControlMessage_<std::allocator<void> >, std::allocator<void> > > >[m[K’ is not derived from ‘[01m[Kstd::unique_ptr<_Tp, _Dp>[m[K’
   34 |             std::bind(&SerialSender::callback, this, std::placeholders::_1)[01;36m[K)[m[K;
      |                                                                            [01;36m[K^[m[K
In file included from [01m[K/usr/include/c++/11/memory:77[m[K,
                 from [01m[K/opt/ros/humble/include/rclcpp/rclcpp/rclcpp.hpp:153[m[K,
                 from [01m[K/home/rescue_robot/buaa_rescue_robot/src/serial/src/serial_sender.cpp:1[m[K:
[01m[K/usr/include/c++/11/bits/shared_ptr.h:359:19:[m[K [01;36m[Knote: [m[Kcandidate: ‘[01m[Kstd::shared_ptr<_Tp>& std::shared_ptr<_Tp>::operator=(const std::shared_ptr<_Tp>&) [with _Tp = rclcpp::Subscription<std_msgs::msg::String_<std::allocator<void> > >][m[K’
  359 |       shared_ptr& [01;36m[Koperator[m[K=(const shared_ptr&) noexcept = default;
      |                   [01;36m[K^~~~~~~~[m[K
[01m[K/usr/include/c++/11/bits/shared_ptr.h:359:29:[m[K [01;36m[Knote: [m[K  no known conversion for argument 1 from ‘[01m[Kstd::shared_ptr<rclcpp::Subscription<buaa_rescue_robot_msgs::msg::ControlMessage_<std::allocator<void> >, std::allocator<void>, buaa_rescue_robot_msgs::msg::ControlMessage_<std::allocator<void> >, buaa_rescue_robot_msgs::msg::ControlMessage_<std::allocator<void> >, rclcpp::message_memory_strategy::MessageMemoryStrategy<buaa_rescue_robot_msgs::msg::ControlMessage_<std::allocator<void> >, std::allocator<void> > > >[m[K’ to ‘[01m[Kconst std::shared_ptr<rclcpp::Subscription<std_msgs::msg::String_<std::allocator<void> > > >&[m[K’
  359 |       shared_ptr& operator=([01;36m[Kconst shared_ptr&[m[K) noexcept = default;
      |                             [01;36m[K^~~~~~~~~~~~~~~~~[m[K
[01m[K/usr/include/c++/11/bits/shared_ptr.h:383:7:[m[K [01;36m[Knote: [m[Kcandidate: ‘[01m[Kstd::shared_ptr<_Tp>& std::shared_ptr<_Tp>::operator=(std::shared_ptr<_Tp>&&) [with _Tp = rclcpp::Subscription<std_msgs::msg::String_<std::allocator<void> > >][m[K’
  383 |       [01;36m[Koperator[m[K=(shared_ptr&& __r) noexcept
      |       [01;36m[K^~~~~~~~[m[K
[01m[K/usr/include/c++/11/bits/shared_ptr.h:383:30:[m[K [01;36m[Knote: [m[K  no known conversion for argument 1 from ‘[01m[Kstd::shared_ptr<rclcpp::Subscription<buaa_rescue_robot_msgs::msg::ControlMessage_<std::allocator<void> >, std::allocator<void>, buaa_rescue_robot_msgs::msg::ControlMessage_<std::allocator<void> >, buaa_rescue_robot_msgs::msg::ControlMessage_<std::allocator<void> >, rclcpp::message_memory_strategy::MessageMemoryStrategy<buaa_rescue_robot_msgs::msg::ControlMessage_<std::allocator<void> >, std::allocator<void> > > >[m[K’ to ‘[01m[Kstd::shared_ptr<rclcpp::Subscription<std_msgs::msg::String_<std::allocator<void> > > >&&[m[K’
  383 |       operator=([01;36m[Kshared_ptr&& __r[m[K) noexcept
      |                 [01;36m[K~~~~~~~~~~~~~^~~[m[K
In file included from [01m[K/opt/ros/humble/include/rclcpp/rclcpp/client.hpp:39[m[K,
                 from [01m[K/opt/ros/humble/include/rclcpp/rclcpp/callback_group.hpp:24[m[K,
                 from [01m[K/opt/ros/humble/include/rclcpp/rclcpp/any_executable.hpp:20[m[K,
                 from [01m[K/opt/ros/humble/include/rclcpp/rclcpp/memory_strategy.hpp:25[m[K,
                 from [01m[K/opt/ros/humble/include/rclcpp/rclcpp/memory_strategies.hpp:18[m[K,
                 from [01m[K/opt/ros/humble/include/rclcpp/rclcpp/executor_options.hpp:20[m[K,
                 from [01m[K/opt/ros/humble/include/rclcpp/rclcpp/executor.hpp:37[m[K,
                 from [01m[K/opt/ros/humble/include/rclcpp/rclcpp/executors/multi_threaded_executor.hpp:25[m[K,
                 from [01m[K/opt/ros/humble/include/rclcpp/rclcpp/executors.hpp:21[m[K,
                 from [01m[K/opt/ros/humble/include/rclcpp/rclcpp/rclcpp.hpp:155[m[K,
                 from [01m[K/home/rescue_robot/buaa_rescue_robot/src/serial/src/serial_sender.cpp:1[m[K:
/opt/ros/humble/include/rclcpp/rclcpp/function_traits.hpp: In instantiation of ‘[01m[Kstruct rclcpp::function_traits::function_traits<std::_Bind<void (SerialSender::*(SerialSender*, std::_Placeholder<1>))(...)> >[m[K’:
[01m[K/opt/ros/humble/include/rclcpp/rclcpp/any_subscription_callback.hpp:380:10:[m[K   recursively required by substitution of ‘[01m[Ktemplate<class MessageT, class CallbackT> struct rclcpp::detail::SubscriptionCallbackTypeHelper<MessageT, CallbackT, typename std::enable_if<rclcpp::function_traits::same_arguments<CallbackT, std::function<void(std::shared_ptr<_Tp>, const rclcpp::MessageInfo&)> >::value, void>::type> [with MessageT = buaa_rescue_robot_msgs::msg::ControlMessage_<std::allocator<void> >; CallbackT = std::_Bind<void (SerialSender::*(SerialSender*, std::_Placeholder<1>))(...)>][m[K’
[01m[K/opt/ros/humble/include/rclcpp/rclcpp/any_subscription_callback.hpp:380:10:[m[K   required from ‘[01m[Krclcpp::AnySubscriptionCallback<MessageT, AllocatorT> rclcpp::AnySubscriptionCallback<MessageT, AllocatorT>::set(CallbackT) [with CallbackT = std::_Bind<void (SerialSender::*(SerialSender*, std::_Placeholder<1>))(...)>; MessageT = buaa_rescue_robot_msgs::msg::ControlMessage_<std::allocator<void> >; AllocatorT = std::allocator<void>][m[K’
[01m[K/opt/ros/humble/include/rclcpp/rclcpp/subscription_factory.hpp:94:32:[m[K   required from ‘[01m[Krclcpp::SubscriptionFactory rclcpp::create_subscription_factory(CallbackT&&, const rclcpp::SubscriptionOptionsWithAllocator<AllocatorT>&, typename MessageMemoryStrategyT::SharedPtr, std::shared_ptr<rclcpp::topic_statistics::SubscriptionTopicStatistics<ROSMessageType> >) [with MessageT = buaa_rescue_robot_msgs::msg::ControlMessage_<std::allocator<void> >; CallbackT = std::_Bind<void (SerialSender::*(SerialSender*, std::_Placeholder<1>))(...)>; AllocatorT = std::allocator<void>; SubscriptionT = rclcpp::Subscription<buaa_rescue_robot_msgs::msg::ControlMessage_<std::allocator<void> >, std::allocator<void>, buaa_rescue_robot_msgs::msg::ControlMessage_<std::allocator<void> >, buaa_rescue_robot_msgs::msg::ControlMessage_<std::allocator<void> >, rclcpp::message_memory_strategy::MessageMemoryStrategy<buaa_rescue_robot_msgs::msg::ControlMessage_<std::allocator<void> >, std::allocator<void> > >; MessageMemoryStrategyT = rclcpp::message_memory_strategy::MessageMemoryStrategy<buaa_rescue_robot_msgs::msg::ControlMessage_<std::allocator<void> >, std::allocator<void> >; ROSMessageType = buaa_rescue_robot_msgs::msg::ControlMessage_<std::allocator<void> >; typename MessageMemoryStrategyT::SharedPtr = std::shared_ptr<rclcpp::message_memory_strategy::MessageMemoryStrategy<buaa_rescue_robot_msgs::msg::ControlMessage_<std::allocator<void> >, std::allocator<void> > >][m[K’
[01m[K/opt/ros/humble/include/rclcpp/rclcpp/create_subscription.hpp:122:63:[m[K   required from ‘[01m[Kstd::shared_ptr<ROSMessageT> rclcpp::detail::create_subscription(NodeParametersT&, NodeTopicsT&, const string&, const rclcpp::QoS&, CallbackT&&, const rclcpp::SubscriptionOptionsWithAllocator<AllocatorT>&, typename MessageMemoryStrategyT::SharedPtr) [with MessageT = buaa_rescue_robot_msgs::msg::ControlMessage_<std::allocator<void> >; CallbackT = std::_Bind<void (SerialSender::*(SerialSender*, std::_Placeholder<1>))(...)>; AllocatorT = std::allocator<void>; SubscriptionT = rclcpp::Subscription<buaa_rescue_robot_msgs::msg::ControlMessage_<std::allocator<void> >, std::allocator<void>, buaa_rescue_robot_msgs::msg::ControlMessage_<std::allocator<void> >, buaa_rescue_robot_msgs::msg::ControlMessage_<std::allocator<void> >, rclcpp::message_memory_strategy::MessageMemoryStrategy<buaa_rescue_robot_msgs::msg::ControlMessage_<std::allocator<void> >, std::allocator<void> > >; MessageMemoryStrategyT = rclcpp::message_memory_strategy::MessageMemoryStrategy<buaa_rescue_robot_msgs::msg::ControlMessage_<std::allocator<void> >, std::allocator<void> >; NodeParametersT = rclcpp::Node; NodeTopicsT = rclcpp::Node; ROSMessageType = buaa_rescue_robot_msgs::msg::ControlMessage_<std::allocator<void> >; std::string = std::__cxx11::basic_string<char>; typename MessageMemoryStrategyT::SharedPtr = std::shared_ptr<rclcpp::message_memory_strategy::MessageMemoryStrategy<buaa_rescue_robot_msgs::msg::ControlMessage_<std::allocator<void> >, std::allocator<void> > >][m[K’
[01m[K/opt/ros/humble/include/rclcpp/rclcpp/create_subscription.hpp:191:76:[m[K   required from ‘[01m[Kstd::shared_ptr<ROSMessageT> rclcpp::create_subscription(NodeT&, const string&, const rclcpp::QoS&, CallbackT&&, const rclcpp::SubscriptionOptionsWithAllocator<AllocatorT>&, typename MessageMemoryStrategyT::SharedPtr) [with MessageT = buaa_rescue_robot_msgs::msg::ControlMessage_<std::allocator<void> >; CallbackT = std::_Bind<void (SerialSender::*(SerialSender*, std::_Placeholder<1>))(...)>; AllocatorT = std::allocator<void>; SubscriptionT = rclcpp::Subscription<buaa_rescue_robot_msgs::msg::ControlMessage_<std::allocator<void> >, std::allocator<void>, buaa_rescue_robot_msgs::msg::ControlMessage_<std::allocator<void> >, buaa_rescue_robot_msgs::msg::ControlMessage_<std::allocator<void> >, rclcpp::message_memory_strategy::MessageMemoryStrategy<buaa_rescue_robot_msgs::msg::ControlMessage_<std::allocator<void> >, std::allocator<void> > >; MessageMemoryStrategyT = rclcpp::message_memory_strategy::MessageMemoryStrategy<buaa_rescue_robot_msgs::msg::ControlMessage_<std::allocator<void> >, std::allocator<void> >; NodeT = rclcpp::Node; std::string = std::__cxx11::basic_string<char>; typename MessageMemoryStrategyT::SharedPtr = std::shared_ptr<rclcpp::message_memory_strategy::MessageMemoryStrategy<buaa_rescue_robot_msgs::msg::ControlMessage_<std::allocator<void> >, std::allocator<void> > >][m[K’
[01m[K/opt/ros/humble/include/rclcpp/rclcpp/node_impl.hpp:99:47:[m[K   required from ‘[01m[Kstd::shared_ptr<ROSMessageT> rclcpp::Node::create_subscription(const string&, const rclcpp::QoS&, CallbackT&&, const rclcpp::SubscriptionOptionsWithAllocator<AllocatorT>&, typename MessageMemoryStrategyT::SharedPtr) [with MessageT = buaa_rescue_robot_msgs::msg::ControlMessage_<std::allocator<void> >; CallbackT = std::_Bind<void (SerialSender::*(SerialSender*, std::_Placeholder<1>))(...)>; AllocatorT = std::allocator<void>; SubscriptionT = rclcpp::Subscription<buaa_rescue_robot_msgs::msg::ControlMessage_<std::allocator<void> >, std::allocator<void>, buaa_rescue_robot_msgs::msg::ControlMessage_<std::allocator<void> >, buaa_rescue_robot_msgs::msg::ControlMessage_<std::allocator<void> >, rclcpp::message_memory_strategy::MessageMemoryStrategy<buaa_rescue_robot_msgs::msg::ControlMessage_<std::allocator<void> >, std::allocator<void> > >; MessageMemoryStrategyT = rclcpp::message_memory_strategy::MessageMemoryStrategy<buaa_rescue_robot_msgs::msg::ControlMessage_<std::allocator<void> >, std::allocator<void> >; std::string = std::__cxx11::basic_string<char>; typename MessageMemoryStrategyT::SharedPtr = std::shared_ptr<rclcpp::message_memory_strategy::MessageMemoryStrategy<buaa_rescue_robot_msgs::msg::ControlMessage_<std::allocator<void> >, std::allocator<void> > >][m[K’
[01m[K/home/rescue_robot/buaa_rescue_robot/src/serial/src/serial_sender.cpp:31:95:[m[K   required from here
[01m[K/opt/ros/humble/include/rclcpp/rclcpp/function_traits.hpp:51:9:[m[K [01;31m[Kerror: [m[K‘[01m[Kdecltype[m[K’ cannot resolve address of overloaded function
   51 |   using [01;31m[Karguments[m[K = typename tuple_tail<
      |         [01;31m[K^~~~~~~~~[m[K
[01m[K/opt/ros/humble/include/rclcpp/rclcpp/function_traits.hpp:57:9:[m[K [01;31m[Kerror: [m[K‘[01m[Kdecltype[m[K’ cannot resolve address of overloaded function
   57 |   using [01;31m[Kargument_type[m[K = typename std::tuple_element<N, arguments>::type;
      |         [01;31m[K^~~~~~~~~~~~~[m[K
[01m[K/opt/ros/humble/include/rclcpp/rclcpp/function_traits.hpp:59:9:[m[K [01;31m[Kerror: [m[K‘[01m[Kdecltype[m[K’ cannot resolve address of overloaded function
   59 |   using [01;31m[Kreturn_type[m[K = typename function_traits<decltype( &FunctionT::operator())>::return_type;
      |         [01;31m[K^~~~~~~~~~~[m[K
[ 75%] [32m[1mLinking CXX executable serial_receiver[0m
[ 75%] Built target serial_receiver
gmake[2]: *** [CMakeFiles/serial_sender.dir/build.make:76: CMakeFiles/serial_sender.dir/src/serial_sender.cpp.o] Error 1
gmake[1]: *** [CMakeFiles/Makefile2:139: CMakeFiles/serial_sender.dir/all] Error 2
gmake: *** [Makefile:146: all] Error 2
