[0.023s] Invoking command in '/home/rescue_robot/buaa_rescue_robot/build/serial': CMAKE_PREFIX_PATH=/home/rescue_robot/buaa_rescue_robot/install/buaa_rescue_robot_msgs:/home/rescue_robot/buaa_rescue_robot/install/serial:/home/rescue_robot/buaa_rescue_robot/install/keyboard_controller:/home/rescue_robot/buaa_rescue_robot/install/cpp_pubsub:/opt/ros/humble /usr/bin/cmake --build /home/rescue_robot/buaa_rescue_robot/build/serial -- -j8 -l8
[0.096s] [35m[1mConsolidate compiler generated dependencies of target serial_sender[0m
[0.122s] [ 50%] Built target serial_receiver
[0.132s] [ 75%] [32mBuilding CXX object CMakeFiles/serial_sender.dir/src/serial_sender.cpp.o[0m
[12.352s] [100%] [32m[1mLinking CXX executable serial_sender[0m
[12.961s] [100%] Built target serial_sender
[12.974s] Invoked command in '/home/rescue_robot/buaa_rescue_robot/build/serial' returned '0': CMAKE_PREFIX_PATH=/home/rescue_robot/buaa_rescue_robot/install/buaa_rescue_robot_msgs:/home/rescue_robot/buaa_rescue_robot/install/serial:/home/rescue_robot/buaa_rescue_robot/install/keyboard_controller:/home/rescue_robot/buaa_rescue_robot/install/cpp_pubsub:/opt/ros/humble /usr/bin/cmake --build /home/rescue_robot/buaa_rescue_robot/build/serial -- -j8 -l8
[13.005s] Invoking command in '/home/rescue_robot/buaa_rescue_robot/build/serial': CMAKE_PREFIX_PATH=/home/rescue_robot/buaa_rescue_robot/install/buaa_rescue_robot_msgs:/home/rescue_robot/buaa_rescue_robot/install/serial:/home/rescue_robot/buaa_rescue_robot/install/keyboard_controller:/home/rescue_robot/buaa_rescue_robot/install/cpp_pubsub:/opt/ros/humble /usr/bin/cmake --install /home/rescue_robot/buaa_rescue_robot/build/serial
[13.015s] -- Install configuration: ""
[13.016s] -- Installing: /home/rescue_robot/buaa_rescue_robot/install/serial/lib/serial/serial_sender
[13.024s] -- Set runtime path of "/home/rescue_robot/buaa_rescue_robot/install/serial/lib/serial/serial_sender" to ""
[13.024s] -- Up-to-date: /home/rescue_robot/buaa_rescue_robot/install/serial/lib/serial/serial_receiver
[13.024s] -- Up-to-date: /home/rescue_robot/buaa_rescue_robot/install/serial/share/ament_index/resource_index/package_run_dependencies/serial
[13.024s] -- Up-to-date: /home/rescue_robot/buaa_rescue_robot/install/serial/share/ament_index/resource_index/parent_prefix_path/serial
[13.025s] -- Up-to-date: /home/rescue_robot/buaa_rescue_robot/install/serial/share/serial/environment/ament_prefix_path.sh
[13.025s] -- Up-to-date: /home/rescue_robot/buaa_rescue_robot/install/serial/share/serial/environment/ament_prefix_path.dsv
[13.025s] -- Up-to-date: /home/rescue_robot/buaa_rescue_robot/install/serial/share/serial/environment/path.sh
[13.025s] -- Up-to-date: /home/rescue_robot/buaa_rescue_robot/install/serial/share/serial/environment/path.dsv
[13.025s] -- Up-to-date: /home/rescue_robot/buaa_rescue_robot/install/serial/share/serial/local_setup.bash
[13.025s] -- Up-to-date: /home/rescue_robot/buaa_rescue_robot/install/serial/share/serial/local_setup.sh
[13.025s] -- Up-to-date: /home/rescue_robot/buaa_rescue_robot/install/serial/share/serial/local_setup.zsh
[13.026s] -- Up-to-date: /home/rescue_robot/buaa_rescue_robot/install/serial/share/serial/local_setup.dsv
[13.026s] -- Installing: /home/rescue_robot/buaa_rescue_robot/install/serial/share/serial/package.dsv
[13.026s] -- Up-to-date: /home/rescue_robot/buaa_rescue_robot/install/serial/share/ament_index/resource_index/packages/serial
[13.026s] -- Up-to-date: /home/rescue_robot/buaa_rescue_robot/install/serial/share/serial/cmake/serialConfig.cmake
[13.026s] -- Up-to-date: /home/rescue_robot/buaa_rescue_robot/install/serial/share/serial/cmake/serialConfig-version.cmake
[13.026s] -- Up-to-date: /home/rescue_robot/buaa_rescue_robot/install/serial/share/serial/package.xml
[13.032s] Invoked command in '/home/rescue_robot/buaa_rescue_robot/build/serial' returned '0': CMAKE_PREFIX_PATH=/home/rescue_robot/buaa_rescue_robot/install/buaa_rescue_robot_msgs:/home/rescue_robot/buaa_rescue_robot/install/serial:/home/rescue_robot/buaa_rescue_robot/install/keyboard_controller:/home/rescue_robot/buaa_rescue_robot/install/cpp_pubsub:/opt/ros/humble /usr/bin/cmake --install /home/rescue_robot/buaa_rescue_robot/build/serial
