[35m[1mConsolidate compiler generated dependencies of target serial_sender[0m
[ 75%] [32mBuilding CXX object CMakeFiles/serial_sender.dir/src/serial_sender.cpp.o[0m
[ 75%] Built target serial_receiver
[01m[K/home/rescue-robot/buaa_rescue_robot/src/serial/src/serial_sender.cpp:[m[K In lambda function:
[01m[K/home/rescue-robot/buaa_rescue_robot/src/serial/src/serial_sender.cpp:65:63:[m[K [01;35m[Kwarning: [m[Kunused parameter ‘[01m[Kbytes_transferred[m[K’ [[01;35m[K]8;;https://gcc.gnu.org/onlinedocs/gcc/Warning-Options.html#index-Wunused-parameter-Wunused-parameter]8;;[m[K]
   65 |             [this](const asio::error_code& error, [01;35m[Kstd::size_t bytes_transferred[m[K) {
      |                                                   [01;35m[K~~~~~~~~~~~~^~~~~~~~~~~~~~~~~[m[K
[100%] [32m[1mLinking CXX executable serial_sender[0m
[100%] Built target serial_sender
-- Install configuration: ""
-- Installing: /home/rescue-robot/buaa_rescue_robot/install/serial/lib/serial/serial_sender
-- Set runtime path of "/home/rescue-robot/buaa_rescue_robot/install/serial/lib/serial/serial_sender" to ""
-- Up-to-date: /home/rescue-robot/buaa_rescue_robot/install/serial/lib/serial/serial_receiver
-- Up-to-date: /home/rescue-robot/buaa_rescue_robot/install/serial/share/ament_index/resource_index/package_run_dependencies/serial
-- Up-to-date: /home/rescue-robot/buaa_rescue_robot/install/serial/share/ament_index/resource_index/parent_prefix_path/serial
-- Up-to-date: /home/rescue-robot/buaa_rescue_robot/install/serial/share/serial/environment/ament_prefix_path.sh
-- Up-to-date: /home/rescue-robot/buaa_rescue_robot/install/serial/share/serial/environment/ament_prefix_path.dsv
-- Up-to-date: /home/rescue-robot/buaa_rescue_robot/install/serial/share/serial/environment/path.sh
-- Up-to-date: /home/rescue-robot/buaa_rescue_robot/install/serial/share/serial/environment/path.dsv
-- Up-to-date: /home/rescue-robot/buaa_rescue_robot/install/serial/share/serial/local_setup.bash
-- Up-to-date: /home/rescue-robot/buaa_rescue_robot/install/serial/share/serial/local_setup.sh
-- Up-to-date: /home/rescue-robot/buaa_rescue_robot/install/serial/share/serial/local_setup.zsh
-- Up-to-date: /home/rescue-robot/buaa_rescue_robot/install/serial/share/serial/local_setup.dsv
-- Installing: /home/rescue-robot/buaa_rescue_robot/install/serial/share/serial/package.dsv
-- Up-to-date: /home/rescue-robot/buaa_rescue_robot/install/serial/share/ament_index/resource_index/packages/serial
-- Up-to-date: /home/rescue-robot/buaa_rescue_robot/install/serial/share/serial/cmake/serialConfig.cmake
-- Up-to-date: /home/rescue-robot/buaa_rescue_robot/install/serial/share/serial/cmake/serialConfig-version.cmake
-- Up-to-date: /home/rescue-robot/buaa_rescue_robot/install/serial/share/serial/package.xml
