[0.202s] DEBUG:colcon:Command line arguments: ['/usr/bin/colcon', 'build']
[0.202s] DEBUG:colcon:Parsed command line arguments: Namespace(log_base=None, log_level=None, verb_name='build', build_base='build', install_base='install', merge_install=False, symlink_install=False, test_result_base=None, continue_on_error=False, executor='parallel', parallel_workers=8, event_handlers=None, ignore_user_meta=False, metas=['./colcon.meta'], base_paths=['.'], packages_ignore=None, packages_ignore_regex=None, paths=None, packages_up_to=None, packages_up_to_regex=None, packages_above=None, packages_above_and_dependencies=None, packages_above_depth=None, packages_select_by_dep=None, packages_skip_by_dep=None, packages_skip_up_to=None, packages_select_build_failed=False, packages_skip_build_finished=False, packages_select_test_failures=False, packages_skip_test_passed=False, packages_select=None, packages_skip=None, packages_select_regex=None, packages_skip_regex=None, packages_start=None, packages_end=None, allow_overriding=[], cmake_args=None, cmake_target=None, cmake_target_skip_unavailable=False, cmake_clean_cache=False, cmake_clean_first=False, cmake_force_configure=False, ament_cmake_args=None, catkin_cmake_args=None, catkin_skip_building_tests=False, verb_parser=<colcon_defaults.argument_parser.defaults.DefaultArgumentsDecorator object at 0x7fc89c3313f0>, verb_extension=<colcon_core.verb.build.BuildVerb object at 0x7fc89cb3b670>, main=<bound method BuildVerb.main of <colcon_core.verb.build.BuildVerb object at 0x7fc89cb3b670>>)
[0.225s] Level 1:colcon.colcon_core.package_discovery:discover_packages(colcon_meta) check parameters
[0.225s] Level 1:colcon.colcon_core.package_discovery:discover_packages(recursive) check parameters
[0.225s] Level 1:colcon.colcon_core.package_discovery:discover_packages(ignore) check parameters
[0.225s] Level 1:colcon.colcon_core.package_discovery:discover_packages(path) check parameters
[0.225s] Level 1:colcon.colcon_core.package_discovery:discover_packages(colcon_meta) discover
[0.225s] Level 1:colcon.colcon_core.package_discovery:discover_packages(recursive) discover
[0.225s] INFO:colcon.colcon_core.package_discovery:Crawling recursively for packages in '/home/rescue-robot/buaa_rescue_robot'
[0.225s] Level 1:colcon.colcon_core.package_identification:_identify(.) by extensions ['ignore', 'ignore_ament_install']
[0.225s] Level 1:colcon.colcon_core.package_identification:_identify(.) by extension 'ignore'
[0.225s] Level 1:colcon.colcon_core.package_identification:_identify(.) by extension 'ignore_ament_install'
[0.225s] Level 1:colcon.colcon_core.package_identification:_identify(.) by extensions ['colcon_pkg']
[0.225s] Level 1:colcon.colcon_core.package_identification:_identify(.) by extension 'colcon_pkg'
[0.225s] Level 1:colcon.colcon_core.package_identification:_identify(.) by extensions ['colcon_meta']
[0.225s] Level 1:colcon.colcon_core.package_identification:_identify(.) by extension 'colcon_meta'
[0.225s] Level 1:colcon.colcon_core.package_identification:_identify(.) by extensions ['ros']
[0.225s] Level 1:colcon.colcon_core.package_identification:_identify(.) by extension 'ros'
[0.233s] Level 1:colcon.colcon_core.package_identification:_identify(.) by extensions ['cmake', 'python']
[0.233s] Level 1:colcon.colcon_core.package_identification:_identify(.) by extension 'cmake'
[0.233s] Level 1:colcon.colcon_core.package_identification:_identify(.) by extension 'python'
[0.233s] Level 1:colcon.colcon_core.package_identification:_identify(.) by extensions ['python_setup_py']
[0.233s] Level 1:colcon.colcon_core.package_identification:_identify(.) by extension 'python_setup_py'
[0.233s] Level 1:colcon.colcon_core.package_identification:_identify(build) by extensions ['ignore', 'ignore_ament_install']
[0.233s] Level 1:colcon.colcon_core.package_identification:_identify(build) by extension 'ignore'
[0.233s] Level 1:colcon.colcon_core.package_identification:_identify(build) ignored
[0.233s] Level 1:colcon.colcon_core.package_identification:_identify(install) by extensions ['ignore', 'ignore_ament_install']
[0.233s] Level 1:colcon.colcon_core.package_identification:_identify(install) by extension 'ignore'
[0.233s] Level 1:colcon.colcon_core.package_identification:_identify(install) ignored
[0.234s] Level 1:colcon.colcon_core.package_identification:_identify(log) by extensions ['ignore', 'ignore_ament_install']
[0.234s] Level 1:colcon.colcon_core.package_identification:_identify(log) by extension 'ignore'
[0.234s] Level 1:colcon.colcon_core.package_identification:_identify(log) ignored
[0.234s] Level 1:colcon.colcon_core.package_identification:_identify(src) by extensions ['ignore', 'ignore_ament_install']
[0.234s] Level 1:colcon.colcon_core.package_identification:_identify(src) by extension 'ignore'
[0.234s] Level 1:colcon.colcon_core.package_identification:_identify(src) by extension 'ignore_ament_install'
[0.234s] Level 1:colcon.colcon_core.package_identification:_identify(src) by extensions ['colcon_pkg']
[0.234s] Level 1:colcon.colcon_core.package_identification:_identify(src) by extension 'colcon_pkg'
[0.234s] Level 1:colcon.colcon_core.package_identification:_identify(src) by extensions ['colcon_meta']
[0.234s] Level 1:colcon.colcon_core.package_identification:_identify(src) by extension 'colcon_meta'
[0.234s] Level 1:colcon.colcon_core.package_identification:_identify(src) by extensions ['ros']
[0.234s] Level 1:colcon.colcon_core.package_identification:_identify(src) by extension 'ros'
[0.234s] Level 1:colcon.colcon_core.package_identification:_identify(src) by extensions ['cmake', 'python']
[0.234s] Level 1:colcon.colcon_core.package_identification:_identify(src) by extension 'cmake'
[0.234s] Level 1:colcon.colcon_core.package_identification:_identify(src) by extension 'python'
[0.234s] Level 1:colcon.colcon_core.package_identification:_identify(src) by extensions ['python_setup_py']
[0.234s] Level 1:colcon.colcon_core.package_identification:_identify(src) by extension 'python_setup_py'
[0.234s] Level 1:colcon.colcon_core.package_identification:_identify(src/cpp_pubsub) by extensions ['ignore', 'ignore_ament_install']
[0.234s] Level 1:colcon.colcon_core.package_identification:_identify(src/cpp_pubsub) by extension 'ignore'
[0.234s] Level 1:colcon.colcon_core.package_identification:_identify(src/cpp_pubsub) by extension 'ignore_ament_install'
[0.234s] Level 1:colcon.colcon_core.package_identification:_identify(src/cpp_pubsub) by extensions ['colcon_pkg']
[0.234s] Level 1:colcon.colcon_core.package_identification:_identify(src/cpp_pubsub) by extension 'colcon_pkg'
[0.234s] Level 1:colcon.colcon_core.package_identification:_identify(src/cpp_pubsub) by extensions ['colcon_meta']
[0.234s] Level 1:colcon.colcon_core.package_identification:_identify(src/cpp_pubsub) by extension 'colcon_meta'
[0.234s] Level 1:colcon.colcon_core.package_identification:_identify(src/cpp_pubsub) by extensions ['ros']
[0.234s] Level 1:colcon.colcon_core.package_identification:_identify(src/cpp_pubsub) by extension 'ros'
[0.236s] DEBUG:colcon.colcon_core.package_identification:Package 'src/cpp_pubsub' with type 'ros.ament_cmake' and name 'cpp_pubsub'
[0.236s] Level 1:colcon.colcon_core.package_discovery:discover_packages(recursive) using defaults
[0.236s] Level 1:colcon.colcon_core.package_discovery:discover_packages(ignore) discover
[0.236s] Level 1:colcon.colcon_core.package_discovery:discover_packages(ignore) using defaults
[0.236s] Level 1:colcon.colcon_core.package_discovery:discover_packages(path) discover
[0.236s] Level 1:colcon.colcon_core.package_discovery:discover_packages(path) using defaults
[0.251s] Level 1:colcon.colcon_core.package_discovery:discover_packages(prefix_path) check parameters
[0.251s] Level 1:colcon.colcon_core.package_discovery:discover_packages(prefix_path) discover
[0.253s] DEBUG:colcon.colcon_installed_package_information.package_discovery:Found 1 installed packages in /home/rescue-robot/buaa_rescue_robot/install
[0.254s] DEBUG:colcon.colcon_installed_package_information.package_discovery:Found 263 installed packages in /opt/ros/humble
[0.255s] Level 1:colcon.colcon_core.package_discovery:discover_packages(prefix_path) using defaults
[0.292s] Level 5:colcon.colcon_core.verb:set package 'cpp_pubsub' build argument 'cmake_args' from command line to 'None'
[0.292s] Level 5:colcon.colcon_core.verb:set package 'cpp_pubsub' build argument 'cmake_target' from command line to 'None'
[0.292s] Level 5:colcon.colcon_core.verb:set package 'cpp_pubsub' build argument 'cmake_target_skip_unavailable' from command line to 'False'
[0.292s] Level 5:colcon.colcon_core.verb:set package 'cpp_pubsub' build argument 'cmake_clean_cache' from command line to 'False'
[0.292s] Level 5:colcon.colcon_core.verb:set package 'cpp_pubsub' build argument 'cmake_clean_first' from command line to 'False'
[0.292s] Level 5:colcon.colcon_core.verb:set package 'cpp_pubsub' build argument 'cmake_force_configure' from command line to 'False'
[0.292s] Level 5:colcon.colcon_core.verb:set package 'cpp_pubsub' build argument 'ament_cmake_args' from command line to 'None'
[0.292s] Level 5:colcon.colcon_core.verb:set package 'cpp_pubsub' build argument 'catkin_cmake_args' from command line to 'None'
[0.292s] Level 5:colcon.colcon_core.verb:set package 'cpp_pubsub' build argument 'catkin_skip_building_tests' from command line to 'False'
[0.292s] DEBUG:colcon.colcon_core.verb:Building package 'cpp_pubsub' with the following arguments: {'ament_cmake_args': None, 'build_base': '/home/rescue-robot/buaa_rescue_robot/build/cpp_pubsub', 'catkin_cmake_args': None, 'catkin_skip_building_tests': False, 'cmake_args': None, 'cmake_clean_cache': False, 'cmake_clean_first': False, 'cmake_force_configure': False, 'cmake_target': None, 'cmake_target_skip_unavailable': False, 'install_base': '/home/rescue-robot/buaa_rescue_robot/install/cpp_pubsub', 'merge_install': False, 'path': '/home/rescue-robot/buaa_rescue_robot/src/cpp_pubsub', 'symlink_install': False, 'test_result_base': None}
[0.293s] INFO:colcon.colcon_core.executor:Executing jobs using 'parallel' executor
[0.295s] DEBUG:colcon.colcon_parallel_executor.executor.parallel:run_until_complete
[0.295s] INFO:colcon.colcon_ros.task.ament_cmake.build:Building ROS package in '/home/rescue-robot/buaa_rescue_robot/src/cpp_pubsub' with build type 'ament_cmake'
[0.295s] INFO:colcon.colcon_cmake.task.cmake.build:Building CMake package in '/home/rescue-robot/buaa_rescue_robot/src/cpp_pubsub'
[0.298s] INFO:colcon.colcon_core.plugin_system:Skipping extension 'colcon_core.shell.bat': Not used on non-Windows systems
[0.298s] INFO:colcon.colcon_core.shell:Skip shell extension 'powershell' for command environment: Not usable outside of PowerShell
[0.298s] DEBUG:colcon.colcon_core.shell:Skip shell extension 'dsv' for command environment
[0.307s] DEBUG:colcon.colcon_core.event_handler.log_command:Invoking command in '/home/rescue-robot/buaa_rescue_robot/build/cpp_pubsub': CMAKE_PREFIX_PATH=${CMAKE_PREFIX_PATH}:/opt/ros/humble /usr/bin/cmake --build /home/rescue-robot/buaa_rescue_robot/build/cpp_pubsub -- -j8 -l8
[7.092s] DEBUG:colcon.colcon_core.event_handler.log_command:Invoked command in '/home/rescue-robot/buaa_rescue_robot/build/cpp_pubsub' returned '0': CMAKE_PREFIX_PATH=${CMAKE_PREFIX_PATH}:/opt/ros/humble /usr/bin/cmake --build /home/rescue-robot/buaa_rescue_robot/build/cpp_pubsub -- -j8 -l8
[7.121s] DEBUG:colcon.colcon_core.event_handler.log_command:Invoking command in '/home/rescue-robot/buaa_rescue_robot/build/cpp_pubsub': CMAKE_PREFIX_PATH=${CMAKE_PREFIX_PATH}:/opt/ros/humble /usr/bin/cmake --install /home/rescue-robot/buaa_rescue_robot/build/cpp_pubsub
[7.134s] Level 1:colcon.colcon_core.environment:create_environment_scripts_only(cpp_pubsub)
[7.134s] DEBUG:colcon.colcon_core.event_handler.log_command:Invoked command in '/home/rescue-robot/buaa_rescue_robot/build/cpp_pubsub' returned '0': CMAKE_PREFIX_PATH=${CMAKE_PREFIX_PATH}:/opt/ros/humble /usr/bin/cmake --install /home/rescue-robot/buaa_rescue_robot/build/cpp_pubsub
[7.139s] Level 1:colcon.colcon_core.environment:checking '/home/rescue-robot/buaa_rescue_robot/install/cpp_pubsub' for CMake module files
[7.139s] Level 1:colcon.colcon_core.environment:checking '/home/rescue-robot/buaa_rescue_robot/install/cpp_pubsub' for CMake config files
[7.140s] Level 1:colcon.colcon_core.shell:create_environment_hook('cpp_pubsub', 'cmake_prefix_path')
[7.141s] INFO:colcon.colcon_core.shell:Creating environment hook '/home/rescue-robot/buaa_rescue_robot/install/cpp_pubsub/share/cpp_pubsub/hook/cmake_prefix_path.ps1'
[7.141s] INFO:colcon.colcon_core.shell:Creating environment descriptor '/home/rescue-robot/buaa_rescue_robot/install/cpp_pubsub/share/cpp_pubsub/hook/cmake_prefix_path.dsv'
[7.142s] INFO:colcon.colcon_core.shell:Creating environment hook '/home/rescue-robot/buaa_rescue_robot/install/cpp_pubsub/share/cpp_pubsub/hook/cmake_prefix_path.sh'
[7.142s] Level 1:colcon.colcon_core.environment:checking '/home/rescue-robot/buaa_rescue_robot/install/cpp_pubsub/lib'
[7.143s] Level 1:colcon.colcon_core.environment:checking '/home/rescue-robot/buaa_rescue_robot/install/cpp_pubsub/bin'
[7.143s] Level 1:colcon.colcon_core.environment:checking '/home/rescue-robot/buaa_rescue_robot/install/cpp_pubsub/lib/pkgconfig/cpp_pubsub.pc'
[7.143s] Level 1:colcon.colcon_core.environment:checking '/home/rescue-robot/buaa_rescue_robot/install/cpp_pubsub/lib/python3.10/site-packages'
[7.143s] Level 1:colcon.colcon_core.environment:checking '/home/rescue-robot/buaa_rescue_robot/install/cpp_pubsub/bin'
[7.144s] INFO:colcon.colcon_core.shell:Creating package script '/home/rescue-robot/buaa_rescue_robot/install/cpp_pubsub/share/cpp_pubsub/package.ps1'
[7.144s] INFO:colcon.colcon_core.shell:Creating package descriptor '/home/rescue-robot/buaa_rescue_robot/install/cpp_pubsub/share/cpp_pubsub/package.dsv'
[7.145s] INFO:colcon.colcon_core.shell:Creating package script '/home/rescue-robot/buaa_rescue_robot/install/cpp_pubsub/share/cpp_pubsub/package.sh'
[7.145s] INFO:colcon.colcon_core.shell:Creating package script '/home/rescue-robot/buaa_rescue_robot/install/cpp_pubsub/share/cpp_pubsub/package.bash'
[7.146s] INFO:colcon.colcon_core.shell:Creating package script '/home/rescue-robot/buaa_rescue_robot/install/cpp_pubsub/share/cpp_pubsub/package.zsh'
[7.146s] Level 1:colcon.colcon_core.environment:create_file_with_runtime_dependencies(/home/rescue-robot/buaa_rescue_robot/install/cpp_pubsub/share/colcon-core/packages/cpp_pubsub)
[7.166s] Level 1:colcon.colcon_core.environment:create_environment_scripts_only(cpp_pubsub)
[7.167s] Level 1:colcon.colcon_core.environment:checking '/home/rescue-robot/buaa_rescue_robot/install/cpp_pubsub' for CMake module files
[7.167s] Level 1:colcon.colcon_core.environment:checking '/home/rescue-robot/buaa_rescue_robot/install/cpp_pubsub' for CMake config files
[7.167s] Level 1:colcon.colcon_core.shell:create_environment_hook('cpp_pubsub', 'cmake_prefix_path')
[7.168s] INFO:colcon.colcon_core.shell:Creating environment hook '/home/rescue-robot/buaa_rescue_robot/install/cpp_pubsub/share/cpp_pubsub/hook/cmake_prefix_path.ps1'
[7.169s] INFO:colcon.colcon_core.shell:Creating environment descriptor '/home/rescue-robot/buaa_rescue_robot/install/cpp_pubsub/share/cpp_pubsub/hook/cmake_prefix_path.dsv'
[7.169s] INFO:colcon.colcon_core.shell:Creating environment hook '/home/rescue-robot/buaa_rescue_robot/install/cpp_pubsub/share/cpp_pubsub/hook/cmake_prefix_path.sh'
[7.169s] Level 1:colcon.colcon_core.environment:checking '/home/rescue-robot/buaa_rescue_robot/install/cpp_pubsub/lib'
[7.169s] Level 1:colcon.colcon_core.environment:checking '/home/rescue-robot/buaa_rescue_robot/install/cpp_pubsub/bin'
[7.169s] Level 1:colcon.colcon_core.environment:checking '/home/rescue-robot/buaa_rescue_robot/install/cpp_pubsub/lib/pkgconfig/cpp_pubsub.pc'
[7.170s] Level 1:colcon.colcon_core.environment:checking '/home/rescue-robot/buaa_rescue_robot/install/cpp_pubsub/lib/python3.10/site-packages'
[7.170s] Level 1:colcon.colcon_core.environment:checking '/home/rescue-robot/buaa_rescue_robot/install/cpp_pubsub/bin'
[7.171s] INFO:colcon.colcon_core.shell:Creating package script '/home/rescue-robot/buaa_rescue_robot/install/cpp_pubsub/share/cpp_pubsub/package.ps1'
[7.171s] INFO:colcon.colcon_core.shell:Creating package descriptor '/home/rescue-robot/buaa_rescue_robot/install/cpp_pubsub/share/cpp_pubsub/package.dsv'
[7.172s] INFO:colcon.colcon_core.shell:Creating package script '/home/rescue-robot/buaa_rescue_robot/install/cpp_pubsub/share/cpp_pubsub/package.sh'
[7.172s] INFO:colcon.colcon_core.shell:Creating package script '/home/rescue-robot/buaa_rescue_robot/install/cpp_pubsub/share/cpp_pubsub/package.bash'
[7.172s] INFO:colcon.colcon_core.shell:Creating package script '/home/rescue-robot/buaa_rescue_robot/install/cpp_pubsub/share/cpp_pubsub/package.zsh'
[7.172s] Level 1:colcon.colcon_core.environment:create_file_with_runtime_dependencies(/home/rescue-robot/buaa_rescue_robot/install/cpp_pubsub/share/colcon-core/packages/cpp_pubsub)
[7.173s] DEBUG:colcon.colcon_parallel_executor.executor.parallel:closing loop
[7.173s] DEBUG:colcon.colcon_parallel_executor.executor.parallel:loop closed
[7.173s] DEBUG:colcon.colcon_parallel_executor.executor.parallel:run_until_complete finished with '0'
[7.173s] DEBUG:colcon.colcon_core.event_reactor:joining thread
[7.177s] INFO:colcon.colcon_core.plugin_system:Skipping extension 'colcon_notification.desktop_notification.terminal_notifier': Not used on non-Darwin systems
[7.177s] INFO:colcon.colcon_core.plugin_system:Skipping extension 'colcon_notification.desktop_notification.win32': Not used on non-Windows systems
[7.177s] INFO:colcon.colcon_notification.desktop_notification:Sending desktop notification using 'notify2'
[7.190s] DEBUG:colcon.colcon_core.event_reactor:joined thread
[7.191s] INFO:colcon.colcon_core.shell:Creating prefix script '/home/rescue-robot/buaa_rescue_robot/install/local_setup.ps1'
[7.192s] INFO:colcon.colcon_core.shell:Creating prefix util module '/home/rescue-robot/buaa_rescue_robot/install/_local_setup_util_ps1.py'
[7.193s] INFO:colcon.colcon_core.shell:Creating prefix chain script '/home/rescue-robot/buaa_rescue_robot/install/setup.ps1'
[7.194s] INFO:colcon.colcon_core.shell:Creating prefix script '/home/rescue-robot/buaa_rescue_robot/install/local_setup.sh'
[7.195s] INFO:colcon.colcon_core.shell:Creating prefix util module '/home/rescue-robot/buaa_rescue_robot/install/_local_setup_util_sh.py'
[7.195s] INFO:colcon.colcon_core.shell:Creating prefix chain script '/home/rescue-robot/buaa_rescue_robot/install/setup.sh'
[7.196s] INFO:colcon.colcon_core.shell:Creating prefix script '/home/rescue-robot/buaa_rescue_robot/install/local_setup.bash'
[7.197s] INFO:colcon.colcon_core.shell:Creating prefix chain script '/home/rescue-robot/buaa_rescue_robot/install/setup.bash'
[7.198s] INFO:colcon.colcon_core.shell:Creating prefix script '/home/rescue-robot/buaa_rescue_robot/install/local_setup.zsh'
[7.198s] INFO:colcon.colcon_core.shell:Creating prefix chain script '/home/rescue-robot/buaa_rescue_robot/install/setup.zsh'
