[0.029s] Invoking command in '/home/rescue_robot/buaa_rescue_robot/build/cpp_pubsub': CMAKE_PREFIX_PATH=${CMAKE_PREFIX_PATH}:/opt/ros/humble /usr/bin/cmake --build /home/rescue_robot/buaa_rescue_robot/build/cpp_pubsub -- -j8 -l8
[0.079s] [35m[1mConsolidate compiler generated dependencies of target listener[0m
[0.079s] [35m[1mConsolidate compiler generated dependencies of target talker[0m
[0.099s] [ 50%] Built target listener
[0.101s] [100%] Built target talker
[0.115s] Invoked command in '/home/rescue_robot/buaa_rescue_robot/build/cpp_pubsub' returned '0': CMAKE_PREFIX_PATH=${CMAKE_PREFIX_PATH}:/opt/ros/humble /usr/bin/cmake --build /home/rescue_robot/buaa_rescue_robot/build/cpp_pubsub -- -j8 -l8
[0.163s] Invoking command in '/home/rescue_robot/buaa_rescue_robot/build/cpp_pubsub': CMAKE_PREFIX_PATH=${CMAKE_PREFIX_PATH}:/opt/ros/humble /usr/bin/cmake --install /home/rescue_robot/buaa_rescue_robot/build/cpp_pubsub
[0.170s] -- Install configuration: ""
[0.170s] -- Up-to-date: /home/rescue_robot/buaa_rescue_robot/install/cpp_pubsub/lib/cpp_pubsub/talker
[0.171s] -- Up-to-date: /home/rescue_robot/buaa_rescue_robot/install/cpp_pubsub/lib/cpp_pubsub/listener
[0.172s] -- Up-to-date: /home/rescue_robot/buaa_rescue_robot/install/cpp_pubsub/share/ament_index/resource_index/package_run_dependencies/cpp_pubsub
[0.172s] -- Up-to-date: /home/rescue_robot/buaa_rescue_robot/install/cpp_pubsub/share/ament_index/resource_index/parent_prefix_path/cpp_pubsub
[0.172s] -- Up-to-date: /home/rescue_robot/buaa_rescue_robot/install/cpp_pubsub/share/cpp_pubsub/environment/ament_prefix_path.sh
[0.173s] -- Up-to-date: /home/rescue_robot/buaa_rescue_robot/install/cpp_pubsub/share/cpp_pubsub/environment/ament_prefix_path.dsv
[0.173s] -- Up-to-date: /home/rescue_robot/buaa_rescue_robot/install/cpp_pubsub/share/cpp_pubsub/environment/path.sh
[0.173s] -- Up-to-date: /home/rescue_robot/buaa_rescue_robot/install/cpp_pubsub/share/cpp_pubsub/environment/path.dsv
[0.173s] -- Up-to-date: /home/rescue_robot/buaa_rescue_robot/install/cpp_pubsub/share/cpp_pubsub/local_setup.bash
[0.173s] -- Up-to-date: /home/rescue_robot/buaa_rescue_robot/install/cpp_pubsub/share/cpp_pubsub/local_setup.sh
[0.173s] -- Up-to-date: /home/rescue_robot/buaa_rescue_robot/install/cpp_pubsub/share/cpp_pubsub/local_setup.zsh
[0.173s] -- Up-to-date: /home/rescue_robot/buaa_rescue_robot/install/cpp_pubsub/share/cpp_pubsub/local_setup.dsv
[0.173s] -- Installing: /home/rescue_robot/buaa_rescue_robot/install/cpp_pubsub/share/cpp_pubsub/package.dsv
[0.173s] -- Up-to-date: /home/rescue_robot/buaa_rescue_robot/install/cpp_pubsub/share/ament_index/resource_index/packages/cpp_pubsub
[0.174s] -- Up-to-date: /home/rescue_robot/buaa_rescue_robot/install/cpp_pubsub/share/cpp_pubsub/cmake/cpp_pubsubConfig.cmake
[0.174s] -- Up-to-date: /home/rescue_robot/buaa_rescue_robot/install/cpp_pubsub/share/cpp_pubsub/cmake/cpp_pubsubConfig-version.cmake
[0.174s] -- Up-to-date: /home/rescue_robot/buaa_rescue_robot/install/cpp_pubsub/share/cpp_pubsub/package.xml
[0.176s] Invoked command in '/home/rescue_robot/buaa_rescue_robot/build/cpp_pubsub' returned '0': CMAKE_PREFIX_PATH=${CMAKE_PREFIX_PATH}:/opt/ros/humble /usr/bin/cmake --install /home/rescue_robot/buaa_rescue_robot/build/cpp_pubsub
