[0.035s] Invoking command in '/home/rescue_robot/buaa_rescue_robot/build/serial': CMAKE_PREFIX_PATH=${CMAKE_PREFIX_PATH}:/opt/ros/humble /usr/bin/cmake --build /home/rescue_robot/buaa_rescue_robot/build/serial -- -j8 -l8
[0.122s] [100%] Built target serial_sender
[0.122s] [100%] Built target serial_receiver
[0.134s] Invoked command in '/home/rescue_robot/buaa_rescue_robot/build/serial' returned '0': CMAKE_PREFIX_PATH=${CMAKE_PREFIX_PATH}:/opt/ros/humble /usr/bin/cmake --build /home/rescue_robot/buaa_rescue_robot/build/serial -- -j8 -l8
[0.170s] Invoking command in '/home/rescue_robot/buaa_rescue_robot/build/serial': CMAKE_PREFIX_PATH=${CMAKE_PREFIX_PATH}:/opt/ros/humble /usr/bin/cmake --install /home/rescue_robot/buaa_rescue_robot/build/serial
[0.177s] -- Install configuration: ""
[0.179s] -- Up-to-date: /home/rescue_robot/buaa_rescue_robot/install/serial/lib/serial/serial_sender
[0.179s] -- Up-to-date: /home/rescue_robot/buaa_rescue_robot/install/serial/lib/serial/serial_receiver
[0.179s] -- Up-to-date: /home/rescue_robot/buaa_rescue_robot/install/serial/share/ament_index/resource_index/package_run_dependencies/serial
[0.179s] -- Up-to-date: /home/rescue_robot/buaa_rescue_robot/install/serial/share/ament_index/resource_index/parent_prefix_path/serial
[0.180s] -- Up-to-date: /home/rescue_robot/buaa_rescue_robot/install/serial/share/serial/environment/ament_prefix_path.sh
[0.180s] -- Up-to-date: /home/rescue_robot/buaa_rescue_robot/install/serial/share/serial/environment/ament_prefix_path.dsv
[0.180s] -- Up-to-date: /home/rescue_robot/buaa_rescue_robot/install/serial/share/serial/environment/path.sh
[0.182s] -- Up-to-date: /home/rescue_robot/buaa_rescue_robot/install/serial/share/serial/environment/path.dsv
[0.182s] -- Up-to-date: /home/rescue_robot/buaa_rescue_robot/install/serial/share/serial/local_setup.bash
[0.182s] -- Up-to-date: /home/rescue_robot/buaa_rescue_robot/install/serial/share/serial/local_setup.sh
[0.183s] -- Up-to-date: /home/rescue_robot/buaa_rescue_robot/install/serial/share/serial/local_setup.zsh
[0.183s] -- Up-to-date: /home/rescue_robot/buaa_rescue_robot/install/serial/share/serial/local_setup.dsv
[0.183s] -- Installing: /home/rescue_robot/buaa_rescue_robot/install/serial/share/serial/package.dsv
[0.183s] -- Up-to-date: /home/rescue_robot/buaa_rescue_robot/install/serial/share/ament_index/resource_index/packages/serial
[0.183s] -- Up-to-date: /home/rescue_robot/buaa_rescue_robot/install/serial/share/serial/cmake/serialConfig.cmake
[0.183s] -- Up-to-date: /home/rescue_robot/buaa_rescue_robot/install/serial/share/serial/cmake/serialConfig-version.cmake
[0.183s] -- Up-to-date: /home/rescue_robot/buaa_rescue_robot/install/serial/share/serial/package.xml
[0.217s] Invoked command in '/home/rescue_robot/buaa_rescue_robot/build/serial' returned '0': CMAKE_PREFIX_PATH=${CMAKE_PREFIX_PATH}:/opt/ros/humble /usr/bin/cmake --install /home/rescue_robot/buaa_rescue_robot/build/serial
