[0.016s] Invoking command in '/home/rescue-robot/buaa_rescue_robot/build/buaa_rescue_robot_msgs': CMAKE_PREFIX_PATH=${CMAKE_PREFIX_PATH}:/opt/ros/humble /usr/bin/cmake --build /home/rescue-robot/buaa_rescue_robot/build/buaa_rescue_robot_msgs -- -j8 -l8
[0.074s] [  3%] Built target buaa_rescue_robot_msgs__cpp
[0.078s] [ 12%] Built target buaa_rescue_robot_msgs__rosidl_generator_c
[0.080s] [ 12%] Built target ament_cmake_python_copy_buaa_rescue_robot_msgs
[0.108s] [ 22%] Built target buaa_rescue_robot_msgs__rosidl_typesupport_fastrtps_cpp
[0.110s] [ 41%] Built target buaa_rescue_robot_msgs__rosidl_typesupport_introspection_cpp
[0.110s] [ 41%] Built target buaa_rescue_robot_msgs__rosidl_typesupport_c
[0.111s] [ 51%] Built target buaa_rescue_robot_msgs__rosidl_typesupport_cpp
[0.112s] [ 61%] Built target buaa_rescue_robot_msgs__rosidl_typesupport_introspection_c
[0.113s] [ 70%] Built target buaa_rescue_robot_msgs__rosidl_typesupport_fastrtps_c
[0.129s] [ 70%] Built target buaa_rescue_robot_msgs
[0.149s] [ 74%] Built target buaa_rescue_robot_msgs__py
[0.168s] [ 80%] Built target buaa_rescue_robot_msgs__rosidl_generator_py
[0.188s] [ 87%] Built target buaa_rescue_robot_msgs__rosidl_typesupport_c__pyext
[0.188s] [100%] Built target buaa_rescue_robot_msgs__rosidl_typesupport_fastrtps_c__pyext
[0.188s] [100%] Built target buaa_rescue_robot_msgs__rosidl_typesupport_introspection_c__pyext
[0.300s] running egg_info
[0.301s] writing buaa_rescue_robot_msgs.egg-info/PKG-INFO
[0.301s] writing dependency_links to buaa_rescue_robot_msgs.egg-info/dependency_links.txt
[0.301s] writing top-level names to buaa_rescue_robot_msgs.egg-info/top_level.txt
[0.303s] reading manifest file 'buaa_rescue_robot_msgs.egg-info/SOURCES.txt'
[0.303s] writing manifest file 'buaa_rescue_robot_msgs.egg-info/SOURCES.txt'
[0.323s] [100%] Built target ament_cmake_python_build_buaa_rescue_robot_msgs_egg
[0.337s] Invoked command in '/home/rescue-robot/buaa_rescue_robot/build/buaa_rescue_robot_msgs' returned '0': CMAKE_PREFIX_PATH=${CMAKE_PREFIX_PATH}:/opt/ros/humble /usr/bin/cmake --build /home/rescue-robot/buaa_rescue_robot/build/buaa_rescue_robot_msgs -- -j8 -l8
[0.381s] Invoking command in '/home/rescue-robot/buaa_rescue_robot/build/buaa_rescue_robot_msgs': CMAKE_PREFIX_PATH=${CMAKE_PREFIX_PATH}:/opt/ros/humble /usr/bin/cmake --install /home/rescue-robot/buaa_rescue_robot/build/buaa_rescue_robot_msgs
[0.387s] -- Install configuration: ""
[0.387s] -- Up-to-date: /home/rescue-robot/buaa_rescue_robot/install/buaa_rescue_robot_msgs/share/ament_index/resource_index/rosidl_interfaces/buaa_rescue_robot_msgs
[0.387s] -- Up-to-date: /home/rescue-robot/buaa_rescue_robot/install/buaa_rescue_robot_msgs/include/buaa_rescue_robot_msgs/buaa_rescue_robot_msgs
[0.387s] -- Up-to-date: /home/rescue-robot/buaa_rescue_robot/install/buaa_rescue_robot_msgs/include/buaa_rescue_robot_msgs/buaa_rescue_robot_msgs/msg
[0.387s] -- Up-to-date: /home/rescue-robot/buaa_rescue_robot/install/buaa_rescue_robot_msgs/include/buaa_rescue_robot_msgs/buaa_rescue_robot_msgs/msg/detail
[0.388s] -- Up-to-date: /home/rescue-robot/buaa_rescue_robot/install/buaa_rescue_robot_msgs/include/buaa_rescue_robot_msgs/buaa_rescue_robot_msgs/msg/detail/control_message__struct.h
[0.388s] -- Up-to-date: /home/rescue-robot/buaa_rescue_robot/install/buaa_rescue_robot_msgs/include/buaa_rescue_robot_msgs/buaa_rescue_robot_msgs/msg/detail/control_message__type_support.h
[0.388s] -- Up-to-date: /home/rescue-robot/buaa_rescue_robot/install/buaa_rescue_robot_msgs/include/buaa_rescue_robot_msgs/buaa_rescue_robot_msgs/msg/detail/control_message__functions.c
[0.388s] -- Up-to-date: /home/rescue-robot/buaa_rescue_robot/install/buaa_rescue_robot_msgs/include/buaa_rescue_robot_msgs/buaa_rescue_robot_msgs/msg/detail/control_message__functions.h
[0.388s] -- Up-to-date: /home/rescue-robot/buaa_rescue_robot/install/buaa_rescue_robot_msgs/include/buaa_rescue_robot_msgs/buaa_rescue_robot_msgs/msg/control_message.h
[0.388s] -- Up-to-date: /home/rescue-robot/buaa_rescue_robot/install/buaa_rescue_robot_msgs/include/buaa_rescue_robot_msgs/buaa_rescue_robot_msgs/msg/rosidl_generator_c__visibility_control.h
[0.388s] -- Up-to-date: /home/rescue-robot/buaa_rescue_robot/install/buaa_rescue_robot_msgs/share/buaa_rescue_robot_msgs/environment/library_path.sh
[0.388s] -- Up-to-date: /home/rescue-robot/buaa_rescue_robot/install/buaa_rescue_robot_msgs/share/buaa_rescue_robot_msgs/environment/library_path.dsv
[0.388s] -- Up-to-date: /home/rescue-robot/buaa_rescue_robot/install/buaa_rescue_robot_msgs/lib/libbuaa_rescue_robot_msgs__rosidl_generator_c.so
[0.388s] -- Up-to-date: /home/rescue-robot/buaa_rescue_robot/install/buaa_rescue_robot_msgs/include/buaa_rescue_robot_msgs/buaa_rescue_robot_msgs
[0.388s] -- Up-to-date: /home/rescue-robot/buaa_rescue_robot/install/buaa_rescue_robot_msgs/include/buaa_rescue_robot_msgs/buaa_rescue_robot_msgs/msg
[0.388s] -- Up-to-date: /home/rescue-robot/buaa_rescue_robot/install/buaa_rescue_robot_msgs/include/buaa_rescue_robot_msgs/buaa_rescue_robot_msgs/msg/detail
[0.389s] -- Up-to-date: /home/rescue-robot/buaa_rescue_robot/install/buaa_rescue_robot_msgs/include/buaa_rescue_robot_msgs/buaa_rescue_robot_msgs/msg/detail/control_message__rosidl_typesupport_fastrtps_c.h
[0.389s] -- Up-to-date: /home/rescue-robot/buaa_rescue_robot/install/buaa_rescue_robot_msgs/include/buaa_rescue_robot_msgs/buaa_rescue_robot_msgs/msg/rosidl_typesupport_fastrtps_c__visibility_control.h
[0.389s] -- Up-to-date: /home/rescue-robot/buaa_rescue_robot/install/buaa_rescue_robot_msgs/lib/libbuaa_rescue_robot_msgs__rosidl_typesupport_fastrtps_c.so
[0.389s] -- Up-to-date: /home/rescue-robot/buaa_rescue_robot/install/buaa_rescue_robot_msgs/include/buaa_rescue_robot_msgs/buaa_rescue_robot_msgs
[0.389s] -- Up-to-date: /home/rescue-robot/buaa_rescue_robot/install/buaa_rescue_robot_msgs/include/buaa_rescue_robot_msgs/buaa_rescue_robot_msgs/msg
[0.389s] -- Up-to-date: /home/rescue-robot/buaa_rescue_robot/install/buaa_rescue_robot_msgs/include/buaa_rescue_robot_msgs/buaa_rescue_robot_msgs/msg/detail
[0.389s] -- Up-to-date: /home/rescue-robot/buaa_rescue_robot/install/buaa_rescue_robot_msgs/include/buaa_rescue_robot_msgs/buaa_rescue_robot_msgs/msg/detail/control_message__builder.hpp
[0.389s] -- Up-to-date: /home/rescue-robot/buaa_rescue_robot/install/buaa_rescue_robot_msgs/include/buaa_rescue_robot_msgs/buaa_rescue_robot_msgs/msg/detail/control_message__struct.hpp
[0.389s] -- Up-to-date: /home/rescue-robot/buaa_rescue_robot/install/buaa_rescue_robot_msgs/include/buaa_rescue_robot_msgs/buaa_rescue_robot_msgs/msg/detail/control_message__traits.hpp
[0.389s] -- Up-to-date: /home/rescue-robot/buaa_rescue_robot/install/buaa_rescue_robot_msgs/include/buaa_rescue_robot_msgs/buaa_rescue_robot_msgs/msg/control_message.hpp
[0.389s] -- Up-to-date: /home/rescue-robot/buaa_rescue_robot/install/buaa_rescue_robot_msgs/include/buaa_rescue_robot_msgs/buaa_rescue_robot_msgs
[0.390s] -- Up-to-date: /home/rescue-robot/buaa_rescue_robot/install/buaa_rescue_robot_msgs/include/buaa_rescue_robot_msgs/buaa_rescue_robot_msgs/msg
[0.390s] -- Up-to-date: /home/rescue-robot/buaa_rescue_robot/install/buaa_rescue_robot_msgs/include/buaa_rescue_robot_msgs/buaa_rescue_robot_msgs/msg/detail
[0.390s] -- Up-to-date: /home/rescue-robot/buaa_rescue_robot/install/buaa_rescue_robot_msgs/include/buaa_rescue_robot_msgs/buaa_rescue_robot_msgs/msg/detail/control_message__rosidl_typesupport_fastrtps_cpp.hpp
[0.390s] -- Up-to-date: /home/rescue-robot/buaa_rescue_robot/install/buaa_rescue_robot_msgs/include/buaa_rescue_robot_msgs/buaa_rescue_robot_msgs/msg/detail/dds_fastrtps
[0.390s] -- Up-to-date: /home/rescue-robot/buaa_rescue_robot/install/buaa_rescue_robot_msgs/include/buaa_rescue_robot_msgs/buaa_rescue_robot_msgs/msg/rosidl_typesupport_fastrtps_cpp__visibility_control.h
[0.390s] -- Up-to-date: /home/rescue-robot/buaa_rescue_robot/install/buaa_rescue_robot_msgs/lib/libbuaa_rescue_robot_msgs__rosidl_typesupport_fastrtps_cpp.so
[0.390s] -- Up-to-date: /home/rescue-robot/buaa_rescue_robot/install/buaa_rescue_robot_msgs/include/buaa_rescue_robot_msgs/buaa_rescue_robot_msgs
[0.390s] -- Up-to-date: /home/rescue-robot/buaa_rescue_robot/install/buaa_rescue_robot_msgs/include/buaa_rescue_robot_msgs/buaa_rescue_robot_msgs/msg
[0.390s] -- Up-to-date: /home/rescue-robot/buaa_rescue_robot/install/buaa_rescue_robot_msgs/include/buaa_rescue_robot_msgs/buaa_rescue_robot_msgs/msg/detail
[0.390s] -- Up-to-date: /home/rescue-robot/buaa_rescue_robot/install/buaa_rescue_robot_msgs/include/buaa_rescue_robot_msgs/buaa_rescue_robot_msgs/msg/detail/control_message__rosidl_typesupport_introspection_c.h
[0.390s] -- Up-to-date: /home/rescue-robot/buaa_rescue_robot/install/buaa_rescue_robot_msgs/include/buaa_rescue_robot_msgs/buaa_rescue_robot_msgs/msg/detail/control_message__type_support.c
[0.390s] -- Up-to-date: /home/rescue-robot/buaa_rescue_robot/install/buaa_rescue_robot_msgs/include/buaa_rescue_robot_msgs/buaa_rescue_robot_msgs/msg/rosidl_typesupport_introspection_c__visibility_control.h
[0.391s] -- Up-to-date: /home/rescue-robot/buaa_rescue_robot/install/buaa_rescue_robot_msgs/lib/libbuaa_rescue_robot_msgs__rosidl_typesupport_introspection_c.so
[0.391s] -- Up-to-date: /home/rescue-robot/buaa_rescue_robot/install/buaa_rescue_robot_msgs/lib/libbuaa_rescue_robot_msgs__rosidl_typesupport_c.so
[0.391s] -- Up-to-date: /home/rescue-robot/buaa_rescue_robot/install/buaa_rescue_robot_msgs/include/buaa_rescue_robot_msgs/buaa_rescue_robot_msgs
[0.391s] -- Up-to-date: /home/rescue-robot/buaa_rescue_robot/install/buaa_rescue_robot_msgs/include/buaa_rescue_robot_msgs/buaa_rescue_robot_msgs/msg
[0.391s] -- Up-to-date: /home/rescue-robot/buaa_rescue_robot/install/buaa_rescue_robot_msgs/include/buaa_rescue_robot_msgs/buaa_rescue_robot_msgs/msg/detail
[0.391s] -- Up-to-date: /home/rescue-robot/buaa_rescue_robot/install/buaa_rescue_robot_msgs/include/buaa_rescue_robot_msgs/buaa_rescue_robot_msgs/msg/detail/control_message__type_support.cpp
[0.391s] -- Up-to-date: /home/rescue-robot/buaa_rescue_robot/install/buaa_rescue_robot_msgs/include/buaa_rescue_robot_msgs/buaa_rescue_robot_msgs/msg/detail/control_message__rosidl_typesupport_introspection_cpp.hpp
[0.391s] -- Up-to-date: /home/rescue-robot/buaa_rescue_robot/install/buaa_rescue_robot_msgs/lib/libbuaa_rescue_robot_msgs__rosidl_typesupport_introspection_cpp.so
[0.391s] -- Up-to-date: /home/rescue-robot/buaa_rescue_robot/install/buaa_rescue_robot_msgs/lib/libbuaa_rescue_robot_msgs__rosidl_typesupport_cpp.so
[0.391s] -- Up-to-date: /home/rescue-robot/buaa_rescue_robot/install/buaa_rescue_robot_msgs/share/buaa_rescue_robot_msgs/environment/pythonpath.sh
[0.391s] -- Up-to-date: /home/rescue-robot/buaa_rescue_robot/install/buaa_rescue_robot_msgs/share/buaa_rescue_robot_msgs/environment/pythonpath.dsv
[0.391s] -- Up-to-date: /home/rescue-robot/buaa_rescue_robot/install/buaa_rescue_robot_msgs/local/lib/python3.10/dist-packages/buaa_rescue_robot_msgs-0.0.0-py3.10.egg-info
[0.391s] -- Installing: /home/rescue-robot/buaa_rescue_robot/install/buaa_rescue_robot_msgs/local/lib/python3.10/dist-packages/buaa_rescue_robot_msgs-0.0.0-py3.10.egg-info/dependency_links.txt
[0.392s] -- Installing: /home/rescue-robot/buaa_rescue_robot/install/buaa_rescue_robot_msgs/local/lib/python3.10/dist-packages/buaa_rescue_robot_msgs-0.0.0-py3.10.egg-info/PKG-INFO
[0.392s] -- Installing: /home/rescue-robot/buaa_rescue_robot/install/buaa_rescue_robot_msgs/local/lib/python3.10/dist-packages/buaa_rescue_robot_msgs-0.0.0-py3.10.egg-info/top_level.txt
[0.392s] -- Installing: /home/rescue-robot/buaa_rescue_robot/install/buaa_rescue_robot_msgs/local/lib/python3.10/dist-packages/buaa_rescue_robot_msgs-0.0.0-py3.10.egg-info/SOURCES.txt
[0.392s] -- Up-to-date: /home/rescue-robot/buaa_rescue_robot/install/buaa_rescue_robot_msgs/local/lib/python3.10/dist-packages/buaa_rescue_robot_msgs
[0.392s] -- Up-to-date: /home/rescue-robot/buaa_rescue_robot/install/buaa_rescue_robot_msgs/local/lib/python3.10/dist-packages/buaa_rescue_robot_msgs/_buaa_rescue_robot_msgs_s.ep.rosidl_typesupport_fastrtps_c.c
[0.392s] -- Up-to-date: /home/rescue-robot/buaa_rescue_robot/install/buaa_rescue_robot_msgs/local/lib/python3.10/dist-packages/buaa_rescue_robot_msgs/msg
[0.392s] -- Up-to-date: /home/rescue-robot/buaa_rescue_robot/install/buaa_rescue_robot_msgs/local/lib/python3.10/dist-packages/buaa_rescue_robot_msgs/msg/_control_message_s.c
[0.392s] -- Up-to-date: /home/rescue-robot/buaa_rescue_robot/install/buaa_rescue_robot_msgs/local/lib/python3.10/dist-packages/buaa_rescue_robot_msgs/msg/_control_message.py
[0.392s] -- Up-to-date: /home/rescue-robot/buaa_rescue_robot/install/buaa_rescue_robot_msgs/local/lib/python3.10/dist-packages/buaa_rescue_robot_msgs/msg/__init__.py
[0.392s] -- Up-to-date: /home/rescue-robot/buaa_rescue_robot/install/buaa_rescue_robot_msgs/local/lib/python3.10/dist-packages/buaa_rescue_robot_msgs/buaa_rescue_robot_msgs_s__rosidl_typesupport_c.cpython-310-x86_64-linux-gnu.so
[0.392s] -- Up-to-date: /home/rescue-robot/buaa_rescue_robot/install/buaa_rescue_robot_msgs/local/lib/python3.10/dist-packages/buaa_rescue_robot_msgs/_buaa_rescue_robot_msgs_s.ep.rosidl_typesupport_c.c
[0.393s] -- Up-to-date: /home/rescue-robot/buaa_rescue_robot/install/buaa_rescue_robot_msgs/local/lib/python3.10/dist-packages/buaa_rescue_robot_msgs/libbuaa_rescue_robot_msgs__rosidl_generator_py.so
[0.393s] -- Up-to-date: /home/rescue-robot/buaa_rescue_robot/install/buaa_rescue_robot_msgs/local/lib/python3.10/dist-packages/buaa_rescue_robot_msgs/buaa_rescue_robot_msgs_s__rosidl_typesupport_introspection_c.cpython-310-x86_64-linux-gnu.so
[0.393s] -- Up-to-date: /home/rescue-robot/buaa_rescue_robot/install/buaa_rescue_robot_msgs/local/lib/python3.10/dist-packages/buaa_rescue_robot_msgs/buaa_rescue_robot_msgs_s__rosidl_typesupport_fastrtps_c.cpython-310-x86_64-linux-gnu.so
[0.393s] -- Up-to-date: /home/rescue-robot/buaa_rescue_robot/install/buaa_rescue_robot_msgs/local/lib/python3.10/dist-packages/buaa_rescue_robot_msgs/_buaa_rescue_robot_msgs_s.ep.rosidl_typesupport_introspection_c.c
[0.393s] -- Up-to-date: /home/rescue-robot/buaa_rescue_robot/install/buaa_rescue_robot_msgs/local/lib/python3.10/dist-packages/buaa_rescue_robot_msgs/__init__.py
[0.416s] Listing '/home/rescue-robot/buaa_rescue_robot/install/buaa_rescue_robot_msgs/local/lib/python3.10/dist-packages/buaa_rescue_robot_msgs'...
[0.417s] Listing '/home/rescue-robot/buaa_rescue_robot/install/buaa_rescue_robot_msgs/local/lib/python3.10/dist-packages/buaa_rescue_robot_msgs/msg'...
[0.420s] -- Up-to-date: /home/rescue-robot/buaa_rescue_robot/install/buaa_rescue_robot_msgs/local/lib/python3.10/dist-packages/buaa_rescue_robot_msgs/buaa_rescue_robot_msgs_s__rosidl_typesupport_fastrtps_c.cpython-310-x86_64-linux-gnu.so
[0.420s] -- Up-to-date: /home/rescue-robot/buaa_rescue_robot/install/buaa_rescue_robot_msgs/local/lib/python3.10/dist-packages/buaa_rescue_robot_msgs/buaa_rescue_robot_msgs_s__rosidl_typesupport_introspection_c.cpython-310-x86_64-linux-gnu.so
[0.420s] -- Up-to-date: /home/rescue-robot/buaa_rescue_robot/install/buaa_rescue_robot_msgs/local/lib/python3.10/dist-packages/buaa_rescue_robot_msgs/buaa_rescue_robot_msgs_s__rosidl_typesupport_c.cpython-310-x86_64-linux-gnu.so
[0.421s] -- Up-to-date: /home/rescue-robot/buaa_rescue_robot/install/buaa_rescue_robot_msgs/lib/libbuaa_rescue_robot_msgs__rosidl_generator_py.so
[0.421s] -- Up-to-date: /home/rescue-robot/buaa_rescue_robot/install/buaa_rescue_robot_msgs/share/buaa_rescue_robot_msgs/msg/ControlMessage.idl
[0.421s] -- Up-to-date: /home/rescue-robot/buaa_rescue_robot/install/buaa_rescue_robot_msgs/share/buaa_rescue_robot_msgs/msg/ControlMessage.msg
[0.421s] -- Up-to-date: /home/rescue-robot/buaa_rescue_robot/install/buaa_rescue_robot_msgs/share/buaa_rescue_robot_msgs/launch
[0.421s] -- Up-to-date: /home/rescue-robot/buaa_rescue_robot/install/buaa_rescue_robot_msgs/share/buaa_rescue_robot_msgs/launch/elevator_control_by_keyboard.launch.py
[0.421s] -- Up-to-date: /home/rescue-robot/buaa_rescue_robot/install/buaa_rescue_robot_msgs/share/ament_index/resource_index/package_run_dependencies/buaa_rescue_robot_msgs
[0.421s] -- Up-to-date: /home/rescue-robot/buaa_rescue_robot/install/buaa_rescue_robot_msgs/share/ament_index/resource_index/parent_prefix_path/buaa_rescue_robot_msgs
[0.421s] -- Up-to-date: /home/rescue-robot/buaa_rescue_robot/install/buaa_rescue_robot_msgs/share/buaa_rescue_robot_msgs/environment/ament_prefix_path.sh
[0.421s] -- Up-to-date: /home/rescue-robot/buaa_rescue_robot/install/buaa_rescue_robot_msgs/share/buaa_rescue_robot_msgs/environment/ament_prefix_path.dsv
[0.421s] -- Up-to-date: /home/rescue-robot/buaa_rescue_robot/install/buaa_rescue_robot_msgs/share/buaa_rescue_robot_msgs/environment/path.sh
[0.422s] -- Up-to-date: /home/rescue-robot/buaa_rescue_robot/install/buaa_rescue_robot_msgs/share/buaa_rescue_robot_msgs/environment/path.dsv
[0.422s] -- Up-to-date: /home/rescue-robot/buaa_rescue_robot/install/buaa_rescue_robot_msgs/share/buaa_rescue_robot_msgs/local_setup.bash
[0.422s] -- Up-to-date: /home/rescue-robot/buaa_rescue_robot/install/buaa_rescue_robot_msgs/share/buaa_rescue_robot_msgs/local_setup.sh
[0.422s] -- Up-to-date: /home/rescue-robot/buaa_rescue_robot/install/buaa_rescue_robot_msgs/share/buaa_rescue_robot_msgs/local_setup.zsh
[0.422s] -- Up-to-date: /home/rescue-robot/buaa_rescue_robot/install/buaa_rescue_robot_msgs/share/buaa_rescue_robot_msgs/local_setup.dsv
[0.422s] -- Installing: /home/rescue-robot/buaa_rescue_robot/install/buaa_rescue_robot_msgs/share/buaa_rescue_robot_msgs/package.dsv
[0.422s] -- Up-to-date: /home/rescue-robot/buaa_rescue_robot/install/buaa_rescue_robot_msgs/share/ament_index/resource_index/packages/buaa_rescue_robot_msgs
[0.422s] -- Up-to-date: /home/rescue-robot/buaa_rescue_robot/install/buaa_rescue_robot_msgs/share/buaa_rescue_robot_msgs/cmake/export_buaa_rescue_robot_msgs__rosidl_generator_cExport.cmake
[0.422s] -- Up-to-date: /home/rescue-robot/buaa_rescue_robot/install/buaa_rescue_robot_msgs/share/buaa_rescue_robot_msgs/cmake/export_buaa_rescue_robot_msgs__rosidl_generator_cExport-noconfig.cmake
[0.422s] -- Up-to-date: /home/rescue-robot/buaa_rescue_robot/install/buaa_rescue_robot_msgs/share/buaa_rescue_robot_msgs/cmake/export_buaa_rescue_robot_msgs__rosidl_typesupport_fastrtps_cExport.cmake
[0.422s] -- Up-to-date: /home/rescue-robot/buaa_rescue_robot/install/buaa_rescue_robot_msgs/share/buaa_rescue_robot_msgs/cmake/export_buaa_rescue_robot_msgs__rosidl_typesupport_fastrtps_cExport-noconfig.cmake
[0.423s] -- Up-to-date: /home/rescue-robot/buaa_rescue_robot/install/buaa_rescue_robot_msgs/share/buaa_rescue_robot_msgs/cmake/export_buaa_rescue_robot_msgs__rosidl_generator_cppExport.cmake
[0.423s] -- Up-to-date: /home/rescue-robot/buaa_rescue_robot/install/buaa_rescue_robot_msgs/share/buaa_rescue_robot_msgs/cmake/export_buaa_rescue_robot_msgs__rosidl_typesupport_fastrtps_cppExport.cmake
[0.423s] -- Up-to-date: /home/rescue-robot/buaa_rescue_robot/install/buaa_rescue_robot_msgs/share/buaa_rescue_robot_msgs/cmake/export_buaa_rescue_robot_msgs__rosidl_typesupport_fastrtps_cppExport-noconfig.cmake
[0.423s] -- Up-to-date: /home/rescue-robot/buaa_rescue_robot/install/buaa_rescue_robot_msgs/share/buaa_rescue_robot_msgs/cmake/buaa_rescue_robot_msgs__rosidl_typesupport_introspection_cExport.cmake
[0.423s] -- Up-to-date: /home/rescue-robot/buaa_rescue_robot/install/buaa_rescue_robot_msgs/share/buaa_rescue_robot_msgs/cmake/buaa_rescue_robot_msgs__rosidl_typesupport_introspection_cExport-noconfig.cmake
[0.423s] -- Up-to-date: /home/rescue-robot/buaa_rescue_robot/install/buaa_rescue_robot_msgs/share/buaa_rescue_robot_msgs/cmake/buaa_rescue_robot_msgs__rosidl_typesupport_cExport.cmake
[0.423s] -- Up-to-date: /home/rescue-robot/buaa_rescue_robot/install/buaa_rescue_robot_msgs/share/buaa_rescue_robot_msgs/cmake/buaa_rescue_robot_msgs__rosidl_typesupport_cExport-noconfig.cmake
[0.423s] -- Up-to-date: /home/rescue-robot/buaa_rescue_robot/install/buaa_rescue_robot_msgs/share/buaa_rescue_robot_msgs/cmake/buaa_rescue_robot_msgs__rosidl_typesupport_introspection_cppExport.cmake
[0.423s] -- Up-to-date: /home/rescue-robot/buaa_rescue_robot/install/buaa_rescue_robot_msgs/share/buaa_rescue_robot_msgs/cmake/buaa_rescue_robot_msgs__rosidl_typesupport_introspection_cppExport-noconfig.cmake
[0.423s] -- Up-to-date: /home/rescue-robot/buaa_rescue_robot/install/buaa_rescue_robot_msgs/share/buaa_rescue_robot_msgs/cmake/buaa_rescue_robot_msgs__rosidl_typesupport_cppExport.cmake
[0.423s] -- Up-to-date: /home/rescue-robot/buaa_rescue_robot/install/buaa_rescue_robot_msgs/share/buaa_rescue_robot_msgs/cmake/buaa_rescue_robot_msgs__rosidl_typesupport_cppExport-noconfig.cmake
[0.423s] -- Up-to-date: /home/rescue-robot/buaa_rescue_robot/install/buaa_rescue_robot_msgs/share/buaa_rescue_robot_msgs/cmake/export_buaa_rescue_robot_msgs__rosidl_generator_pyExport.cmake
[0.424s] -- Up-to-date: /home/rescue-robot/buaa_rescue_robot/install/buaa_rescue_robot_msgs/share/buaa_rescue_robot_msgs/cmake/export_buaa_rescue_robot_msgs__rosidl_generator_pyExport-noconfig.cmake
[0.424s] -- Up-to-date: /home/rescue-robot/buaa_rescue_robot/install/buaa_rescue_robot_msgs/share/buaa_rescue_robot_msgs/cmake/rosidl_cmake-extras.cmake
[0.424s] -- Up-to-date: /home/rescue-robot/buaa_rescue_robot/install/buaa_rescue_robot_msgs/share/buaa_rescue_robot_msgs/cmake/ament_cmake_export_include_directories-extras.cmake
[0.424s] -- Up-to-date: /home/rescue-robot/buaa_rescue_robot/install/buaa_rescue_robot_msgs/share/buaa_rescue_robot_msgs/cmake/ament_cmake_export_libraries-extras.cmake
[0.430s] -- Up-to-date: /home/rescue-robot/buaa_rescue_robot/install/buaa_rescue_robot_msgs/share/buaa_rescue_robot_msgs/cmake/ament_cmake_export_targets-extras.cmake
[0.430s] -- Up-to-date: /home/rescue-robot/buaa_rescue_robot/install/buaa_rescue_robot_msgs/share/buaa_rescue_robot_msgs/cmake/rosidl_cmake_export_typesupport_targets-extras.cmake
[0.430s] -- Up-to-date: /home/rescue-robot/buaa_rescue_robot/install/buaa_rescue_robot_msgs/share/buaa_rescue_robot_msgs/cmake/ament_cmake_export_dependencies-extras.cmake
[0.430s] -- Up-to-date: /home/rescue-robot/buaa_rescue_robot/install/buaa_rescue_robot_msgs/share/buaa_rescue_robot_msgs/cmake/rosidl_cmake_export_typesupport_libraries-extras.cmake
[0.430s] -- Up-to-date: /home/rescue-robot/buaa_rescue_robot/install/buaa_rescue_robot_msgs/share/buaa_rescue_robot_msgs/cmake/buaa_rescue_robot_msgsConfig.cmake
[0.430s] -- Up-to-date: /home/rescue-robot/buaa_rescue_robot/install/buaa_rescue_robot_msgs/share/buaa_rescue_robot_msgs/cmake/buaa_rescue_robot_msgsConfig-version.cmake
[0.430s] -- Up-to-date: /home/rescue-robot/buaa_rescue_robot/install/buaa_rescue_robot_msgs/share/buaa_rescue_robot_msgs/package.xml
[0.431s] Invoked command in '/home/rescue-robot/buaa_rescue_robot/build/buaa_rescue_robot_msgs' returned '0': CMAKE_PREFIX_PATH=${CMAKE_PREFIX_PATH}:/opt/ros/humble /usr/bin/cmake --install /home/rescue-robot/buaa_rescue_robot/build/buaa_rescue_robot_msgs
