[0.018s] Invoking command in '/home/rescue-robot/buaa_rescue_robot/build/keyboard_controller': CMAKE_PREFIX_PATH=/home/rescue-robot/buaa_rescue_robot/install/buaa_rescue_robot_msgs:/home/rescue-robot/buaa_rescue_robot/install/serial:/home/rescue-robot/buaa_rescue_robot/install/keyboard_controller:/home/rescue-robot/buaa_rescue_robot/install/cpp_pubsub:/home/rescue-robot/buaa_rescue_robot/install:/home/rescue-robot/buaa_rescue_robot/install:/opt/ros/humble /usr/bin/cmake /home/rescue-robot/buaa_rescue_robot/src/keyboard_controller -DCMAKE_INSTALL_PREFIX=/home/rescue-robot/buaa_rescue_robot/install/keyboard_controller
[0.095s] -- The C compiler identification is GNU 11.4.0
[0.165s] -- The CXX compiler identification is GNU 11.4.0
[0.175s] -- Detecting C compiler ABI info
[0.245s] -- Detecting C compiler ABI info - done
[0.256s] -- Check for working C compiler: /usr/bin/cc - skipped
[0.257s] -- Detecting C compile features
[0.258s] -- Detecting C compile features - done
[0.262s] -- Detecting CXX compiler ABI info
[0.366s] -- Detecting CXX compiler ABI info - done
[0.377s] -- Check for working CXX compiler: /usr/bin/c++ - skipped
[0.377s] -- Detecting CXX compile features
[0.378s] -- Detecting CXX compile features - done
[0.380s] -- Found ament_cmake: 1.3.5 (/opt/ros/humble/share/ament_cmake/cmake)
[0.576s] -- Found Python3: /usr/bin/python3.10 (found version "3.10.12") found components: Interpreter 
[0.675s] -- Found rclcpp: 16.0.5 (/opt/ros/humble/share/rclcpp/cmake)
[0.729s] -- Found rosidl_generator_c: 3.1.5 (/opt/ros/humble/share/rosidl_generator_c/cmake)
[0.735s] -- Found rosidl_adapter: 3.1.5 (/opt/ros/humble/share/rosidl_adapter/cmake)
[0.746s] -- Found rosidl_generator_cpp: 3.1.5 (/opt/ros/humble/share/rosidl_generator_cpp/cmake)
[0.765s] -- Using all available rosidl_typesupport_c: rosidl_typesupport_fastrtps_c;rosidl_typesupport_introspection_c
[0.791s] -- Using all available rosidl_typesupport_cpp: rosidl_typesupport_fastrtps_cpp;rosidl_typesupport_introspection_cpp
[0.886s] -- Found rmw_implementation_cmake: 6.1.1 (/opt/ros/humble/share/rmw_implementation_cmake/cmake)
[0.889s] -- Found rmw_fastrtps_cpp: 6.2.3 (/opt/ros/humble/share/rmw_fastrtps_cpp/cmake)
[0.996s] -- Found OpenSSL: /usr/lib/x86_64-linux-gnu/libcrypto.so (found version "3.0.2")  
[1.019s] -- Found FastRTPS: /opt/ros/humble/include  
[1.080s] -- Using RMW implementation 'rmw_fastrtps_cpp' as default
[1.090s] -- Looking for pthread.h
[1.186s] -- Looking for pthread.h - found
[1.186s] -- Performing Test CMAKE_HAVE_LIBC_PTHREAD
[1.290s] -- Performing Test CMAKE_HAVE_LIBC_PTHREAD - Success
[1.292s] -- Found Threads: TRUE  
[1.459s] -- Found rosidl_default_generators: 1.2.0 (/opt/ros/humble/share/rosidl_default_generators/cmake)
[1.466s] -- Found buaa_rescue_robot_msgs: 0.0.0 (/home/rescue-robot/buaa_rescue_robot/install/buaa_rescue_robot_msgs/share/buaa_rescue_robot_msgs/cmake)
[1.546s] -- Configuring done
[1.562s] -- Generating done
[1.565s] -- Build files have been written to: /home/rescue-robot/buaa_rescue_robot/build/keyboard_controller
[1.576s] Invoked command in '/home/rescue-robot/buaa_rescue_robot/build/keyboard_controller' returned '0': CMAKE_PREFIX_PATH=/home/rescue-robot/buaa_rescue_robot/install/buaa_rescue_robot_msgs:/home/rescue-robot/buaa_rescue_robot/install/serial:/home/rescue-robot/buaa_rescue_robot/install/keyboard_controller:/home/rescue-robot/buaa_rescue_robot/install/cpp_pubsub:/home/rescue-robot/buaa_rescue_robot/install:/home/rescue-robot/buaa_rescue_robot/install:/opt/ros/humble /usr/bin/cmake /home/rescue-robot/buaa_rescue_robot/src/keyboard_controller -DCMAKE_INSTALL_PREFIX=/home/rescue-robot/buaa_rescue_robot/install/keyboard_controller
[1.577s] Invoking command in '/home/rescue-robot/buaa_rescue_robot/build/keyboard_controller': CMAKE_PREFIX_PATH=/home/rescue-robot/buaa_rescue_robot/install/buaa_rescue_robot_msgs:/home/rescue-robot/buaa_rescue_robot/install/serial:/home/rescue-robot/buaa_rescue_robot/install/keyboard_controller:/home/rescue-robot/buaa_rescue_robot/install/cpp_pubsub:/home/rescue-robot/buaa_rescue_robot/install:/home/rescue-robot/buaa_rescue_robot/install:/opt/ros/humble /usr/bin/cmake --build /home/rescue-robot/buaa_rescue_robot/build/keyboard_controller -- -j8 -l8
[1.637s] [ 50%] [32mBuilding CXX object CMakeFiles/keyboard_publisher.dir/src/keyboard_publisher.cpp.o[0m
[6.479s] [100%] [32m[1mLinking CXX executable keyboard_publisher[0m
[6.655s] [100%] Built target keyboard_publisher
[6.668s] Invoked command in '/home/rescue-robot/buaa_rescue_robot/build/keyboard_controller' returned '0': CMAKE_PREFIX_PATH=/home/rescue-robot/buaa_rescue_robot/install/buaa_rescue_robot_msgs:/home/rescue-robot/buaa_rescue_robot/install/serial:/home/rescue-robot/buaa_rescue_robot/install/keyboard_controller:/home/rescue-robot/buaa_rescue_robot/install/cpp_pubsub:/home/rescue-robot/buaa_rescue_robot/install:/home/rescue-robot/buaa_rescue_robot/install:/opt/ros/humble /usr/bin/cmake --build /home/rescue-robot/buaa_rescue_robot/build/keyboard_controller -- -j8 -l8
[6.695s] Invoking command in '/home/rescue-robot/buaa_rescue_robot/build/keyboard_controller': CMAKE_PREFIX_PATH=/home/rescue-robot/buaa_rescue_robot/install/buaa_rescue_robot_msgs:/home/rescue-robot/buaa_rescue_robot/install/serial:/home/rescue-robot/buaa_rescue_robot/install/keyboard_controller:/home/rescue-robot/buaa_rescue_robot/install/cpp_pubsub:/home/rescue-robot/buaa_rescue_robot/install:/home/rescue-robot/buaa_rescue_robot/install:/opt/ros/humble /usr/bin/cmake --install /home/rescue-robot/buaa_rescue_robot/build/keyboard_controller
[6.702s] -- Install configuration: ""
[6.702s] -- Installing: /home/rescue-robot/buaa_rescue_robot/install/keyboard_controller/lib/keyboard_controller/keyboard_publisher
[6.703s] -- Set runtime path of "/home/rescue-robot/buaa_rescue_robot/install/keyboard_controller/lib/keyboard_controller/keyboard_publisher" to ""
[6.703s] -- Installing: /home/rescue-robot/buaa_rescue_robot/install/keyboard_controller/share/ament_index/resource_index/package_run_dependencies/keyboard_controller
[6.703s] -- Installing: /home/rescue-robot/buaa_rescue_robot/install/keyboard_controller/share/ament_index/resource_index/parent_prefix_path/keyboard_controller
[6.704s] -- Installing: /home/rescue-robot/buaa_rescue_robot/install/keyboard_controller/share/keyboard_controller/environment/ament_prefix_path.sh
[6.704s] -- Installing: /home/rescue-robot/buaa_rescue_robot/install/keyboard_controller/share/keyboard_controller/environment/ament_prefix_path.dsv
[6.704s] -- Installing: /home/rescue-robot/buaa_rescue_robot/install/keyboard_controller/share/keyboard_controller/environment/path.sh
[6.704s] -- Installing: /home/rescue-robot/buaa_rescue_robot/install/keyboard_controller/share/keyboard_controller/environment/path.dsv
[6.704s] -- Installing: /home/rescue-robot/buaa_rescue_robot/install/keyboard_controller/share/keyboard_controller/local_setup.bash
[6.704s] -- Installing: /home/rescue-robot/buaa_rescue_robot/install/keyboard_controller/share/keyboard_controller/local_setup.sh
[6.705s] -- Installing: /home/rescue-robot/buaa_rescue_robot/install/keyboard_controller/share/keyboard_controller/local_setup.zsh
[6.705s] -- Installing: /home/rescue-robot/buaa_rescue_robot/install/keyboard_controller/share/keyboard_controller/local_setup.dsv
[6.705s] -- Installing: /home/rescue-robot/buaa_rescue_robot/install/keyboard_controller/share/keyboard_controller/package.dsv
[6.705s] -- Installing: /home/rescue-robot/buaa_rescue_robot/install/keyboard_controller/share/ament_index/resource_index/packages/keyboard_controller
[6.705s] -- Installing: /home/rescue-robot/buaa_rescue_robot/install/keyboard_controller/share/keyboard_controller/cmake/keyboard_controllerConfig.cmake
[6.705s] -- Installing: /home/rescue-robot/buaa_rescue_robot/install/keyboard_controller/share/keyboard_controller/cmake/keyboard_controllerConfig-version.cmake
[6.706s] -- Installing: /home/rescue-robot/buaa_rescue_robot/install/keyboard_controller/share/keyboard_controller/package.xml
[6.709s] Invoked command in '/home/rescue-robot/buaa_rescue_robot/build/keyboard_controller' returned '0': CMAKE_PREFIX_PATH=/home/rescue-robot/buaa_rescue_robot/install/buaa_rescue_robot_msgs:/home/rescue-robot/buaa_rescue_robot/install/serial:/home/rescue-robot/buaa_rescue_robot/install/keyboard_controller:/home/rescue-robot/buaa_rescue_robot/install/cpp_pubsub:/home/rescue-robot/buaa_rescue_robot/install:/home/rescue-robot/buaa_rescue_robot/install:/opt/ros/humble /usr/bin/cmake --install /home/rescue-robot/buaa_rescue_robot/build/keyboard_controller
