[0.010s] Invoking command in '/home/rescue-robot/buaa_rescue_robot/build/cpp_pubsub': CMAKE_PREFIX_PATH=${CMAKE_PREFIX_PATH}:/opt/ros/humble /usr/bin/cmake --build /home/rescue-robot/buaa_rescue_robot/build/cpp_pubsub -- -j8 -l8
[0.049s] [35m[1mConsolidate compiler generated dependencies of target talker[0m
[0.062s] [ 50%] [32mBuilding CXX object CMakeFiles/talker.dir/src/talker.cpp.o[0m
[3.253s] [100%] [32m[1mLinking CXX executable talker[0m
[3.386s] [100%] Built target talker
[3.397s] Invoked command in '/home/rescue-robot/buaa_rescue_robot/build/cpp_pubsub' returned '0': CMAKE_PREFIX_PATH=${CMAKE_PREFIX_PATH}:/opt/ros/humble /usr/bin/cmake --build /home/rescue-robot/buaa_rescue_robot/build/cpp_pubsub -- -j8 -l8
[3.420s] Invoking command in '/home/rescue-robot/buaa_rescue_robot/build/cpp_pubsub': CMAKE_PREFIX_PATH=${CMAKE_PREFIX_PATH}:/opt/ros/humble /usr/bin/cmake --install /home/rescue-robot/buaa_rescue_robot/build/cpp_pubsub
[3.425s] -- Install configuration: ""
[3.425s] -- Installing: /home/rescue-robot/buaa_rescue_robot/install/cpp_pubsub/lib/cpp_pubsub/talker
[3.426s] -- Set runtime path of "/home/rescue-robot/buaa_rescue_robot/install/cpp_pubsub/lib/cpp_pubsub/talker" to ""
[3.426s] -- Up-to-date: /home/rescue-robot/buaa_rescue_robot/install/cpp_pubsub/share/ament_index/resource_index/package_run_dependencies/cpp_pubsub
[3.426s] -- Up-to-date: /home/rescue-robot/buaa_rescue_robot/install/cpp_pubsub/share/ament_index/resource_index/parent_prefix_path/cpp_pubsub
[3.426s] -- Up-to-date: /home/rescue-robot/buaa_rescue_robot/install/cpp_pubsub/share/cpp_pubsub/environment/ament_prefix_path.sh
[3.426s] -- Up-to-date: /home/rescue-robot/buaa_rescue_robot/install/cpp_pubsub/share/cpp_pubsub/environment/ament_prefix_path.dsv
[3.427s] -- Up-to-date: /home/rescue-robot/buaa_rescue_robot/install/cpp_pubsub/share/cpp_pubsub/environment/path.sh
[3.427s] -- Up-to-date: /home/rescue-robot/buaa_rescue_robot/install/cpp_pubsub/share/cpp_pubsub/environment/path.dsv
[3.427s] -- Up-to-date: /home/rescue-robot/buaa_rescue_robot/install/cpp_pubsub/share/cpp_pubsub/local_setup.bash
[3.427s] -- Up-to-date: /home/rescue-robot/buaa_rescue_robot/install/cpp_pubsub/share/cpp_pubsub/local_setup.sh
[3.427s] -- Up-to-date: /home/rescue-robot/buaa_rescue_robot/install/cpp_pubsub/share/cpp_pubsub/local_setup.zsh
[3.427s] -- Up-to-date: /home/rescue-robot/buaa_rescue_robot/install/cpp_pubsub/share/cpp_pubsub/local_setup.dsv
[3.427s] -- Installing: /home/rescue-robot/buaa_rescue_robot/install/cpp_pubsub/share/cpp_pubsub/package.dsv
[3.427s] -- Up-to-date: /home/rescue-robot/buaa_rescue_robot/install/cpp_pubsub/share/ament_index/resource_index/packages/cpp_pubsub
[3.427s] -- Up-to-date: /home/rescue-robot/buaa_rescue_robot/install/cpp_pubsub/share/cpp_pubsub/cmake/cpp_pubsubConfig.cmake
[3.427s] -- Up-to-date: /home/rescue-robot/buaa_rescue_robot/install/cpp_pubsub/share/cpp_pubsub/cmake/cpp_pubsubConfig-version.cmake
[3.427s] -- Up-to-date: /home/rescue-robot/buaa_rescue_robot/install/cpp_pubsub/share/cpp_pubsub/package.xml
[3.429s] Invoked command in '/home/rescue-robot/buaa_rescue_robot/build/cpp_pubsub' returned '0': CMAKE_PREFIX_PATH=${CMAKE_PREFIX_PATH}:/opt/ros/humble /usr/bin/cmake --install /home/rescue-robot/buaa_rescue_robot/build/cpp_pubsub
