[0.010s] Invoking command in '/home/rescue-robot/buaa_rescue_robot/build/serial': CMAKE_PREFIX_PATH=/home/rescue-robot/buaa_rescue_robot/install/buaa_rescue_robot_msgs:/home/rescue-robot/buaa_rescue_robot/install/serial:/home/rescue-robot/buaa_rescue_robot/install/keyboard_controller:/home/rescue-robot/buaa_rescue_robot/install/cpp_pubsub:/home/rescue-robot/buaa_rescue_robot/install:/home/rescue-robot/buaa_rescue_robot/install:/opt/ros/humble /usr/bin/cmake --build /home/rescue-robot/buaa_rescue_robot/build/serial -- -j8 -l8
[0.055s] [35m[1mConsolidate compiler generated dependencies of target serial_sender[0m
[0.085s] [ 50%] Built target serial_receiver
[0.088s] [ 75%] [32mBuilding CXX object CMakeFiles/serial_sender.dir/src/serial_sender.cpp.o[0m
[2.426s] In file included from [01m[K/opt/ros/humble/include/rclcpp/rclcpp/client.hpp:40[m[K,
[2.426s]                  from [01m[K/opt/ros/humble/include/rclcpp/rclcpp/callback_group.hpp:24[m[K,
[2.426s]                  from [01m[K/opt/ros/humble/include/rclcpp/rclcpp/any_executable.hpp:20[m[K,
[2.426s]                  from [01m[K/opt/ros/humble/include/rclcpp/rclcpp/memory_strategy.hpp:25[m[K,
[2.426s]                  from [01m[K/opt/ros/humble/include/rclcpp/rclcpp/memory_strategies.hpp:18[m[K,
[2.426s]                  from [01m[K/opt/ros/humble/include/rclcpp/rclcpp/executor_options.hpp:20[m[K,
[2.426s]                  from [01m[K/opt/ros/humble/include/rclcpp/rclcpp/executor.hpp:37[m[K,
[2.426s]                  from [01m[K/opt/ros/humble/include/rclcpp/rclcpp/executors/multi_threaded_executor.hpp:25[m[K,
[2.426s]                  from [01m[K/opt/ros/humble/include/rclcpp/rclcpp/executors.hpp:21[m[K,
[2.426s]                  from [01m[K/opt/ros/humble/include/rclcpp/rclcpp/rclcpp.hpp:155[m[K,
[2.426s]                  from [01m[K/home/rescue-robot/buaa_rescue_robot/src/serial/src/serial_sender.cpp:2[m[K:
[2.426s] [01m[K/home/rescue-robot/buaa_rescue_robot/src/serial/src/serial_sender.cpp:[m[K In function ‘[01m[Kuint16_t calculate_crc16(const std::vector<unsigned char, std::allocator<unsigned char> >&, size_t, size_t)[m[K’:
[2.426s] [01m[K/home/rescue-robot/buaa_rescue_robot/src/serial/src/serial_sender.cpp:60:17:[m[K [01;31m[Kerror: [m[Kinvalid use of ‘[01m[Kthis[m[K’ in non-member function
[2.426s]    60 |     RCLCPP_INFO([01;31m[Kthis[m[K->get_logger(), "Sent message: %s", crc.c_str());
[2.427s]       |                 [01;31m[K^~~~[m[K
[2.427s] [01m[K/home/rescue-robot/buaa_rescue_robot/src/serial/src/serial_sender.cpp:60:17:[m[K [01;31m[Kerror: [m[Kinvalid use of ‘[01m[Kthis[m[K’ in non-member function
[2.427s] [01m[K/home/rescue-robot/buaa_rescue_robot/src/serial/src/serial_sender.cpp:60:5:[m[K [01;31m[Kerror: [m[Ktemplate argument 1 is invalid
[2.427s]    60 |     [01;31m[KRCLCPP_INFO[m[K(this->get_logger(), "Sent message: %s", crc.c_str());
[2.427s]       |     [01;31m[K^~~~~~~~~~~[m[K
[2.427s] [01m[K/home/rescue-robot/buaa_rescue_robot/src/serial/src/serial_sender.cpp:60:5:[m[K [01;31m[Kerror: [m[K‘[01m[K<declaration error>[m[K’ is not a template [[01;31m[K]8;;https://gcc.gnu.org/onlinedocs/gcc/Warning-Options.html#index-fpermissive-fpermissive]8;;[m[K]
[2.427s]    60 |     [01;31m[KRCLCPP_INFO[m[K(this->get_logger(), "Sent message: %s", crc.c_str());
[2.427s]       |     [01;31m[K^~~~~~~~~~~[m[K
[2.427s] [01m[K/home/rescue-robot/buaa_rescue_robot/src/serial/src/serial_sender.cpp:60:5:[m[K [01;31m[Kerror: [m[Ktemplate argument 1 is invalid
[2.427s]    60 |     [01;31m[KRCLCPP_INFO[m[K(this->get_logger(), "Sent message: %s", crc.c_str());
[2.427s]       |     [01;31m[K^~~~~~~~~~~[m[K
[2.427s] [01m[K/home/rescue-robot/buaa_rescue_robot/src/serial/src/serial_sender.cpp:60:5:[m[K [01;31m[Kerror: [m[K‘[01m[K<declaration error>[m[K’ is not a template [[01;31m[K]8;;https://gcc.gnu.org/onlinedocs/gcc/Warning-Options.html#index-fpermissive-fpermissive]8;;[m[K]
[2.427s]    60 |     [01;31m[KRCLCPP_INFO[m[K(this->get_logger(), "Sent message: %s", crc.c_str());
[2.427s]       |     [01;31m[K^~~~~~~~~~~[m[K
[2.427s] [01m[K/home/rescue-robot/buaa_rescue_robot/src/serial/src/serial_sender.cpp:60:5:[m[K [01;31m[Kerror: [m[Ktemplate argument 1 is invalid
[2.427s]    60 |     [01;31m[KRCLCPP_INFO[m[K(this->get_logger(), "Sent message: %s", crc.c_str());
[2.427s]       |     [01;31m[K^~~~~~~~~~~[m[K
[2.427s] In file included from [01m[K/opt/ros/humble/include/rclcpp/rclcpp/logging.hpp:24[m[K,
[2.427s]                  from [01m[K/opt/ros/humble/include/rclcpp/rclcpp/client.hpp:40[m[K,
[2.427s]                  from [01m[K/opt/ros/humble/include/rclcpp/rclcpp/callback_group.hpp:24[m[K,
[2.427s]                  from [01m[K/opt/ros/humble/include/rclcpp/rclcpp/any_executable.hpp:20[m[K,
[2.427s]                  from [01m[K/opt/ros/humble/include/rclcpp/rclcpp/memory_strategy.hpp:25[m[K,
[2.427s]                  from [01m[K/opt/ros/humble/include/rclcpp/rclcpp/memory_strategies.hpp:18[m[K,
[2.427s]                  from [01m[K/opt/ros/humble/include/rclcpp/rclcpp/executor_options.hpp:20[m[K,
[2.427s]                  from [01m[K/opt/ros/humble/include/rclcpp/rclcpp/executor.hpp:37[m[K,
[2.427s]                  from [01m[K/opt/ros/humble/include/rclcpp/rclcpp/executors/multi_threaded_executor.hpp:25[m[K,
[2.427s]                  from [01m[K/opt/ros/humble/include/rclcpp/rclcpp/executors.hpp:21[m[K,
[2.428s]                  from [01m[K/opt/ros/humble/include/rclcpp/rclcpp/rclcpp.hpp:155[m[K,
[2.428s]                  from [01m[K/home/rescue-robot/buaa_rescue_robot/src/serial/src/serial_sender.cpp:2[m[K:
[2.428s] [01m[K/home/rescue-robot/buaa_rescue_robot/src/serial/src/serial_sender.cpp:60:17:[m[K [01;31m[Kerror: [m[Kinvalid use of ‘[01m[Kthis[m[K’ in non-member function
[2.428s]    60 |     RCLCPP_INFO([01;31m[Kthis[m[K->get_logger(), "Sent message: %s", crc.c_str());
[2.428s]       |                 [01;31m[K^~~~[m[K
[2.428s] [01m[K/home/rescue-robot/buaa_rescue_robot/src/serial/src/serial_sender.cpp:60:17:[m[K [01;31m[Kerror: [m[Kinvalid use of ‘[01m[Kthis[m[K’ in non-member function
[2.428s]    60 |     RCLCPP_INFO([01;31m[Kthis[m[K->get_logger(), "Sent message: %s", crc.c_str());
[2.428s]       |                 [01;31m[K^~~~[m[K
[2.428s] [01m[K/home/rescue-robot/buaa_rescue_robot/src/serial/src/serial_sender.cpp:60:61:[m[K [01;31m[Kerror: [m[Krequest for member ‘[01m[Kc_str[m[K’ in ‘[01m[Kcrc[m[K’, which is of non-class type ‘[01m[Kuint16_t[m[K’ {aka ‘[01m[Kshort unsigned int[m[K’}
[2.428s]    60 |     RCLCPP_INFO(this->get_logger(), "Sent message: %s", crc.[01;31m[Kc_str[m[K());
[2.428s]       |                                                             [01;31m[K^~~~~[m[K
[4.721s] gmake[2]: *** [CMakeFiles/serial_sender.dir/build.make:76: CMakeFiles/serial_sender.dir/src/serial_sender.cpp.o] Error 1
[4.721s] gmake[1]: *** [CMakeFiles/Makefile2:139: CMakeFiles/serial_sender.dir/all] Error 2
[4.721s] gmake: *** [Makefile:146: all] Error 2
[4.722s] Invoked command in '/home/rescue-robot/buaa_rescue_robot/build/serial' returned '2': CMAKE_PREFIX_PATH=/home/rescue-robot/buaa_rescue_robot/install/buaa_rescue_robot_msgs:/home/rescue-robot/buaa_rescue_robot/install/serial:/home/rescue-robot/buaa_rescue_robot/install/keyboard_controller:/home/rescue-robot/buaa_rescue_robot/install/cpp_pubsub:/home/rescue-robot/buaa_rescue_robot/install:/home/rescue-robot/buaa_rescue_robot/install:/opt/ros/humble /usr/bin/cmake --build /home/rescue-robot/buaa_rescue_robot/build/serial -- -j8 -l8
