[0.009s] Invoking command in '/home/rescue-robot/buaa_rescue_robot/build/cpp_pubsub': CMAKE_PREFIX_PATH=${CMAKE_PREFIX_PATH}:/opt/ros/humble /usr/bin/cmake /home/rescue-robot/buaa_rescue_robot/src/cpp_pubsub -DCMAKE_INSTALL_PREFIX=/home/rescue-robot/buaa_rescue_robot/install/cpp_pubsub
[0.063s] -- The C compiler identification is GNU 11.4.0
[0.109s] -- The CXX compiler identification is GNU 11.4.0
[0.117s] -- Detecting C compiler ABI info
[0.167s] -- Detecting C compiler ABI info - done
[0.173s] -- Check for working C compiler: /usr/bin/cc - skipped
[0.173s] -- Detecting C compile features
[0.173s] -- Detecting C compile features - done
[0.175s] -- Detecting CXX compiler ABI info
[0.239s] -- Detecting CXX compiler ABI info - done
[0.245s] -- Check for working CXX compiler: /usr/bin/c++ - skipped
[0.245s] -- Detecting CXX compile features
[0.245s] -- Detecting CXX compile features - done
[0.247s] -- Found ament_cmake: 1.3.5 (/opt/ros/humble/share/ament_cmake/cmake)
[0.376s] -- Found Python3: /usr/bin/python3.10 (found version "3.10.12") found components: Interpreter 
[0.445s] -- Found rclcpp: 16.0.5 (/opt/ros/humble/share/rclcpp/cmake)
[0.482s] -- Found rosidl_generator_c: 3.1.5 (/opt/ros/humble/share/rosidl_generator_c/cmake)
[0.487s] -- Found rosidl_adapter: 3.1.5 (/opt/ros/humble/share/rosidl_adapter/cmake)
[0.495s] -- Found rosidl_generator_cpp: 3.1.5 (/opt/ros/humble/share/rosidl_generator_cpp/cmake)
[0.509s] -- Using all available rosidl_typesupport_c: rosidl_typesupport_fastrtps_c;rosidl_typesupport_introspection_c
[0.529s] -- Using all available rosidl_typesupport_cpp: rosidl_typesupport_fastrtps_cpp;rosidl_typesupport_introspection_cpp
[0.583s] -- Found rmw_implementation_cmake: 6.1.1 (/opt/ros/humble/share/rmw_implementation_cmake/cmake)
[0.584s] -- Found rmw_fastrtps_cpp: 6.2.3 (/opt/ros/humble/share/rmw_fastrtps_cpp/cmake)
[0.663s] -- Found OpenSSL: /usr/lib/x86_64-linux-gnu/libcrypto.so (found version "3.0.2")  
[0.682s] -- Found FastRTPS: /opt/ros/humble/include  
[0.720s] -- Using RMW implementation 'rmw_fastrtps_cpp' as default
[0.728s] -- Looking for pthread.h
[0.780s] -- Looking for pthread.h - found
[0.780s] -- Performing Test CMAKE_HAVE_LIBC_PTHREAD
[0.846s] -- Performing Test CMAKE_HAVE_LIBC_PTHREAD - Success
[0.847s] -- Found Threads: TRUE  
[1.019s] -- Configuring done
[1.031s] -- Generating done
[1.032s] -- Build files have been written to: /home/rescue-robot/buaa_rescue_robot/build/cpp_pubsub
[1.039s] Invoked command in '/home/rescue-robot/buaa_rescue_robot/build/cpp_pubsub' returned '0': CMAKE_PREFIX_PATH=${CMAKE_PREFIX_PATH}:/opt/ros/humble /usr/bin/cmake /home/rescue-robot/buaa_rescue_robot/src/cpp_pubsub -DCMAKE_INSTALL_PREFIX=/home/rescue-robot/buaa_rescue_robot/install/cpp_pubsub
[1.041s] Invoking command in '/home/rescue-robot/buaa_rescue_robot/build/cpp_pubsub': CMAKE_PREFIX_PATH=${CMAKE_PREFIX_PATH}:/opt/ros/humble /usr/bin/cmake --build /home/rescue-robot/buaa_rescue_robot/build/cpp_pubsub -- -j8 -l8
[1.077s] [ 50%] [32mBuilding CXX object CMakeFiles/listener.dir/src/listener.cpp.o[0m
[1.077s] [ 50%] [32mBuilding CXX object CMakeFiles/talker.dir/src/talker.cpp.o[0m
[5.475s] [ 75%] [32m[1mLinking CXX executable talker[0m
[5.673s] [ 75%] Built target talker
[9.560s] [100%] [32m[1mLinking CXX executable listener[0m
[10.030s] [100%] Built target listener
[10.049s] Invoked command in '/home/rescue-robot/buaa_rescue_robot/build/cpp_pubsub' returned '0': CMAKE_PREFIX_PATH=${CMAKE_PREFIX_PATH}:/opt/ros/humble /usr/bin/cmake --build /home/rescue-robot/buaa_rescue_robot/build/cpp_pubsub -- -j8 -l8
[10.093s] Invoking command in '/home/rescue-robot/buaa_rescue_robot/build/cpp_pubsub': CMAKE_PREFIX_PATH=${CMAKE_PREFIX_PATH}:/opt/ros/humble /usr/bin/cmake --install /home/rescue-robot/buaa_rescue_robot/build/cpp_pubsub
[10.101s] -- Install configuration: ""
[10.102s] -- Installing: /home/rescue-robot/buaa_rescue_robot/install/cpp_pubsub/lib/cpp_pubsub/talker
[10.104s] -- Set runtime path of "/home/rescue-robot/buaa_rescue_robot/install/cpp_pubsub/lib/cpp_pubsub/talker" to ""
[10.104s] -- Installing: /home/rescue-robot/buaa_rescue_robot/install/cpp_pubsub/lib/cpp_pubsub/listener
[10.107s] -- Set runtime path of "/home/rescue-robot/buaa_rescue_robot/install/cpp_pubsub/lib/cpp_pubsub/listener" to ""
[10.107s] -- Installing: /home/rescue-robot/buaa_rescue_robot/install/cpp_pubsub/share/ament_index/resource_index/package_run_dependencies/cpp_pubsub
[10.108s] -- Installing: /home/rescue-robot/buaa_rescue_robot/install/cpp_pubsub/share/ament_index/resource_index/parent_prefix_path/cpp_pubsub
[10.108s] -- Installing: /home/rescue-robot/buaa_rescue_robot/install/cpp_pubsub/share/cpp_pubsub/environment/ament_prefix_path.sh
[10.108s] -- Installing: /home/rescue-robot/buaa_rescue_robot/install/cpp_pubsub/share/cpp_pubsub/environment/ament_prefix_path.dsv
[10.108s] -- Installing: /home/rescue-robot/buaa_rescue_robot/install/cpp_pubsub/share/cpp_pubsub/environment/path.sh
[10.108s] -- Installing: /home/rescue-robot/buaa_rescue_robot/install/cpp_pubsub/share/cpp_pubsub/environment/path.dsv
[10.108s] -- Installing: /home/rescue-robot/buaa_rescue_robot/install/cpp_pubsub/share/cpp_pubsub/local_setup.bash
[10.108s] -- Installing: /home/rescue-robot/buaa_rescue_robot/install/cpp_pubsub/share/cpp_pubsub/local_setup.sh
[10.109s] -- Installing: /home/rescue-robot/buaa_rescue_robot/install/cpp_pubsub/share/cpp_pubsub/local_setup.zsh
[10.109s] -- Installing: /home/rescue-robot/buaa_rescue_robot/install/cpp_pubsub/share/cpp_pubsub/local_setup.dsv
[10.109s] -- Installing: /home/rescue-robot/buaa_rescue_robot/install/cpp_pubsub/share/cpp_pubsub/package.dsv
[10.109s] -- Installing: /home/rescue-robot/buaa_rescue_robot/install/cpp_pubsub/share/ament_index/resource_index/packages/cpp_pubsub
[10.110s] -- Installing: /home/rescue-robot/buaa_rescue_robot/install/cpp_pubsub/share/cpp_pubsub/cmake/cpp_pubsubConfig.cmake
[10.110s] -- Installing: /home/rescue-robot/buaa_rescue_robot/install/cpp_pubsub/share/cpp_pubsub/cmake/cpp_pubsubConfig-version.cmake
[10.110s] -- Installing: /home/rescue-robot/buaa_rescue_robot/install/cpp_pubsub/share/cpp_pubsub/package.xml
[10.112s] Invoked command in '/home/rescue-robot/buaa_rescue_robot/build/cpp_pubsub' returned '0': CMAKE_PREFIX_PATH=${CMAKE_PREFIX_PATH}:/opt/ros/humble /usr/bin/cmake --install /home/rescue-robot/buaa_rescue_robot/build/cpp_pubsub
