[35m[1mConsolidate compiler generated dependencies of target serial_sender[0m
[ 50%] Built target serial_receiver
[ 75%] [32mBuilding CXX object CMakeFiles/serial_sender.dir/src/serial_sender.cpp.o[0m
[01m[K/home/rescue_robot/buaa_rescue_robot/src/serial/src/serial_sender.cpp:[m[K In member function ‘[01m[Kvoid SerialSender::start_receive()[m[K’:
[01m[K/home/rescue_robot/buaa_rescue_robot/src/serial/src/serial_sender.cpp:195:59:[m[K [01;31m[Kerror: [m[Kno matching function for call to ‘[01m[Kbuffer(std::vector<unsigned char, std::allocator<unsigned char> >&, std::string&)[m[K’
  195 |         asio::async_read_until(*serial_port_, [01;31m[Kasio::buffer(received_modbus_frame_, delimiter)[m[K,
      |                                               [01;31m[K~~~~~~~~~~~~^~~~~~~~~~~~~~~~~~~~~~~~~~~~~~~~~~~[m[K
In file included from [01m[K/usr/include/asio/detail/reactive_socket_service.hpp:22[m[K,
                 from [01m[K/usr/include/asio/basic_socket.hpp:36[m[K,
                 from [01m[K/usr/include/asio/basic_datagram_socket.hpp:20[m[K,
                 from [01m[K/usr/include/asio.hpp:22[m[K,
                 from [01m[K/home/rescue_robot/buaa_rescue_robot/src/serial/src/serial_sender.cpp:3[m[K:
[01m[K/usr/include/asio/buffer.hpp:992:28:[m[K [01;36m[Knote: [m[Kcandidate: ‘[01m[Ktemplate<class PodType, long unsigned int N> asio::mutable_buffers_1 asio::buffer(PodType (&)[N])[m[K’
  992 | inline ASIO_MUTABLE_BUFFER [01;36m[Kbuffer[m[K(PodType (&data)[N]) ASIO_NOEXCEPT
      |                            [01;36m[K^~~~~~[m[K
[01m[K/usr/include/asio/buffer.hpp:992:28:[m[K [01;36m[Knote: [m[K  template argument deduction/substitution failed:
[01m[K/home/rescue_robot/buaa_rescue_robot/src/serial/src/serial_sender.cpp:195:59:[m[K [01;36m[Knote: [m[K  mismatched types ‘[01m[KPodType [N][m[K’ and ‘[01m[Kstd::vector<unsigned char, std::allocator<unsigned char> >[m[K’
  195 |         asio::async_read_until(*serial_port_, [01;36m[Kasio::buffer(received_modbus_frame_, delimiter)[m[K,
      |                                               [01;36m[K~~~~~~~~~~~~^~~~~~~~~~~~~~~~~~~~~~~~~~~~~~~~~~~[m[K
In file included from [01m[K/usr/include/asio/detail/reactive_socket_service.hpp:22[m[K,
                 from [01m[K/usr/include/asio/basic_socket.hpp:36[m[K,
                 from [01m[K/usr/include/asio/basic_datagram_socket.hpp:20[m[K,
                 from [01m[K/usr/include/asio.hpp:22[m[K,
                 from [01m[K/home/rescue_robot/buaa_rescue_robot/src/serial/src/serial_sender.cpp:3[m[K:
[01m[K/usr/include/asio/buffer.hpp:1005:28:[m[K [01;36m[Knote: [m[Kcandidate: ‘[01m[Ktemplate<class PodType, long unsigned int N> asio::mutable_buffers_1 asio::buffer(PodType (&)[N], std::size_t)[m[K’
 1005 | inline ASIO_MUTABLE_BUFFER [01;36m[Kbuffer[m[K(PodType (&data)[N],
      |                            [01;36m[K^~~~~~[m[K
[01m[K/usr/include/asio/buffer.hpp:1005:28:[m[K [01;36m[Knote: [m[K  template argument deduction/substitution failed:
[01m[K/home/rescue_robot/buaa_rescue_robot/src/serial/src/serial_sender.cpp:195:59:[m[K [01;36m[Knote: [m[K  mismatched types ‘[01m[KPodType [N][m[K’ and ‘[01m[Kstd::vector<unsigned char, std::allocator<unsigned char> >[m[K’
  195 |         asio::async_read_until(*serial_port_, [01;36m[Kasio::buffer(received_modbus_frame_, delimiter)[m[K,
      |                                               [01;36m[K~~~~~~~~~~~~^~~~~~~~~~~~~~~~~~~~~~~~~~~~~~~~~~~[m[K
In file included from [01m[K/usr/include/asio/detail/reactive_socket_service.hpp:22[m[K,
                 from [01m[K/usr/include/asio/basic_socket.hpp:36[m[K,
                 from [01m[K/usr/include/asio/basic_datagram_socket.hpp:20[m[K,
                 from [01m[K/usr/include/asio.hpp:22[m[K,
                 from [01m[K/home/rescue_robot/buaa_rescue_robot/src/serial/src/serial_sender.cpp:3[m[K:
[01m[K/usr/include/asio/buffer.hpp:1021:26:[m[K [01;36m[Knote: [m[Kcandidate: ‘[01m[Ktemplate<class PodType, long unsigned int N> asio::const_buffers_1 asio::buffer(const PodType (&)[N])[m[K’
 1021 | inline ASIO_CONST_BUFFER [01;36m[Kbuffer[m[K(
      |                          [01;36m[K^~~~~~[m[K
[01m[K/usr/include/asio/buffer.hpp:1021:26:[m[K [01;36m[Knote: [m[K  template argument deduction/substitution failed:
[01m[K/home/rescue_robot/buaa_rescue_robot/src/serial/src/serial_sender.cpp:195:59:[m[K [01;36m[Knote: [m[K  mismatched types ‘[01m[Kconst PodType [N][m[K’ and ‘[01m[Kstd::vector<unsigned char, std::allocator<unsigned char> >[m[K’
  195 |         asio::async_read_until(*serial_port_, [01;36m[Kasio::buffer(received_modbus_frame_, delimiter)[m[K,
      |                                               [01;36m[K~~~~~~~~~~~~^~~~~~~~~~~~~~~~~~~~~~~~~~~~~~~~~~~[m[K
In file included from [01m[K/usr/include/asio/detail/reactive_socket_service.hpp:22[m[K,
                 from [01m[K/usr/include/asio/basic_socket.hpp:36[m[K,
                 from [01m[K/usr/include/asio/basic_datagram_socket.hpp:20[m[K,
                 from [01m[K/usr/include/asio.hpp:22[m[K,
                 from [01m[K/home/rescue_robot/buaa_rescue_robot/src/serial/src/serial_sender.cpp:3[m[K:
[01m[K/usr/include/asio/buffer.hpp:1035:26:[m[K [01;36m[Knote: [m[Kcandidate: ‘[01m[Ktemplate<class PodType, long unsigned int N> asio::const_buffers_1 asio::buffer(const PodType (&)[N], std::size_t)[m[K’
 1035 | inline ASIO_CONST_BUFFER [01;36m[Kbuffer[m[K(const PodType (&data)[N],
      |                          [01;36m[K^~~~~~[m[K
[01m[K/usr/include/asio/buffer.hpp:1035:26:[m[K [01;36m[Knote: [m[K  template argument deduction/substitution failed:
[01m[K/home/rescue_robot/buaa_rescue_robot/src/serial/src/serial_sender.cpp:195:59:[m[K [01;36m[Knote: [m[K  mismatched types ‘[01m[Kconst PodType [N][m[K’ and ‘[01m[Kstd::vector<unsigned char, std::allocator<unsigned char> >[m[K’
  195 |         asio::async_read_until(*serial_port_, [01;36m[Kasio::buffer(received_modbus_frame_, delimiter)[m[K,
      |                                               [01;36m[K~~~~~~~~~~~~^~~~~~~~~~~~~~~~~~~~~~~~~~~~~~~~~~~[m[K
In file included from [01m[K/usr/include/asio/detail/reactive_socket_service.hpp:22[m[K,
                 from [01m[K/usr/include/asio/basic_socket.hpp:36[m[K,
                 from [01m[K/usr/include/asio/basic_datagram_socket.hpp:20[m[K,
                 from [01m[K/usr/include/asio.hpp:22[m[K,
                 from [01m[K/home/rescue_robot/buaa_rescue_robot/src/serial/src/serial_sender.cpp:3[m[K:
[01m[K/usr/include/asio/buffer.hpp:1121:28:[m[K [01;36m[Knote: [m[Kcandidate: ‘[01m[Ktemplate<class PodType, long unsigned int N> asio::mutable_buffers_1 asio::buffer(boost::array<PodType, N>&)[m[K’
 1121 | inline ASIO_MUTABLE_BUFFER [01;36m[Kbuffer[m[K(
      |                            [01;36m[K^~~~~~[m[K
[01m[K/usr/include/asio/buffer.hpp:1121:28:[m[K [01;36m[Knote: [m[K  template argument deduction/substitution failed:
[01m[K/home/rescue_robot/buaa_rescue_robot/src/serial/src/serial_sender.cpp:195:59:[m[K [01;36m[Knote: [m[K  ‘[01m[Kstd::vector<unsigned char, std::allocator<unsigned char> >[m[K’ is not derived from ‘[01m[Kboost::array<PodType, N>[m[K’
  195 |         asio::async_read_until(*serial_port_, [01;36m[Kasio::buffer(received_modbus_frame_, delimiter)[m[K,
      |                                               [01;36m[K~~~~~~~~~~~~^~~~~~~~~~~~~~~~~~~~~~~~~~~~~~~~~~~[m[K
In file included from [01m[K/usr/include/asio/detail/reactive_socket_service.hpp:22[m[K,
                 from [01m[K/usr/include/asio/basic_socket.hpp:36[m[K,
                 from [01m[K/usr/include/asio/basic_datagram_socket.hpp:20[m[K,
                 from [01m[K/usr/include/asio.hpp:22[m[K,
                 from [01m[K/home/rescue_robot/buaa_rescue_robot/src/serial/src/serial_sender.cpp:3[m[K:
[01m[K/usr/include/asio/buffer.hpp:1136:28:[m[K [01;36m[Knote: [m[Kcandidate: ‘[01m[Ktemplate<class PodType, long unsigned int N> asio::mutable_buffers_1 asio::buffer(boost::array<PodType, N>&, std::size_t)[m[K’
 1136 | inline ASIO_MUTABLE_BUFFER [01;36m[Kbuffer[m[K(boost::array<PodType, N>& data,
      |                            [01;36m[K^~~~~~[m[K
[01m[K/usr/include/asio/buffer.hpp:1136:28:[m[K [01;36m[Knote: [m[K  template argument deduction/substitution failed:
[01m[K/home/rescue_robot/buaa_rescue_robot/src/serial/src/serial_sender.cpp:195:59:[m[K [01;36m[Knote: [m[K  ‘[01m[Kstd::vector<unsigned char, std::allocator<unsigned char> >[m[K’ is not derived from ‘[01m[Kboost::array<PodType, N>[m[K’
  195 |         asio::async_read_until(*serial_port_, [01;36m[Kasio::buffer(received_modbus_frame_, delimiter)[m[K,
      |                                               [01;36m[K~~~~~~~~~~~~^~~~~~~~~~~~~~~~~~~~~~~~~~~~~~~~~~~[m[K
In file included from [01m[K/usr/include/asio/detail/reactive_socket_service.hpp:22[m[K,
                 from [01m[K/usr/include/asio/basic_socket.hpp:36[m[K,
                 from [01m[K/usr/include/asio/basic_datagram_socket.hpp:20[m[K,
                 from [01m[K/usr/include/asio.hpp:22[m[K,
                 from [01m[K/home/rescue_robot/buaa_rescue_robot/src/serial/src/serial_sender.cpp:3[m[K:
[01m[K/usr/include/asio/buffer.hpp:1152:26:[m[K [01;36m[Knote: [m[Kcandidate: ‘[01m[Ktemplate<class PodType, long unsigned int N> asio::const_buffers_1 asio::buffer(boost::array<const PodType, N>&)[m[K’
 1152 | inline ASIO_CONST_BUFFER [01;36m[Kbuffer[m[K(
      |                          [01;36m[K^~~~~~[m[K
[01m[K/usr/include/asio/buffer.hpp:1152:26:[m[K [01;36m[Knote: [m[K  template argument deduction/substitution failed:
[01m[K/home/rescue_robot/buaa_rescue_robot/src/serial/src/serial_sender.cpp:195:59:[m[K [01;36m[Knote: [m[K  ‘[01m[Kstd::vector<unsigned char, std::allocator<unsigned char> >[m[K’ is not derived from ‘[01m[Kboost::array<const PodType, N>[m[K’
  195 |         asio::async_read_until(*serial_port_, [01;36m[Kasio::buffer(received_modbus_frame_, delimiter)[m[K,
      |                                               [01;36m[K~~~~~~~~~~~~^~~~~~~~~~~~~~~~~~~~~~~~~~~~~~~~~~~[m[K
In file included from [01m[K/usr/include/asio/detail/reactive_socket_service.hpp:22[m[K,
                 from [01m[K/usr/include/asio/basic_socket.hpp:36[m[K,
                 from [01m[K/usr/include/asio/basic_datagram_socket.hpp:20[m[K,
                 from [01m[K/usr/include/asio.hpp:22[m[K,
                 from [01m[K/home/rescue_robot/buaa_rescue_robot/src/serial/src/serial_sender.cpp:3[m[K:
[01m[K/usr/include/asio/buffer.hpp:1166:26:[m[K [01;36m[Knote: [m[Kcandidate: ‘[01m[Ktemplate<class PodType, long unsigned int N> asio::const_buffers_1 asio::buffer(boost::array<const PodType, N>&, std::size_t)[m[K’
 1166 | inline ASIO_CONST_BUFFER [01;36m[Kbuffer[m[K(boost::array<const PodType, N>& data,
      |                          [01;36m[K^~~~~~[m[K
[01m[K/usr/include/asio/buffer.hpp:1166:26:[m[K [01;36m[Knote: [m[K  template argument deduction/substitution failed:
[01m[K/home/rescue_robot/buaa_rescue_robot/src/serial/src/serial_sender.cpp:195:59:[m[K [01;36m[Knote: [m[K  ‘[01m[Kstd::vector<unsigned char, std::allocator<unsigned char> >[m[K’ is not derived from ‘[01m[Kboost::array<const PodType, N>[m[K’
  195 |         asio::async_read_until(*serial_port_, [01;36m[Kasio::buffer(received_modbus_frame_, delimiter)[m[K,
      |                                               [01;36m[K~~~~~~~~~~~~^~~~~~~~~~~~~~~~~~~~~~~~~~~~~~~~~~~[m[K
In file included from [01m[K/usr/include/asio/detail/reactive_socket_service.hpp:22[m[K,
                 from [01m[K/usr/include/asio/basic_socket.hpp:36[m[K,
                 from [01m[K/usr/include/asio/basic_datagram_socket.hpp:20[m[K,
                 from [01m[K/usr/include/asio.hpp:22[m[K,
                 from [01m[K/home/rescue_robot/buaa_rescue_robot/src/serial/src/serial_sender.cpp:3[m[K:
[01m[K/usr/include/asio/buffer.hpp:1184:26:[m[K [01;36m[Knote: [m[Kcandidate: ‘[01m[Ktemplate<class PodType, long unsigned int N> asio::const_buffers_1 asio::buffer(const boost::array<PodType, N>&)[m[K’
 1184 | inline ASIO_CONST_BUFFER [01;36m[Kbuffer[m[K(
      |                          [01;36m[K^~~~~~[m[K
[01m[K/usr/include/asio/buffer.hpp:1184:26:[m[K [01;36m[Knote: [m[K  template argument deduction/substitution failed:
[01m[K/home/rescue_robot/buaa_rescue_robot/src/serial/src/serial_sender.cpp:195:59:[m[K [01;36m[Knote: [m[K  ‘[01m[Kstd::vector<unsigned char, std::allocator<unsigned char> >[m[K’ is not derived from ‘[01m[Kconst boost::array<PodType, N>[m[K’
  195 |         asio::async_read_until(*serial_port_, [01;36m[Kasio::buffer(received_modbus_frame_, delimiter)[m[K,
      |                                               [01;36m[K~~~~~~~~~~~~^~~~~~~~~~~~~~~~~~~~~~~~~~~~~~~~~~~[m[K
In file included from [01m[K/usr/include/asio/detail/reactive_socket_service.hpp:22[m[K,
                 from [01m[K/usr/include/asio/basic_socket.hpp:36[m[K,
                 from [01m[K/usr/include/asio/basic_datagram_socket.hpp:20[m[K,
                 from [01m[K/usr/include/asio.hpp:22[m[K,
                 from [01m[K/home/rescue_robot/buaa_rescue_robot/src/serial/src/serial_sender.cpp:3[m[K:
[01m[K/usr/include/asio/buffer.hpp:1198:26:[m[K [01;36m[Knote: [m[Kcandidate: ‘[01m[Ktemplate<class PodType, long unsigned int N> asio::const_buffers_1 asio::buffer(const boost::array<PodType, N>&, std::size_t)[m[K’
 1198 | inline ASIO_CONST_BUFFER [01;36m[Kbuffer[m[K(const boost::array<PodType, N>& data,
      |                          [01;36m[K^~~~~~[m[K
[01m[K/usr/include/asio/buffer.hpp:1198:26:[m[K [01;36m[Knote: [m[K  template argument deduction/substitution failed:
[01m[K/home/rescue_robot/buaa_rescue_robot/src/serial/src/serial_sender.cpp:195:59:[m[K [01;36m[Knote: [m[K  ‘[01m[Kstd::vector<unsigned char, std::allocator<unsigned char> >[m[K’ is not derived from ‘[01m[Kconst boost::array<PodType, N>[m[K’
  195 |         asio::async_read_until(*serial_port_, [01;36m[Kasio::buffer(received_modbus_frame_, delimiter)[m[K,
      |                                               [01;36m[K~~~~~~~~~~~~^~~~~~~~~~~~~~~~~~~~~~~~~~~~~~~~~~~[m[K
In file included from [01m[K/usr/include/asio/detail/reactive_socket_service.hpp:22[m[K,
                 from [01m[K/usr/include/asio/basic_socket.hpp:36[m[K,
                 from [01m[K/usr/include/asio/basic_datagram_socket.hpp:20[m[K,
                 from [01m[K/usr/include/asio.hpp:22[m[K,
                 from [01m[K/home/rescue_robot/buaa_rescue_robot/src/serial/src/serial_sender.cpp:3[m[K:
[01m[K/usr/include/asio/buffer.hpp:1216:28:[m[K [01;36m[Knote: [m[Kcandidate: ‘[01m[Ktemplate<class PodType, long unsigned int N> asio::mutable_buffers_1 asio::buffer(std::array<_Tp, _Nm>&)[m[K’
 1216 | inline ASIO_MUTABLE_BUFFER [01;36m[Kbuffer[m[K(
      |                            [01;36m[K^~~~~~[m[K
[01m[K/usr/include/asio/buffer.hpp:1216:28:[m[K [01;36m[Knote: [m[K  template argument deduction/substitution failed:
[01m[K/home/rescue_robot/buaa_rescue_robot/src/serial/src/serial_sender.cpp:195:59:[m[K [01;36m[Knote: [m[K  ‘[01m[Kstd::vector<unsigned char, std::allocator<unsigned char> >[m[K’ is not derived from ‘[01m[Kstd::array<_Tp, _Nm>[m[K’
  195 |         asio::async_read_until(*serial_port_, [01;36m[Kasio::buffer(received_modbus_frame_, delimiter)[m[K,
      |                                               [01;36m[K~~~~~~~~~~~~^~~~~~~~~~~~~~~~~~~~~~~~~~~~~~~~~~~[m[K
In file included from [01m[K/usr/include/asio/detail/reactive_socket_service.hpp:22[m[K,
                 from [01m[K/usr/include/asio/basic_socket.hpp:36[m[K,
                 from [01m[K/usr/include/asio/basic_datagram_socket.hpp:20[m[K,
                 from [01m[K/usr/include/asio.hpp:22[m[K,
                 from [01m[K/home/rescue_robot/buaa_rescue_robot/src/serial/src/serial_sender.cpp:3[m[K:
[01m[K/usr/include/asio/buffer.hpp:1230:28:[m[K [01;36m[Knote: [m[Kcandidate: ‘[01m[Ktemplate<class PodType, long unsigned int N> asio::mutable_buffers_1 asio::buffer(std::array<_Tp, _Nm>&, std::size_t)[m[K’
 1230 | inline ASIO_MUTABLE_BUFFER [01;36m[Kbuffer[m[K(std::array<PodType, N>& data,
      |                            [01;36m[K^~~~~~[m[K
[01m[K/usr/include/asio/buffer.hpp:1230:28:[m[K [01;36m[Knote: [m[K  template argument deduction/substitution failed:
[01m[K/home/rescue_robot/buaa_rescue_robot/src/serial/src/serial_sender.cpp:195:59:[m[K [01;36m[Knote: [m[K  ‘[01m[Kstd::vector<unsigned char, std::allocator<unsigned char> >[m[K’ is not derived from ‘[01m[Kstd::array<_Tp, _Nm>[m[K’
  195 |         asio::async_read_until(*serial_port_, [01;36m[Kasio::buffer(received_modbus_frame_, delimiter)[m[K,
      |                                               [01;36m[K~~~~~~~~~~~~^~~~~~~~~~~~~~~~~~~~~~~~~~~~~~~~~~~[m[K
In file included from [01m[K/usr/include/asio/detail/reactive_socket_service.hpp:22[m[K,
                 from [01m[K/usr/include/asio/basic_socket.hpp:36[m[K,
                 from [01m[K/usr/include/asio/basic_datagram_socket.hpp:20[m[K,
                 from [01m[K/usr/include/asio.hpp:22[m[K,
                 from [01m[K/home/rescue_robot/buaa_rescue_robot/src/serial/src/serial_sender.cpp:3[m[K:
[01m[K/usr/include/asio/buffer.hpp:1246:26:[m[K [01;36m[Knote: [m[Kcandidate: ‘[01m[Ktemplate<class PodType, long unsigned int N> asio::const_buffers_1 asio::buffer(std::array<const PodType, N>&)[m[K’
 1246 | inline ASIO_CONST_BUFFER [01;36m[Kbuffer[m[K(
      |                          [01;36m[K^~~~~~[m[K
[01m[K/usr/include/asio/buffer.hpp:1246:26:[m[K [01;36m[Knote: [m[K  template argument deduction/substitution failed:
[01m[K/home/rescue_robot/buaa_rescue_robot/src/serial/src/serial_sender.cpp:195:59:[m[K [01;36m[Knote: [m[K  ‘[01m[Kstd::vector<unsigned char, std::allocator<unsigned char> >[m[K’ is not derived from ‘[01m[Kstd::array<const PodType, N>[m[K’
  195 |         asio::async_read_until(*serial_port_, [01;36m[Kasio::buffer(received_modbus_frame_, delimiter)[m[K,
      |                                               [01;36m[K~~~~~~~~~~~~^~~~~~~~~~~~~~~~~~~~~~~~~~~~~~~~~~~[m[K
In file included from [01m[K/usr/include/asio/detail/reactive_socket_service.hpp:22[m[K,
                 from [01m[K/usr/include/asio/basic_socket.hpp:36[m[K,
                 from [01m[K/usr/include/asio/basic_datagram_socket.hpp:20[m[K,
                 from [01m[K/usr/include/asio.hpp:22[m[K,
                 from [01m[K/home/rescue_robot/buaa_rescue_robot/src/serial/src/serial_sender.cpp:3[m[K:
[01m[K/usr/include/asio/buffer.hpp:1260:26:[m[K [01;36m[Knote: [m[Kcandidate: ‘[01m[Ktemplate<class PodType, long unsigned int N> asio::const_buffers_1 asio::buffer(std::array<const PodType, N>&, std::size_t)[m[K’
 1260 | inline ASIO_CONST_BUFFER [01;36m[Kbuffer[m[K(std::array<const PodType, N>& data,
      |                          [01;36m[K^~~~~~[m[K
[01m[K/usr/include/asio/buffer.hpp:1260:26:[m[K [01;36m[Knote: [m[K  template argument deduction/substitution failed:
[01m[K/home/rescue_robot/buaa_rescue_robot/src/serial/src/serial_sender.cpp:195:59:[m[K [01;36m[Knote: [m[K  ‘[01m[Kstd::vector<unsigned char, std::allocator<unsigned char> >[m[K’ is not derived from ‘[01m[Kstd::array<const PodType, N>[m[K’
  195 |         asio::async_read_until(*serial_port_, [01;36m[Kasio::buffer(received_modbus_frame_, delimiter)[m[K,
      |                                               [01;36m[K~~~~~~~~~~~~^~~~~~~~~~~~~~~~~~~~~~~~~~~~~~~~~~~[m[K
In file included from [01m[K/usr/include/asio/detail/reactive_socket_service.hpp:22[m[K,
                 from [01m[K/usr/include/asio/basic_socket.hpp:36[m[K,
                 from [01m[K/usr/include/asio/basic_datagram_socket.hpp:20[m[K,
                 from [01m[K/usr/include/asio.hpp:22[m[K,
                 from [01m[K/home/rescue_robot/buaa_rescue_robot/src/serial/src/serial_sender.cpp:3[m[K:
[01m[K/usr/include/asio/buffer.hpp:1276:26:[m[K [01;36m[Knote: [m[Kcandidate: ‘[01m[Ktemplate<class PodType, long unsigned int N> asio::const_buffers_1 asio::buffer(const std::array<_Tp, _Nm>&)[m[K’
 1276 | inline ASIO_CONST_BUFFER [01;36m[Kbuffer[m[K(
      |                          [01;36m[K^~~~~~[m[K
[01m[K/usr/include/asio/buffer.hpp:1276:26:[m[K [01;36m[Knote: [m[K  template argument deduction/substitution failed:
[01m[K/home/rescue_robot/buaa_rescue_robot/src/serial/src/serial_sender.cpp:195:59:[m[K [01;36m[Knote: [m[K  ‘[01m[Kstd::vector<unsigned char, std::allocator<unsigned char> >[m[K’ is not derived from ‘[01m[Kconst std::array<_Tp, _Nm>[m[K’
  195 |         asio::async_read_until(*serial_port_, [01;36m[Kasio::buffer(received_modbus_frame_, delimiter)[m[K,
      |                                               [01;36m[K~~~~~~~~~~~~^~~~~~~~~~~~~~~~~~~~~~~~~~~~~~~~~~~[m[K
In file included from [01m[K/usr/include/asio/detail/reactive_socket_service.hpp:22[m[K,
                 from [01m[K/usr/include/asio/basic_socket.hpp:36[m[K,
                 from [01m[K/usr/include/asio/basic_datagram_socket.hpp:20[m[K,
                 from [01m[K/usr/include/asio.hpp:22[m[K,
                 from [01m[K/home/rescue_robot/buaa_rescue_robot/src/serial/src/serial_sender.cpp:3[m[K:
[01m[K/usr/include/asio/buffer.hpp:1290:26:[m[K [01;36m[Knote: [m[Kcandidate: ‘[01m[Ktemplate<class PodType, long unsigned int N> asio::const_buffers_1 asio::buffer(const std::array<_Tp, _Nm>&, std::size_t)[m[K’
 1290 | inline ASIO_CONST_BUFFER [01;36m[Kbuffer[m[K(const std::array<PodType, N>& data,
      |                          [01;36m[K^~~~~~[m[K
[01m[K/usr/include/asio/buffer.hpp:1290:26:[m[K [01;36m[Knote: [m[K  template argument deduction/substitution failed:
[01m[K/home/rescue_robot/buaa_rescue_robot/src/serial/src/serial_sender.cpp:195:59:[m[K [01;36m[Knote: [m[K  ‘[01m[Kstd::vector<unsigned char, std::allocator<unsigned char> >[m[K’ is not derived from ‘[01m[Kconst std::array<_Tp, _Nm>[m[K’
  195 |         asio::async_read_until(*serial_port_, [01;36m[Kasio::buffer(received_modbus_frame_, delimiter)[m[K,
      |                                               [01;36m[K~~~~~~~~~~~~^~~~~~~~~~~~~~~~~~~~~~~~~~~~~~~~~~~[m[K
In file included from [01m[K/usr/include/asio/detail/reactive_socket_service.hpp:22[m[K,
                 from [01m[K/usr/include/asio/basic_socket.hpp:36[m[K,
                 from [01m[K/usr/include/asio/basic_datagram_socket.hpp:20[m[K,
                 from [01m[K/usr/include/asio.hpp:22[m[K,
                 from [01m[K/home/rescue_robot/buaa_rescue_robot/src/serial/src/serial_sender.cpp:3[m[K:
[01m[K/usr/include/asio/buffer.hpp:1311:28:[m[K [01;36m[Knote: [m[Kcandidate: ‘[01m[Ktemplate<class PodType, class Allocator> asio::mutable_buffers_1 asio::buffer(std::vector<_Tp, _Alloc>&)[m[K’
 1311 | inline ASIO_MUTABLE_BUFFER [01;36m[Kbuffer[m[K(
      |                            [01;36m[K^~~~~~[m[K
[01m[K/usr/include/asio/buffer.hpp:1311:28:[m[K [01;36m[Knote: [m[K  template argument deduction/substitution failed:
[01m[K/home/rescue_robot/buaa_rescue_robot/src/serial/src/serial_sender.cpp:195:59:[m[K [01;36m[Knote: [m[K  candidate expects 1 argument, 2 provided
  195 |         asio::async_read_until(*serial_port_, [01;36m[Kasio::buffer(received_modbus_frame_, delimiter)[m[K,
      |                                               [01;36m[K~~~~~~~~~~~~^~~~~~~~~~~~~~~~~~~~~~~~~~~~~~~~~~~[m[K
In file included from [01m[K/usr/include/asio/detail/reactive_socket_service.hpp:22[m[K,
                 from [01m[K/usr/include/asio/basic_socket.hpp:36[m[K,
                 from [01m[K/usr/include/asio/basic_datagram_socket.hpp:20[m[K,
                 from [01m[K/usr/include/asio.hpp:22[m[K,
                 from [01m[K/home/rescue_robot/buaa_rescue_robot/src/serial/src/serial_sender.cpp:3[m[K:
[01m[K/usr/include/asio/buffer.hpp:1335:28:[m[K [01;36m[Knote: [m[Kcandidate: ‘[01m[Ktemplate<class PodType, class Allocator> asio::mutable_buffers_1 asio::buffer(std::vector<_Tp, _Alloc>&, std::size_t)[m[K’
 1335 | inline ASIO_MUTABLE_BUFFER [01;36m[Kbuffer[m[K(std::vector<PodType, Allocator>& data,
      |                            [01;36m[K^~~~~~[m[K
[01m[K/usr/include/asio/buffer.hpp:1335:28:[m[K [01;36m[Knote: [m[K  template argument deduction/substitution failed:
[01m[K/home/rescue_robot/buaa_rescue_robot/src/serial/src/serial_sender.cpp:195:84:[m[K [01;36m[Knote: [m[K  cannot convert ‘[01m[Kdelimiter[m[K’ (type ‘[01m[Kstd::string[m[K’ {aka ‘[01m[Kstd::__cxx11::basic_string<char>[m[K’}) to type ‘[01m[Kstd::size_t[m[K’ {aka ‘[01m[Klong unsigned int[m[K’}
  195 |         asio::async_read_until(*serial_port_, asio::buffer(received_modbus_frame_, [01;36m[Kdelimiter[m[K),
      |                                                                                    [01;36m[K^~~~~~~~~[m[K
In file included from [01m[K/usr/include/asio/detail/reactive_socket_service.hpp:22[m[K,
                 from [01m[K/usr/include/asio/basic_socket.hpp:36[m[K,
                 from [01m[K/usr/include/asio/basic_datagram_socket.hpp:20[m[K,
                 from [01m[K/usr/include/asio.hpp:22[m[K,
                 from [01m[K/home/rescue_robot/buaa_rescue_robot/src/serial/src/serial_sender.cpp:3[m[K:
[01m[K/usr/include/asio/buffer.hpp:1360:26:[m[K [01;36m[Knote: [m[Kcandidate: ‘[01m[Ktemplate<class PodType, class Allocator> asio::const_buffers_1 asio::buffer(const std::vector<_Tp, _Alloc>&)[m[K’
 1360 | inline ASIO_CONST_BUFFER [01;36m[Kbuffer[m[K(
      |                          [01;36m[K^~~~~~[m[K
[01m[K/usr/include/asio/buffer.hpp:1360:26:[m[K [01;36m[Knote: [m[K  template argument deduction/substitution failed:
[01m[K/home/rescue_robot/buaa_rescue_robot/src/serial/src/serial_sender.cpp:195:59:[m[K [01;36m[Knote: [m[K  candidate expects 1 argument, 2 provided
  195 |         asio::async_read_until(*serial_port_, [01;36m[Kasio::buffer(received_modbus_frame_, delimiter)[m[K,
      |                                               [01;36m[K~~~~~~~~~~~~^~~~~~~~~~~~~~~~~~~~~~~~~~~~~~~~~~~[m[K
In file included from [01m[K/usr/include/asio/detail/reactive_socket_service.hpp:22[m[K,
                 from [01m[K/usr/include/asio/basic_socket.hpp:36[m[K,
                 from [01m[K/usr/include/asio/basic_datagram_socket.hpp:20[m[K,
                 from [01m[K/usr/include/asio.hpp:22[m[K,
                 from [01m[K/home/rescue_robot/buaa_rescue_robot/src/serial/src/serial_sender.cpp:3[m[K:
[01m[K/usr/include/asio/buffer.hpp:1384:26:[m[K [01;36m[Knote: [m[Kcandidate: ‘[01m[Ktemplate<class PodType, class Allocator> asio::const_buffers_1 asio::buffer(const std::vector<_Tp, _Alloc>&, std::size_t)[m[K’
 1384 | inline ASIO_CONST_BUFFER [01;36m[Kbuffer[m[K(
      |                          [01;36m[K^~~~~~[m[K
[01m[K/usr/include/asio/buffer.hpp:1384:26:[m[K [01;36m[Knote: [m[K  template argument deduction/substitution failed:
[01m[K/home/rescue_robot/buaa_rescue_robot/src/serial/src/serial_sender.cpp:195:84:[m[K [01;36m[Knote: [m[K  cannot convert ‘[01m[Kdelimiter[m[K’ (type ‘[01m[Kstd::string[m[K’ {aka ‘[01m[Kstd::__cxx11::basic_string<char>[m[K’}) to type ‘[01m[Kstd::size_t[m[K’ {aka ‘[01m[Klong unsigned int[m[K’}
  195 |         asio::async_read_until(*serial_port_, asio::buffer(received_modbus_frame_, [01;36m[Kdelimiter[m[K),
      |                                                                                    [01;36m[K^~~~~~~~~[m[K
In file included from [01m[K/usr/include/asio/detail/reactive_socket_service.hpp:22[m[K,
                 from [01m[K/usr/include/asio/basic_socket.hpp:36[m[K,
                 from [01m[K/usr/include/asio/basic_datagram_socket.hpp:20[m[K,
                 from [01m[K/usr/include/asio.hpp:22[m[K,
                 from [01m[K/home/rescue_robot/buaa_rescue_robot/src/serial/src/serial_sender.cpp:3[m[K:
[01m[K/usr/include/asio/buffer.hpp:1408:28:[m[K [01;36m[Knote: [m[Kcandidate: ‘[01m[Ktemplate<class Elem, class Traits, class Allocator> asio::mutable_buffers_1 asio::buffer(std::__cxx11::basic_string<_CharT, _Traits, _Allocator>&)[m[K’
 1408 | inline ASIO_MUTABLE_BUFFER [01;36m[Kbuffer[m[K(
      |                            [01;36m[K^~~~~~[m[K
[01m[K/usr/include/asio/buffer.hpp:1408:28:[m[K [01;36m[Knote: [m[K  template argument deduction/substitution failed:
[01m[K/home/rescue_robot/buaa_rescue_robot/src/serial/src/serial_sender.cpp:195:59:[m[K [01;36m[Knote: [m[K  ‘[01m[Kstd::vector<unsigned char, std::allocator<unsigned char> >[m[K’ is not derived from ‘[01m[Kstd::__cxx11::basic_string<_CharT, _Traits, _Allocator>[m[K’
  195 |         asio::async_read_until(*serial_port_, [01;36m[Kasio::buffer(received_modbus_frame_, delimiter)[m[K,
      |                                               [01;36m[K~~~~~~~~~~~~^~~~~~~~~~~~~~~~~~~~~~~~~~~~~~~~~~~[m[K
In file included from [01m[K/usr/include/asio/detail/reactive_socket_service.hpp:22[m[K,
                 from [01m[K/usr/include/asio/basic_socket.hpp:36[m[K,
                 from [01m[K/usr/include/asio/basic_datagram_socket.hpp:20[m[K,
                 from [01m[K/usr/include/asio.hpp:22[m[K,
                 from [01m[K/home/rescue_robot/buaa_rescue_robot/src/serial/src/serial_sender.cpp:3[m[K:
[01m[K/usr/include/asio/buffer.hpp:1432:28:[m[K [01;36m[Knote: [m[Kcandidate: ‘[01m[Ktemplate<class Elem, class Traits, class Allocator> asio::mutable_buffers_1 asio::buffer(std::__cxx11::basic_string<_CharT, _Traits, _Allocator>&, std::size_t)[m[K’
 1432 | inline ASIO_MUTABLE_BUFFER [01;36m[Kbuffer[m[K(
      |                            [01;36m[K^~~~~~[m[K
[01m[K/usr/include/asio/buffer.hpp:1432:28:[m[K [01;36m[Knote: [m[K  template argument deduction/substitution failed:
[01m[K/home/rescue_robot/buaa_rescue_robot/src/serial/src/serial_sender.cpp:195:59:[m[K [01;36m[Knote: [m[K  ‘[01m[Kstd::vector<unsigned char, std::allocator<unsigned char> >[m[K’ is not derived from ‘[01m[Kstd::__cxx11::basic_string<_CharT, _Traits, _Allocator>[m[K’
  195 |         asio::async_read_until(*serial_port_, [01;36m[Kasio::buffer(received_modbus_frame_, delimiter)[m[K,
      |                                               [01;36m[K~~~~~~~~~~~~^~~~~~~~~~~~~~~~~~~~~~~~~~~~~~~~~~~[m[K
In file included from [01m[K/usr/include/asio/detail/reactive_socket_service.hpp:22[m[K,
                 from [01m[K/usr/include/asio/basic_socket.hpp:36[m[K,
                 from [01m[K/usr/include/asio/basic_datagram_socket.hpp:20[m[K,
                 from [01m[K/usr/include/asio.hpp:22[m[K,
                 from [01m[K/home/rescue_robot/buaa_rescue_robot/src/serial/src/serial_sender.cpp:3[m[K:
[01m[K/usr/include/asio/buffer.hpp:1455:26:[m[K [01;36m[Knote: [m[Kcandidate: ‘[01m[Ktemplate<class Elem, class Traits, class Allocator> asio::const_buffers_1 asio::buffer(const std::__cxx11::basic_string<_CharT, _Traits, _Allocator>&)[m[K’
 1455 | inline ASIO_CONST_BUFFER [01;36m[Kbuffer[m[K(
      |                          [01;36m[K^~~~~~[m[K
[01m[K/usr/include/asio/buffer.hpp:1455:26:[m[K [01;36m[Knote: [m[K  template argument deduction/substitution failed:
[01m[K/home/rescue_robot/buaa_rescue_robot/src/serial/src/serial_sender.cpp:195:59:[m[K [01;36m[Knote: [m[K  ‘[01m[Kstd::vector<unsigned char, std::allocator<unsigned char> >[m[K’ is not derived from ‘[01m[Kconst std::__cxx11::basic_string<_CharT, _Traits, _Allocator>[m[K’
  195 |         asio::async_read_until(*serial_port_, [01;36m[Kasio::buffer(received_modbus_frame_, delimiter)[m[K,
      |                                               [01;36m[K~~~~~~~~~~~~^~~~~~~~~~~~~~~~~~~~~~~~~~~~~~~~~~~[m[K
In file included from [01m[K/usr/include/asio/detail/reactive_socket_service.hpp:22[m[K,
                 from [01m[K/usr/include/asio/basic_socket.hpp:36[m[K,
                 from [01m[K/usr/include/asio/basic_datagram_socket.hpp:20[m[K,
                 from [01m[K/usr/include/asio.hpp:22[m[K,
                 from [01m[K/home/rescue_robot/buaa_rescue_robot/src/serial/src/serial_sender.cpp:3[m[K:
[01m[K/usr/include/asio/buffer.hpp:1478:26:[m[K [01;36m[Knote: [m[Kcandidate: ‘[01m[Ktemplate<class Elem, class Traits, class Allocator> asio::const_buffers_1 asio::buffer(const std::__cxx11::basic_string<_CharT, _Traits, _Allocator>&, std::size_t)[m[K’
 1478 | inline ASIO_CONST_BUFFER [01;36m[Kbuffer[m[K(
      |                          [01;36m[K^~~~~~[m[K
[01m[K/usr/include/asio/buffer.hpp:1478:26:[m[K [01;36m[Knote: [m[K  template argument deduction/substitution failed:
[01m[K/home/rescue_robot/buaa_rescue_robot/src/serial/src/serial_sender.cpp:195:59:[m[K [01;36m[Knote: [m[K  ‘[01m[Kstd::vector<unsigned char, std::allocator<unsigned char> >[m[K’ is not derived from ‘[01m[Kconst std::__cxx11::basic_string<_CharT, _Traits, _Allocator>[m[K’
  195 |         asio::async_read_until(*serial_port_, [01;36m[Kasio::buffer(received_modbus_frame_, delimiter)[m[K,
      |                                               [01;36m[K~~~~~~~~~~~~^~~~~~~~~~~~~~~~~~~~~~~~~~~~~~~~~~~[m[K
In file included from [01m[K/usr/include/asio/detail/reactive_socket_service.hpp:22[m[K,
                 from [01m[K/usr/include/asio/basic_socket.hpp:36[m[K,
                 from [01m[K/usr/include/asio/basic_datagram_socket.hpp:20[m[K,
                 from [01m[K/usr/include/asio.hpp:22[m[K,
                 from [01m[K/home/rescue_robot/buaa_rescue_robot/src/serial/src/serial_sender.cpp:3[m[K:
[01m[K/usr/include/asio/buffer.hpp:1502:26:[m[K [01;36m[Knote: [m[Kcandidate: ‘[01m[Ktemplate<class Elem, class Traits> asio::const_buffers_1 asio::buffer(std::basic_string_view<_CharT, _Traits>)[m[K’
 1502 | inline ASIO_CONST_BUFFER [01;36m[Kbuffer[m[K(
      |                          [01;36m[K^~~~~~[m[K
[01m[K/usr/include/asio/buffer.hpp:1502:26:[m[K [01;36m[Knote: [m[K  template argument deduction/substitution failed:
[01m[K/home/rescue_robot/buaa_rescue_robot/src/serial/src/serial_sender.cpp:195:59:[m[K [01;36m[Knote: [m[K  ‘[01m[Kstd::vector<unsigned char, std::allocator<unsigned char> >[m[K’ is not derived from ‘[01m[Kstd::basic_string_view<_CharT, _Traits>[m[K’
  195 |         asio::async_read_until(*serial_port_, [01;36m[Kasio::buffer(received_modbus_frame_, delimiter)[m[K,
      |                                               [01;36m[K~~~~~~~~~~~~^~~~~~~~~~~~~~~~~~~~~~~~~~~~~~~~~~~[m[K
In file included from [01m[K/usr/include/asio/detail/reactive_socket_service.hpp:22[m[K,
                 from [01m[K/usr/include/asio/basic_socket.hpp:36[m[K,
                 from [01m[K/usr/include/asio/basic_datagram_socket.hpp:20[m[K,
                 from [01m[K/usr/include/asio.hpp:22[m[K,
                 from [01m[K/home/rescue_robot/buaa_rescue_robot/src/serial/src/serial_sender.cpp:3[m[K:
[01m[K/usr/include/asio/buffer.hpp:1523:26:[m[K [01;36m[Knote: [m[Kcandidate: ‘[01m[Ktemplate<class Elem, class Traits> asio::const_buffers_1 asio::buffer(std::basic_string_view<_CharT, _Traits>, std::size_t)[m[K’
 1523 | inline ASIO_CONST_BUFFER [01;36m[Kbuffer[m[K(
      |                          [01;36m[K^~~~~~[m[K
[01m[K/usr/include/asio/buffer.hpp:1523:26:[m[K [01;36m[Knote: [m[K  template argument deduction/substitution failed:
[01m[K/home/rescue_robot/buaa_rescue_robot/src/serial/src/serial_sender.cpp:195:59:[m[K [01;36m[Knote: [m[K  ‘[01m[Kstd::vector<unsigned char, std::allocator<unsigned char> >[m[K’ is not derived from ‘[01m[Kstd::basic_string_view<_CharT, _Traits>[m[K’
  195 |         asio::async_read_until(*serial_port_, [01;36m[Kasio::buffer(received_modbus_frame_, delimiter)[m[K,
      |                                               [01;36m[K~~~~~~~~~~~~^~~~~~~~~~~~~~~~~~~~~~~~~~~~~~~~~~~[m[K
In file included from [01m[K/usr/include/asio/detail/reactive_socket_service.hpp:22[m[K,
                 from [01m[K/usr/include/asio/basic_socket.hpp:36[m[K,
                 from [01m[K/usr/include/asio/basic_datagram_socket.hpp:20[m[K,
                 from [01m[K/usr/include/asio.hpp:22[m[K,
                 from [01m[K/home/rescue_robot/buaa_rescue_robot/src/serial/src/serial_sender.cpp:3[m[K:
[01m[K/usr/include/asio/buffer.hpp:909:28:[m[K [01;36m[Knote: [m[Kcandidate: ‘[01m[Kasio::mutable_buffers_1 asio::buffer(const asio::mutable_buffer&)[m[K’
  909 | inline ASIO_MUTABLE_BUFFER [01;36m[Kbuffer[m[K(
      |                            [01;36m[K^~~~~~[m[K
[01m[K/usr/include/asio/buffer.hpp:909:28:[m[K [01;36m[Knote: [m[K  candidate expects 1 argument, 2 provided
[01m[K/usr/include/asio/buffer.hpp:922:28:[m[K [01;36m[Knote: [m[Kcandidate: ‘[01m[Kasio::mutable_buffers_1 asio::buffer(const asio::mutable_buffer&, std::size_t)[m[K’
  922 | inline ASIO_MUTABLE_BUFFER [01;36m[Kbuffer[m[K(const mutable_buffer& b,
      |                            [01;36m[K^~~~~~[m[K
[01m[K/usr/include/asio/buffer.hpp:922:57:[m[K [01;36m[Knote: [m[K  no known conversion for argument 1 from ‘[01m[Kstd::vector<unsigned char, std::allocator<unsigned char> >[m[K’ to ‘[01m[Kconst asio::mutable_buffer&[m[K’
  922 | inline ASIO_MUTABLE_BUFFER buffer([01;36m[Kconst mutable_buffer& b[m[K,
      |                                   [01;36m[K~~~~~~~~~~~~~~~~~~~~~~^[m[K
[01m[K/usr/include/asio/buffer.hpp:939:26:[m[K [01;36m[Knote: [m[Kcandidate: ‘[01m[Kasio::const_buffers_1 asio::buffer(const asio::const_buffer&)[m[K’
  939 | inline ASIO_CONST_BUFFER [01;36m[Kbuffer[m[K(
      |                          [01;36m[K^~~~~~[m[K
[01m[K/usr/include/asio/buffer.hpp:939:26:[m[K [01;36m[Knote: [m[K  candidate expects 1 argument, 2 provided
[01m[K/usr/include/asio/buffer.hpp:952:26:[m[K [01;36m[Knote: [m[Kcandidate: ‘[01m[Kasio::const_buffers_1 asio::buffer(const asio::const_buffer&, std::size_t)[m[K’
  952 | inline ASIO_CONST_BUFFER [01;36m[Kbuffer[m[K(const const_buffer& b,
      |                          [01;36m[K^~~~~~[m[K
[01m[K/usr/include/asio/buffer.hpp:952:53:[m[K [01;36m[Knote: [m[K  no known conversion for argument 1 from ‘[01m[Kstd::vector<unsigned char, std::allocator<unsigned char> >[m[K’ to ‘[01m[Kconst asio::const_buffer&[m[K’
  952 | inline ASIO_CONST_BUFFER buffer([01;36m[Kconst const_buffer& b[m[K,
      |                                 [01;36m[K~~~~~~~~~~~~~~~~~~~~^[m[K
[01m[K/usr/include/asio/buffer.hpp:968:28:[m[K [01;36m[Knote: [m[Kcandidate: ‘[01m[Kasio::mutable_buffers_1 asio::buffer(void*, std::size_t)[m[K’
  968 | inline ASIO_MUTABLE_BUFFER [01;36m[Kbuffer[m[K(void* data,
      |                            [01;36m[K^~~~~~[m[K
[01m[K/usr/include/asio/buffer.hpp:968:41:[m[K [01;36m[Knote: [m[K  no known conversion for argument 1 from ‘[01m[Kstd::vector<unsigned char, std::allocator<unsigned char> >[m[K’ to ‘[01m[Kvoid*[m[K’
  968 | inline ASIO_MUTABLE_BUFFER buffer([01;36m[Kvoid* data[m[K,
      |                                   [01;36m[K~~~~~~^~~~[m[K
[01m[K/usr/include/asio/buffer.hpp:978:26:[m[K [01;36m[Knote: [m[Kcandidate: ‘[01m[Kasio::const_buffers_1 asio::buffer(const void*, std::size_t)[m[K’
  978 | inline ASIO_CONST_BUFFER [01;36m[Kbuffer[m[K(const void* data,
      |                          [01;36m[K^~~~~~[m[K
[01m[K/usr/include/asio/buffer.hpp:978:45:[m[K [01;36m[Knote: [m[K  no known conversion for argument 1 from ‘[01m[Kstd::vector<unsigned char, std::allocator<unsigned char> >[m[K’ to ‘[01m[Kconst void*[m[K’
  978 | inline ASIO_CONST_BUFFER buffer([01;36m[Kconst void* data[m[K,
      |                                 [01;36m[K~~~~~~~~~~~~^~~~[m[K
gmake[2]: *** [CMakeFiles/serial_sender.dir/build.make:76: CMakeFiles/serial_sender.dir/src/serial_sender.cpp.o] Error 1
gmake[1]: *** [CMakeFiles/Makefile2:139: CMakeFiles/serial_sender.dir/all] Error 2
gmake: *** [Makefile:146: all] Error 2
