[35m[1mConsolidate compiler generated dependencies of target serial_sender[0m
[35m[1mConsolidate compiler generated dependencies of target serial_receiver[0m
[ 50%] Built target serial_receiver
[ 75%] [32mBuilding CXX object CMakeFiles/serial_sender.dir/src/serial_sender.cpp.o[0m
[01m[K/home/rescue_robot/buaa_rescue_robot/src/serial/src/serial_sender.cpp:[m[K In member function ‘[01m[Kvoid SerialSender::callback(buaa_rescue_robot_msgs::msg::ControlMessage_<std::allocator<void> >::SharedPtr)[m[K’:
[01m[K/home/rescue_robot/buaa_rescue_robot/src/serial/src/serial_sender.cpp:39:80:[m[K [01;35m[Kwarning: [m[Kunused parameter ‘[01m[Kmsg[m[K’ [[01;35m[K]8;;https://gcc.gnu.org/onlinedocs/gcc/Warning-Options.html#index-Wunused-parameter-Wunused-parameter]8;;[m[K]
   39 |     void callback([01;35m[Kconst buaa_rescue_robot_msgs::msg::ControlMessage::SharedPtr msg[m[K)
      |                   [01;35m[K~~~~~~~~~~~~~~~~~~~~~~~~~~~~~~~~~~~~~~~~~~~~~~~~~~~~~~~~~~~~~^~~[m[K
[100%] [32m[1mLinking CXX executable serial_sender[0m
[100%] Built target serial_sender
-- Install configuration: ""
-- Installing: /home/rescue_robot/buaa_rescue_robot/install/serial/lib/serial/serial_sender
-- Set runtime path of "/home/rescue_robot/buaa_rescue_robot/install/serial/lib/serial/serial_sender" to ""
-- Installing: /home/rescue_robot/buaa_rescue_robot/install/serial/lib/serial/serial_receiver
-- Set runtime path of "/home/rescue_robot/buaa_rescue_robot/install/serial/lib/serial/serial_receiver" to ""
-- Installing: /home/rescue_robot/buaa_rescue_robot/install/serial/share/ament_index/resource_index/package_run_dependencies/serial
-- Installing: /home/rescue_robot/buaa_rescue_robot/install/serial/share/ament_index/resource_index/parent_prefix_path/serial
-- Installing: /home/rescue_robot/buaa_rescue_robot/install/serial/share/serial/environment/ament_prefix_path.sh
-- Installing: /home/rescue_robot/buaa_rescue_robot/install/serial/share/serial/environment/ament_prefix_path.dsv
-- Installing: /home/rescue_robot/buaa_rescue_robot/install/serial/share/serial/environment/path.sh
-- Installing: /home/rescue_robot/buaa_rescue_robot/install/serial/share/serial/environment/path.dsv
-- Installing: /home/rescue_robot/buaa_rescue_robot/install/serial/share/serial/local_setup.bash
-- Installing: /home/rescue_robot/buaa_rescue_robot/install/serial/share/serial/local_setup.sh
-- Installing: /home/rescue_robot/buaa_rescue_robot/install/serial/share/serial/local_setup.zsh
-- Installing: /home/rescue_robot/buaa_rescue_robot/install/serial/share/serial/local_setup.dsv
-- Installing: /home/rescue_robot/buaa_rescue_robot/install/serial/share/serial/package.dsv
-- Installing: /home/rescue_robot/buaa_rescue_robot/install/serial/share/ament_index/resource_index/packages/serial
-- Installing: /home/rescue_robot/buaa_rescue_robot/install/serial/share/serial/cmake/serialConfig.cmake
-- Installing: /home/rescue_robot/buaa_rescue_robot/install/serial/share/serial/cmake/serialConfig-version.cmake
-- Installing: /home/rescue_robot/buaa_rescue_robot/install/serial/share/serial/package.xml
