[0.017s] Invoking command in '/home/rescue_robot/buaa_rescue_robot/build/serial': CMAKE_PREFIX_PATH=${CMAKE_PREFIX_PATH}:/opt/ros/humble /usr/bin/cmake --build /home/rescue_robot/buaa_rescue_robot/build/serial -- -j8 -l8
[0.090s] [35m[1mConsolidate compiler generated dependencies of target serial_sender[0m
[0.094s] [35m[1mConsolidate compiler generated dependencies of target serial_receiver[0m
[0.143s] [ 50%] Built target serial_receiver
[0.151s] [ 75%] [32mBuilding CXX object CMakeFiles/serial_sender.dir/src/serial_sender.cpp.o[0m
[3.566s] [01m[K/home/rescue_robot/buaa_rescue_robot/src/serial/src/serial_sender.cpp:[m[K In member function ‘[01m[Kvoid SerialSender::callback(buaa_rescue_robot_msgs::msg::ControlMessage_<std::allocator<void> >::SharedPtr)[m[K’:
[3.566s] [01m[K/home/rescue_robot/buaa_rescue_robot/src/serial/src/serial_sender.cpp:39:80:[m[K [01;35m[Kwarning: [m[Kunused parameter ‘[01m[Kmsg[m[K’ [[01;35m[K]8;;https://gcc.gnu.org/onlinedocs/gcc/Warning-Options.html#index-Wunused-parameter-Wunused-parameter]8;;[m[K]
[3.566s]    39 |     void callback([01;35m[Kconst buaa_rescue_robot_msgs::msg::ControlMessage::SharedPtr msg[m[K)
[3.566s]       |                   [01;35m[K~~~~~~~~~~~~~~~~~~~~~~~~~~~~~~~~~~~~~~~~~~~~~~~~~~~~~~~~~~~~~^~~[m[K
[10.730s] [100%] [32m[1mLinking CXX executable serial_sender[0m
[11.258s] [100%] Built target serial_sender
[11.274s] Invoked command in '/home/rescue_robot/buaa_rescue_robot/build/serial' returned '0': CMAKE_PREFIX_PATH=${CMAKE_PREFIX_PATH}:/opt/ros/humble /usr/bin/cmake --build /home/rescue_robot/buaa_rescue_robot/build/serial -- -j8 -l8
[11.304s] Invoking command in '/home/rescue_robot/buaa_rescue_robot/build/serial': CMAKE_PREFIX_PATH=${CMAKE_PREFIX_PATH}:/opt/ros/humble /usr/bin/cmake --install /home/rescue_robot/buaa_rescue_robot/build/serial
[11.311s] -- Install configuration: ""
[11.312s] -- Installing: /home/rescue_robot/buaa_rescue_robot/install/serial/lib/serial/serial_sender
[11.316s] -- Set runtime path of "/home/rescue_robot/buaa_rescue_robot/install/serial/lib/serial/serial_sender" to ""
[11.316s] -- Installing: /home/rescue_robot/buaa_rescue_robot/install/serial/lib/serial/serial_receiver
[11.317s] -- Set runtime path of "/home/rescue_robot/buaa_rescue_robot/install/serial/lib/serial/serial_receiver" to ""
[11.317s] -- Installing: /home/rescue_robot/buaa_rescue_robot/install/serial/share/ament_index/resource_index/package_run_dependencies/serial
[11.317s] -- Installing: /home/rescue_robot/buaa_rescue_robot/install/serial/share/ament_index/resource_index/parent_prefix_path/serial
[11.317s] -- Installing: /home/rescue_robot/buaa_rescue_robot/install/serial/share/serial/environment/ament_prefix_path.sh
[11.318s] -- Installing: /home/rescue_robot/buaa_rescue_robot/install/serial/share/serial/environment/ament_prefix_path.dsv
[11.318s] -- Installing: /home/rescue_robot/buaa_rescue_robot/install/serial/share/serial/environment/path.sh
[11.318s] -- Installing: /home/rescue_robot/buaa_rescue_robot/install/serial/share/serial/environment/path.dsv
[11.318s] -- Installing: /home/rescue_robot/buaa_rescue_robot/install/serial/share/serial/local_setup.bash
[11.318s] -- Installing: /home/rescue_robot/buaa_rescue_robot/install/serial/share/serial/local_setup.sh
[11.318s] -- Installing: /home/rescue_robot/buaa_rescue_robot/install/serial/share/serial/local_setup.zsh
[11.319s] -- Installing: /home/rescue_robot/buaa_rescue_robot/install/serial/share/serial/local_setup.dsv
[11.319s] -- Installing: /home/rescue_robot/buaa_rescue_robot/install/serial/share/serial/package.dsv
[11.319s] -- Installing: /home/rescue_robot/buaa_rescue_robot/install/serial/share/ament_index/resource_index/packages/serial
[11.319s] -- Installing: /home/rescue_robot/buaa_rescue_robot/install/serial/share/serial/cmake/serialConfig.cmake
[11.319s] -- Installing: /home/rescue_robot/buaa_rescue_robot/install/serial/share/serial/cmake/serialConfig-version.cmake
[11.320s] -- Installing: /home/rescue_robot/buaa_rescue_robot/install/serial/share/serial/package.xml
[11.324s] Invoked command in '/home/rescue_robot/buaa_rescue_robot/build/serial' returned '0': CMAKE_PREFIX_PATH=${CMAKE_PREFIX_PATH}:/opt/ros/humble /usr/bin/cmake --install /home/rescue_robot/buaa_rescue_robot/build/serial
