[0.300s] DEBUG:colcon:Command line arguments: ['/usr/bin/colcon', 'build']
[0.300s] DEBUG:colcon:Parsed command line arguments: Namespace(log_base=None, log_level=None, verb_name='build', build_base='build', install_base='install', merge_install=False, symlink_install=False, test_result_base=None, continue_on_error=False, executor='parallel', parallel_workers=8, event_handlers=None, ignore_user_meta=False, metas=['./colcon.meta'], base_paths=['.'], packages_ignore=None, packages_ignore_regex=None, paths=None, packages_up_to=None, packages_up_to_regex=None, packages_above=None, packages_above_and_dependencies=None, packages_above_depth=None, packages_select_by_dep=None, packages_skip_by_dep=None, packages_skip_up_to=None, packages_select_build_failed=False, packages_skip_build_finished=False, packages_select_test_failures=False, packages_skip_test_passed=False, packages_select=None, packages_skip=None, packages_select_regex=None, packages_skip_regex=None, packages_start=None, packages_end=None, allow_overriding=[], cmake_args=None, cmake_target=None, cmake_target_skip_unavailable=False, cmake_clean_cache=False, cmake_clean_first=False, cmake_force_configure=False, ament_cmake_args=None, catkin_cmake_args=None, catkin_skip_building_tests=False, verb_parser=<colcon_defaults.argument_parser.defaults.DefaultArgumentsDecorator object at 0x7f9556875360>, verb_extension=<colcon_core.verb.build.BuildVerb object at 0x7f9557028cd0>, main=<bound method BuildVerb.main of <colcon_core.verb.build.BuildVerb object at 0x7f9557028cd0>>)
[0.332s] Level 1:colcon.colcon_core.package_discovery:discover_packages(colcon_meta) check parameters
[0.332s] Level 1:colcon.colcon_core.package_discovery:discover_packages(recursive) check parameters
[0.332s] Level 1:colcon.colcon_core.package_discovery:discover_packages(ignore) check parameters
[0.332s] Level 1:colcon.colcon_core.package_discovery:discover_packages(path) check parameters
[0.332s] Level 1:colcon.colcon_core.package_discovery:discover_packages(colcon_meta) discover
[0.332s] Level 1:colcon.colcon_core.package_discovery:discover_packages(recursive) discover
[0.332s] INFO:colcon.colcon_core.package_discovery:Crawling recursively for packages in '/home/rescue_robot/buaa_rescue_robot'
[0.333s] Level 1:colcon.colcon_core.package_identification:_identify(.) by extensions ['ignore', 'ignore_ament_install']
[0.333s] Level 1:colcon.colcon_core.package_identification:_identify(.) by extension 'ignore'
[0.333s] Level 1:colcon.colcon_core.package_identification:_identify(.) by extension 'ignore_ament_install'
[0.333s] Level 1:colcon.colcon_core.package_identification:_identify(.) by extensions ['colcon_pkg']
[0.333s] Level 1:colcon.colcon_core.package_identification:_identify(.) by extension 'colcon_pkg'
[0.333s] Level 1:colcon.colcon_core.package_identification:_identify(.) by extensions ['colcon_meta']
[0.333s] Level 1:colcon.colcon_core.package_identification:_identify(.) by extension 'colcon_meta'
[0.333s] Level 1:colcon.colcon_core.package_identification:_identify(.) by extensions ['ros']
[0.333s] Level 1:colcon.colcon_core.package_identification:_identify(.) by extension 'ros'
[0.344s] Level 1:colcon.colcon_core.package_identification:_identify(.) by extensions ['cmake', 'python']
[0.344s] Level 1:colcon.colcon_core.package_identification:_identify(.) by extension 'cmake'
[0.344s] Level 1:colcon.colcon_core.package_identification:_identify(.) by extension 'python'
[0.344s] Level 1:colcon.colcon_core.package_identification:_identify(.) by extensions ['python_setup_py']
[0.344s] Level 1:colcon.colcon_core.package_identification:_identify(.) by extension 'python_setup_py'
[0.345s] Level 1:colcon.colcon_core.package_identification:_identify(build) by extensions ['ignore', 'ignore_ament_install']
[0.345s] Level 1:colcon.colcon_core.package_identification:_identify(build) by extension 'ignore'
[0.345s] Level 1:colcon.colcon_core.package_identification:_identify(build) ignored
[0.345s] Level 1:colcon.colcon_core.package_identification:_identify(install) by extensions ['ignore', 'ignore_ament_install']
[0.345s] Level 1:colcon.colcon_core.package_identification:_identify(install) by extension 'ignore'
[0.345s] Level 1:colcon.colcon_core.package_identification:_identify(install) ignored
[0.345s] Level 1:colcon.colcon_core.package_identification:_identify(log) by extensions ['ignore', 'ignore_ament_install']
[0.345s] Level 1:colcon.colcon_core.package_identification:_identify(log) by extension 'ignore'
[0.345s] Level 1:colcon.colcon_core.package_identification:_identify(log) ignored
[0.345s] Level 1:colcon.colcon_core.package_identification:_identify(src) by extensions ['ignore', 'ignore_ament_install']
[0.346s] Level 1:colcon.colcon_core.package_identification:_identify(src) by extension 'ignore'
[0.346s] Level 1:colcon.colcon_core.package_identification:_identify(src) by extension 'ignore_ament_install'
[0.346s] Level 1:colcon.colcon_core.package_identification:_identify(src) by extensions ['colcon_pkg']
[0.346s] Level 1:colcon.colcon_core.package_identification:_identify(src) by extension 'colcon_pkg'
[0.346s] Level 1:colcon.colcon_core.package_identification:_identify(src) by extensions ['colcon_meta']
[0.346s] Level 1:colcon.colcon_core.package_identification:_identify(src) by extension 'colcon_meta'
[0.346s] Level 1:colcon.colcon_core.package_identification:_identify(src) by extensions ['ros']
[0.346s] Level 1:colcon.colcon_core.package_identification:_identify(src) by extension 'ros'
[0.346s] Level 1:colcon.colcon_core.package_identification:_identify(src) by extensions ['cmake', 'python']
[0.346s] Level 1:colcon.colcon_core.package_identification:_identify(src) by extension 'cmake'
[0.346s] Level 1:colcon.colcon_core.package_identification:_identify(src) by extension 'python'
[0.346s] Level 1:colcon.colcon_core.package_identification:_identify(src) by extensions ['python_setup_py']
[0.346s] Level 1:colcon.colcon_core.package_identification:_identify(src) by extension 'python_setup_py'
[0.346s] Level 1:colcon.colcon_core.package_identification:_identify(src/cpp_pubsub) by extensions ['ignore', 'ignore_ament_install']
[0.346s] Level 1:colcon.colcon_core.package_identification:_identify(src/cpp_pubsub) by extension 'ignore'
[0.346s] Level 1:colcon.colcon_core.package_identification:_identify(src/cpp_pubsub) by extension 'ignore_ament_install'
[0.346s] Level 1:colcon.colcon_core.package_identification:_identify(src/cpp_pubsub) by extensions ['colcon_pkg']
[0.346s] Level 1:colcon.colcon_core.package_identification:_identify(src/cpp_pubsub) by extension 'colcon_pkg'
[0.346s] Level 1:colcon.colcon_core.package_identification:_identify(src/cpp_pubsub) by extensions ['colcon_meta']
[0.346s] Level 1:colcon.colcon_core.package_identification:_identify(src/cpp_pubsub) by extension 'colcon_meta'
[0.347s] Level 1:colcon.colcon_core.package_identification:_identify(src/cpp_pubsub) by extensions ['ros']
[0.347s] Level 1:colcon.colcon_core.package_identification:_identify(src/cpp_pubsub) by extension 'ros'
[0.349s] DEBUG:colcon.colcon_core.package_identification:Package 'src/cpp_pubsub' with type 'ros.ament_cmake' and name 'cpp_pubsub'
[0.349s] Level 1:colcon.colcon_core.package_identification:_identify(src/serial) by extensions ['ignore', 'ignore_ament_install']
[0.349s] Level 1:colcon.colcon_core.package_identification:_identify(src/serial) by extension 'ignore'
[0.349s] Level 1:colcon.colcon_core.package_identification:_identify(src/serial) by extension 'ignore_ament_install'
[0.349s] Level 1:colcon.colcon_core.package_identification:_identify(src/serial) by extensions ['colcon_pkg']
[0.349s] Level 1:colcon.colcon_core.package_identification:_identify(src/serial) by extension 'colcon_pkg'
[0.350s] Level 1:colcon.colcon_core.package_identification:_identify(src/serial) by extensions ['colcon_meta']
[0.350s] Level 1:colcon.colcon_core.package_identification:_identify(src/serial) by extension 'colcon_meta'
[0.350s] Level 1:colcon.colcon_core.package_identification:_identify(src/serial) by extensions ['ros']
[0.350s] Level 1:colcon.colcon_core.package_identification:_identify(src/serial) by extension 'ros'
[0.350s] DEBUG:colcon.colcon_core.package_identification:Package 'src/serial' with type 'ros.ament_cmake' and name 'serial'
[0.350s] Level 1:colcon.colcon_core.package_discovery:discover_packages(recursive) using defaults
[0.350s] Level 1:colcon.colcon_core.package_discovery:discover_packages(ignore) discover
[0.350s] Level 1:colcon.colcon_core.package_discovery:discover_packages(ignore) using defaults
[0.350s] Level 1:colcon.colcon_core.package_discovery:discover_packages(path) discover
[0.350s] Level 1:colcon.colcon_core.package_discovery:discover_packages(path) using defaults
[0.372s] Level 1:colcon.colcon_core.package_discovery:discover_packages(prefix_path) check parameters
[0.372s] Level 1:colcon.colcon_core.package_discovery:discover_packages(prefix_path) discover
[0.375s] DEBUG:colcon.colcon_installed_package_information.package_discovery:Found 2 installed packages in /home/rescue_robot/buaa_rescue_robot/install
[0.377s] DEBUG:colcon.colcon_installed_package_information.package_discovery:Found 270 installed packages in /opt/ros/humble
[0.379s] Level 1:colcon.colcon_core.package_discovery:discover_packages(prefix_path) using defaults
[0.437s] Level 5:colcon.colcon_core.verb:set package 'cpp_pubsub' build argument 'cmake_args' from command line to 'None'
[0.437s] Level 5:colcon.colcon_core.verb:set package 'cpp_pubsub' build argument 'cmake_target' from command line to 'None'
[0.438s] Level 5:colcon.colcon_core.verb:set package 'cpp_pubsub' build argument 'cmake_target_skip_unavailable' from command line to 'False'
[0.438s] Level 5:colcon.colcon_core.verb:set package 'cpp_pubsub' build argument 'cmake_clean_cache' from command line to 'False'
[0.438s] Level 5:colcon.colcon_core.verb:set package 'cpp_pubsub' build argument 'cmake_clean_first' from command line to 'False'
[0.438s] Level 5:colcon.colcon_core.verb:set package 'cpp_pubsub' build argument 'cmake_force_configure' from command line to 'False'
[0.438s] Level 5:colcon.colcon_core.verb:set package 'cpp_pubsub' build argument 'ament_cmake_args' from command line to 'None'
[0.438s] Level 5:colcon.colcon_core.verb:set package 'cpp_pubsub' build argument 'catkin_cmake_args' from command line to 'None'
[0.438s] Level 5:colcon.colcon_core.verb:set package 'cpp_pubsub' build argument 'catkin_skip_building_tests' from command line to 'False'
[0.438s] DEBUG:colcon.colcon_core.verb:Building package 'cpp_pubsub' with the following arguments: {'ament_cmake_args': None, 'build_base': '/home/rescue_robot/buaa_rescue_robot/build/cpp_pubsub', 'catkin_cmake_args': None, 'catkin_skip_building_tests': False, 'cmake_args': None, 'cmake_clean_cache': False, 'cmake_clean_first': False, 'cmake_force_configure': False, 'cmake_target': None, 'cmake_target_skip_unavailable': False, 'install_base': '/home/rescue_robot/buaa_rescue_robot/install/cpp_pubsub', 'merge_install': False, 'path': '/home/rescue_robot/buaa_rescue_robot/src/cpp_pubsub', 'symlink_install': False, 'test_result_base': None}
[0.439s] Level 5:colcon.colcon_core.verb:set package 'serial' build argument 'cmake_args' from command line to 'None'
[0.439s] Level 5:colcon.colcon_core.verb:set package 'serial' build argument 'cmake_target' from command line to 'None'
[0.439s] Level 5:colcon.colcon_core.verb:set package 'serial' build argument 'cmake_target_skip_unavailable' from command line to 'False'
[0.439s] Level 5:colcon.colcon_core.verb:set package 'serial' build argument 'cmake_clean_cache' from command line to 'False'
[0.439s] Level 5:colcon.colcon_core.verb:set package 'serial' build argument 'cmake_clean_first' from command line to 'False'
[0.439s] Level 5:colcon.colcon_core.verb:set package 'serial' build argument 'cmake_force_configure' from command line to 'False'
[0.439s] Level 5:colcon.colcon_core.verb:set package 'serial' build argument 'ament_cmake_args' from command line to 'None'
[0.439s] Level 5:colcon.colcon_core.verb:set package 'serial' build argument 'catkin_cmake_args' from command line to 'None'
[0.439s] Level 5:colcon.colcon_core.verb:set package 'serial' build argument 'catkin_skip_building_tests' from command line to 'False'
[0.439s] DEBUG:colcon.colcon_core.verb:Building package 'serial' with the following arguments: {'ament_cmake_args': None, 'build_base': '/home/rescue_robot/buaa_rescue_robot/build/serial', 'catkin_cmake_args': None, 'catkin_skip_building_tests': False, 'cmake_args': None, 'cmake_clean_cache': False, 'cmake_clean_first': False, 'cmake_force_configure': False, 'cmake_target': None, 'cmake_target_skip_unavailable': False, 'install_base': '/home/rescue_robot/buaa_rescue_robot/install/serial', 'merge_install': False, 'path': '/home/rescue_robot/buaa_rescue_robot/src/serial', 'symlink_install': False, 'test_result_base': None}
[0.440s] INFO:colcon.colcon_core.executor:Executing jobs using 'parallel' executor
[0.443s] DEBUG:colcon.colcon_parallel_executor.executor.parallel:run_until_complete
[0.443s] INFO:colcon.colcon_ros.task.ament_cmake.build:Building ROS package in '/home/rescue_robot/buaa_rescue_robot/src/cpp_pubsub' with build type 'ament_cmake'
[0.443s] INFO:colcon.colcon_cmake.task.cmake.build:Building CMake package in '/home/rescue_robot/buaa_rescue_robot/src/cpp_pubsub'
[0.448s] INFO:colcon.colcon_core.plugin_system:Skipping extension 'colcon_core.shell.bat': Not used on non-Windows systems
[0.448s] INFO:colcon.colcon_core.shell:Skip shell extension 'powershell' for command environment: Not usable outside of PowerShell
[0.448s] DEBUG:colcon.colcon_core.shell:Skip shell extension 'dsv' for command environment
[0.455s] INFO:colcon.colcon_ros.task.ament_cmake.build:Building ROS package in '/home/rescue_robot/buaa_rescue_robot/src/serial' with build type 'ament_cmake'
[0.455s] INFO:colcon.colcon_cmake.task.cmake.build:Building CMake package in '/home/rescue_robot/buaa_rescue_robot/src/serial'
[0.457s] INFO:colcon.colcon_core.shell:Skip shell extension 'powershell' for command environment: Not usable outside of PowerShell
[0.457s] DEBUG:colcon.colcon_core.shell:Skip shell extension 'dsv' for command environment
[0.472s] DEBUG:colcon.colcon_core.event_handler.log_command:Invoking command in '/home/rescue_robot/buaa_rescue_robot/build/cpp_pubsub': CMAKE_PREFIX_PATH=${CMAKE_PREFIX_PATH}:/opt/ros/humble /usr/bin/cmake --build /home/rescue_robot/buaa_rescue_robot/build/cpp_pubsub -- -j8 -l8
[0.478s] DEBUG:colcon.colcon_core.event_handler.log_command:Invoking command in '/home/rescue_robot/buaa_rescue_robot/build/serial': CMAKE_PREFIX_PATH=${CMAKE_PREFIX_PATH}:/opt/ros/humble /usr/bin/cmake --build /home/rescue_robot/buaa_rescue_robot/build/serial -- -j8 -l8
[0.556s] DEBUG:colcon.colcon_core.event_handler.log_command:Invoked command in '/home/rescue_robot/buaa_rescue_robot/build/cpp_pubsub' returned '0': CMAKE_PREFIX_PATH=${CMAKE_PREFIX_PATH}:/opt/ros/humble /usr/bin/cmake --build /home/rescue_robot/buaa_rescue_robot/build/cpp_pubsub -- -j8 -l8
[0.571s] DEBUG:colcon.colcon_core.event_handler.log_command:Invoked command in '/home/rescue_robot/buaa_rescue_robot/build/serial' returned '0': CMAKE_PREFIX_PATH=${CMAKE_PREFIX_PATH}:/opt/ros/humble /usr/bin/cmake --build /home/rescue_robot/buaa_rescue_robot/build/serial -- -j8 -l8
[0.600s] DEBUG:colcon.colcon_core.event_handler.log_command:Invoking command in '/home/rescue_robot/buaa_rescue_robot/build/cpp_pubsub': CMAKE_PREFIX_PATH=${CMAKE_PREFIX_PATH}:/opt/ros/humble /usr/bin/cmake --install /home/rescue_robot/buaa_rescue_robot/build/cpp_pubsub
[0.603s] DEBUG:colcon.colcon_core.event_handler.log_command:Invoking command in '/home/rescue_robot/buaa_rescue_robot/build/serial': CMAKE_PREFIX_PATH=${CMAKE_PREFIX_PATH}:/opt/ros/humble /usr/bin/cmake --install /home/rescue_robot/buaa_rescue_robot/build/serial
[0.612s] Level 1:colcon.colcon_core.environment:create_environment_scripts_only(cpp_pubsub)
[0.617s] DEBUG:colcon.colcon_core.event_handler.log_command:Invoked command in '/home/rescue_robot/buaa_rescue_robot/build/cpp_pubsub' returned '0': CMAKE_PREFIX_PATH=${CMAKE_PREFIX_PATH}:/opt/ros/humble /usr/bin/cmake --install /home/rescue_robot/buaa_rescue_robot/build/cpp_pubsub
[0.619s] Level 1:colcon.colcon_core.environment:checking '/home/rescue_robot/buaa_rescue_robot/install/cpp_pubsub' for CMake module files
[0.620s] Level 1:colcon.colcon_core.environment:checking '/home/rescue_robot/buaa_rescue_robot/install/cpp_pubsub' for CMake config files
[0.620s] Level 1:colcon.colcon_core.shell:create_environment_hook('cpp_pubsub', 'cmake_prefix_path')
[0.621s] INFO:colcon.colcon_core.shell:Creating environment hook '/home/rescue_robot/buaa_rescue_robot/install/cpp_pubsub/share/cpp_pubsub/hook/cmake_prefix_path.ps1'
[0.622s] INFO:colcon.colcon_core.shell:Creating environment descriptor '/home/rescue_robot/buaa_rescue_robot/install/cpp_pubsub/share/cpp_pubsub/hook/cmake_prefix_path.dsv'
[0.622s] INFO:colcon.colcon_core.shell:Creating environment hook '/home/rescue_robot/buaa_rescue_robot/install/cpp_pubsub/share/cpp_pubsub/hook/cmake_prefix_path.sh'
[0.623s] Level 1:colcon.colcon_core.environment:checking '/home/rescue_robot/buaa_rescue_robot/install/cpp_pubsub/lib'
[0.624s] Level 1:colcon.colcon_core.environment:checking '/home/rescue_robot/buaa_rescue_robot/install/cpp_pubsub/bin'
[0.624s] Level 1:colcon.colcon_core.environment:checking '/home/rescue_robot/buaa_rescue_robot/install/cpp_pubsub/lib/pkgconfig/cpp_pubsub.pc'
[0.624s] Level 1:colcon.colcon_core.environment:checking '/home/rescue_robot/buaa_rescue_robot/install/cpp_pubsub/lib/python3.10/site-packages'
[0.624s] Level 1:colcon.colcon_core.environment:checking '/home/rescue_robot/buaa_rescue_robot/install/cpp_pubsub/bin'
[0.625s] INFO:colcon.colcon_core.shell:Creating package script '/home/rescue_robot/buaa_rescue_robot/install/cpp_pubsub/share/cpp_pubsub/package.ps1'
[0.627s] INFO:colcon.colcon_core.shell:Creating package descriptor '/home/rescue_robot/buaa_rescue_robot/install/cpp_pubsub/share/cpp_pubsub/package.dsv'
[0.627s] INFO:colcon.colcon_core.shell:Creating package script '/home/rescue_robot/buaa_rescue_robot/install/cpp_pubsub/share/cpp_pubsub/package.sh'
[0.628s] INFO:colcon.colcon_core.shell:Creating package script '/home/rescue_robot/buaa_rescue_robot/install/cpp_pubsub/share/cpp_pubsub/package.bash'
[0.628s] INFO:colcon.colcon_core.shell:Creating package script '/home/rescue_robot/buaa_rescue_robot/install/cpp_pubsub/share/cpp_pubsub/package.zsh'
[0.629s] Level 1:colcon.colcon_core.environment:create_file_with_runtime_dependencies(/home/rescue_robot/buaa_rescue_robot/install/cpp_pubsub/share/colcon-core/packages/cpp_pubsub)
[0.631s] Level 1:colcon.colcon_core.environment:create_environment_scripts_only(serial)
[0.633s] Level 1:colcon.colcon_core.environment:checking '/home/rescue_robot/buaa_rescue_robot/install/serial' for CMake module files
[0.634s] DEBUG:colcon.colcon_core.event_handler.log_command:Invoked command in '/home/rescue_robot/buaa_rescue_robot/build/serial' returned '0': CMAKE_PREFIX_PATH=${CMAKE_PREFIX_PATH}:/opt/ros/humble /usr/bin/cmake --install /home/rescue_robot/buaa_rescue_robot/build/serial
[0.634s] Level 1:colcon.colcon_core.environment:checking '/home/rescue_robot/buaa_rescue_robot/install/serial' for CMake config files
[0.634s] Level 1:colcon.colcon_core.shell:create_environment_hook('serial', 'cmake_prefix_path')
[0.636s] INFO:colcon.colcon_core.shell:Creating environment hook '/home/rescue_robot/buaa_rescue_robot/install/serial/share/serial/hook/cmake_prefix_path.ps1'
[0.637s] INFO:colcon.colcon_core.shell:Creating environment descriptor '/home/rescue_robot/buaa_rescue_robot/install/serial/share/serial/hook/cmake_prefix_path.dsv'
[0.637s] INFO:colcon.colcon_core.shell:Creating environment hook '/home/rescue_robot/buaa_rescue_robot/install/serial/share/serial/hook/cmake_prefix_path.sh'
[0.638s] Level 1:colcon.colcon_core.environment:checking '/home/rescue_robot/buaa_rescue_robot/install/serial/lib'
[0.638s] Level 1:colcon.colcon_core.environment:checking '/home/rescue_robot/buaa_rescue_robot/install/serial/bin'
[0.638s] Level 1:colcon.colcon_core.environment:checking '/home/rescue_robot/buaa_rescue_robot/install/serial/lib/pkgconfig/serial.pc'
[0.638s] Level 1:colcon.colcon_core.environment:checking '/home/rescue_robot/buaa_rescue_robot/install/serial/lib/python3.10/site-packages'
[0.639s] Level 1:colcon.colcon_core.environment:checking '/home/rescue_robot/buaa_rescue_robot/install/serial/bin'
[0.640s] INFO:colcon.colcon_core.shell:Creating package script '/home/rescue_robot/buaa_rescue_robot/install/serial/share/serial/package.ps1'
[0.641s] INFO:colcon.colcon_core.shell:Creating package descriptor '/home/rescue_robot/buaa_rescue_robot/install/serial/share/serial/package.dsv'
[0.641s] INFO:colcon.colcon_core.shell:Creating package script '/home/rescue_robot/buaa_rescue_robot/install/serial/share/serial/package.sh'
[0.642s] INFO:colcon.colcon_core.shell:Creating package script '/home/rescue_robot/buaa_rescue_robot/install/serial/share/serial/package.bash'
[0.642s] INFO:colcon.colcon_core.shell:Creating package script '/home/rescue_robot/buaa_rescue_robot/install/serial/share/serial/package.zsh'
[0.642s] Level 1:colcon.colcon_core.environment:create_file_with_runtime_dependencies(/home/rescue_robot/buaa_rescue_robot/install/serial/share/colcon-core/packages/serial)
[0.663s] Level 1:colcon.colcon_core.environment:create_environment_scripts_only(cpp_pubsub)
[0.667s] Level 1:colcon.colcon_core.environment:checking '/home/rescue_robot/buaa_rescue_robot/install/cpp_pubsub' for CMake module files
[0.667s] Level 1:colcon.colcon_core.environment:checking '/home/rescue_robot/buaa_rescue_robot/install/cpp_pubsub' for CMake config files
[0.668s] Level 1:colcon.colcon_core.shell:create_environment_hook('cpp_pubsub', 'cmake_prefix_path')
[0.670s] INFO:colcon.colcon_core.shell:Creating environment hook '/home/rescue_robot/buaa_rescue_robot/install/cpp_pubsub/share/cpp_pubsub/hook/cmake_prefix_path.ps1'
[0.670s] INFO:colcon.colcon_core.shell:Creating environment descriptor '/home/rescue_robot/buaa_rescue_robot/install/cpp_pubsub/share/cpp_pubsub/hook/cmake_prefix_path.dsv'
[0.671s] INFO:colcon.colcon_core.shell:Creating environment hook '/home/rescue_robot/buaa_rescue_robot/install/cpp_pubsub/share/cpp_pubsub/hook/cmake_prefix_path.sh'
[0.672s] Level 1:colcon.colcon_core.environment:checking '/home/rescue_robot/buaa_rescue_robot/install/cpp_pubsub/lib'
[0.672s] Level 1:colcon.colcon_core.environment:checking '/home/rescue_robot/buaa_rescue_robot/install/cpp_pubsub/bin'
[0.672s] Level 1:colcon.colcon_core.environment:checking '/home/rescue_robot/buaa_rescue_robot/install/cpp_pubsub/lib/pkgconfig/cpp_pubsub.pc'
[0.672s] Level 1:colcon.colcon_core.environment:checking '/home/rescue_robot/buaa_rescue_robot/install/cpp_pubsub/lib/python3.10/site-packages'
[0.672s] Level 1:colcon.colcon_core.environment:checking '/home/rescue_robot/buaa_rescue_robot/install/cpp_pubsub/bin'
[0.674s] INFO:colcon.colcon_core.shell:Creating package script '/home/rescue_robot/buaa_rescue_robot/install/cpp_pubsub/share/cpp_pubsub/package.ps1'
[0.674s] INFO:colcon.colcon_core.shell:Creating package descriptor '/home/rescue_robot/buaa_rescue_robot/install/cpp_pubsub/share/cpp_pubsub/package.dsv'
[0.675s] INFO:colcon.colcon_core.shell:Creating package script '/home/rescue_robot/buaa_rescue_robot/install/cpp_pubsub/share/cpp_pubsub/package.sh'
[0.676s] INFO:colcon.colcon_core.shell:Creating package script '/home/rescue_robot/buaa_rescue_robot/install/cpp_pubsub/share/cpp_pubsub/package.bash'
[0.676s] INFO:colcon.colcon_core.shell:Creating package script '/home/rescue_robot/buaa_rescue_robot/install/cpp_pubsub/share/cpp_pubsub/package.zsh'
[0.677s] Level 1:colcon.colcon_core.environment:create_file_with_runtime_dependencies(/home/rescue_robot/buaa_rescue_robot/install/cpp_pubsub/share/colcon-core/packages/cpp_pubsub)
[0.681s] Level 1:colcon.colcon_core.environment:create_environment_scripts_only(serial)
[0.683s] Level 1:colcon.colcon_core.environment:checking '/home/rescue_robot/buaa_rescue_robot/install/serial' for CMake module files
[0.684s] Level 1:colcon.colcon_core.environment:checking '/home/rescue_robot/buaa_rescue_robot/install/serial' for CMake config files
[0.684s] Level 1:colcon.colcon_core.shell:create_environment_hook('serial', 'cmake_prefix_path')
[0.685s] INFO:colcon.colcon_core.shell:Creating environment hook '/home/rescue_robot/buaa_rescue_robot/install/serial/share/serial/hook/cmake_prefix_path.ps1'
[0.686s] INFO:colcon.colcon_core.shell:Creating environment descriptor '/home/rescue_robot/buaa_rescue_robot/install/serial/share/serial/hook/cmake_prefix_path.dsv'
[0.686s] INFO:colcon.colcon_core.shell:Creating environment hook '/home/rescue_robot/buaa_rescue_robot/install/serial/share/serial/hook/cmake_prefix_path.sh'
[0.687s] Level 1:colcon.colcon_core.environment:checking '/home/rescue_robot/buaa_rescue_robot/install/serial/lib'
[0.687s] Level 1:colcon.colcon_core.environment:checking '/home/rescue_robot/buaa_rescue_robot/install/serial/bin'
[0.687s] Level 1:colcon.colcon_core.environment:checking '/home/rescue_robot/buaa_rescue_robot/install/serial/lib/pkgconfig/serial.pc'
[0.687s] Level 1:colcon.colcon_core.environment:checking '/home/rescue_robot/buaa_rescue_robot/install/serial/lib/python3.10/site-packages'
[0.688s] Level 1:colcon.colcon_core.environment:checking '/home/rescue_robot/buaa_rescue_robot/install/serial/bin'
[0.689s] INFO:colcon.colcon_core.shell:Creating package script '/home/rescue_robot/buaa_rescue_robot/install/serial/share/serial/package.ps1'
[0.690s] INFO:colcon.colcon_core.shell:Creating package descriptor '/home/rescue_robot/buaa_rescue_robot/install/serial/share/serial/package.dsv'
[0.690s] INFO:colcon.colcon_core.shell:Creating package script '/home/rescue_robot/buaa_rescue_robot/install/serial/share/serial/package.sh'
[0.690s] INFO:colcon.colcon_core.shell:Creating package script '/home/rescue_robot/buaa_rescue_robot/install/serial/share/serial/package.bash'
[0.691s] INFO:colcon.colcon_core.shell:Creating package script '/home/rescue_robot/buaa_rescue_robot/install/serial/share/serial/package.zsh'
[0.691s] Level 1:colcon.colcon_core.environment:create_file_with_runtime_dependencies(/home/rescue_robot/buaa_rescue_robot/install/serial/share/colcon-core/packages/serial)
[0.692s] DEBUG:colcon.colcon_parallel_executor.executor.parallel:closing loop
[0.692s] DEBUG:colcon.colcon_parallel_executor.executor.parallel:loop closed
[0.692s] DEBUG:colcon.colcon_parallel_executor.executor.parallel:run_until_complete finished with '0'
[0.693s] DEBUG:colcon.colcon_core.event_reactor:joining thread
[0.701s] INFO:colcon.colcon_core.plugin_system:Skipping extension 'colcon_notification.desktop_notification.terminal_notifier': Not used on non-Darwin systems
[0.701s] INFO:colcon.colcon_core.plugin_system:Skipping extension 'colcon_notification.desktop_notification.win32': Not used on non-Windows systems
[0.701s] INFO:colcon.colcon_notification.desktop_notification:Sending desktop notification using 'notify2'
[0.718s] DEBUG:colcon.colcon_core.event_reactor:joined thread
[0.719s] INFO:colcon.colcon_core.shell:Creating prefix script '/home/rescue_robot/buaa_rescue_robot/install/local_setup.ps1'
[0.720s] INFO:colcon.colcon_core.shell:Creating prefix util module '/home/rescue_robot/buaa_rescue_robot/install/_local_setup_util_ps1.py'
[0.722s] INFO:colcon.colcon_core.shell:Creating prefix chain script '/home/rescue_robot/buaa_rescue_robot/install/setup.ps1'
[0.724s] INFO:colcon.colcon_core.shell:Creating prefix script '/home/rescue_robot/buaa_rescue_robot/install/local_setup.sh'
[0.725s] INFO:colcon.colcon_core.shell:Creating prefix util module '/home/rescue_robot/buaa_rescue_robot/install/_local_setup_util_sh.py'
[0.726s] INFO:colcon.colcon_core.shell:Creating prefix chain script '/home/rescue_robot/buaa_rescue_robot/install/setup.sh'
[0.728s] INFO:colcon.colcon_core.shell:Creating prefix script '/home/rescue_robot/buaa_rescue_robot/install/local_setup.bash'
[0.729s] INFO:colcon.colcon_core.shell:Creating prefix chain script '/home/rescue_robot/buaa_rescue_robot/install/setup.bash'
[0.730s] INFO:colcon.colcon_core.shell:Creating prefix script '/home/rescue_robot/buaa_rescue_robot/install/local_setup.zsh'
[0.731s] INFO:colcon.colcon_core.shell:Creating prefix chain script '/home/rescue_robot/buaa_rescue_robot/install/setup.zsh'
