-- Found ament_cmake: 1.3.5 (/opt/ros/humble/share/ament_cmake/cmake)
-- Found rclcpp: 16.0.5 (/opt/ros/humble/share/rclcpp/cmake)
-- Found rosidl_generator_c: 3.1.5 (/opt/ros/humble/share/rosidl_generator_c/cmake)
-- Found rosidl_adapter: 3.1.5 (/opt/ros/humble/share/rosidl_adapter/cmake)
-- Found rosidl_generator_cpp: 3.1.5 (/opt/ros/humble/share/rosidl_generator_cpp/cmake)
-- Using all available rosidl_typesupport_c: rosidl_typesupport_fastrtps_c;rosidl_typesupport_introspection_c
-- Using all available rosidl_typesupport_cpp: rosidl_typesupport_fastrtps_cpp;rosidl_typesupport_introspection_cpp
-- Found rmw_implementation_cmake: 6.1.1 (/opt/ros/humble/share/rmw_implementation_cmake/cmake)
-- Found rmw_fastrtps_cpp: 6.2.3 (/opt/ros/humble/share/rmw_fastrtps_cpp/cmake)
-- Using RMW implementation 'rmw_fastrtps_cpp' as default
-- Found rosidl_default_generators: 1.2.0 (/opt/ros/humble/share/rosidl_default_generators/cmake)
-- Found buaa_rescue_robot_msgs: 0.0.0 (/home/rescue-robot/buaa_rescue_robot/install/buaa_rescue_robot_msgs/share/buaa_rescue_robot_msgs/cmake)
-- Configuring done
-- Generating done
-- Build files have been written to: /home/rescue-robot/buaa_rescue_robot/build/keyboard_controller
[35m[1mConsolidate compiler generated dependencies of target keyboard_publisher[0m
[ 50%] [32mBuilding CXX object CMakeFiles/keyboard_publisher.dir/src/keyboard_publisher.cpp.o[0m
[100%] [32m[1mLinking CXX executable keyboard_publisher[0m
[100%] Built target keyboard_publisher
-- Install configuration: ""
-- Installing: /home/rescue-robot/buaa_rescue_robot/install/keyboard_controller/lib/keyboard_controller/keyboard_publisher
-- Set runtime path of "/home/rescue-robot/buaa_rescue_robot/install/keyboard_controller/lib/keyboard_controller/keyboard_publisher" to ""
-- Up-to-date: /home/rescue-robot/buaa_rescue_robot/install/keyboard_controller/share/ament_index/resource_index/package_run_dependencies/keyboard_controller
-- Up-to-date: /home/rescue-robot/buaa_rescue_robot/install/keyboard_controller/share/ament_index/resource_index/parent_prefix_path/keyboard_controller
-- Up-to-date: /home/rescue-robot/buaa_rescue_robot/install/keyboard_controller/share/keyboard_controller/environment/ament_prefix_path.sh
-- Installing: /home/rescue-robot/buaa_rescue_robot/install/keyboard_controller/share/keyboard_controller/environment/ament_prefix_path.dsv
-- Up-to-date: /home/rescue-robot/buaa_rescue_robot/install/keyboard_controller/share/keyboard_controller/environment/path.sh
-- Installing: /home/rescue-robot/buaa_rescue_robot/install/keyboard_controller/share/keyboard_controller/environment/path.dsv
-- Up-to-date: /home/rescue-robot/buaa_rescue_robot/install/keyboard_controller/share/keyboard_controller/local_setup.bash
-- Up-to-date: /home/rescue-robot/buaa_rescue_robot/install/keyboard_controller/share/keyboard_controller/local_setup.sh
-- Up-to-date: /home/rescue-robot/buaa_rescue_robot/install/keyboard_controller/share/keyboard_controller/local_setup.zsh
-- Installing: /home/rescue-robot/buaa_rescue_robot/install/keyboard_controller/share/keyboard_controller/local_setup.dsv
-- Installing: /home/rescue-robot/buaa_rescue_robot/install/keyboard_controller/share/keyboard_controller/package.dsv
-- Up-to-date: /home/rescue-robot/buaa_rescue_robot/install/keyboard_controller/share/ament_index/resource_index/packages/keyboard_controller
-- Up-to-date: /home/rescue-robot/buaa_rescue_robot/install/keyboard_controller/share/keyboard_controller/cmake/keyboard_controllerConfig.cmake
-- Up-to-date: /home/rescue-robot/buaa_rescue_robot/install/keyboard_controller/share/keyboard_controller/cmake/keyboard_controllerConfig-version.cmake
-- Up-to-date: /home/rescue-robot/buaa_rescue_robot/install/keyboard_controller/share/keyboard_controller/package.xml
