-- Found ament_cmake: 1.3.5 (/opt/ros/humble/share/ament_cmake/cmake)
-- Found rclcpp: 16.0.5 (/opt/ros/humble/share/rclcpp/cmake)
-- Found rosidl_generator_c: 3.1.5 (/opt/ros/humble/share/rosidl_generator_c/cmake)
-- Found rosidl_adapter: 3.1.5 (/opt/ros/humble/share/rosidl_adapter/cmake)
-- Found rosidl_generator_cpp: 3.1.5 (/opt/ros/humble/share/rosidl_generator_cpp/cmake)
-- Using all available rosidl_typesupport_c: rosidl_typesupport_fastrtps_c;rosidl_typesupport_introspection_c
-- Using all available rosidl_typesupport_cpp: rosidl_typesupport_fastrtps_cpp;rosidl_typesupport_introspection_cpp
-- Found rmw_implementation_cmake: 6.1.1 (/opt/ros/humble/share/rmw_implementation_cmake/cmake)
-- Found rmw_fastrtps_cpp: 6.2.3 (/opt/ros/humble/share/rmw_fastrtps_cpp/cmake)
-- Using RMW implementation 'rmw_fastrtps_cpp' as default
-- Found rosidl_default_generators: 1.2.0 (/opt/ros/humble/share/rosidl_default_generators/cmake)
-- Found ament_cmake_ros: 0.10.0 (/opt/ros/humble/share/ament_cmake_ros/cmake)
-- Using all available rosidl_typesupport_c: rosidl_typesupport_fastrtps_c;rosidl_typesupport_introspection_c
-- Using all available rosidl_typesupport_cpp: rosidl_typesupport_fastrtps_cpp;rosidl_typesupport_introspection_cpp
-- Found python_cmake_module: 0.10.0 (/opt/ros/humble/share/python_cmake_module/cmake)
-- Using PYTHON_EXECUTABLE: /usr/bin/python3
-- Using PYTHON_INCLUDE_DIRS: /usr/include/python3.10
-- Using PYTHON_LIBRARIES: /usr/lib/x86_64-linux-gnu/libpython3.10.so
-- Configuring done
-- Generating done
-- Build files have been written to: /home/rescue_robot/buaa_rescue_robot/build/keyboard_controller
[35m[1mConsolidate compiler generated dependencies of target keyboard_controller__rosidl_generator_c[0m
[  3%] Built target keyboard_controller__cpp
[ 12%] Built target keyboard_controller__rosidl_generator_c
[35m[1mConsolidate compiler generated dependencies of target keyboard_controller__rosidl_typesupport_cpp[0m
[ 12%] Built target ament_cmake_python_copy_keyboard_controller
[35m[1mConsolidate compiler generated dependencies of target keyboard_controller__rosidl_typesupport_fastrtps_cpp[0m
[35m[1mConsolidate compiler generated dependencies of target keyboard_controller__rosidl_typesupport_introspection_cpp[0m
[35m[1mConsolidate compiler generated dependencies of target keyboard_controller__rosidl_typesupport_fastrtps_c[0m
[35m[1mConsolidate compiler generated dependencies of target keyboard_controller__rosidl_typesupport_introspection_c[0m
[35m[1mConsolidate compiler generated dependencies of target keyboard_controller__rosidl_typesupport_c[0m
[ 21%] Built target keyboard_controller__rosidl_typesupport_cpp
[ 39%] Built target keyboard_controller__rosidl_typesupport_introspection_c
[ 39%] Built target keyboard_controller__rosidl_typesupport_fastrtps_cpp
[ 48%] Built target keyboard_controller__rosidl_typesupport_introspection_cpp
[ 57%] Built target keyboard_controller__rosidl_typesupport_fastrtps_c
[ 66%] Built target keyboard_controller__rosidl_typesupport_c
[35m[1mConsolidate compiler generated dependencies of target keyboard_publisher[0m
[ 69%] [32mBuilding CXX object CMakeFiles/keyboard_publisher.dir/src/keyboard_publisher.cpp.o[0m
[ 69%] Built target keyboard_controller
[ 72%] Built target keyboard_controller__py
[35m[1mConsolidate compiler generated dependencies of target keyboard_controller__rosidl_generator_py[0m
[ 78%] Built target keyboard_controller__rosidl_generator_py
[35m[1mConsolidate compiler generated dependencies of target keyboard_controller__rosidl_typesupport_c__pyext[0m
[35m[1mConsolidate compiler generated dependencies of target keyboard_controller__rosidl_typesupport_fastrtps_c__pyext[0m
[35m[1mConsolidate compiler generated dependencies of target keyboard_controller__rosidl_typesupport_introspection_c__pyext[0m
[ 84%] Built target keyboard_controller__rosidl_typesupport_introspection_c__pyext
[ 90%] Built target keyboard_controller__rosidl_typesupport_c__pyext
[ 96%] Built target keyboard_controller__rosidl_typesupport_fastrtps_c__pyext
running egg_info
writing keyboard_controller.egg-info/PKG-INFO
writing dependency_links to keyboard_controller.egg-info/dependency_links.txt
writing top-level names to keyboard_controller.egg-info/top_level.txt
reading manifest file 'keyboard_controller.egg-info/SOURCES.txt'
writing manifest file 'keyboard_controller.egg-info/SOURCES.txt'
[ 96%] Built target ament_cmake_python_build_keyboard_controller_egg
[100%] [32m[1mLinking CXX executable keyboard_publisher[0m
[100%] Built target keyboard_publisher
-- Install configuration: ""
-- Up-to-date: /home/rescue_robot/buaa_rescue_robot/install/keyboard_controller/share/ament_index/resource_index/rosidl_interfaces/keyboard_controller
-- Up-to-date: /home/rescue_robot/buaa_rescue_robot/install/keyboard_controller/include/keyboard_controller/keyboard_controller
-- Up-to-date: /home/rescue_robot/buaa_rescue_robot/install/keyboard_controller/include/keyboard_controller/keyboard_controller/msg
-- Up-to-date: /home/rescue_robot/buaa_rescue_robot/install/keyboard_controller/include/keyboard_controller/keyboard_controller/msg/detail
-- Up-to-date: /home/rescue_robot/buaa_rescue_robot/install/keyboard_controller/include/keyboard_controller/keyboard_controller/msg/detail/control_message__functions.h
-- Up-to-date: /home/rescue_robot/buaa_rescue_robot/install/keyboard_controller/include/keyboard_controller/keyboard_controller/msg/detail/control_message__functions.c
-- Up-to-date: /home/rescue_robot/buaa_rescue_robot/install/keyboard_controller/include/keyboard_controller/keyboard_controller/msg/detail/control_message__type_support.h
-- Up-to-date: /home/rescue_robot/buaa_rescue_robot/install/keyboard_controller/include/keyboard_controller/keyboard_controller/msg/detail/control_message__struct.h
-- Up-to-date: /home/rescue_robot/buaa_rescue_robot/install/keyboard_controller/include/keyboard_controller/keyboard_controller/msg/control_message.h
-- Up-to-date: /home/rescue_robot/buaa_rescue_robot/install/keyboard_controller/include/keyboard_controller/keyboard_controller/msg/rosidl_generator_c__visibility_control.h
-- Up-to-date: /home/rescue_robot/buaa_rescue_robot/install/keyboard_controller/share/keyboard_controller/environment/library_path.sh
-- Installing: /home/rescue_robot/buaa_rescue_robot/install/keyboard_controller/share/keyboard_controller/environment/library_path.dsv
-- Up-to-date: /home/rescue_robot/buaa_rescue_robot/install/keyboard_controller/lib/libkeyboard_controller__rosidl_generator_c.so
-- Up-to-date: /home/rescue_robot/buaa_rescue_robot/install/keyboard_controller/include/keyboard_controller/keyboard_controller
-- Up-to-date: /home/rescue_robot/buaa_rescue_robot/install/keyboard_controller/include/keyboard_controller/keyboard_controller/msg
-- Up-to-date: /home/rescue_robot/buaa_rescue_robot/install/keyboard_controller/include/keyboard_controller/keyboard_controller/msg/detail
-- Up-to-date: /home/rescue_robot/buaa_rescue_robot/install/keyboard_controller/include/keyboard_controller/keyboard_controller/msg/detail/control_message__rosidl_typesupport_fastrtps_c.h
-- Up-to-date: /home/rescue_robot/buaa_rescue_robot/install/keyboard_controller/include/keyboard_controller/keyboard_controller/msg/rosidl_typesupport_fastrtps_c__visibility_control.h
-- Up-to-date: /home/rescue_robot/buaa_rescue_robot/install/keyboard_controller/lib/libkeyboard_controller__rosidl_typesupport_fastrtps_c.so
-- Up-to-date: /home/rescue_robot/buaa_rescue_robot/install/keyboard_controller/include/keyboard_controller/keyboard_controller
-- Up-to-date: /home/rescue_robot/buaa_rescue_robot/install/keyboard_controller/include/keyboard_controller/keyboard_controller/msg
-- Up-to-date: /home/rescue_robot/buaa_rescue_robot/install/keyboard_controller/include/keyboard_controller/keyboard_controller/msg/control_message.hpp
-- Up-to-date: /home/rescue_robot/buaa_rescue_robot/install/keyboard_controller/include/keyboard_controller/keyboard_controller/msg/detail
-- Up-to-date: /home/rescue_robot/buaa_rescue_robot/install/keyboard_controller/include/keyboard_controller/keyboard_controller/msg/detail/control_message__builder.hpp
-- Up-to-date: /home/rescue_robot/buaa_rescue_robot/install/keyboard_controller/include/keyboard_controller/keyboard_controller/msg/detail/control_message__traits.hpp
-- Up-to-date: /home/rescue_robot/buaa_rescue_robot/install/keyboard_controller/include/keyboard_controller/keyboard_controller/msg/detail/control_message__struct.hpp
-- Up-to-date: /home/rescue_robot/buaa_rescue_robot/install/keyboard_controller/include/keyboard_controller/keyboard_controller
-- Up-to-date: /home/rescue_robot/buaa_rescue_robot/install/keyboard_controller/include/keyboard_controller/keyboard_controller/msg
-- Up-to-date: /home/rescue_robot/buaa_rescue_robot/install/keyboard_controller/include/keyboard_controller/keyboard_controller/msg/detail
-- Up-to-date: /home/rescue_robot/buaa_rescue_robot/install/keyboard_controller/include/keyboard_controller/keyboard_controller/msg/detail/dds_fastrtps
-- Up-to-date: /home/rescue_robot/buaa_rescue_robot/install/keyboard_controller/include/keyboard_controller/keyboard_controller/msg/detail/control_message__rosidl_typesupport_fastrtps_cpp.hpp
-- Up-to-date: /home/rescue_robot/buaa_rescue_robot/install/keyboard_controller/include/keyboard_controller/keyboard_controller/msg/rosidl_typesupport_fastrtps_cpp__visibility_control.h
-- Up-to-date: /home/rescue_robot/buaa_rescue_robot/install/keyboard_controller/lib/libkeyboard_controller__rosidl_typesupport_fastrtps_cpp.so
-- Up-to-date: /home/rescue_robot/buaa_rescue_robot/install/keyboard_controller/include/keyboard_controller/keyboard_controller
-- Up-to-date: /home/rescue_robot/buaa_rescue_robot/install/keyboard_controller/include/keyboard_controller/keyboard_controller/msg
-- Up-to-date: /home/rescue_robot/buaa_rescue_robot/install/keyboard_controller/include/keyboard_controller/keyboard_controller/msg/detail
-- Up-to-date: /home/rescue_robot/buaa_rescue_robot/install/keyboard_controller/include/keyboard_controller/keyboard_controller/msg/detail/control_message__rosidl_typesupport_introspection_c.h
-- Up-to-date: /home/rescue_robot/buaa_rescue_robot/install/keyboard_controller/include/keyboard_controller/keyboard_controller/msg/detail/control_message__type_support.c
-- Up-to-date: /home/rescue_robot/buaa_rescue_robot/install/keyboard_controller/include/keyboard_controller/keyboard_controller/msg/rosidl_typesupport_introspection_c__visibility_control.h
-- Up-to-date: /home/rescue_robot/buaa_rescue_robot/install/keyboard_controller/lib/libkeyboard_controller__rosidl_typesupport_introspection_c.so
-- Up-to-date: /home/rescue_robot/buaa_rescue_robot/install/keyboard_controller/lib/libkeyboard_controller__rosidl_typesupport_c.so
-- Up-to-date: /home/rescue_robot/buaa_rescue_robot/install/keyboard_controller/include/keyboard_controller/keyboard_controller
-- Up-to-date: /home/rescue_robot/buaa_rescue_robot/install/keyboard_controller/include/keyboard_controller/keyboard_controller/msg
-- Up-to-date: /home/rescue_robot/buaa_rescue_robot/install/keyboard_controller/include/keyboard_controller/keyboard_controller/msg/detail
-- Up-to-date: /home/rescue_robot/buaa_rescue_robot/install/keyboard_controller/include/keyboard_controller/keyboard_controller/msg/detail/control_message__type_support.cpp
-- Up-to-date: /home/rescue_robot/buaa_rescue_robot/install/keyboard_controller/include/keyboard_controller/keyboard_controller/msg/detail/control_message__rosidl_typesupport_introspection_cpp.hpp
-- Up-to-date: /home/rescue_robot/buaa_rescue_robot/install/keyboard_controller/lib/libkeyboard_controller__rosidl_typesupport_introspection_cpp.so
-- Up-to-date: /home/rescue_robot/buaa_rescue_robot/install/keyboard_controller/lib/libkeyboard_controller__rosidl_typesupport_cpp.so
-- Up-to-date: /home/rescue_robot/buaa_rescue_robot/install/keyboard_controller/share/keyboard_controller/environment/pythonpath.sh
-- Installing: /home/rescue_robot/buaa_rescue_robot/install/keyboard_controller/share/keyboard_controller/environment/pythonpath.dsv
-- Up-to-date: /home/rescue_robot/buaa_rescue_robot/install/keyboard_controller/local/lib/python3.10/dist-packages/keyboard_controller-0.0.1-py3.10.egg-info
-- Installing: /home/rescue_robot/buaa_rescue_robot/install/keyboard_controller/local/lib/python3.10/dist-packages/keyboard_controller-0.0.1-py3.10.egg-info/top_level.txt
-- Installing: /home/rescue_robot/buaa_rescue_robot/install/keyboard_controller/local/lib/python3.10/dist-packages/keyboard_controller-0.0.1-py3.10.egg-info/dependency_links.txt
-- Installing: /home/rescue_robot/buaa_rescue_robot/install/keyboard_controller/local/lib/python3.10/dist-packages/keyboard_controller-0.0.1-py3.10.egg-info/SOURCES.txt
-- Installing: /home/rescue_robot/buaa_rescue_robot/install/keyboard_controller/local/lib/python3.10/dist-packages/keyboard_controller-0.0.1-py3.10.egg-info/PKG-INFO
-- Up-to-date: /home/rescue_robot/buaa_rescue_robot/install/keyboard_controller/local/lib/python3.10/dist-packages/keyboard_controller
-- Up-to-date: /home/rescue_robot/buaa_rescue_robot/install/keyboard_controller/local/lib/python3.10/dist-packages/keyboard_controller/keyboard_controller_s__rosidl_typesupport_introspection_c.cpython-310-x86_64-linux-gnu.so
-- Up-to-date: /home/rescue_robot/buaa_rescue_robot/install/keyboard_controller/local/lib/python3.10/dist-packages/keyboard_controller/_keyboard_controller_s.ep.rosidl_typesupport_introspection_c.c
-- Up-to-date: /home/rescue_robot/buaa_rescue_robot/install/keyboard_controller/local/lib/python3.10/dist-packages/keyboard_controller/libkeyboard_controller__rosidl_generator_py.so
-- Up-to-date: /home/rescue_robot/buaa_rescue_robot/install/keyboard_controller/local/lib/python3.10/dist-packages/keyboard_controller/_keyboard_controller_s.ep.rosidl_typesupport_c.c
-- Up-to-date: /home/rescue_robot/buaa_rescue_robot/install/keyboard_controller/local/lib/python3.10/dist-packages/keyboard_controller/_keyboard_controller_s.ep.rosidl_typesupport_fastrtps_c.c
-- Up-to-date: /home/rescue_robot/buaa_rescue_robot/install/keyboard_controller/local/lib/python3.10/dist-packages/keyboard_controller/keyboard_controller_s__rosidl_typesupport_c.cpython-310-x86_64-linux-gnu.so
-- Installing: /home/rescue_robot/buaa_rescue_robot/install/keyboard_controller/local/lib/python3.10/dist-packages/keyboard_controller/__init__.py
-- Up-to-date: /home/rescue_robot/buaa_rescue_robot/install/keyboard_controller/local/lib/python3.10/dist-packages/keyboard_controller/keyboard_controller_s__rosidl_typesupport_fastrtps_c.cpython-310-x86_64-linux-gnu.so
-- Up-to-date: /home/rescue_robot/buaa_rescue_robot/install/keyboard_controller/local/lib/python3.10/dist-packages/keyboard_controller/msg
-- Up-to-date: /home/rescue_robot/buaa_rescue_robot/install/keyboard_controller/local/lib/python3.10/dist-packages/keyboard_controller/msg/_control_message.py
-- Up-to-date: /home/rescue_robot/buaa_rescue_robot/install/keyboard_controller/local/lib/python3.10/dist-packages/keyboard_controller/msg/_control_message_s.c
-- Up-to-date: /home/rescue_robot/buaa_rescue_robot/install/keyboard_controller/local/lib/python3.10/dist-packages/keyboard_controller/msg/__init__.py
Listing '/home/rescue_robot/buaa_rescue_robot/install/keyboard_controller/local/lib/python3.10/dist-packages/keyboard_controller'...
Compiling '/home/rescue_robot/buaa_rescue_robot/install/keyboard_controller/local/lib/python3.10/dist-packages/keyboard_controller/__init__.py'...
Listing '/home/rescue_robot/buaa_rescue_robot/install/keyboard_controller/local/lib/python3.10/dist-packages/keyboard_controller/msg'...
-- Up-to-date: /home/rescue_robot/buaa_rescue_robot/install/keyboard_controller/local/lib/python3.10/dist-packages/keyboard_controller/keyboard_controller_s__rosidl_typesupport_fastrtps_c.cpython-310-x86_64-linux-gnu.so
-- Up-to-date: /home/rescue_robot/buaa_rescue_robot/install/keyboard_controller/local/lib/python3.10/dist-packages/keyboard_controller/keyboard_controller_s__rosidl_typesupport_introspection_c.cpython-310-x86_64-linux-gnu.so
-- Up-to-date: /home/rescue_robot/buaa_rescue_robot/install/keyboard_controller/local/lib/python3.10/dist-packages/keyboard_controller/keyboard_controller_s__rosidl_typesupport_c.cpython-310-x86_64-linux-gnu.so
-- Up-to-date: /home/rescue_robot/buaa_rescue_robot/install/keyboard_controller/lib/libkeyboard_controller__rosidl_generator_py.so
-- Up-to-date: /home/rescue_robot/buaa_rescue_robot/install/keyboard_controller/share/keyboard_controller/msg/ControlMessage.idl
-- Installing: /home/rescue_robot/buaa_rescue_robot/install/keyboard_controller/share/keyboard_controller/msg/ControlMessage.msg
-- Installing: /home/rescue_robot/buaa_rescue_robot/install/keyboard_controller/lib/keyboard_controller/keyboard_publisher
-- Set runtime path of "/home/rescue_robot/buaa_rescue_robot/install/keyboard_controller/lib/keyboard_controller/keyboard_publisher" to ""
-- Up-to-date: /home/rescue_robot/buaa_rescue_robot/install/keyboard_controller/share/ament_index/resource_index/package_run_dependencies/keyboard_controller
-- Up-to-date: /home/rescue_robot/buaa_rescue_robot/install/keyboard_controller/share/ament_index/resource_index/parent_prefix_path/keyboard_controller
-- Up-to-date: /home/rescue_robot/buaa_rescue_robot/install/keyboard_controller/share/keyboard_controller/environment/ament_prefix_path.sh
-- Installing: /home/rescue_robot/buaa_rescue_robot/install/keyboard_controller/share/keyboard_controller/environment/ament_prefix_path.dsv
-- Up-to-date: /home/rescue_robot/buaa_rescue_robot/install/keyboard_controller/share/keyboard_controller/environment/path.sh
-- Installing: /home/rescue_robot/buaa_rescue_robot/install/keyboard_controller/share/keyboard_controller/environment/path.dsv
-- Up-to-date: /home/rescue_robot/buaa_rescue_robot/install/keyboard_controller/share/keyboard_controller/local_setup.bash
-- Up-to-date: /home/rescue_robot/buaa_rescue_robot/install/keyboard_controller/share/keyboard_controller/local_setup.sh
-- Up-to-date: /home/rescue_robot/buaa_rescue_robot/install/keyboard_controller/share/keyboard_controller/local_setup.zsh
-- Installing: /home/rescue_robot/buaa_rescue_robot/install/keyboard_controller/share/keyboard_controller/local_setup.dsv
-- Installing: /home/rescue_robot/buaa_rescue_robot/install/keyboard_controller/share/keyboard_controller/package.dsv
-- Up-to-date: /home/rescue_robot/buaa_rescue_robot/install/keyboard_controller/share/ament_index/resource_index/packages/keyboard_controller
-- Up-to-date: /home/rescue_robot/buaa_rescue_robot/install/keyboard_controller/share/keyboard_controller/cmake/export_keyboard_controller__rosidl_generator_cExport.cmake
-- Up-to-date: /home/rescue_robot/buaa_rescue_robot/install/keyboard_controller/share/keyboard_controller/cmake/export_keyboard_controller__rosidl_generator_cExport-noconfig.cmake
-- Up-to-date: /home/rescue_robot/buaa_rescue_robot/install/keyboard_controller/share/keyboard_controller/cmake/export_keyboard_controller__rosidl_typesupport_fastrtps_cExport.cmake
-- Up-to-date: /home/rescue_robot/buaa_rescue_robot/install/keyboard_controller/share/keyboard_controller/cmake/export_keyboard_controller__rosidl_typesupport_fastrtps_cExport-noconfig.cmake
-- Up-to-date: /home/rescue_robot/buaa_rescue_robot/install/keyboard_controller/share/keyboard_controller/cmake/export_keyboard_controller__rosidl_generator_cppExport.cmake
-- Up-to-date: /home/rescue_robot/buaa_rescue_robot/install/keyboard_controller/share/keyboard_controller/cmake/export_keyboard_controller__rosidl_typesupport_fastrtps_cppExport.cmake
-- Up-to-date: /home/rescue_robot/buaa_rescue_robot/install/keyboard_controller/share/keyboard_controller/cmake/export_keyboard_controller__rosidl_typesupport_fastrtps_cppExport-noconfig.cmake
-- Up-to-date: /home/rescue_robot/buaa_rescue_robot/install/keyboard_controller/share/keyboard_controller/cmake/keyboard_controller__rosidl_typesupport_introspection_cExport.cmake
-- Up-to-date: /home/rescue_robot/buaa_rescue_robot/install/keyboard_controller/share/keyboard_controller/cmake/keyboard_controller__rosidl_typesupport_introspection_cExport-noconfig.cmake
-- Up-to-date: /home/rescue_robot/buaa_rescue_robot/install/keyboard_controller/share/keyboard_controller/cmake/keyboard_controller__rosidl_typesupport_cExport.cmake
-- Up-to-date: /home/rescue_robot/buaa_rescue_robot/install/keyboard_controller/share/keyboard_controller/cmake/keyboard_controller__rosidl_typesupport_cExport-noconfig.cmake
-- Up-to-date: /home/rescue_robot/buaa_rescue_robot/install/keyboard_controller/share/keyboard_controller/cmake/keyboard_controller__rosidl_typesupport_introspection_cppExport.cmake
-- Up-to-date: /home/rescue_robot/buaa_rescue_robot/install/keyboard_controller/share/keyboard_controller/cmake/keyboard_controller__rosidl_typesupport_introspection_cppExport-noconfig.cmake
-- Up-to-date: /home/rescue_robot/buaa_rescue_robot/install/keyboard_controller/share/keyboard_controller/cmake/keyboard_controller__rosidl_typesupport_cppExport.cmake
-- Up-to-date: /home/rescue_robot/buaa_rescue_robot/install/keyboard_controller/share/keyboard_controller/cmake/keyboard_controller__rosidl_typesupport_cppExport-noconfig.cmake
-- Up-to-date: /home/rescue_robot/buaa_rescue_robot/install/keyboard_controller/share/keyboard_controller/cmake/export_keyboard_controller__rosidl_generator_pyExport.cmake
-- Up-to-date: /home/rescue_robot/buaa_rescue_robot/install/keyboard_controller/share/keyboard_controller/cmake/export_keyboard_controller__rosidl_generator_pyExport-noconfig.cmake
-- Up-to-date: /home/rescue_robot/buaa_rescue_robot/install/keyboard_controller/share/keyboard_controller/cmake/rosidl_cmake-extras.cmake
-- Up-to-date: /home/rescue_robot/buaa_rescue_robot/install/keyboard_controller/share/keyboard_controller/cmake/ament_cmake_export_include_directories-extras.cmake
-- Up-to-date: /home/rescue_robot/buaa_rescue_robot/install/keyboard_controller/share/keyboard_controller/cmake/ament_cmake_export_libraries-extras.cmake
-- Up-to-date: /home/rescue_robot/buaa_rescue_robot/install/keyboard_controller/share/keyboard_controller/cmake/ament_cmake_export_targets-extras.cmake
-- Up-to-date: /home/rescue_robot/buaa_rescue_robot/install/keyboard_controller/share/keyboard_controller/cmake/rosidl_cmake_export_typesupport_targets-extras.cmake
-- Up-to-date: /home/rescue_robot/buaa_rescue_robot/install/keyboard_controller/share/keyboard_controller/cmake/ament_cmake_export_dependencies-extras.cmake
-- Up-to-date: /home/rescue_robot/buaa_rescue_robot/install/keyboard_controller/share/keyboard_controller/cmake/rosidl_cmake_export_typesupport_libraries-extras.cmake
-- Up-to-date: /home/rescue_robot/buaa_rescue_robot/install/keyboard_controller/share/keyboard_controller/cmake/keyboard_controllerConfig.cmake
-- Up-to-date: /home/rescue_robot/buaa_rescue_robot/install/keyboard_controller/share/keyboard_controller/cmake/keyboard_controllerConfig-version.cmake
-- Up-to-date: /home/rescue_robot/buaa_rescue_robot/install/keyboard_controller/share/keyboard_controller/package.xml
