[0.225s] DEBUG:colcon:Command line arguments: ['/usr/bin/colcon', 'build']
[0.225s] DEBUG:colcon:Parsed command line arguments: Namespace(log_base=None, log_level=None, verb_name='build', build_base='build', install_base='install', merge_install=False, symlink_install=False, test_result_base=None, continue_on_error=False, executor='parallel', parallel_workers=8, event_handlers=None, ignore_user_meta=False, metas=['./colcon.meta'], base_paths=['.'], packages_ignore=None, packages_ignore_regex=None, paths=None, packages_up_to=None, packages_up_to_regex=None, packages_above=None, packages_above_and_dependencies=None, packages_above_depth=None, packages_select_by_dep=None, packages_skip_by_dep=None, packages_skip_up_to=None, packages_select_build_failed=False, packages_skip_build_finished=False, packages_select_test_failures=False, packages_skip_test_passed=False, packages_select=None, packages_skip=None, packages_select_regex=None, packages_skip_regex=None, packages_start=None, packages_end=None, allow_overriding=[], cmake_args=None, cmake_target=None, cmake_target_skip_unavailable=False, cmake_clean_cache=False, cmake_clean_first=False, cmake_force_configure=False, ament_cmake_args=None, catkin_cmake_args=None, catkin_skip_building_tests=False, verb_parser=<colcon_defaults.argument_parser.defaults.DefaultArgumentsDecorator object at 0x7f9658fcec20>, verb_extension=<colcon_core.verb.build.BuildVerb object at 0x7f96597b1720>, main=<bound method BuildVerb.main of <colcon_core.verb.build.BuildVerb object at 0x7f96597b1720>>)
[0.248s] Level 1:colcon.colcon_core.package_discovery:discover_packages(colcon_meta) check parameters
[0.248s] Level 1:colcon.colcon_core.package_discovery:discover_packages(recursive) check parameters
[0.248s] Level 1:colcon.colcon_core.package_discovery:discover_packages(ignore) check parameters
[0.248s] Level 1:colcon.colcon_core.package_discovery:discover_packages(path) check parameters
[0.248s] Level 1:colcon.colcon_core.package_discovery:discover_packages(colcon_meta) discover
[0.248s] Level 1:colcon.colcon_core.package_discovery:discover_packages(recursive) discover
[0.248s] INFO:colcon.colcon_core.package_discovery:Crawling recursively for packages in '/home/rescue-robot/buaa_rescue_robot'
[0.248s] Level 1:colcon.colcon_core.package_identification:_identify(.) by extensions ['ignore', 'ignore_ament_install']
[0.249s] Level 1:colcon.colcon_core.package_identification:_identify(.) by extension 'ignore'
[0.249s] Level 1:colcon.colcon_core.package_identification:_identify(.) by extension 'ignore_ament_install'
[0.249s] Level 1:colcon.colcon_core.package_identification:_identify(.) by extensions ['colcon_pkg']
[0.249s] Level 1:colcon.colcon_core.package_identification:_identify(.) by extension 'colcon_pkg'
[0.249s] Level 1:colcon.colcon_core.package_identification:_identify(.) by extensions ['colcon_meta']
[0.249s] Level 1:colcon.colcon_core.package_identification:_identify(.) by extension 'colcon_meta'
[0.249s] Level 1:colcon.colcon_core.package_identification:_identify(.) by extensions ['ros']
[0.249s] Level 1:colcon.colcon_core.package_identification:_identify(.) by extension 'ros'
[0.257s] Level 1:colcon.colcon_core.package_identification:_identify(.) by extensions ['cmake', 'python']
[0.257s] Level 1:colcon.colcon_core.package_identification:_identify(.) by extension 'cmake'
[0.257s] Level 1:colcon.colcon_core.package_identification:_identify(.) by extension 'python'
[0.257s] Level 1:colcon.colcon_core.package_identification:_identify(.) by extensions ['python_setup_py']
[0.257s] Level 1:colcon.colcon_core.package_identification:_identify(.) by extension 'python_setup_py'
[0.257s] Level 1:colcon.colcon_core.package_identification:_identify(build) by extensions ['ignore', 'ignore_ament_install']
[0.257s] Level 1:colcon.colcon_core.package_identification:_identify(build) by extension 'ignore'
[0.257s] Level 1:colcon.colcon_core.package_identification:_identify(build) ignored
[0.257s] Level 1:colcon.colcon_core.package_identification:_identify(documents) by extensions ['ignore', 'ignore_ament_install']
[0.257s] Level 1:colcon.colcon_core.package_identification:_identify(documents) by extension 'ignore'
[0.257s] Level 1:colcon.colcon_core.package_identification:_identify(documents) by extension 'ignore_ament_install'
[0.257s] Level 1:colcon.colcon_core.package_identification:_identify(documents) by extensions ['colcon_pkg']
[0.257s] Level 1:colcon.colcon_core.package_identification:_identify(documents) by extension 'colcon_pkg'
[0.258s] Level 1:colcon.colcon_core.package_identification:_identify(documents) by extensions ['colcon_meta']
[0.258s] Level 1:colcon.colcon_core.package_identification:_identify(documents) by extension 'colcon_meta'
[0.258s] Level 1:colcon.colcon_core.package_identification:_identify(documents) by extensions ['ros']
[0.258s] Level 1:colcon.colcon_core.package_identification:_identify(documents) by extension 'ros'
[0.258s] Level 1:colcon.colcon_core.package_identification:_identify(documents) by extensions ['cmake', 'python']
[0.258s] Level 1:colcon.colcon_core.package_identification:_identify(documents) by extension 'cmake'
[0.258s] Level 1:colcon.colcon_core.package_identification:_identify(documents) by extension 'python'
[0.258s] Level 1:colcon.colcon_core.package_identification:_identify(documents) by extensions ['python_setup_py']
[0.258s] Level 1:colcon.colcon_core.package_identification:_identify(documents) by extension 'python_setup_py'
[0.258s] Level 1:colcon.colcon_core.package_identification:_identify(install) by extensions ['ignore', 'ignore_ament_install']
[0.258s] Level 1:colcon.colcon_core.package_identification:_identify(install) by extension 'ignore'
[0.258s] Level 1:colcon.colcon_core.package_identification:_identify(install) ignored
[0.258s] Level 1:colcon.colcon_core.package_identification:_identify(log) by extensions ['ignore', 'ignore_ament_install']
[0.258s] Level 1:colcon.colcon_core.package_identification:_identify(log) by extension 'ignore'
[0.258s] Level 1:colcon.colcon_core.package_identification:_identify(log) ignored
[0.258s] Level 1:colcon.colcon_core.package_identification:_identify(src) by extensions ['ignore', 'ignore_ament_install']
[0.258s] Level 1:colcon.colcon_core.package_identification:_identify(src) by extension 'ignore'
[0.258s] Level 1:colcon.colcon_core.package_identification:_identify(src) by extension 'ignore_ament_install'
[0.258s] Level 1:colcon.colcon_core.package_identification:_identify(src) by extensions ['colcon_pkg']
[0.258s] Level 1:colcon.colcon_core.package_identification:_identify(src) by extension 'colcon_pkg'
[0.258s] Level 1:colcon.colcon_core.package_identification:_identify(src) by extensions ['colcon_meta']
[0.258s] Level 1:colcon.colcon_core.package_identification:_identify(src) by extension 'colcon_meta'
[0.258s] Level 1:colcon.colcon_core.package_identification:_identify(src) by extensions ['ros']
[0.258s] Level 1:colcon.colcon_core.package_identification:_identify(src) by extension 'ros'
[0.258s] Level 1:colcon.colcon_core.package_identification:_identify(src) by extensions ['cmake', 'python']
[0.258s] Level 1:colcon.colcon_core.package_identification:_identify(src) by extension 'cmake'
[0.258s] Level 1:colcon.colcon_core.package_identification:_identify(src) by extension 'python'
[0.258s] Level 1:colcon.colcon_core.package_identification:_identify(src) by extensions ['python_setup_py']
[0.258s] Level 1:colcon.colcon_core.package_identification:_identify(src) by extension 'python_setup_py'
[0.258s] Level 1:colcon.colcon_core.package_identification:_identify(src/buaa_rescue_robot_msgs) by extensions ['ignore', 'ignore_ament_install']
[0.259s] Level 1:colcon.colcon_core.package_identification:_identify(src/buaa_rescue_robot_msgs) by extension 'ignore'
[0.259s] Level 1:colcon.colcon_core.package_identification:_identify(src/buaa_rescue_robot_msgs) by extension 'ignore_ament_install'
[0.259s] Level 1:colcon.colcon_core.package_identification:_identify(src/buaa_rescue_robot_msgs) by extensions ['colcon_pkg']
[0.259s] Level 1:colcon.colcon_core.package_identification:_identify(src/buaa_rescue_robot_msgs) by extension 'colcon_pkg'
[0.259s] Level 1:colcon.colcon_core.package_identification:_identify(src/buaa_rescue_robot_msgs) by extensions ['colcon_meta']
[0.259s] Level 1:colcon.colcon_core.package_identification:_identify(src/buaa_rescue_robot_msgs) by extension 'colcon_meta'
[0.259s] Level 1:colcon.colcon_core.package_identification:_identify(src/buaa_rescue_robot_msgs) by extensions ['ros']
[0.259s] Level 1:colcon.colcon_core.package_identification:_identify(src/buaa_rescue_robot_msgs) by extension 'ros'
[0.260s] DEBUG:colcon.colcon_core.package_identification:Package 'src/buaa_rescue_robot_msgs' with type 'ros.ament_cmake' and name 'buaa_rescue_robot_msgs'
[0.261s] Level 1:colcon.colcon_core.package_identification:_identify(src/cpp_pubsub) by extensions ['ignore', 'ignore_ament_install']
[0.261s] Level 1:colcon.colcon_core.package_identification:_identify(src/cpp_pubsub) by extension 'ignore'
[0.261s] Level 1:colcon.colcon_core.package_identification:_identify(src/cpp_pubsub) by extension 'ignore_ament_install'
[0.261s] Level 1:colcon.colcon_core.package_identification:_identify(src/cpp_pubsub) by extensions ['colcon_pkg']
[0.261s] Level 1:colcon.colcon_core.package_identification:_identify(src/cpp_pubsub) by extension 'colcon_pkg'
[0.261s] Level 1:colcon.colcon_core.package_identification:_identify(src/cpp_pubsub) by extensions ['colcon_meta']
[0.261s] Level 1:colcon.colcon_core.package_identification:_identify(src/cpp_pubsub) by extension 'colcon_meta'
[0.261s] Level 1:colcon.colcon_core.package_identification:_identify(src/cpp_pubsub) by extensions ['ros']
[0.261s] Level 1:colcon.colcon_core.package_identification:_identify(src/cpp_pubsub) by extension 'ros'
[0.261s] DEBUG:colcon.colcon_core.package_identification:Package 'src/cpp_pubsub' with type 'ros.ament_cmake' and name 'cpp_pubsub'
[0.261s] Level 1:colcon.colcon_core.package_identification:_identify(src/keyboard_controller) by extensions ['ignore', 'ignore_ament_install']
[0.261s] Level 1:colcon.colcon_core.package_identification:_identify(src/keyboard_controller) by extension 'ignore'
[0.262s] Level 1:colcon.colcon_core.package_identification:_identify(src/keyboard_controller) by extension 'ignore_ament_install'
[0.262s] Level 1:colcon.colcon_core.package_identification:_identify(src/keyboard_controller) by extensions ['colcon_pkg']
[0.262s] Level 1:colcon.colcon_core.package_identification:_identify(src/keyboard_controller) by extension 'colcon_pkg'
[0.262s] Level 1:colcon.colcon_core.package_identification:_identify(src/keyboard_controller) by extensions ['colcon_meta']
[0.262s] Level 1:colcon.colcon_core.package_identification:_identify(src/keyboard_controller) by extension 'colcon_meta'
[0.262s] Level 1:colcon.colcon_core.package_identification:_identify(src/keyboard_controller) by extensions ['ros']
[0.262s] Level 1:colcon.colcon_core.package_identification:_identify(src/keyboard_controller) by extension 'ros'
[0.262s] DEBUG:colcon.colcon_core.package_identification:Package 'src/keyboard_controller' with type 'ros.ament_cmake' and name 'keyboard_controller'
[0.262s] Level 1:colcon.colcon_core.package_identification:_identify(src/serial) by extensions ['ignore', 'ignore_ament_install']
[0.262s] Level 1:colcon.colcon_core.package_identification:_identify(src/serial) by extension 'ignore'
[0.262s] Level 1:colcon.colcon_core.package_identification:_identify(src/serial) by extension 'ignore_ament_install'
[0.262s] Level 1:colcon.colcon_core.package_identification:_identify(src/serial) by extensions ['colcon_pkg']
[0.262s] Level 1:colcon.colcon_core.package_identification:_identify(src/serial) by extension 'colcon_pkg'
[0.262s] Level 1:colcon.colcon_core.package_identification:_identify(src/serial) by extensions ['colcon_meta']
[0.262s] Level 1:colcon.colcon_core.package_identification:_identify(src/serial) by extension 'colcon_meta'
[0.262s] Level 1:colcon.colcon_core.package_identification:_identify(src/serial) by extensions ['ros']
[0.262s] Level 1:colcon.colcon_core.package_identification:_identify(src/serial) by extension 'ros'
[0.263s] DEBUG:colcon.colcon_core.package_identification:Package 'src/serial' with type 'ros.ament_cmake' and name 'serial'
[0.263s] Level 1:colcon.colcon_core.package_discovery:discover_packages(recursive) using defaults
[0.263s] Level 1:colcon.colcon_core.package_discovery:discover_packages(ignore) discover
[0.263s] Level 1:colcon.colcon_core.package_discovery:discover_packages(ignore) using defaults
[0.263s] Level 1:colcon.colcon_core.package_discovery:discover_packages(path) discover
[0.263s] Level 1:colcon.colcon_core.package_discovery:discover_packages(path) using defaults
[0.280s] Level 1:colcon.colcon_core.package_discovery:discover_packages(prefix_path) check parameters
[0.280s] Level 1:colcon.colcon_core.package_discovery:discover_packages(prefix_path) discover
[0.282s] DEBUG:colcon.colcon_installed_package_information.package_discovery:Found 4 installed packages in /home/rescue-robot/buaa_rescue_robot/install
[0.284s] DEBUG:colcon.colcon_installed_package_information.package_discovery:Found 263 installed packages in /opt/ros/humble
[0.285s] Level 1:colcon.colcon_core.package_discovery:discover_packages(prefix_path) using defaults
[0.327s] Level 5:colcon.colcon_core.verb:set package 'buaa_rescue_robot_msgs' build argument 'cmake_args' from command line to 'None'
[0.327s] Level 5:colcon.colcon_core.verb:set package 'buaa_rescue_robot_msgs' build argument 'cmake_target' from command line to 'None'
[0.327s] Level 5:colcon.colcon_core.verb:set package 'buaa_rescue_robot_msgs' build argument 'cmake_target_skip_unavailable' from command line to 'False'
[0.327s] Level 5:colcon.colcon_core.verb:set package 'buaa_rescue_robot_msgs' build argument 'cmake_clean_cache' from command line to 'False'
[0.327s] Level 5:colcon.colcon_core.verb:set package 'buaa_rescue_robot_msgs' build argument 'cmake_clean_first' from command line to 'False'
[0.327s] Level 5:colcon.colcon_core.verb:set package 'buaa_rescue_robot_msgs' build argument 'cmake_force_configure' from command line to 'False'
[0.327s] Level 5:colcon.colcon_core.verb:set package 'buaa_rescue_robot_msgs' build argument 'ament_cmake_args' from command line to 'None'
[0.327s] Level 5:colcon.colcon_core.verb:set package 'buaa_rescue_robot_msgs' build argument 'catkin_cmake_args' from command line to 'None'
[0.327s] Level 5:colcon.colcon_core.verb:set package 'buaa_rescue_robot_msgs' build argument 'catkin_skip_building_tests' from command line to 'False'
[0.327s] DEBUG:colcon.colcon_core.verb:Building package 'buaa_rescue_robot_msgs' with the following arguments: {'ament_cmake_args': None, 'build_base': '/home/rescue-robot/buaa_rescue_robot/build/buaa_rescue_robot_msgs', 'catkin_cmake_args': None, 'catkin_skip_building_tests': False, 'cmake_args': None, 'cmake_clean_cache': False, 'cmake_clean_first': False, 'cmake_force_configure': False, 'cmake_target': None, 'cmake_target_skip_unavailable': False, 'install_base': '/home/rescue-robot/buaa_rescue_robot/install/buaa_rescue_robot_msgs', 'merge_install': False, 'path': '/home/rescue-robot/buaa_rescue_robot/src/buaa_rescue_robot_msgs', 'symlink_install': False, 'test_result_base': None}
[0.328s] Level 5:colcon.colcon_core.verb:set package 'cpp_pubsub' build argument 'cmake_args' from command line to 'None'
[0.328s] Level 5:colcon.colcon_core.verb:set package 'cpp_pubsub' build argument 'cmake_target' from command line to 'None'
[0.328s] Level 5:colcon.colcon_core.verb:set package 'cpp_pubsub' build argument 'cmake_target_skip_unavailable' from command line to 'False'
[0.328s] Level 5:colcon.colcon_core.verb:set package 'cpp_pubsub' build argument 'cmake_clean_cache' from command line to 'False'
[0.328s] Level 5:colcon.colcon_core.verb:set package 'cpp_pubsub' build argument 'cmake_clean_first' from command line to 'False'
[0.328s] Level 5:colcon.colcon_core.verb:set package 'cpp_pubsub' build argument 'cmake_force_configure' from command line to 'False'
[0.328s] Level 5:colcon.colcon_core.verb:set package 'cpp_pubsub' build argument 'ament_cmake_args' from command line to 'None'
[0.328s] Level 5:colcon.colcon_core.verb:set package 'cpp_pubsub' build argument 'catkin_cmake_args' from command line to 'None'
[0.328s] Level 5:colcon.colcon_core.verb:set package 'cpp_pubsub' build argument 'catkin_skip_building_tests' from command line to 'False'
[0.328s] DEBUG:colcon.colcon_core.verb:Building package 'cpp_pubsub' with the following arguments: {'ament_cmake_args': None, 'build_base': '/home/rescue-robot/buaa_rescue_robot/build/cpp_pubsub', 'catkin_cmake_args': None, 'catkin_skip_building_tests': False, 'cmake_args': None, 'cmake_clean_cache': False, 'cmake_clean_first': False, 'cmake_force_configure': False, 'cmake_target': None, 'cmake_target_skip_unavailable': False, 'install_base': '/home/rescue-robot/buaa_rescue_robot/install/cpp_pubsub', 'merge_install': False, 'path': '/home/rescue-robot/buaa_rescue_robot/src/cpp_pubsub', 'symlink_install': False, 'test_result_base': None}
[0.329s] Level 5:colcon.colcon_core.verb:set package 'keyboard_controller' build argument 'cmake_args' from command line to 'None'
[0.329s] Level 5:colcon.colcon_core.verb:set package 'keyboard_controller' build argument 'cmake_target' from command line to 'None'
[0.329s] Level 5:colcon.colcon_core.verb:set package 'keyboard_controller' build argument 'cmake_target_skip_unavailable' from command line to 'False'
[0.329s] Level 5:colcon.colcon_core.verb:set package 'keyboard_controller' build argument 'cmake_clean_cache' from command line to 'False'
[0.329s] Level 5:colcon.colcon_core.verb:set package 'keyboard_controller' build argument 'cmake_clean_first' from command line to 'False'
[0.329s] Level 5:colcon.colcon_core.verb:set package 'keyboard_controller' build argument 'cmake_force_configure' from command line to 'False'
[0.329s] Level 5:colcon.colcon_core.verb:set package 'keyboard_controller' build argument 'ament_cmake_args' from command line to 'None'
[0.329s] Level 5:colcon.colcon_core.verb:set package 'keyboard_controller' build argument 'catkin_cmake_args' from command line to 'None'
[0.329s] Level 5:colcon.colcon_core.verb:set package 'keyboard_controller' build argument 'catkin_skip_building_tests' from command line to 'False'
[0.329s] DEBUG:colcon.colcon_core.verb:Building package 'keyboard_controller' with the following arguments: {'ament_cmake_args': None, 'build_base': '/home/rescue-robot/buaa_rescue_robot/build/keyboard_controller', 'catkin_cmake_args': None, 'catkin_skip_building_tests': False, 'cmake_args': None, 'cmake_clean_cache': False, 'cmake_clean_first': False, 'cmake_force_configure': False, 'cmake_target': None, 'cmake_target_skip_unavailable': False, 'install_base': '/home/rescue-robot/buaa_rescue_robot/install/keyboard_controller', 'merge_install': False, 'path': '/home/rescue-robot/buaa_rescue_robot/src/keyboard_controller', 'symlink_install': False, 'test_result_base': None}
[0.330s] Level 5:colcon.colcon_core.verb:set package 'serial' build argument 'cmake_args' from command line to 'None'
[0.330s] Level 5:colcon.colcon_core.verb:set package 'serial' build argument 'cmake_target' from command line to 'None'
[0.330s] Level 5:colcon.colcon_core.verb:set package 'serial' build argument 'cmake_target_skip_unavailable' from command line to 'False'
[0.330s] Level 5:colcon.colcon_core.verb:set package 'serial' build argument 'cmake_clean_cache' from command line to 'False'
[0.330s] Level 5:colcon.colcon_core.verb:set package 'serial' build argument 'cmake_clean_first' from command line to 'False'
[0.330s] Level 5:colcon.colcon_core.verb:set package 'serial' build argument 'cmake_force_configure' from command line to 'False'
[0.330s] Level 5:colcon.colcon_core.verb:set package 'serial' build argument 'ament_cmake_args' from command line to 'None'
[0.330s] Level 5:colcon.colcon_core.verb:set package 'serial' build argument 'catkin_cmake_args' from command line to 'None'
[0.330s] Level 5:colcon.colcon_core.verb:set package 'serial' build argument 'catkin_skip_building_tests' from command line to 'False'
[0.330s] DEBUG:colcon.colcon_core.verb:Building package 'serial' with the following arguments: {'ament_cmake_args': None, 'build_base': '/home/rescue-robot/buaa_rescue_robot/build/serial', 'catkin_cmake_args': None, 'catkin_skip_building_tests': False, 'cmake_args': None, 'cmake_clean_cache': False, 'cmake_clean_first': False, 'cmake_force_configure': False, 'cmake_target': None, 'cmake_target_skip_unavailable': False, 'install_base': '/home/rescue-robot/buaa_rescue_robot/install/serial', 'merge_install': False, 'path': '/home/rescue-robot/buaa_rescue_robot/src/serial', 'symlink_install': False, 'test_result_base': None}
[0.330s] INFO:colcon.colcon_core.executor:Executing jobs using 'parallel' executor
[0.333s] DEBUG:colcon.colcon_parallel_executor.executor.parallel:run_until_complete
[0.333s] INFO:colcon.colcon_ros.task.ament_cmake.build:Building ROS package in '/home/rescue-robot/buaa_rescue_robot/src/buaa_rescue_robot_msgs' with build type 'ament_cmake'
[0.333s] INFO:colcon.colcon_cmake.task.cmake.build:Building CMake package in '/home/rescue-robot/buaa_rescue_robot/src/buaa_rescue_robot_msgs'
[0.336s] INFO:colcon.colcon_core.plugin_system:Skipping extension 'colcon_core.shell.bat': Not used on non-Windows systems
[0.336s] INFO:colcon.colcon_core.shell:Skip shell extension 'powershell' for command environment: Not usable outside of PowerShell
[0.336s] DEBUG:colcon.colcon_core.shell:Skip shell extension 'dsv' for command environment
[0.340s] INFO:colcon.colcon_ros.task.ament_cmake.build:Building ROS package in '/home/rescue-robot/buaa_rescue_robot/src/cpp_pubsub' with build type 'ament_cmake'
[0.340s] INFO:colcon.colcon_cmake.task.cmake.build:Building CMake package in '/home/rescue-robot/buaa_rescue_robot/src/cpp_pubsub'
[0.341s] INFO:colcon.colcon_core.shell:Skip shell extension 'powershell' for command environment: Not usable outside of PowerShell
[0.341s] DEBUG:colcon.colcon_core.shell:Skip shell extension 'dsv' for command environment
[0.348s] DEBUG:colcon.colcon_core.event_handler.log_command:Invoking command in '/home/rescue-robot/buaa_rescue_robot/build/buaa_rescue_robot_msgs': CMAKE_PREFIX_PATH=${CMAKE_PREFIX_PATH}:/opt/ros/humble /usr/bin/cmake --build /home/rescue-robot/buaa_rescue_robot/build/buaa_rescue_robot_msgs -- -j8 -l8
[0.352s] DEBUG:colcon.colcon_core.event_handler.log_command:Invoking command in '/home/rescue-robot/buaa_rescue_robot/build/cpp_pubsub': CMAKE_PREFIX_PATH=${CMAKE_PREFIX_PATH}:/opt/ros/humble /usr/bin/cmake --build /home/rescue-robot/buaa_rescue_robot/build/cpp_pubsub -- -j8 -l8
[0.437s] DEBUG:colcon.colcon_core.event_handler.log_command:Invoked command in '/home/rescue-robot/buaa_rescue_robot/build/cpp_pubsub' returned '0': CMAKE_PREFIX_PATH=${CMAKE_PREFIX_PATH}:/opt/ros/humble /usr/bin/cmake --build /home/rescue-robot/buaa_rescue_robot/build/cpp_pubsub -- -j8 -l8
[0.470s] DEBUG:colcon.colcon_core.event_handler.log_command:Invoking command in '/home/rescue-robot/buaa_rescue_robot/build/cpp_pubsub': CMAKE_PREFIX_PATH=${CMAKE_PREFIX_PATH}:/opt/ros/humble /usr/bin/cmake --install /home/rescue-robot/buaa_rescue_robot/build/cpp_pubsub
[0.478s] Level 1:colcon.colcon_core.environment:create_environment_scripts_only(cpp_pubsub)
[0.479s] DEBUG:colcon.colcon_core.event_handler.log_command:Invoked command in '/home/rescue-robot/buaa_rescue_robot/build/cpp_pubsub' returned '0': CMAKE_PREFIX_PATH=${CMAKE_PREFIX_PATH}:/opt/ros/humble /usr/bin/cmake --install /home/rescue-robot/buaa_rescue_robot/build/cpp_pubsub
[0.484s] Level 1:colcon.colcon_core.environment:checking '/home/rescue-robot/buaa_rescue_robot/install/cpp_pubsub' for CMake module files
[0.485s] Level 1:colcon.colcon_core.environment:checking '/home/rescue-robot/buaa_rescue_robot/install/cpp_pubsub' for CMake config files
[0.485s] Level 1:colcon.colcon_core.shell:create_environment_hook('cpp_pubsub', 'cmake_prefix_path')
[0.487s] INFO:colcon.colcon_core.shell:Creating environment hook '/home/rescue-robot/buaa_rescue_robot/install/cpp_pubsub/share/cpp_pubsub/hook/cmake_prefix_path.ps1'
[0.487s] INFO:colcon.colcon_core.shell:Creating environment descriptor '/home/rescue-robot/buaa_rescue_robot/install/cpp_pubsub/share/cpp_pubsub/hook/cmake_prefix_path.dsv'
[0.488s] INFO:colcon.colcon_core.shell:Creating environment hook '/home/rescue-robot/buaa_rescue_robot/install/cpp_pubsub/share/cpp_pubsub/hook/cmake_prefix_path.sh'
[0.489s] Level 1:colcon.colcon_core.environment:checking '/home/rescue-robot/buaa_rescue_robot/install/cpp_pubsub/lib'
[0.489s] Level 1:colcon.colcon_core.environment:checking '/home/rescue-robot/buaa_rescue_robot/install/cpp_pubsub/bin'
[0.489s] Level 1:colcon.colcon_core.environment:checking '/home/rescue-robot/buaa_rescue_robot/install/cpp_pubsub/lib/pkgconfig/cpp_pubsub.pc'
[0.489s] Level 1:colcon.colcon_core.environment:checking '/home/rescue-robot/buaa_rescue_robot/install/cpp_pubsub/lib/python3.10/site-packages'
[0.490s] Level 1:colcon.colcon_core.environment:checking '/home/rescue-robot/buaa_rescue_robot/install/cpp_pubsub/bin'
[0.491s] INFO:colcon.colcon_core.shell:Creating package script '/home/rescue-robot/buaa_rescue_robot/install/cpp_pubsub/share/cpp_pubsub/package.ps1'
[0.492s] INFO:colcon.colcon_core.shell:Creating package descriptor '/home/rescue-robot/buaa_rescue_robot/install/cpp_pubsub/share/cpp_pubsub/package.dsv'
[0.493s] INFO:colcon.colcon_core.shell:Creating package script '/home/rescue-robot/buaa_rescue_robot/install/cpp_pubsub/share/cpp_pubsub/package.sh'
[0.494s] INFO:colcon.colcon_core.shell:Creating package script '/home/rescue-robot/buaa_rescue_robot/install/cpp_pubsub/share/cpp_pubsub/package.bash'
[0.494s] INFO:colcon.colcon_core.shell:Creating package script '/home/rescue-robot/buaa_rescue_robot/install/cpp_pubsub/share/cpp_pubsub/package.zsh'
[0.495s] Level 1:colcon.colcon_core.environment:create_file_with_runtime_dependencies(/home/rescue-robot/buaa_rescue_robot/install/cpp_pubsub/share/colcon-core/packages/cpp_pubsub)
[0.518s] Level 1:colcon.colcon_core.environment:create_environment_scripts_only(cpp_pubsub)
[0.519s] Level 1:colcon.colcon_core.environment:checking '/home/rescue-robot/buaa_rescue_robot/install/cpp_pubsub' for CMake module files
[0.519s] Level 1:colcon.colcon_core.environment:checking '/home/rescue-robot/buaa_rescue_robot/install/cpp_pubsub' for CMake config files
[0.520s] Level 1:colcon.colcon_core.shell:create_environment_hook('cpp_pubsub', 'cmake_prefix_path')
[0.520s] INFO:colcon.colcon_core.shell:Creating environment hook '/home/rescue-robot/buaa_rescue_robot/install/cpp_pubsub/share/cpp_pubsub/hook/cmake_prefix_path.ps1'
[0.521s] INFO:colcon.colcon_core.shell:Creating environment descriptor '/home/rescue-robot/buaa_rescue_robot/install/cpp_pubsub/share/cpp_pubsub/hook/cmake_prefix_path.dsv'
[0.521s] INFO:colcon.colcon_core.shell:Creating environment hook '/home/rescue-robot/buaa_rescue_robot/install/cpp_pubsub/share/cpp_pubsub/hook/cmake_prefix_path.sh'
[0.522s] Level 1:colcon.colcon_core.environment:checking '/home/rescue-robot/buaa_rescue_robot/install/cpp_pubsub/lib'
[0.522s] Level 1:colcon.colcon_core.environment:checking '/home/rescue-robot/buaa_rescue_robot/install/cpp_pubsub/bin'
[0.522s] Level 1:colcon.colcon_core.environment:checking '/home/rescue-robot/buaa_rescue_robot/install/cpp_pubsub/lib/pkgconfig/cpp_pubsub.pc'
[0.522s] Level 1:colcon.colcon_core.environment:checking '/home/rescue-robot/buaa_rescue_robot/install/cpp_pubsub/lib/python3.10/site-packages'
[0.522s] Level 1:colcon.colcon_core.environment:checking '/home/rescue-robot/buaa_rescue_robot/install/cpp_pubsub/bin'
[0.523s] INFO:colcon.colcon_core.shell:Creating package script '/home/rescue-robot/buaa_rescue_robot/install/cpp_pubsub/share/cpp_pubsub/package.ps1'
[0.524s] INFO:colcon.colcon_core.shell:Creating package descriptor '/home/rescue-robot/buaa_rescue_robot/install/cpp_pubsub/share/cpp_pubsub/package.dsv'
[0.524s] INFO:colcon.colcon_core.shell:Creating package script '/home/rescue-robot/buaa_rescue_robot/install/cpp_pubsub/share/cpp_pubsub/package.sh'
[0.524s] INFO:colcon.colcon_core.shell:Creating package script '/home/rescue-robot/buaa_rescue_robot/install/cpp_pubsub/share/cpp_pubsub/package.bash'
[0.525s] INFO:colcon.colcon_core.shell:Creating package script '/home/rescue-robot/buaa_rescue_robot/install/cpp_pubsub/share/cpp_pubsub/package.zsh'
[0.525s] Level 1:colcon.colcon_core.environment:create_file_with_runtime_dependencies(/home/rescue-robot/buaa_rescue_robot/install/cpp_pubsub/share/colcon-core/packages/cpp_pubsub)
[0.687s] DEBUG:colcon.colcon_core.event_handler.log_command:Invoked command in '/home/rescue-robot/buaa_rescue_robot/build/buaa_rescue_robot_msgs' returned '0': CMAKE_PREFIX_PATH=${CMAKE_PREFIX_PATH}:/opt/ros/humble /usr/bin/cmake --build /home/rescue-robot/buaa_rescue_robot/build/buaa_rescue_robot_msgs -- -j8 -l8
[0.727s] DEBUG:colcon.colcon_core.event_handler.log_command:Invoking command in '/home/rescue-robot/buaa_rescue_robot/build/buaa_rescue_robot_msgs': CMAKE_PREFIX_PATH=${CMAKE_PREFIX_PATH}:/opt/ros/humble /usr/bin/cmake --install /home/rescue-robot/buaa_rescue_robot/build/buaa_rescue_robot_msgs
[0.769s] Level 1:colcon.colcon_core.environment:create_environment_scripts_only(buaa_rescue_robot_msgs)
[0.771s] Level 1:colcon.colcon_core.environment:checking '/home/rescue-robot/buaa_rescue_robot/install/buaa_rescue_robot_msgs' for CMake module files
[0.773s] DEBUG:colcon.colcon_core.event_handler.log_command:Invoked command in '/home/rescue-robot/buaa_rescue_robot/build/buaa_rescue_robot_msgs' returned '0': CMAKE_PREFIX_PATH=${CMAKE_PREFIX_PATH}:/opt/ros/humble /usr/bin/cmake --install /home/rescue-robot/buaa_rescue_robot/build/buaa_rescue_robot_msgs
[0.773s] Level 1:colcon.colcon_core.environment:checking '/home/rescue-robot/buaa_rescue_robot/install/buaa_rescue_robot_msgs' for CMake config files
[0.774s] Level 1:colcon.colcon_core.shell:create_environment_hook('buaa_rescue_robot_msgs', 'cmake_prefix_path')
[0.775s] INFO:colcon.colcon_core.shell:Creating environment hook '/home/rescue-robot/buaa_rescue_robot/install/buaa_rescue_robot_msgs/share/buaa_rescue_robot_msgs/hook/cmake_prefix_path.ps1'
[0.776s] INFO:colcon.colcon_core.shell:Creating environment descriptor '/home/rescue-robot/buaa_rescue_robot/install/buaa_rescue_robot_msgs/share/buaa_rescue_robot_msgs/hook/cmake_prefix_path.dsv'
[0.776s] INFO:colcon.colcon_core.shell:Creating environment hook '/home/rescue-robot/buaa_rescue_robot/install/buaa_rescue_robot_msgs/share/buaa_rescue_robot_msgs/hook/cmake_prefix_path.sh'
[0.777s] Level 1:colcon.colcon_core.environment:checking '/home/rescue-robot/buaa_rescue_robot/install/buaa_rescue_robot_msgs/lib'
[0.777s] Level 1:colcon.colcon_core.shell:create_environment_hook('buaa_rescue_robot_msgs', 'ld_library_path_lib')
[0.778s] INFO:colcon.colcon_core.shell:Creating environment hook '/home/rescue-robot/buaa_rescue_robot/install/buaa_rescue_robot_msgs/share/buaa_rescue_robot_msgs/hook/ld_library_path_lib.ps1'
[0.779s] INFO:colcon.colcon_core.shell:Creating environment descriptor '/home/rescue-robot/buaa_rescue_robot/install/buaa_rescue_robot_msgs/share/buaa_rescue_robot_msgs/hook/ld_library_path_lib.dsv'
[0.779s] INFO:colcon.colcon_core.shell:Creating environment hook '/home/rescue-robot/buaa_rescue_robot/install/buaa_rescue_robot_msgs/share/buaa_rescue_robot_msgs/hook/ld_library_path_lib.sh'
[0.780s] Level 1:colcon.colcon_core.environment:checking '/home/rescue-robot/buaa_rescue_robot/install/buaa_rescue_robot_msgs/bin'
[0.780s] Level 1:colcon.colcon_core.environment:checking '/home/rescue-robot/buaa_rescue_robot/install/buaa_rescue_robot_msgs/lib/pkgconfig/buaa_rescue_robot_msgs.pc'
[0.780s] Level 1:colcon.colcon_core.environment:checking '/home/rescue-robot/buaa_rescue_robot/install/buaa_rescue_robot_msgs/lib/python3.10/site-packages'
[0.780s] Level 1:colcon.colcon_core.environment:checking '/home/rescue-robot/buaa_rescue_robot/install/buaa_rescue_robot_msgs/bin'
[0.782s] INFO:colcon.colcon_core.shell:Creating package script '/home/rescue-robot/buaa_rescue_robot/install/buaa_rescue_robot_msgs/share/buaa_rescue_robot_msgs/package.ps1'
[0.782s] INFO:colcon.colcon_core.shell:Creating package descriptor '/home/rescue-robot/buaa_rescue_robot/install/buaa_rescue_robot_msgs/share/buaa_rescue_robot_msgs/package.dsv'
[0.783s] INFO:colcon.colcon_core.shell:Creating package script '/home/rescue-robot/buaa_rescue_robot/install/buaa_rescue_robot_msgs/share/buaa_rescue_robot_msgs/package.sh'
[0.783s] INFO:colcon.colcon_core.shell:Creating package script '/home/rescue-robot/buaa_rescue_robot/install/buaa_rescue_robot_msgs/share/buaa_rescue_robot_msgs/package.bash'
[0.784s] INFO:colcon.colcon_core.shell:Creating package script '/home/rescue-robot/buaa_rescue_robot/install/buaa_rescue_robot_msgs/share/buaa_rescue_robot_msgs/package.zsh'
[0.784s] Level 1:colcon.colcon_core.environment:create_file_with_runtime_dependencies(/home/rescue-robot/buaa_rescue_robot/install/buaa_rescue_robot_msgs/share/colcon-core/packages/buaa_rescue_robot_msgs)
[0.826s] Level 1:colcon.colcon_core.environment:create_environment_scripts_only(buaa_rescue_robot_msgs)
[0.828s] Level 1:colcon.colcon_core.environment:checking '/home/rescue-robot/buaa_rescue_robot/install/buaa_rescue_robot_msgs' for CMake module files
[0.829s] Level 1:colcon.colcon_core.environment:checking '/home/rescue-robot/buaa_rescue_robot/install/buaa_rescue_robot_msgs' for CMake config files
[0.830s] Level 1:colcon.colcon_core.shell:create_environment_hook('buaa_rescue_robot_msgs', 'cmake_prefix_path')
[0.831s] INFO:colcon.colcon_core.shell:Creating environment hook '/home/rescue-robot/buaa_rescue_robot/install/buaa_rescue_robot_msgs/share/buaa_rescue_robot_msgs/hook/cmake_prefix_path.ps1'
[0.832s] INFO:colcon.colcon_core.shell:Creating environment descriptor '/home/rescue-robot/buaa_rescue_robot/install/buaa_rescue_robot_msgs/share/buaa_rescue_robot_msgs/hook/cmake_prefix_path.dsv'
[0.832s] INFO:colcon.colcon_core.shell:Creating environment hook '/home/rescue-robot/buaa_rescue_robot/install/buaa_rescue_robot_msgs/share/buaa_rescue_robot_msgs/hook/cmake_prefix_path.sh'
[0.833s] Level 1:colcon.colcon_core.environment:checking '/home/rescue-robot/buaa_rescue_robot/install/buaa_rescue_robot_msgs/lib'
[0.833s] Level 1:colcon.colcon_core.shell:create_environment_hook('buaa_rescue_robot_msgs', 'ld_library_path_lib')
[0.834s] INFO:colcon.colcon_core.shell:Creating environment hook '/home/rescue-robot/buaa_rescue_robot/install/buaa_rescue_robot_msgs/share/buaa_rescue_robot_msgs/hook/ld_library_path_lib.ps1'
[0.834s] INFO:colcon.colcon_core.shell:Creating environment descriptor '/home/rescue-robot/buaa_rescue_robot/install/buaa_rescue_robot_msgs/share/buaa_rescue_robot_msgs/hook/ld_library_path_lib.dsv'
[0.834s] INFO:colcon.colcon_core.shell:Creating environment hook '/home/rescue-robot/buaa_rescue_robot/install/buaa_rescue_robot_msgs/share/buaa_rescue_robot_msgs/hook/ld_library_path_lib.sh'
[0.834s] Level 1:colcon.colcon_core.environment:checking '/home/rescue-robot/buaa_rescue_robot/install/buaa_rescue_robot_msgs/bin'
[0.835s] Level 1:colcon.colcon_core.environment:checking '/home/rescue-robot/buaa_rescue_robot/install/buaa_rescue_robot_msgs/lib/pkgconfig/buaa_rescue_robot_msgs.pc'
[0.835s] Level 1:colcon.colcon_core.environment:checking '/home/rescue-robot/buaa_rescue_robot/install/buaa_rescue_robot_msgs/lib/python3.10/site-packages'
[0.835s] Level 1:colcon.colcon_core.environment:checking '/home/rescue-robot/buaa_rescue_robot/install/buaa_rescue_robot_msgs/bin'
[0.836s] INFO:colcon.colcon_core.shell:Creating package script '/home/rescue-robot/buaa_rescue_robot/install/buaa_rescue_robot_msgs/share/buaa_rescue_robot_msgs/package.ps1'
[0.836s] INFO:colcon.colcon_core.shell:Creating package descriptor '/home/rescue-robot/buaa_rescue_robot/install/buaa_rescue_robot_msgs/share/buaa_rescue_robot_msgs/package.dsv'
[0.837s] INFO:colcon.colcon_core.shell:Creating package script '/home/rescue-robot/buaa_rescue_robot/install/buaa_rescue_robot_msgs/share/buaa_rescue_robot_msgs/package.sh'
[0.837s] INFO:colcon.colcon_core.shell:Creating package script '/home/rescue-robot/buaa_rescue_robot/install/buaa_rescue_robot_msgs/share/buaa_rescue_robot_msgs/package.bash'
[0.837s] INFO:colcon.colcon_core.shell:Creating package script '/home/rescue-robot/buaa_rescue_robot/install/buaa_rescue_robot_msgs/share/buaa_rescue_robot_msgs/package.zsh'
[0.837s] Level 1:colcon.colcon_core.environment:create_file_with_runtime_dependencies(/home/rescue-robot/buaa_rescue_robot/install/buaa_rescue_robot_msgs/share/colcon-core/packages/buaa_rescue_robot_msgs)
[0.838s] INFO:colcon.colcon_ros.task.ament_cmake.build:Building ROS package in '/home/rescue-robot/buaa_rescue_robot/src/keyboard_controller' with build type 'ament_cmake'
[0.838s] INFO:colcon.colcon_cmake.task.cmake.build:Building CMake package in '/home/rescue-robot/buaa_rescue_robot/src/keyboard_controller'
[0.839s] INFO:colcon.colcon_core.shell:Skip shell extension 'powershell' for command environment: Not usable outside of PowerShell
[0.839s] DEBUG:colcon.colcon_core.shell:Skip shell extension 'dsv' for command environment
[0.844s] INFO:colcon.colcon_ros.task.ament_cmake.build:Building ROS package in '/home/rescue-robot/buaa_rescue_robot/src/serial' with build type 'ament_cmake'
[0.844s] INFO:colcon.colcon_cmake.task.cmake.build:Building CMake package in '/home/rescue-robot/buaa_rescue_robot/src/serial'
[0.845s] INFO:colcon.colcon_core.shell:Skip shell extension 'powershell' for command environment: Not usable outside of PowerShell
[0.845s] DEBUG:colcon.colcon_core.shell:Skip shell extension 'dsv' for command environment
[0.854s] DEBUG:colcon.colcon_core.event_handler.log_command:Invoking command in '/home/rescue-robot/buaa_rescue_robot/build/keyboard_controller': CMAKE_PREFIX_PATH=/home/rescue-robot/buaa_rescue_robot/install/buaa_rescue_robot_msgs:/home/rescue-robot/buaa_rescue_robot/install/serial:/home/rescue-robot/buaa_rescue_robot/install/keyboard_controller:/home/rescue-robot/buaa_rescue_robot/install/cpp_pubsub:/home/rescue-robot/buaa_rescue_robot/install:/home/rescue-robot/buaa_rescue_robot/install:/opt/ros/humble /usr/bin/cmake --build /home/rescue-robot/buaa_rescue_robot/build/keyboard_controller -- -j8 -l8
[0.860s] DEBUG:colcon.colcon_core.event_handler.log_command:Invoking command in '/home/rescue-robot/buaa_rescue_robot/build/serial': CMAKE_PREFIX_PATH=/home/rescue-robot/buaa_rescue_robot/install/buaa_rescue_robot_msgs:/home/rescue-robot/buaa_rescue_robot/install/serial:/home/rescue-robot/buaa_rescue_robot/install/keyboard_controller:/home/rescue-robot/buaa_rescue_robot/install/cpp_pubsub:/home/rescue-robot/buaa_rescue_robot/install:/home/rescue-robot/buaa_rescue_robot/install:/opt/ros/humble /usr/bin/cmake --build /home/rescue-robot/buaa_rescue_robot/build/serial -- -j8 -l8
[0.943s] DEBUG:colcon.colcon_core.event_handler.log_command:Invoked command in '/home/rescue-robot/buaa_rescue_robot/build/keyboard_controller' returned '0': CMAKE_PREFIX_PATH=/home/rescue-robot/buaa_rescue_robot/install/buaa_rescue_robot_msgs:/home/rescue-robot/buaa_rescue_robot/install/serial:/home/rescue-robot/buaa_rescue_robot/install/keyboard_controller:/home/rescue-robot/buaa_rescue_robot/install/cpp_pubsub:/home/rescue-robot/buaa_rescue_robot/install:/home/rescue-robot/buaa_rescue_robot/install:/opt/ros/humble /usr/bin/cmake --build /home/rescue-robot/buaa_rescue_robot/build/keyboard_controller -- -j8 -l8
[0.987s] DEBUG:colcon.colcon_core.event_handler.log_command:Invoking command in '/home/rescue-robot/buaa_rescue_robot/build/keyboard_controller': CMAKE_PREFIX_PATH=/home/rescue-robot/buaa_rescue_robot/install/buaa_rescue_robot_msgs:/home/rescue-robot/buaa_rescue_robot/install/serial:/home/rescue-robot/buaa_rescue_robot/install/keyboard_controller:/home/rescue-robot/buaa_rescue_robot/install/cpp_pubsub:/home/rescue-robot/buaa_rescue_robot/install:/home/rescue-robot/buaa_rescue_robot/install:/opt/ros/humble /usr/bin/cmake --install /home/rescue-robot/buaa_rescue_robot/build/keyboard_controller
[0.995s] Level 1:colcon.colcon_core.environment:create_environment_scripts_only(keyboard_controller)
[0.998s] Level 1:colcon.colcon_core.environment:checking '/home/rescue-robot/buaa_rescue_robot/install/keyboard_controller' for CMake module files
[0.999s] Level 1:colcon.colcon_core.environment:checking '/home/rescue-robot/buaa_rescue_robot/install/keyboard_controller' for CMake config files
[0.999s] Level 1:colcon.colcon_core.shell:create_environment_hook('keyboard_controller', 'cmake_prefix_path')
[1.000s] INFO:colcon.colcon_core.shell:Creating environment hook '/home/rescue-robot/buaa_rescue_robot/install/keyboard_controller/share/keyboard_controller/hook/cmake_prefix_path.ps1'
[1.001s] DEBUG:colcon.colcon_core.event_handler.log_command:Invoked command in '/home/rescue-robot/buaa_rescue_robot/build/keyboard_controller' returned '0': CMAKE_PREFIX_PATH=/home/rescue-robot/buaa_rescue_robot/install/buaa_rescue_robot_msgs:/home/rescue-robot/buaa_rescue_robot/install/serial:/home/rescue-robot/buaa_rescue_robot/install/keyboard_controller:/home/rescue-robot/buaa_rescue_robot/install/cpp_pubsub:/home/rescue-robot/buaa_rescue_robot/install:/home/rescue-robot/buaa_rescue_robot/install:/opt/ros/humble /usr/bin/cmake --install /home/rescue-robot/buaa_rescue_robot/build/keyboard_controller
[1.001s] INFO:colcon.colcon_core.shell:Creating environment descriptor '/home/rescue-robot/buaa_rescue_robot/install/keyboard_controller/share/keyboard_controller/hook/cmake_prefix_path.dsv'
[1.002s] INFO:colcon.colcon_core.shell:Creating environment hook '/home/rescue-robot/buaa_rescue_robot/install/keyboard_controller/share/keyboard_controller/hook/cmake_prefix_path.sh'
[1.002s] Level 1:colcon.colcon_core.environment:checking '/home/rescue-robot/buaa_rescue_robot/install/keyboard_controller/lib'
[1.002s] Level 1:colcon.colcon_core.environment:checking '/home/rescue-robot/buaa_rescue_robot/install/keyboard_controller/bin'
[1.002s] Level 1:colcon.colcon_core.environment:checking '/home/rescue-robot/buaa_rescue_robot/install/keyboard_controller/lib/pkgconfig/keyboard_controller.pc'
[1.003s] Level 1:colcon.colcon_core.environment:checking '/home/rescue-robot/buaa_rescue_robot/install/keyboard_controller/lib/python3.10/site-packages'
[1.003s] Level 1:colcon.colcon_core.environment:checking '/home/rescue-robot/buaa_rescue_robot/install/keyboard_controller/bin'
[1.005s] INFO:colcon.colcon_core.shell:Creating package script '/home/rescue-robot/buaa_rescue_robot/install/keyboard_controller/share/keyboard_controller/package.ps1'
[1.005s] INFO:colcon.colcon_core.shell:Creating package descriptor '/home/rescue-robot/buaa_rescue_robot/install/keyboard_controller/share/keyboard_controller/package.dsv'
[1.006s] INFO:colcon.colcon_core.shell:Creating package script '/home/rescue-robot/buaa_rescue_robot/install/keyboard_controller/share/keyboard_controller/package.sh'
[1.006s] INFO:colcon.colcon_core.shell:Creating package script '/home/rescue-robot/buaa_rescue_robot/install/keyboard_controller/share/keyboard_controller/package.bash'
[1.006s] INFO:colcon.colcon_core.shell:Creating package script '/home/rescue-robot/buaa_rescue_robot/install/keyboard_controller/share/keyboard_controller/package.zsh'
[1.007s] Level 1:colcon.colcon_core.environment:create_file_with_runtime_dependencies(/home/rescue-robot/buaa_rescue_robot/install/keyboard_controller/share/colcon-core/packages/keyboard_controller)
[1.032s] Level 1:colcon.colcon_core.environment:create_environment_scripts_only(keyboard_controller)
[1.034s] Level 1:colcon.colcon_core.environment:checking '/home/rescue-robot/buaa_rescue_robot/install/keyboard_controller' for CMake module files
[1.035s] Level 1:colcon.colcon_core.environment:checking '/home/rescue-robot/buaa_rescue_robot/install/keyboard_controller' for CMake config files
[1.035s] Level 1:colcon.colcon_core.shell:create_environment_hook('keyboard_controller', 'cmake_prefix_path')
[1.037s] INFO:colcon.colcon_core.shell:Creating environment hook '/home/rescue-robot/buaa_rescue_robot/install/keyboard_controller/share/keyboard_controller/hook/cmake_prefix_path.ps1'
[1.037s] INFO:colcon.colcon_core.shell:Creating environment descriptor '/home/rescue-robot/buaa_rescue_robot/install/keyboard_controller/share/keyboard_controller/hook/cmake_prefix_path.dsv'
[1.037s] INFO:colcon.colcon_core.shell:Creating environment hook '/home/rescue-robot/buaa_rescue_robot/install/keyboard_controller/share/keyboard_controller/hook/cmake_prefix_path.sh'
[1.038s] Level 1:colcon.colcon_core.environment:checking '/home/rescue-robot/buaa_rescue_robot/install/keyboard_controller/lib'
[1.038s] Level 1:colcon.colcon_core.environment:checking '/home/rescue-robot/buaa_rescue_robot/install/keyboard_controller/bin'
[1.038s] Level 1:colcon.colcon_core.environment:checking '/home/rescue-robot/buaa_rescue_robot/install/keyboard_controller/lib/pkgconfig/keyboard_controller.pc'
[1.038s] Level 1:colcon.colcon_core.environment:checking '/home/rescue-robot/buaa_rescue_robot/install/keyboard_controller/lib/python3.10/site-packages'
[1.039s] Level 1:colcon.colcon_core.environment:checking '/home/rescue-robot/buaa_rescue_robot/install/keyboard_controller/bin'
[1.040s] INFO:colcon.colcon_core.shell:Creating package script '/home/rescue-robot/buaa_rescue_robot/install/keyboard_controller/share/keyboard_controller/package.ps1'
[1.041s] INFO:colcon.colcon_core.shell:Creating package descriptor '/home/rescue-robot/buaa_rescue_robot/install/keyboard_controller/share/keyboard_controller/package.dsv'
[1.041s] INFO:colcon.colcon_core.shell:Creating package script '/home/rescue-robot/buaa_rescue_robot/install/keyboard_controller/share/keyboard_controller/package.sh'
[1.042s] INFO:colcon.colcon_core.shell:Creating package script '/home/rescue-robot/buaa_rescue_robot/install/keyboard_controller/share/keyboard_controller/package.bash'
[1.042s] INFO:colcon.colcon_core.shell:Creating package script '/home/rescue-robot/buaa_rescue_robot/install/keyboard_controller/share/keyboard_controller/package.zsh'
[1.043s] Level 1:colcon.colcon_core.environment:create_file_with_runtime_dependencies(/home/rescue-robot/buaa_rescue_robot/install/keyboard_controller/share/colcon-core/packages/keyboard_controller)
[5.332s] DEBUG:colcon.colcon_core.event_handler.log_command:Invoked command in '/home/rescue-robot/buaa_rescue_robot/build/serial' returned '2': CMAKE_PREFIX_PATH=/home/rescue-robot/buaa_rescue_robot/install/buaa_rescue_robot_msgs:/home/rescue-robot/buaa_rescue_robot/install/serial:/home/rescue-robot/buaa_rescue_robot/install/keyboard_controller:/home/rescue-robot/buaa_rescue_robot/install/cpp_pubsub:/home/rescue-robot/buaa_rescue_robot/install:/home/rescue-robot/buaa_rescue_robot/install:/opt/ros/humble /usr/bin/cmake --build /home/rescue-robot/buaa_rescue_robot/build/serial -- -j8 -l8
[5.352s] Level 1:colcon.colcon_core.environment:create_environment_scripts_only(serial)
[5.353s] Level 1:colcon.colcon_core.environment:checking '/home/rescue-robot/buaa_rescue_robot/install/serial' for CMake module files
[5.354s] Level 1:colcon.colcon_core.environment:checking '/home/rescue-robot/buaa_rescue_robot/install/serial' for CMake config files
[5.354s] Level 1:colcon.colcon_core.shell:create_environment_hook('serial', 'cmake_prefix_path')
[5.355s] INFO:colcon.colcon_core.shell:Creating environment hook '/home/rescue-robot/buaa_rescue_robot/install/serial/share/serial/hook/cmake_prefix_path.ps1'
[5.355s] INFO:colcon.colcon_core.shell:Creating environment descriptor '/home/rescue-robot/buaa_rescue_robot/install/serial/share/serial/hook/cmake_prefix_path.dsv'
[5.355s] INFO:colcon.colcon_core.shell:Creating environment hook '/home/rescue-robot/buaa_rescue_robot/install/serial/share/serial/hook/cmake_prefix_path.sh'
[5.356s] Level 1:colcon.colcon_core.environment:checking '/home/rescue-robot/buaa_rescue_robot/install/serial/lib'
[5.356s] Level 1:colcon.colcon_core.environment:checking '/home/rescue-robot/buaa_rescue_robot/install/serial/bin'
[5.356s] Level 1:colcon.colcon_core.environment:checking '/home/rescue-robot/buaa_rescue_robot/install/serial/lib/pkgconfig/serial.pc'
[5.356s] Level 1:colcon.colcon_core.environment:checking '/home/rescue-robot/buaa_rescue_robot/install/serial/lib/python3.10/site-packages'
[5.356s] Level 1:colcon.colcon_core.environment:checking '/home/rescue-robot/buaa_rescue_robot/install/serial/bin'
[5.357s] INFO:colcon.colcon_core.shell:Creating package script '/home/rescue-robot/buaa_rescue_robot/install/serial/share/serial/package.ps1'
[5.357s] INFO:colcon.colcon_core.shell:Creating package descriptor '/home/rescue-robot/buaa_rescue_robot/install/serial/share/serial/package.dsv'
[5.358s] INFO:colcon.colcon_core.shell:Creating package script '/home/rescue-robot/buaa_rescue_robot/install/serial/share/serial/package.sh'
[5.358s] INFO:colcon.colcon_core.shell:Creating package script '/home/rescue-robot/buaa_rescue_robot/install/serial/share/serial/package.bash'
[5.358s] INFO:colcon.colcon_core.shell:Creating package script '/home/rescue-robot/buaa_rescue_robot/install/serial/share/serial/package.zsh'
[5.358s] Level 1:colcon.colcon_core.environment:create_file_with_runtime_dependencies(/home/rescue-robot/buaa_rescue_robot/install/serial/share/colcon-core/packages/serial)
[5.369s] DEBUG:colcon.colcon_parallel_executor.executor.parallel:closing loop
[5.369s] DEBUG:colcon.colcon_parallel_executor.executor.parallel:loop closed
[5.370s] DEBUG:colcon.colcon_parallel_executor.executor.parallel:run_until_complete finished with '2'
[5.370s] DEBUG:colcon.colcon_core.event_reactor:joining thread
[5.374s] INFO:colcon.colcon_core.plugin_system:Skipping extension 'colcon_notification.desktop_notification.terminal_notifier': Not used on non-Darwin systems
[5.374s] INFO:colcon.colcon_core.plugin_system:Skipping extension 'colcon_notification.desktop_notification.win32': Not used on non-Windows systems
[5.374s] INFO:colcon.colcon_notification.desktop_notification:Sending desktop notification using 'notify2'
[5.384s] DEBUG:colcon.colcon_core.event_reactor:joined thread
[5.385s] INFO:colcon.colcon_core.shell:Creating prefix script '/home/rescue-robot/buaa_rescue_robot/install/local_setup.ps1'
[5.386s] INFO:colcon.colcon_core.shell:Creating prefix util module '/home/rescue-robot/buaa_rescue_robot/install/_local_setup_util_ps1.py'
[5.387s] INFO:colcon.colcon_core.shell:Creating prefix chain script '/home/rescue-robot/buaa_rescue_robot/install/setup.ps1'
[5.388s] INFO:colcon.colcon_core.shell:Creating prefix script '/home/rescue-robot/buaa_rescue_robot/install/local_setup.sh'
[5.389s] INFO:colcon.colcon_core.shell:Creating prefix util module '/home/rescue-robot/buaa_rescue_robot/install/_local_setup_util_sh.py'
[5.389s] INFO:colcon.colcon_core.shell:Creating prefix chain script '/home/rescue-robot/buaa_rescue_robot/install/setup.sh'
[5.390s] INFO:colcon.colcon_core.shell:Creating prefix script '/home/rescue-robot/buaa_rescue_robot/install/local_setup.bash'
[5.390s] INFO:colcon.colcon_core.shell:Creating prefix chain script '/home/rescue-robot/buaa_rescue_robot/install/setup.bash'
[5.392s] INFO:colcon.colcon_core.shell:Creating prefix script '/home/rescue-robot/buaa_rescue_robot/install/local_setup.zsh'
[5.392s] INFO:colcon.colcon_core.shell:Creating prefix chain script '/home/rescue-robot/buaa_rescue_robot/install/setup.zsh'
