[0.011s] Invoking command in '/home/rescue-robot/buaa_rescue_robot/build/cpp_pubsub': CMAKE_PREFIX_PATH=${CMAKE_PREFIX_PATH}:/opt/ros/humble /usr/bin/cmake --build /home/rescue-robot/buaa_rescue_robot/build/cpp_pubsub -- -j8 -l8
[0.035s] -- Found ament_cmake: 1.3.5 (/opt/ros/humble/share/ament_cmake/cmake)
[0.135s] -- Found rclcpp: 16.0.5 (/opt/ros/humble/share/rclcpp/cmake)
[0.154s] -- Found rosidl_generator_c: 3.1.5 (/opt/ros/humble/share/rosidl_generator_c/cmake)
[0.155s] -- Found rosidl_adapter: 3.1.5 (/opt/ros/humble/share/rosidl_adapter/cmake)
[0.159s] -- Found rosidl_generator_cpp: 3.1.5 (/opt/ros/humble/share/rosidl_generator_cpp/cmake)
[0.169s] -- Using all available rosidl_typesupport_c: rosidl_typesupport_fastrtps_c;rosidl_typesupport_introspection_c
[0.183s] -- Using all available rosidl_typesupport_cpp: rosidl_typesupport_fastrtps_cpp;rosidl_typesupport_introspection_cpp
[0.226s] -- Found rmw_implementation_cmake: 6.1.1 (/opt/ros/humble/share/rmw_implementation_cmake/cmake)
[0.227s] -- Found rmw_fastrtps_cpp: 6.2.3 (/opt/ros/humble/share/rmw_fastrtps_cpp/cmake)
[0.308s] -- Using RMW implementation 'rmw_fastrtps_cpp' as default
[0.467s] -- Configuring done
[0.474s] -- Generating done
[0.475s] -- Build files have been written to: /home/rescue-robot/buaa_rescue_robot/build/cpp_pubsub
[0.493s] [35m[1mConsolidate compiler generated dependencies of target talker[0m
[0.502s] [ 25%] [32mBuilding CXX object CMakeFiles/listener.dir/src/listener.cpp.o[0m
[0.507s] [ 50%] [32mBuilding CXX object CMakeFiles/talker.dir/src/talker.cpp.o[0m
[3.716s] [ 75%] [32m[1mLinking CXX executable talker[0m
[3.862s] [ 75%] Built target talker
[6.492s] [100%] [32m[1mLinking CXX executable listener[0m
[6.785s] [100%] Built target listener
[6.796s] Invoked command in '/home/rescue-robot/buaa_rescue_robot/build/cpp_pubsub' returned '0': CMAKE_PREFIX_PATH=${CMAKE_PREFIX_PATH}:/opt/ros/humble /usr/bin/cmake --build /home/rescue-robot/buaa_rescue_robot/build/cpp_pubsub -- -j8 -l8
[6.825s] Invoking command in '/home/rescue-robot/buaa_rescue_robot/build/cpp_pubsub': CMAKE_PREFIX_PATH=${CMAKE_PREFIX_PATH}:/opt/ros/humble /usr/bin/cmake --install /home/rescue-robot/buaa_rescue_robot/build/cpp_pubsub
[6.833s] -- Install configuration: ""
[6.833s] -- Installing: /home/rescue-robot/buaa_rescue_robot/install/cpp_pubsub/lib/cpp_pubsub/talker
[6.834s] -- Set runtime path of "/home/rescue-robot/buaa_rescue_robot/install/cpp_pubsub/lib/cpp_pubsub/talker" to ""
[6.834s] -- Installing: /home/rescue-robot/buaa_rescue_robot/install/cpp_pubsub/lib/cpp_pubsub/listener
[6.836s] -- Set runtime path of "/home/rescue-robot/buaa_rescue_robot/install/cpp_pubsub/lib/cpp_pubsub/listener" to ""
[6.836s] -- Up-to-date: /home/rescue-robot/buaa_rescue_robot/install/cpp_pubsub/share/ament_index/resource_index/package_run_dependencies/cpp_pubsub
[6.836s] -- Up-to-date: /home/rescue-robot/buaa_rescue_robot/install/cpp_pubsub/share/ament_index/resource_index/parent_prefix_path/cpp_pubsub
[6.836s] -- Up-to-date: /home/rescue-robot/buaa_rescue_robot/install/cpp_pubsub/share/cpp_pubsub/environment/ament_prefix_path.sh
[6.836s] -- Installing: /home/rescue-robot/buaa_rescue_robot/install/cpp_pubsub/share/cpp_pubsub/environment/ament_prefix_path.dsv
[6.836s] -- Up-to-date: /home/rescue-robot/buaa_rescue_robot/install/cpp_pubsub/share/cpp_pubsub/environment/path.sh
[6.836s] -- Installing: /home/rescue-robot/buaa_rescue_robot/install/cpp_pubsub/share/cpp_pubsub/environment/path.dsv
[6.836s] -- Up-to-date: /home/rescue-robot/buaa_rescue_robot/install/cpp_pubsub/share/cpp_pubsub/local_setup.bash
[6.836s] -- Up-to-date: /home/rescue-robot/buaa_rescue_robot/install/cpp_pubsub/share/cpp_pubsub/local_setup.sh
[6.837s] -- Up-to-date: /home/rescue-robot/buaa_rescue_robot/install/cpp_pubsub/share/cpp_pubsub/local_setup.zsh
[6.837s] -- Installing: /home/rescue-robot/buaa_rescue_robot/install/cpp_pubsub/share/cpp_pubsub/local_setup.dsv
[6.837s] -- Installing: /home/rescue-robot/buaa_rescue_robot/install/cpp_pubsub/share/cpp_pubsub/package.dsv
[6.837s] -- Up-to-date: /home/rescue-robot/buaa_rescue_robot/install/cpp_pubsub/share/ament_index/resource_index/packages/cpp_pubsub
[6.837s] -- Up-to-date: /home/rescue-robot/buaa_rescue_robot/install/cpp_pubsub/share/cpp_pubsub/cmake/cpp_pubsubConfig.cmake
[6.837s] -- Up-to-date: /home/rescue-robot/buaa_rescue_robot/install/cpp_pubsub/share/cpp_pubsub/cmake/cpp_pubsubConfig-version.cmake
[6.837s] -- Up-to-date: /home/rescue-robot/buaa_rescue_robot/install/cpp_pubsub/share/cpp_pubsub/package.xml
[6.839s] Invoked command in '/home/rescue-robot/buaa_rescue_robot/build/cpp_pubsub' returned '0': CMAKE_PREFIX_PATH=${CMAKE_PREFIX_PATH}:/opt/ros/humble /usr/bin/cmake --install /home/rescue-robot/buaa_rescue_robot/build/cpp_pubsub
