-- Found ament_cmake: 1.3.5 (/opt/ros/humble/share/ament_cmake/cmake)
-- Found rclcpp: 16.0.5 (/opt/ros/humble/share/rclcpp/cmake)
-- Found rosidl_generator_c: 3.1.5 (/opt/ros/humble/share/rosidl_generator_c/cmake)
-- Found rosidl_adapter: 3.1.5 (/opt/ros/humble/share/rosidl_adapter/cmake)
-- Found rosidl_generator_cpp: 3.1.5 (/opt/ros/humble/share/rosidl_generator_cpp/cmake)
-- Using all available rosidl_typesupport_c: rosidl_typesupport_fastrtps_c;rosidl_typesupport_introspection_c
-- Using all available rosidl_typesupport_cpp: rosidl_typesupport_fastrtps_cpp;rosidl_typesupport_introspection_cpp
-- Found rmw_implementation_cmake: 6.1.1 (/opt/ros/humble/share/rmw_implementation_cmake/cmake)
-- Found rmw_fastrtps_cpp: 6.2.3 (/opt/ros/humble/share/rmw_fastrtps_cpp/cmake)
-- Using RMW implementation 'rmw_fastrtps_cpp' as default
-- Found rosidl_default_generators: 1.2.0 (/opt/ros/humble/share/rosidl_default_generators/cmake)
-- Found ament_cmake_ros: 0.10.0 (/opt/ros/humble/share/ament_cmake_ros/cmake)
-- Using all available rosidl_typesupport_c: rosidl_typesupport_fastrtps_c;rosidl_typesupport_introspection_c
-- Using all available rosidl_typesupport_cpp: rosidl_typesupport_fastrtps_cpp;rosidl_typesupport_introspection_cpp
-- Found python_cmake_module: 0.10.0 (/opt/ros/humble/share/python_cmake_module/cmake)
-- Using PYTHON_EXECUTABLE: /usr/bin/python3
-- Using PYTHON_INCLUDE_DIRS: /usr/include/python3.10
-- Using PYTHON_LIBRARIES: /usr/lib/x86_64-linux-gnu/libpython3.10.so
-- Found ament_lint_auto: 0.12.7 (/opt/ros/humble/share/ament_lint_auto/cmake)
-- Added test 'flake8' to check Python code syntax and style conventions
-- Added test 'lint_cmake' to check CMake code style
-- Added test 'pep257' to check Python code against some of the docstring style conventions in PEP 257
-- Added test 'xmllint' to check XML markup files
-- Configuring done
-- Generating done
-- Build files have been written to: /home/rescue-robot/buaa_rescue_robot/build/buaa_rescue_robot_msgs
[  2%] [34m[1mGenerating C code for ROS interfaces[0m
[  5%] [34m[1mGenerating C++ code for ROS interfaces[0m
[  5%] Built target ament_cmake_python_copy_buaa_rescue_robot_msgs
running egg_info
writing buaa_rescue_robot_msgs.egg-info/PKG-INFO
writing dependency_links to buaa_rescue_robot_msgs.egg-info/dependency_links.txt
writing top-level names to buaa_rescue_robot_msgs.egg-info/top_level.txt
reading manifest file 'buaa_rescue_robot_msgs.egg-info/SOURCES.txt'
writing manifest file 'buaa_rescue_robot_msgs.egg-info/SOURCES.txt'
[  5%] Built target ament_cmake_python_build_buaa_rescue_robot_msgs_egg
[  5%] Built target buaa_rescue_robot_msgs__cpp
[  7%] [34m[1mGenerating C++ type support for eProsima Fast-RTPS[0m
[ 10%] [34m[1mGenerating C++ type support dispatch for ROS interfaces[0m
[ 12%] [34m[1mGenerating C++ introspection for ROS interfaces[0m
[35m[1mConsolidate compiler generated dependencies of target buaa_rescue_robot_msgs__rosidl_generator_c[0m
[ 17%] [32mBuilding C object CMakeFiles/buaa_rescue_robot_msgs__rosidl_generator_c.dir/rosidl_generator_c/buaa_rescue_robot_msgs/msg/detail/sensors_message__functions.c.o[0m
[ 17%] [32mBuilding C object CMakeFiles/buaa_rescue_robot_msgs__rosidl_generator_c.dir/rosidl_generator_c/buaa_rescue_robot_msgs/msg/detail/control_message__functions.c.o[0m
[ 20%] [32m[1mLinking C shared library libbuaa_rescue_robot_msgs__rosidl_generator_c.so[0m
[ 20%] Built target buaa_rescue_robot_msgs__rosidl_generator_c
[ 23%] [34m[1mGenerating C type support for eProsima Fast-RTPS[0m
[ 25%] [34m[1mGenerating C type support dispatch for ROS interfaces[0m
[ 28%] [34m[1mGenerating C introspection for ROS interfaces[0m
[35m[1mConsolidate compiler generated dependencies of target buaa_rescue_robot_msgs__rosidl_typesupport_cpp[0m
[35m[1mConsolidate compiler generated dependencies of target buaa_rescue_robot_msgs__rosidl_typesupport_fastrtps_cpp[0m
[ 30%] [32mBuilding CXX object CMakeFiles/buaa_rescue_robot_msgs__rosidl_typesupport_cpp.dir/rosidl_typesupport_cpp/buaa_rescue_robot_msgs/msg/control_message__type_support.cpp.o[0m
[ 33%] [32mBuilding CXX object CMakeFiles/buaa_rescue_robot_msgs__rosidl_typesupport_cpp.dir/rosidl_typesupport_cpp/buaa_rescue_robot_msgs/msg/sensors_message__type_support.cpp.o[0m
[ 35%] [32mBuilding CXX object CMakeFiles/buaa_rescue_robot_msgs__rosidl_typesupport_fastrtps_cpp.dir/rosidl_typesupport_fastrtps_cpp/buaa_rescue_robot_msgs/msg/detail/dds_fastrtps/control_message__type_support.cpp.o[0m
[35m[1mConsolidate compiler generated dependencies of target buaa_rescue_robot_msgs__rosidl_typesupport_introspection_cpp[0m
[ 38%] [32mBuilding CXX object CMakeFiles/buaa_rescue_robot_msgs__rosidl_typesupport_fastrtps_cpp.dir/rosidl_typesupport_fastrtps_cpp/buaa_rescue_robot_msgs/msg/detail/dds_fastrtps/sensors_message__type_support.cpp.o[0m
[ 41%] [32mBuilding CXX object CMakeFiles/buaa_rescue_robot_msgs__rosidl_typesupport_introspection_cpp.dir/rosidl_typesupport_introspection_cpp/buaa_rescue_robot_msgs/msg/detail/control_message__type_support.cpp.o[0m
[35m[1mConsolidate compiler generated dependencies of target buaa_rescue_robot_msgs__rosidl_typesupport_c[0m
[ 43%] [32mBuilding CXX object CMakeFiles/buaa_rescue_robot_msgs__rosidl_typesupport_c.dir/rosidl_typesupport_c/buaa_rescue_robot_msgs/msg/control_message__type_support.cpp.o[0m
[ 46%] [32mBuilding CXX object CMakeFiles/buaa_rescue_robot_msgs__rosidl_typesupport_c.dir/rosidl_typesupport_c/buaa_rescue_robot_msgs/msg/sensors_message__type_support.cpp.o[0m
[ 48%] [32m[1mLinking CXX shared library libbuaa_rescue_robot_msgs__rosidl_typesupport_c.so[0m
[35m[1mConsolidate compiler generated dependencies of target buaa_rescue_robot_msgs__rosidl_typesupport_fastrtps_c[0m
[35m[1mConsolidate compiler generated dependencies of target buaa_rescue_robot_msgs__rosidl_typesupport_introspection_c[0m
[ 51%] [32mBuilding CXX object CMakeFiles/buaa_rescue_robot_msgs__rosidl_typesupport_fastrtps_c.dir/rosidl_typesupport_fastrtps_c/buaa_rescue_robot_msgs/msg/detail/control_message__type_support_c.cpp.o[0m
[ 53%] [32mBuilding C object CMakeFiles/buaa_rescue_robot_msgs__rosidl_typesupport_introspection_c.dir/rosidl_typesupport_introspection_c/buaa_rescue_robot_msgs/msg/detail/control_message__type_support.c.o[0m
[ 53%] Built target buaa_rescue_robot_msgs__rosidl_typesupport_c
[ 56%] [32mBuilding CXX object CMakeFiles/buaa_rescue_robot_msgs__rosidl_typesupport_fastrtps_c.dir/rosidl_typesupport_fastrtps_c/buaa_rescue_robot_msgs/msg/detail/sensors_message__type_support_c.cpp.o[0m
[ 58%] [32mBuilding C object CMakeFiles/buaa_rescue_robot_msgs__rosidl_typesupport_introspection_c.dir/rosidl_typesupport_introspection_c/buaa_rescue_robot_msgs/msg/detail/sensors_message__type_support.c.o[0m
[ 61%] [32m[1mLinking C shared library libbuaa_rescue_robot_msgs__rosidl_typesupport_introspection_c.so[0m
[ 64%] [32mBuilding CXX object CMakeFiles/buaa_rescue_robot_msgs__rosidl_typesupport_introspection_cpp.dir/rosidl_typesupport_introspection_cpp/buaa_rescue_robot_msgs/msg/detail/sensors_message__type_support.cpp.o[0m
[ 66%] [32m[1mLinking CXX shared library libbuaa_rescue_robot_msgs__rosidl_typesupport_cpp.so[0m
[ 66%] Built target buaa_rescue_robot_msgs__rosidl_typesupport_introspection_c
[ 66%] Built target buaa_rescue_robot_msgs__rosidl_typesupport_cpp
[ 69%] [32m[1mLinking CXX shared library libbuaa_rescue_robot_msgs__rosidl_typesupport_fastrtps_cpp.so[0m
[ 71%] [32m[1mLinking CXX shared library libbuaa_rescue_robot_msgs__rosidl_typesupport_fastrtps_c.so[0m
[ 71%] Built target buaa_rescue_robot_msgs__rosidl_typesupport_fastrtps_cpp
[ 71%] Built target buaa_rescue_robot_msgs__rosidl_typesupport_fastrtps_c
[ 74%] [32m[1mLinking CXX shared library libbuaa_rescue_robot_msgs__rosidl_typesupport_introspection_cpp.so[0m
[ 74%] Built target buaa_rescue_robot_msgs__rosidl_typesupport_introspection_cpp
[ 74%] Built target buaa_rescue_robot_msgs
[ 76%] [34m[1mGenerating Python code for ROS interfaces[0m
[ 76%] Built target buaa_rescue_robot_msgs__py
[35m[1mConsolidate compiler generated dependencies of target buaa_rescue_robot_msgs__rosidl_generator_py[0m
[ 79%] [32mBuilding C object CMakeFiles/buaa_rescue_robot_msgs__rosidl_generator_py.dir/rosidl_generator_py/buaa_rescue_robot_msgs/msg/_control_message_s.c.o[0m
[ 82%] [32mBuilding C object CMakeFiles/buaa_rescue_robot_msgs__rosidl_generator_py.dir/rosidl_generator_py/buaa_rescue_robot_msgs/msg/_sensors_message_s.c.o[0m
[ 84%] [32m[1mLinking C shared library rosidl_generator_py/buaa_rescue_robot_msgs/libbuaa_rescue_robot_msgs__rosidl_generator_py.so[0m
[ 84%] Built target buaa_rescue_robot_msgs__rosidl_generator_py
[35m[1mConsolidate compiler generated dependencies of target buaa_rescue_robot_msgs__rosidl_typesupport_introspection_c__pyext[0m
[35m[1mConsolidate compiler generated dependencies of target buaa_rescue_robot_msgs__rosidl_typesupport_fastrtps_c__pyext[0m
[35m[1mConsolidate compiler generated dependencies of target buaa_rescue_robot_msgs__rosidl_typesupport_c__pyext[0m
[ 89%] [32mBuilding C object CMakeFiles/buaa_rescue_robot_msgs__rosidl_typesupport_fastrtps_c__pyext.dir/rosidl_generator_py/buaa_rescue_robot_msgs/_buaa_rescue_robot_msgs_s.ep.rosidl_typesupport_fastrtps_c.c.o[0m
[ 89%] [32mBuilding C object CMakeFiles/buaa_rescue_robot_msgs__rosidl_typesupport_introspection_c__pyext.dir/rosidl_generator_py/buaa_rescue_robot_msgs/_buaa_rescue_robot_msgs_s.ep.rosidl_typesupport_introspection_c.c.o[0m
[ 92%] [32mBuilding C object CMakeFiles/buaa_rescue_robot_msgs__rosidl_typesupport_c__pyext.dir/rosidl_generator_py/buaa_rescue_robot_msgs/_buaa_rescue_robot_msgs_s.ep.rosidl_typesupport_c.c.o[0m
[ 94%] [32m[1mLinking C shared library rosidl_generator_py/buaa_rescue_robot_msgs/buaa_rescue_robot_msgs_s__rosidl_typesupport_introspection_c.cpython-310-x86_64-linux-gnu.so[0m
[100%] [32m[1mLinking C shared library rosidl_generator_py/buaa_rescue_robot_msgs/buaa_rescue_robot_msgs_s__rosidl_typesupport_fastrtps_c.cpython-310-x86_64-linux-gnu.so[0m
[100%] [32m[1mLinking C shared library rosidl_generator_py/buaa_rescue_robot_msgs/buaa_rescue_robot_msgs_s__rosidl_typesupport_c.cpython-310-x86_64-linux-gnu.so[0m
[100%] Built target buaa_rescue_robot_msgs__rosidl_typesupport_introspection_c__pyext
[100%] Built target buaa_rescue_robot_msgs__rosidl_typesupport_fastrtps_c__pyext
[100%] Built target buaa_rescue_robot_msgs__rosidl_typesupport_c__pyext
-- Install configuration: ""
-- Up-to-date: /home/rescue-robot/buaa_rescue_robot/install/buaa_rescue_robot_msgs/share/ament_index/resource_index/rosidl_interfaces/buaa_rescue_robot_msgs
-- Up-to-date: /home/rescue-robot/buaa_rescue_robot/install/buaa_rescue_robot_msgs/include/buaa_rescue_robot_msgs/buaa_rescue_robot_msgs
-- Up-to-date: /home/rescue-robot/buaa_rescue_robot/install/buaa_rescue_robot_msgs/include/buaa_rescue_robot_msgs/buaa_rescue_robot_msgs/msg
-- Up-to-date: /home/rescue-robot/buaa_rescue_robot/install/buaa_rescue_robot_msgs/include/buaa_rescue_robot_msgs/buaa_rescue_robot_msgs/msg/detail
-- Installing: /home/rescue-robot/buaa_rescue_robot/install/buaa_rescue_robot_msgs/include/buaa_rescue_robot_msgs/buaa_rescue_robot_msgs/msg/detail/sensors_message__functions.h
-- Installing: /home/rescue-robot/buaa_rescue_robot/install/buaa_rescue_robot_msgs/include/buaa_rescue_robot_msgs/buaa_rescue_robot_msgs/msg/detail/sensors_message__functions.c
-- Installing: /home/rescue-robot/buaa_rescue_robot/install/buaa_rescue_robot_msgs/include/buaa_rescue_robot_msgs/buaa_rescue_robot_msgs/msg/detail/sensors_message__type_support.h
-- Installing: /home/rescue-robot/buaa_rescue_robot/install/buaa_rescue_robot_msgs/include/buaa_rescue_robot_msgs/buaa_rescue_robot_msgs/msg/detail/control_message__struct.h
-- Installing: /home/rescue-robot/buaa_rescue_robot/install/buaa_rescue_robot_msgs/include/buaa_rescue_robot_msgs/buaa_rescue_robot_msgs/msg/detail/control_message__type_support.h
-- Installing: /home/rescue-robot/buaa_rescue_robot/install/buaa_rescue_robot_msgs/include/buaa_rescue_robot_msgs/buaa_rescue_robot_msgs/msg/detail/control_message__functions.c
-- Installing: /home/rescue-robot/buaa_rescue_robot/install/buaa_rescue_robot_msgs/include/buaa_rescue_robot_msgs/buaa_rescue_robot_msgs/msg/detail/sensors_message__struct.h
-- Installing: /home/rescue-robot/buaa_rescue_robot/install/buaa_rescue_robot_msgs/include/buaa_rescue_robot_msgs/buaa_rescue_robot_msgs/msg/detail/control_message__functions.h
-- Installing: /home/rescue-robot/buaa_rescue_robot/install/buaa_rescue_robot_msgs/include/buaa_rescue_robot_msgs/buaa_rescue_robot_msgs/msg/control_message.h
-- Up-to-date: /home/rescue-robot/buaa_rescue_robot/install/buaa_rescue_robot_msgs/include/buaa_rescue_robot_msgs/buaa_rescue_robot_msgs/msg/rosidl_generator_c__visibility_control.h
-- Installing: /home/rescue-robot/buaa_rescue_robot/install/buaa_rescue_robot_msgs/include/buaa_rescue_robot_msgs/buaa_rescue_robot_msgs/msg/sensors_message.h
-- Up-to-date: /home/rescue-robot/buaa_rescue_robot/install/buaa_rescue_robot_msgs/share/buaa_rescue_robot_msgs/environment/library_path.sh
-- Installing: /home/rescue-robot/buaa_rescue_robot/install/buaa_rescue_robot_msgs/share/buaa_rescue_robot_msgs/environment/library_path.dsv
-- Installing: /home/rescue-robot/buaa_rescue_robot/install/buaa_rescue_robot_msgs/lib/libbuaa_rescue_robot_msgs__rosidl_generator_c.so
-- Set runtime path of "/home/rescue-robot/buaa_rescue_robot/install/buaa_rescue_robot_msgs/lib/libbuaa_rescue_robot_msgs__rosidl_generator_c.so" to ""
-- Up-to-date: /home/rescue-robot/buaa_rescue_robot/install/buaa_rescue_robot_msgs/include/buaa_rescue_robot_msgs/buaa_rescue_robot_msgs
-- Up-to-date: /home/rescue-robot/buaa_rescue_robot/install/buaa_rescue_robot_msgs/include/buaa_rescue_robot_msgs/buaa_rescue_robot_msgs/msg
-- Up-to-date: /home/rescue-robot/buaa_rescue_robot/install/buaa_rescue_robot_msgs/include/buaa_rescue_robot_msgs/buaa_rescue_robot_msgs/msg/detail
-- Installing: /home/rescue-robot/buaa_rescue_robot/install/buaa_rescue_robot_msgs/include/buaa_rescue_robot_msgs/buaa_rescue_robot_msgs/msg/detail/control_message__rosidl_typesupport_fastrtps_c.h
-- Installing: /home/rescue-robot/buaa_rescue_robot/install/buaa_rescue_robot_msgs/include/buaa_rescue_robot_msgs/buaa_rescue_robot_msgs/msg/detail/sensors_message__rosidl_typesupport_fastrtps_c.h
-- Up-to-date: /home/rescue-robot/buaa_rescue_robot/install/buaa_rescue_robot_msgs/include/buaa_rescue_robot_msgs/buaa_rescue_robot_msgs/msg/rosidl_typesupport_fastrtps_c__visibility_control.h
-- Installing: /home/rescue-robot/buaa_rescue_robot/install/buaa_rescue_robot_msgs/lib/libbuaa_rescue_robot_msgs__rosidl_typesupport_fastrtps_c.so
-- Set runtime path of "/home/rescue-robot/buaa_rescue_robot/install/buaa_rescue_robot_msgs/lib/libbuaa_rescue_robot_msgs__rosidl_typesupport_fastrtps_c.so" to ""
-- Up-to-date: /home/rescue-robot/buaa_rescue_robot/install/buaa_rescue_robot_msgs/include/buaa_rescue_robot_msgs/buaa_rescue_robot_msgs
-- Up-to-date: /home/rescue-robot/buaa_rescue_robot/install/buaa_rescue_robot_msgs/include/buaa_rescue_robot_msgs/buaa_rescue_robot_msgs/msg
-- Up-to-date: /home/rescue-robot/buaa_rescue_robot/install/buaa_rescue_robot_msgs/include/buaa_rescue_robot_msgs/buaa_rescue_robot_msgs/msg/detail
-- Installing: /home/rescue-robot/buaa_rescue_robot/install/buaa_rescue_robot_msgs/include/buaa_rescue_robot_msgs/buaa_rescue_robot_msgs/msg/detail/sensors_message__builder.hpp
-- Installing: /home/rescue-robot/buaa_rescue_robot/install/buaa_rescue_robot_msgs/include/buaa_rescue_robot_msgs/buaa_rescue_robot_msgs/msg/detail/control_message__builder.hpp
-- Installing: /home/rescue-robot/buaa_rescue_robot/install/buaa_rescue_robot_msgs/include/buaa_rescue_robot_msgs/buaa_rescue_robot_msgs/msg/detail/control_message__struct.hpp
-- Installing: /home/rescue-robot/buaa_rescue_robot/install/buaa_rescue_robot_msgs/include/buaa_rescue_robot_msgs/buaa_rescue_robot_msgs/msg/detail/sensors_message__traits.hpp
-- Installing: /home/rescue-robot/buaa_rescue_robot/install/buaa_rescue_robot_msgs/include/buaa_rescue_robot_msgs/buaa_rescue_robot_msgs/msg/detail/sensors_message__struct.hpp
-- Installing: /home/rescue-robot/buaa_rescue_robot/install/buaa_rescue_robot_msgs/include/buaa_rescue_robot_msgs/buaa_rescue_robot_msgs/msg/detail/control_message__traits.hpp
-- Installing: /home/rescue-robot/buaa_rescue_robot/install/buaa_rescue_robot_msgs/include/buaa_rescue_robot_msgs/buaa_rescue_robot_msgs/msg/control_message.hpp
-- Installing: /home/rescue-robot/buaa_rescue_robot/install/buaa_rescue_robot_msgs/include/buaa_rescue_robot_msgs/buaa_rescue_robot_msgs/msg/sensors_message.hpp
-- Up-to-date: /home/rescue-robot/buaa_rescue_robot/install/buaa_rescue_robot_msgs/include/buaa_rescue_robot_msgs/buaa_rescue_robot_msgs
-- Up-to-date: /home/rescue-robot/buaa_rescue_robot/install/buaa_rescue_robot_msgs/include/buaa_rescue_robot_msgs/buaa_rescue_robot_msgs/msg
-- Up-to-date: /home/rescue-robot/buaa_rescue_robot/install/buaa_rescue_robot_msgs/include/buaa_rescue_robot_msgs/buaa_rescue_robot_msgs/msg/detail
-- Installing: /home/rescue-robot/buaa_rescue_robot/install/buaa_rescue_robot_msgs/include/buaa_rescue_robot_msgs/buaa_rescue_robot_msgs/msg/detail/control_message__rosidl_typesupport_fastrtps_cpp.hpp
-- Up-to-date: /home/rescue-robot/buaa_rescue_robot/install/buaa_rescue_robot_msgs/include/buaa_rescue_robot_msgs/buaa_rescue_robot_msgs/msg/detail/dds_fastrtps
-- Installing: /home/rescue-robot/buaa_rescue_robot/install/buaa_rescue_robot_msgs/include/buaa_rescue_robot_msgs/buaa_rescue_robot_msgs/msg/detail/sensors_message__rosidl_typesupport_fastrtps_cpp.hpp
-- Up-to-date: /home/rescue-robot/buaa_rescue_robot/install/buaa_rescue_robot_msgs/include/buaa_rescue_robot_msgs/buaa_rescue_robot_msgs/msg/rosidl_typesupport_fastrtps_cpp__visibility_control.h
-- Installing: /home/rescue-robot/buaa_rescue_robot/install/buaa_rescue_robot_msgs/lib/libbuaa_rescue_robot_msgs__rosidl_typesupport_fastrtps_cpp.so
-- Set runtime path of "/home/rescue-robot/buaa_rescue_robot/install/buaa_rescue_robot_msgs/lib/libbuaa_rescue_robot_msgs__rosidl_typesupport_fastrtps_cpp.so" to ""
-- Up-to-date: /home/rescue-robot/buaa_rescue_robot/install/buaa_rescue_robot_msgs/include/buaa_rescue_robot_msgs/buaa_rescue_robot_msgs
-- Up-to-date: /home/rescue-robot/buaa_rescue_robot/install/buaa_rescue_robot_msgs/include/buaa_rescue_robot_msgs/buaa_rescue_robot_msgs/msg
-- Up-to-date: /home/rescue-robot/buaa_rescue_robot/install/buaa_rescue_robot_msgs/include/buaa_rescue_robot_msgs/buaa_rescue_robot_msgs/msg/detail
-- Installing: /home/rescue-robot/buaa_rescue_robot/install/buaa_rescue_robot_msgs/include/buaa_rescue_robot_msgs/buaa_rescue_robot_msgs/msg/detail/sensors_message__type_support.c
-- Installing: /home/rescue-robot/buaa_rescue_robot/install/buaa_rescue_robot_msgs/include/buaa_rescue_robot_msgs/buaa_rescue_robot_msgs/msg/detail/sensors_message__rosidl_typesupport_introspection_c.h
-- Installing: /home/rescue-robot/buaa_rescue_robot/install/buaa_rescue_robot_msgs/include/buaa_rescue_robot_msgs/buaa_rescue_robot_msgs/msg/detail/control_message__rosidl_typesupport_introspection_c.h
-- Installing: /home/rescue-robot/buaa_rescue_robot/install/buaa_rescue_robot_msgs/include/buaa_rescue_robot_msgs/buaa_rescue_robot_msgs/msg/detail/control_message__type_support.c
-- Up-to-date: /home/rescue-robot/buaa_rescue_robot/install/buaa_rescue_robot_msgs/include/buaa_rescue_robot_msgs/buaa_rescue_robot_msgs/msg/rosidl_typesupport_introspection_c__visibility_control.h
-- Installing: /home/rescue-robot/buaa_rescue_robot/install/buaa_rescue_robot_msgs/lib/libbuaa_rescue_robot_msgs__rosidl_typesupport_introspection_c.so
-- Set runtime path of "/home/rescue-robot/buaa_rescue_robot/install/buaa_rescue_robot_msgs/lib/libbuaa_rescue_robot_msgs__rosidl_typesupport_introspection_c.so" to ""
-- Installing: /home/rescue-robot/buaa_rescue_robot/install/buaa_rescue_robot_msgs/lib/libbuaa_rescue_robot_msgs__rosidl_typesupport_c.so
-- Set runtime path of "/home/rescue-robot/buaa_rescue_robot/install/buaa_rescue_robot_msgs/lib/libbuaa_rescue_robot_msgs__rosidl_typesupport_c.so" to ""
-- Up-to-date: /home/rescue-robot/buaa_rescue_robot/install/buaa_rescue_robot_msgs/include/buaa_rescue_robot_msgs/buaa_rescue_robot_msgs
-- Up-to-date: /home/rescue-robot/buaa_rescue_robot/install/buaa_rescue_robot_msgs/include/buaa_rescue_robot_msgs/buaa_rescue_robot_msgs/msg
-- Up-to-date: /home/rescue-robot/buaa_rescue_robot/install/buaa_rescue_robot_msgs/include/buaa_rescue_robot_msgs/buaa_rescue_robot_msgs/msg/detail
-- Installing: /home/rescue-robot/buaa_rescue_robot/install/buaa_rescue_robot_msgs/include/buaa_rescue_robot_msgs/buaa_rescue_robot_msgs/msg/detail/sensors_message__type_support.cpp
-- Installing: /home/rescue-robot/buaa_rescue_robot/install/buaa_rescue_robot_msgs/include/buaa_rescue_robot_msgs/buaa_rescue_robot_msgs/msg/detail/control_message__type_support.cpp
-- Installing: /home/rescue-robot/buaa_rescue_robot/install/buaa_rescue_robot_msgs/include/buaa_rescue_robot_msgs/buaa_rescue_robot_msgs/msg/detail/sensors_message__rosidl_typesupport_introspection_cpp.hpp
-- Installing: /home/rescue-robot/buaa_rescue_robot/install/buaa_rescue_robot_msgs/include/buaa_rescue_robot_msgs/buaa_rescue_robot_msgs/msg/detail/control_message__rosidl_typesupport_introspection_cpp.hpp
-- Installing: /home/rescue-robot/buaa_rescue_robot/install/buaa_rescue_robot_msgs/lib/libbuaa_rescue_robot_msgs__rosidl_typesupport_introspection_cpp.so
-- Set runtime path of "/home/rescue-robot/buaa_rescue_robot/install/buaa_rescue_robot_msgs/lib/libbuaa_rescue_robot_msgs__rosidl_typesupport_introspection_cpp.so" to ""
-- Installing: /home/rescue-robot/buaa_rescue_robot/install/buaa_rescue_robot_msgs/lib/libbuaa_rescue_robot_msgs__rosidl_typesupport_cpp.so
-- Set runtime path of "/home/rescue-robot/buaa_rescue_robot/install/buaa_rescue_robot_msgs/lib/libbuaa_rescue_robot_msgs__rosidl_typesupport_cpp.so" to ""
-- Up-to-date: /home/rescue-robot/buaa_rescue_robot/install/buaa_rescue_robot_msgs/share/buaa_rescue_robot_msgs/environment/pythonpath.sh
-- Installing: /home/rescue-robot/buaa_rescue_robot/install/buaa_rescue_robot_msgs/share/buaa_rescue_robot_msgs/environment/pythonpath.dsv
-- Up-to-date: /home/rescue-robot/buaa_rescue_robot/install/buaa_rescue_robot_msgs/local/lib/python3.10/dist-packages/buaa_rescue_robot_msgs-0.0.0-py3.10.egg-info
-- Installing: /home/rescue-robot/buaa_rescue_robot/install/buaa_rescue_robot_msgs/local/lib/python3.10/dist-packages/buaa_rescue_robot_msgs-0.0.0-py3.10.egg-info/dependency_links.txt
-- Installing: /home/rescue-robot/buaa_rescue_robot/install/buaa_rescue_robot_msgs/local/lib/python3.10/dist-packages/buaa_rescue_robot_msgs-0.0.0-py3.10.egg-info/PKG-INFO
-- Installing: /home/rescue-robot/buaa_rescue_robot/install/buaa_rescue_robot_msgs/local/lib/python3.10/dist-packages/buaa_rescue_robot_msgs-0.0.0-py3.10.egg-info/top_level.txt
-- Installing: /home/rescue-robot/buaa_rescue_robot/install/buaa_rescue_robot_msgs/local/lib/python3.10/dist-packages/buaa_rescue_robot_msgs-0.0.0-py3.10.egg-info/SOURCES.txt
-- Up-to-date: /home/rescue-robot/buaa_rescue_robot/install/buaa_rescue_robot_msgs/local/lib/python3.10/dist-packages/buaa_rescue_robot_msgs
-- Installing: /home/rescue-robot/buaa_rescue_robot/install/buaa_rescue_robot_msgs/local/lib/python3.10/dist-packages/buaa_rescue_robot_msgs/_buaa_rescue_robot_msgs_s.ep.rosidl_typesupport_fastrtps_c.c
-- Up-to-date: /home/rescue-robot/buaa_rescue_robot/install/buaa_rescue_robot_msgs/local/lib/python3.10/dist-packages/buaa_rescue_robot_msgs/msg
-- Installing: /home/rescue-robot/buaa_rescue_robot/install/buaa_rescue_robot_msgs/local/lib/python3.10/dist-packages/buaa_rescue_robot_msgs/msg/_sensors_message.py
-- Installing: /home/rescue-robot/buaa_rescue_robot/install/buaa_rescue_robot_msgs/local/lib/python3.10/dist-packages/buaa_rescue_robot_msgs/msg/_control_message_s.c
-- Installing: /home/rescue-robot/buaa_rescue_robot/install/buaa_rescue_robot_msgs/local/lib/python3.10/dist-packages/buaa_rescue_robot_msgs/msg/_sensors_message_s.c
-- Installing: /home/rescue-robot/buaa_rescue_robot/install/buaa_rescue_robot_msgs/local/lib/python3.10/dist-packages/buaa_rescue_robot_msgs/msg/_control_message.py
-- Installing: /home/rescue-robot/buaa_rescue_robot/install/buaa_rescue_robot_msgs/local/lib/python3.10/dist-packages/buaa_rescue_robot_msgs/msg/__init__.py
-- Installing: /home/rescue-robot/buaa_rescue_robot/install/buaa_rescue_robot_msgs/local/lib/python3.10/dist-packages/buaa_rescue_robot_msgs/buaa_rescue_robot_msgs_s__rosidl_typesupport_c.cpython-310-x86_64-linux-gnu.so
-- Installing: /home/rescue-robot/buaa_rescue_robot/install/buaa_rescue_robot_msgs/local/lib/python3.10/dist-packages/buaa_rescue_robot_msgs/_buaa_rescue_robot_msgs_s.ep.rosidl_typesupport_c.c
-- Installing: /home/rescue-robot/buaa_rescue_robot/install/buaa_rescue_robot_msgs/local/lib/python3.10/dist-packages/buaa_rescue_robot_msgs/libbuaa_rescue_robot_msgs__rosidl_generator_py.so
-- Installing: /home/rescue-robot/buaa_rescue_robot/install/buaa_rescue_robot_msgs/local/lib/python3.10/dist-packages/buaa_rescue_robot_msgs/buaa_rescue_robot_msgs_s__rosidl_typesupport_introspection_c.cpython-310-x86_64-linux-gnu.so
-- Installing: /home/rescue-robot/buaa_rescue_robot/install/buaa_rescue_robot_msgs/local/lib/python3.10/dist-packages/buaa_rescue_robot_msgs/buaa_rescue_robot_msgs_s__rosidl_typesupport_fastrtps_c.cpython-310-x86_64-linux-gnu.so
-- Installing: /home/rescue-robot/buaa_rescue_robot/install/buaa_rescue_robot_msgs/local/lib/python3.10/dist-packages/buaa_rescue_robot_msgs/_buaa_rescue_robot_msgs_s.ep.rosidl_typesupport_introspection_c.c
-- Installing: /home/rescue-robot/buaa_rescue_robot/install/buaa_rescue_robot_msgs/local/lib/python3.10/dist-packages/buaa_rescue_robot_msgs/__init__.py
Listing '/home/rescue-robot/buaa_rescue_robot/install/buaa_rescue_robot_msgs/local/lib/python3.10/dist-packages/buaa_rescue_robot_msgs'...
Compiling '/home/rescue-robot/buaa_rescue_robot/install/buaa_rescue_robot_msgs/local/lib/python3.10/dist-packages/buaa_rescue_robot_msgs/__init__.py'...
Listing '/home/rescue-robot/buaa_rescue_robot/install/buaa_rescue_robot_msgs/local/lib/python3.10/dist-packages/buaa_rescue_robot_msgs/msg'...
Compiling '/home/rescue-robot/buaa_rescue_robot/install/buaa_rescue_robot_msgs/local/lib/python3.10/dist-packages/buaa_rescue_robot_msgs/msg/__init__.py'...
Compiling '/home/rescue-robot/buaa_rescue_robot/install/buaa_rescue_robot_msgs/local/lib/python3.10/dist-packages/buaa_rescue_robot_msgs/msg/_control_message.py'...
Compiling '/home/rescue-robot/buaa_rescue_robot/install/buaa_rescue_robot_msgs/local/lib/python3.10/dist-packages/buaa_rescue_robot_msgs/msg/_sensors_message.py'...
-- Installing: /home/rescue-robot/buaa_rescue_robot/install/buaa_rescue_robot_msgs/local/lib/python3.10/dist-packages/buaa_rescue_robot_msgs/buaa_rescue_robot_msgs_s__rosidl_typesupport_fastrtps_c.cpython-310-x86_64-linux-gnu.so
-- Set runtime path of "/home/rescue-robot/buaa_rescue_robot/install/buaa_rescue_robot_msgs/local/lib/python3.10/dist-packages/buaa_rescue_robot_msgs/buaa_rescue_robot_msgs_s__rosidl_typesupport_fastrtps_c.cpython-310-x86_64-linux-gnu.so" to ""
-- Installing: /home/rescue-robot/buaa_rescue_robot/install/buaa_rescue_robot_msgs/local/lib/python3.10/dist-packages/buaa_rescue_robot_msgs/buaa_rescue_robot_msgs_s__rosidl_typesupport_introspection_c.cpython-310-x86_64-linux-gnu.so
-- Set runtime path of "/home/rescue-robot/buaa_rescue_robot/install/buaa_rescue_robot_msgs/local/lib/python3.10/dist-packages/buaa_rescue_robot_msgs/buaa_rescue_robot_msgs_s__rosidl_typesupport_introspection_c.cpython-310-x86_64-linux-gnu.so" to ""
-- Installing: /home/rescue-robot/buaa_rescue_robot/install/buaa_rescue_robot_msgs/local/lib/python3.10/dist-packages/buaa_rescue_robot_msgs/buaa_rescue_robot_msgs_s__rosidl_typesupport_c.cpython-310-x86_64-linux-gnu.so
-- Set runtime path of "/home/rescue-robot/buaa_rescue_robot/install/buaa_rescue_robot_msgs/local/lib/python3.10/dist-packages/buaa_rescue_robot_msgs/buaa_rescue_robot_msgs_s__rosidl_typesupport_c.cpython-310-x86_64-linux-gnu.so" to ""
-- Installing: /home/rescue-robot/buaa_rescue_robot/install/buaa_rescue_robot_msgs/lib/libbuaa_rescue_robot_msgs__rosidl_generator_py.so
-- Set runtime path of "/home/rescue-robot/buaa_rescue_robot/install/buaa_rescue_robot_msgs/lib/libbuaa_rescue_robot_msgs__rosidl_generator_py.so" to ""
-- Up-to-date: /home/rescue-robot/buaa_rescue_robot/install/buaa_rescue_robot_msgs/share/buaa_rescue_robot_msgs/msg/ControlMessage.idl
-- Installing: /home/rescue-robot/buaa_rescue_robot/install/buaa_rescue_robot_msgs/share/buaa_rescue_robot_msgs/msg/SensorsMessage.idl
-- Up-to-date: /home/rescue-robot/buaa_rescue_robot/install/buaa_rescue_robot_msgs/share/buaa_rescue_robot_msgs/msg/ControlMessage.msg
-- Installing: /home/rescue-robot/buaa_rescue_robot/install/buaa_rescue_robot_msgs/share/buaa_rescue_robot_msgs/msg/SensorsMessage.msg
-- Up-to-date: /home/rescue-robot/buaa_rescue_robot/install/buaa_rescue_robot_msgs/share/buaa_rescue_robot_msgs/launch
-- Up-to-date: /home/rescue-robot/buaa_rescue_robot/install/buaa_rescue_robot_msgs/share/buaa_rescue_robot_msgs/launch/elevator_control_by_keyboard.launch.py
-- Up-to-date: /home/rescue-robot/buaa_rescue_robot/install/buaa_rescue_robot_msgs/share/ament_index/resource_index/package_run_dependencies/buaa_rescue_robot_msgs
-- Up-to-date: /home/rescue-robot/buaa_rescue_robot/install/buaa_rescue_robot_msgs/share/ament_index/resource_index/parent_prefix_path/buaa_rescue_robot_msgs
-- Up-to-date: /home/rescue-robot/buaa_rescue_robot/install/buaa_rescue_robot_msgs/share/buaa_rescue_robot_msgs/environment/ament_prefix_path.sh
-- Installing: /home/rescue-robot/buaa_rescue_robot/install/buaa_rescue_robot_msgs/share/buaa_rescue_robot_msgs/environment/ament_prefix_path.dsv
-- Up-to-date: /home/rescue-robot/buaa_rescue_robot/install/buaa_rescue_robot_msgs/share/buaa_rescue_robot_msgs/environment/path.sh
-- Installing: /home/rescue-robot/buaa_rescue_robot/install/buaa_rescue_robot_msgs/share/buaa_rescue_robot_msgs/environment/path.dsv
-- Up-to-date: /home/rescue-robot/buaa_rescue_robot/install/buaa_rescue_robot_msgs/share/buaa_rescue_robot_msgs/local_setup.bash
-- Up-to-date: /home/rescue-robot/buaa_rescue_robot/install/buaa_rescue_robot_msgs/share/buaa_rescue_robot_msgs/local_setup.sh
-- Up-to-date: /home/rescue-robot/buaa_rescue_robot/install/buaa_rescue_robot_msgs/share/buaa_rescue_robot_msgs/local_setup.zsh
-- Installing: /home/rescue-robot/buaa_rescue_robot/install/buaa_rescue_robot_msgs/share/buaa_rescue_robot_msgs/local_setup.dsv
-- Installing: /home/rescue-robot/buaa_rescue_robot/install/buaa_rescue_robot_msgs/share/buaa_rescue_robot_msgs/package.dsv
-- Up-to-date: /home/rescue-robot/buaa_rescue_robot/install/buaa_rescue_robot_msgs/share/ament_index/resource_index/packages/buaa_rescue_robot_msgs
-- Up-to-date: /home/rescue-robot/buaa_rescue_robot/install/buaa_rescue_robot_msgs/share/buaa_rescue_robot_msgs/cmake/export_buaa_rescue_robot_msgs__rosidl_generator_cExport.cmake
-- Up-to-date: /home/rescue-robot/buaa_rescue_robot/install/buaa_rescue_robot_msgs/share/buaa_rescue_robot_msgs/cmake/export_buaa_rescue_robot_msgs__rosidl_generator_cExport-noconfig.cmake
-- Up-to-date: /home/rescue-robot/buaa_rescue_robot/install/buaa_rescue_robot_msgs/share/buaa_rescue_robot_msgs/cmake/export_buaa_rescue_robot_msgs__rosidl_typesupport_fastrtps_cExport.cmake
-- Up-to-date: /home/rescue-robot/buaa_rescue_robot/install/buaa_rescue_robot_msgs/share/buaa_rescue_robot_msgs/cmake/export_buaa_rescue_robot_msgs__rosidl_typesupport_fastrtps_cExport-noconfig.cmake
-- Up-to-date: /home/rescue-robot/buaa_rescue_robot/install/buaa_rescue_robot_msgs/share/buaa_rescue_robot_msgs/cmake/export_buaa_rescue_robot_msgs__rosidl_generator_cppExport.cmake
-- Up-to-date: /home/rescue-robot/buaa_rescue_robot/install/buaa_rescue_robot_msgs/share/buaa_rescue_robot_msgs/cmake/export_buaa_rescue_robot_msgs__rosidl_typesupport_fastrtps_cppExport.cmake
-- Up-to-date: /home/rescue-robot/buaa_rescue_robot/install/buaa_rescue_robot_msgs/share/buaa_rescue_robot_msgs/cmake/export_buaa_rescue_robot_msgs__rosidl_typesupport_fastrtps_cppExport-noconfig.cmake
-- Up-to-date: /home/rescue-robot/buaa_rescue_robot/install/buaa_rescue_robot_msgs/share/buaa_rescue_robot_msgs/cmake/buaa_rescue_robot_msgs__rosidl_typesupport_introspection_cExport.cmake
-- Up-to-date: /home/rescue-robot/buaa_rescue_robot/install/buaa_rescue_robot_msgs/share/buaa_rescue_robot_msgs/cmake/buaa_rescue_robot_msgs__rosidl_typesupport_introspection_cExport-noconfig.cmake
-- Up-to-date: /home/rescue-robot/buaa_rescue_robot/install/buaa_rescue_robot_msgs/share/buaa_rescue_robot_msgs/cmake/buaa_rescue_robot_msgs__rosidl_typesupport_cExport.cmake
-- Up-to-date: /home/rescue-robot/buaa_rescue_robot/install/buaa_rescue_robot_msgs/share/buaa_rescue_robot_msgs/cmake/buaa_rescue_robot_msgs__rosidl_typesupport_cExport-noconfig.cmake
-- Up-to-date: /home/rescue-robot/buaa_rescue_robot/install/buaa_rescue_robot_msgs/share/buaa_rescue_robot_msgs/cmake/buaa_rescue_robot_msgs__rosidl_typesupport_introspection_cppExport.cmake
-- Up-to-date: /home/rescue-robot/buaa_rescue_robot/install/buaa_rescue_robot_msgs/share/buaa_rescue_robot_msgs/cmake/buaa_rescue_robot_msgs__rosidl_typesupport_introspection_cppExport-noconfig.cmake
-- Up-to-date: /home/rescue-robot/buaa_rescue_robot/install/buaa_rescue_robot_msgs/share/buaa_rescue_robot_msgs/cmake/buaa_rescue_robot_msgs__rosidl_typesupport_cppExport.cmake
-- Up-to-date: /home/rescue-robot/buaa_rescue_robot/install/buaa_rescue_robot_msgs/share/buaa_rescue_robot_msgs/cmake/buaa_rescue_robot_msgs__rosidl_typesupport_cppExport-noconfig.cmake
-- Up-to-date: /home/rescue-robot/buaa_rescue_robot/install/buaa_rescue_robot_msgs/share/buaa_rescue_robot_msgs/cmake/export_buaa_rescue_robot_msgs__rosidl_generator_pyExport.cmake
-- Up-to-date: /home/rescue-robot/buaa_rescue_robot/install/buaa_rescue_robot_msgs/share/buaa_rescue_robot_msgs/cmake/export_buaa_rescue_robot_msgs__rosidl_generator_pyExport-noconfig.cmake
-- Up-to-date: /home/rescue-robot/buaa_rescue_robot/install/buaa_rescue_robot_msgs/share/buaa_rescue_robot_msgs/cmake/rosidl_cmake-extras.cmake
-- Up-to-date: /home/rescue-robot/buaa_rescue_robot/install/buaa_rescue_robot_msgs/share/buaa_rescue_robot_msgs/cmake/ament_cmake_export_include_directories-extras.cmake
-- Up-to-date: /home/rescue-robot/buaa_rescue_robot/install/buaa_rescue_robot_msgs/share/buaa_rescue_robot_msgs/cmake/ament_cmake_export_libraries-extras.cmake
-- Up-to-date: /home/rescue-robot/buaa_rescue_robot/install/buaa_rescue_robot_msgs/share/buaa_rescue_robot_msgs/cmake/ament_cmake_export_targets-extras.cmake
-- Up-to-date: /home/rescue-robot/buaa_rescue_robot/install/buaa_rescue_robot_msgs/share/buaa_rescue_robot_msgs/cmake/rosidl_cmake_export_typesupport_targets-extras.cmake
-- Up-to-date: /home/rescue-robot/buaa_rescue_robot/install/buaa_rescue_robot_msgs/share/buaa_rescue_robot_msgs/cmake/ament_cmake_export_dependencies-extras.cmake
-- Up-to-date: /home/rescue-robot/buaa_rescue_robot/install/buaa_rescue_robot_msgs/share/buaa_rescue_robot_msgs/cmake/rosidl_cmake_export_typesupport_libraries-extras.cmake
-- Up-to-date: /home/rescue-robot/buaa_rescue_robot/install/buaa_rescue_robot_msgs/share/buaa_rescue_robot_msgs/cmake/buaa_rescue_robot_msgsConfig.cmake
-- Up-to-date: /home/rescue-robot/buaa_rescue_robot/install/buaa_rescue_robot_msgs/share/buaa_rescue_robot_msgs/cmake/buaa_rescue_robot_msgsConfig-version.cmake
-- Up-to-date: /home/rescue-robot/buaa_rescue_robot/install/buaa_rescue_robot_msgs/share/buaa_rescue_robot_msgs/package.xml
