[0.014s] Invoking command in '/home/rescue-robot/buaa_rescue_robot/build/buaa_rescue_robot_msgs': CMAKE_PREFIX_PATH=${CMAKE_PREFIX_PATH}:/opt/ros/humble /usr/bin/cmake --build /home/rescue-robot/buaa_rescue_robot/build/buaa_rescue_robot_msgs -- -j8 -l8
[0.043s] -- Found ament_cmake: 1.3.5 (/opt/ros/humble/share/ament_cmake/cmake)
[0.168s] -- Found rclcpp: 16.0.5 (/opt/ros/humble/share/rclcpp/cmake)
[0.191s] -- Found rosidl_generator_c: 3.1.5 (/opt/ros/humble/share/rosidl_generator_c/cmake)
[0.193s] -- Found rosidl_adapter: 3.1.5 (/opt/ros/humble/share/rosidl_adapter/cmake)
[0.200s] -- Found rosidl_generator_cpp: 3.1.5 (/opt/ros/humble/share/rosidl_generator_cpp/cmake)
[0.212s] -- Using all available rosidl_typesupport_c: rosidl_typesupport_fastrtps_c;rosidl_typesupport_introspection_c
[0.228s] -- Using all available rosidl_typesupport_cpp: rosidl_typesupport_fastrtps_cpp;rosidl_typesupport_introspection_cpp
[0.269s] -- Found rmw_implementation_cmake: 6.1.1 (/opt/ros/humble/share/rmw_implementation_cmake/cmake)
[0.270s] -- Found rmw_fastrtps_cpp: 6.2.3 (/opt/ros/humble/share/rmw_fastrtps_cpp/cmake)
[0.362s] -- Using RMW implementation 'rmw_fastrtps_cpp' as default
[0.483s] -- Found rosidl_default_generators: 1.2.0 (/opt/ros/humble/share/rosidl_default_generators/cmake)
[0.681s] -- Found ament_cmake_ros: 0.10.0 (/opt/ros/humble/share/ament_cmake_ros/cmake)
[0.906s] -- Using all available rosidl_typesupport_c: rosidl_typesupport_fastrtps_c;rosidl_typesupport_introspection_c
[0.994s] -- Using all available rosidl_typesupport_cpp: rosidl_typesupport_fastrtps_cpp;rosidl_typesupport_introspection_cpp
[1.012s] -- Found python_cmake_module: 0.10.0 (/opt/ros/humble/share/python_cmake_module/cmake)
[1.031s] -- Using PYTHON_EXECUTABLE: /usr/bin/python3
[1.031s] -- Using PYTHON_INCLUDE_DIRS: /usr/include/python3.10
[1.031s] -- Using PYTHON_LIBRARIES: /usr/lib/x86_64-linux-gnu/libpython3.10.so
[1.041s] -- Found ament_lint_auto: 0.12.7 (/opt/ros/humble/share/ament_lint_auto/cmake)
[1.049s] -- Added test 'flake8' to check Python code syntax and style conventions
[1.050s] -- Added test 'lint_cmake' to check CMake code style
[1.050s] -- Added test 'pep257' to check Python code against some of the docstring style conventions in PEP 257
[1.052s] -- Added test 'xmllint' to check XML markup files
[1.053s] -- Configuring done
[1.074s] -- Generating done
[1.077s] -- Build files have been written to: /home/rescue-robot/buaa_rescue_robot/build/buaa_rescue_robot_msgs
[1.097s] [  2%] [34m[1mGenerating C code for ROS interfaces[0m
[1.105s] [  5%] [34m[1mGenerating C++ code for ROS interfaces[0m
[1.112s] [  5%] Built target ament_cmake_python_copy_buaa_rescue_robot_msgs
[1.316s] running egg_info
[1.316s] writing buaa_rescue_robot_msgs.egg-info/PKG-INFO
[1.316s] writing dependency_links to buaa_rescue_robot_msgs.egg-info/dependency_links.txt
[1.317s] writing top-level names to buaa_rescue_robot_msgs.egg-info/top_level.txt
[1.318s] reading manifest file 'buaa_rescue_robot_msgs.egg-info/SOURCES.txt'
[1.319s] writing manifest file 'buaa_rescue_robot_msgs.egg-info/SOURCES.txt'
[1.347s] [  5%] Built target ament_cmake_python_build_buaa_rescue_robot_msgs_egg
[1.376s] [  5%] Built target buaa_rescue_robot_msgs__cpp
[1.387s] [  7%] [34m[1mGenerating C++ type support for eProsima Fast-RTPS[0m
[1.387s] [ 10%] [34m[1mGenerating C++ type support dispatch for ROS interfaces[0m
[1.388s] [ 12%] [34m[1mGenerating C++ introspection for ROS interfaces[0m
[1.396s] [35m[1mConsolidate compiler generated dependencies of target buaa_rescue_robot_msgs__rosidl_generator_c[0m
[1.411s] [ 17%] [32mBuilding C object CMakeFiles/buaa_rescue_robot_msgs__rosidl_generator_c.dir/rosidl_generator_c/buaa_rescue_robot_msgs/msg/detail/sensors_message__functions.c.o[0m
[1.411s] [ 17%] [32mBuilding C object CMakeFiles/buaa_rescue_robot_msgs__rosidl_generator_c.dir/rosidl_generator_c/buaa_rescue_robot_msgs/msg/detail/control_message__functions.c.o[0m
[1.481s] [ 20%] [32m[1mLinking C shared library libbuaa_rescue_robot_msgs__rosidl_generator_c.so[0m
[1.524s] [ 20%] Built target buaa_rescue_robot_msgs__rosidl_generator_c
[1.539s] [ 23%] [34m[1mGenerating C type support for eProsima Fast-RTPS[0m
[1.543s] [ 25%] [34m[1mGenerating C type support dispatch for ROS interfaces[0m
[1.546s] [ 28%] [34m[1mGenerating C introspection for ROS interfaces[0m
[1.705s] [35m[1mConsolidate compiler generated dependencies of target buaa_rescue_robot_msgs__rosidl_typesupport_cpp[0m
[1.731s] [35m[1mConsolidate compiler generated dependencies of target buaa_rescue_robot_msgs__rosidl_typesupport_fastrtps_cpp[0m
[1.742s] [ 30%] [32mBuilding CXX object CMakeFiles/buaa_rescue_robot_msgs__rosidl_typesupport_cpp.dir/rosidl_typesupport_cpp/buaa_rescue_robot_msgs/msg/control_message__type_support.cpp.o[0m
[1.766s] [ 33%] [32mBuilding CXX object CMakeFiles/buaa_rescue_robot_msgs__rosidl_typesupport_cpp.dir/rosidl_typesupport_cpp/buaa_rescue_robot_msgs/msg/sensors_message__type_support.cpp.o[0m
[1.767s] [ 35%] [32mBuilding CXX object CMakeFiles/buaa_rescue_robot_msgs__rosidl_typesupport_fastrtps_cpp.dir/rosidl_typesupport_fastrtps_cpp/buaa_rescue_robot_msgs/msg/detail/dds_fastrtps/control_message__type_support.cpp.o[0m
[1.798s] [35m[1mConsolidate compiler generated dependencies of target buaa_rescue_robot_msgs__rosidl_typesupport_introspection_cpp[0m
[1.809s] [ 38%] [32mBuilding CXX object CMakeFiles/buaa_rescue_robot_msgs__rosidl_typesupport_fastrtps_cpp.dir/rosidl_typesupport_fastrtps_cpp/buaa_rescue_robot_msgs/msg/detail/dds_fastrtps/sensors_message__type_support.cpp.o[0m
[1.824s] [ 41%] [32mBuilding CXX object CMakeFiles/buaa_rescue_robot_msgs__rosidl_typesupport_introspection_cpp.dir/rosidl_typesupport_introspection_cpp/buaa_rescue_robot_msgs/msg/detail/control_message__type_support.cpp.o[0m
[1.899s] [35m[1mConsolidate compiler generated dependencies of target buaa_rescue_robot_msgs__rosidl_typesupport_c[0m
[1.915s] [ 43%] [32mBuilding CXX object CMakeFiles/buaa_rescue_robot_msgs__rosidl_typesupport_c.dir/rosidl_typesupport_c/buaa_rescue_robot_msgs/msg/control_message__type_support.cpp.o[0m
[1.959s] [ 46%] [32mBuilding CXX object CMakeFiles/buaa_rescue_robot_msgs__rosidl_typesupport_c.dir/rosidl_typesupport_c/buaa_rescue_robot_msgs/msg/sensors_message__type_support.cpp.o[0m
[1.995s] [ 48%] [32m[1mLinking CXX shared library libbuaa_rescue_robot_msgs__rosidl_typesupport_c.so[0m
[2.005s] [35m[1mConsolidate compiler generated dependencies of target buaa_rescue_robot_msgs__rosidl_typesupport_fastrtps_c[0m
[2.009s] [35m[1mConsolidate compiler generated dependencies of target buaa_rescue_robot_msgs__rosidl_typesupport_introspection_c[0m
[2.022s] [ 51%] [32mBuilding CXX object CMakeFiles/buaa_rescue_robot_msgs__rosidl_typesupport_fastrtps_c.dir/rosidl_typesupport_fastrtps_c/buaa_rescue_robot_msgs/msg/detail/control_message__type_support_c.cpp.o[0m
[2.025s] [ 53%] [32mBuilding C object CMakeFiles/buaa_rescue_robot_msgs__rosidl_typesupport_introspection_c.dir/rosidl_typesupport_introspection_c/buaa_rescue_robot_msgs/msg/detail/control_message__type_support.c.o[0m
[2.069s] [ 53%] Built target buaa_rescue_robot_msgs__rosidl_typesupport_c
[2.081s] [ 56%] [32mBuilding CXX object CMakeFiles/buaa_rescue_robot_msgs__rosidl_typesupport_fastrtps_c.dir/rosidl_typesupport_fastrtps_c/buaa_rescue_robot_msgs/msg/detail/sensors_message__type_support_c.cpp.o[0m
[2.111s] [ 58%] [32mBuilding C object CMakeFiles/buaa_rescue_robot_msgs__rosidl_typesupport_introspection_c.dir/rosidl_typesupport_introspection_c/buaa_rescue_robot_msgs/msg/detail/sensors_message__type_support.c.o[0m
[2.160s] [ 61%] [32m[1mLinking C shared library libbuaa_rescue_robot_msgs__rosidl_typesupport_introspection_c.so[0m
[2.182s] [ 64%] [32mBuilding CXX object CMakeFiles/buaa_rescue_robot_msgs__rosidl_typesupport_introspection_cpp.dir/rosidl_typesupport_introspection_cpp/buaa_rescue_robot_msgs/msg/detail/sensors_message__type_support.cpp.o[0m
[2.191s] [ 66%] [32m[1mLinking CXX shared library libbuaa_rescue_robot_msgs__rosidl_typesupport_cpp.so[0m
[2.234s] [ 66%] Built target buaa_rescue_robot_msgs__rosidl_typesupport_introspection_c
[2.256s] [ 66%] Built target buaa_rescue_robot_msgs__rosidl_typesupport_cpp
[2.448s] [ 69%] [32m[1mLinking CXX shared library libbuaa_rescue_robot_msgs__rosidl_typesupport_fastrtps_cpp.so[0m
[2.518s] [ 71%] [32m[1mLinking CXX shared library libbuaa_rescue_robot_msgs__rosidl_typesupport_fastrtps_c.so[0m
[2.524s] [ 71%] Built target buaa_rescue_robot_msgs__rosidl_typesupport_fastrtps_cpp
[2.585s] [ 71%] Built target buaa_rescue_robot_msgs__rosidl_typesupport_fastrtps_c
[2.598s] [ 74%] [32m[1mLinking CXX shared library libbuaa_rescue_robot_msgs__rosidl_typesupport_introspection_cpp.so[0m
[2.631s] [ 74%] Built target buaa_rescue_robot_msgs__rosidl_typesupport_introspection_cpp
[2.648s] [ 74%] Built target buaa_rescue_robot_msgs
[2.664s] [ 76%] [34m[1mGenerating Python code for ROS interfaces[0m
[2.968s] [ 76%] Built target buaa_rescue_robot_msgs__py
[2.976s] [35m[1mConsolidate compiler generated dependencies of target buaa_rescue_robot_msgs__rosidl_generator_py[0m
[2.987s] [ 79%] [32mBuilding C object CMakeFiles/buaa_rescue_robot_msgs__rosidl_generator_py.dir/rosidl_generator_py/buaa_rescue_robot_msgs/msg/_control_message_s.c.o[0m
[2.987s] [ 82%] [32mBuilding C object CMakeFiles/buaa_rescue_robot_msgs__rosidl_generator_py.dir/rosidl_generator_py/buaa_rescue_robot_msgs/msg/_sensors_message_s.c.o[0m
[3.064s] [ 84%] [32m[1mLinking C shared library rosidl_generator_py/buaa_rescue_robot_msgs/libbuaa_rescue_robot_msgs__rosidl_generator_py.so[0m
[3.093s] [ 84%] Built target buaa_rescue_robot_msgs__rosidl_generator_py
[3.101s] [35m[1mConsolidate compiler generated dependencies of target buaa_rescue_robot_msgs__rosidl_typesupport_introspection_c__pyext[0m
[3.101s] [35m[1mConsolidate compiler generated dependencies of target buaa_rescue_robot_msgs__rosidl_typesupport_fastrtps_c__pyext[0m
[3.103s] [35m[1mConsolidate compiler generated dependencies of target buaa_rescue_robot_msgs__rosidl_typesupport_c__pyext[0m
[3.115s] [ 89%] [32mBuilding C object CMakeFiles/buaa_rescue_robot_msgs__rosidl_typesupport_fastrtps_c__pyext.dir/rosidl_generator_py/buaa_rescue_robot_msgs/_buaa_rescue_robot_msgs_s.ep.rosidl_typesupport_fastrtps_c.c.o[0m
[3.115s] [ 89%] [32mBuilding C object CMakeFiles/buaa_rescue_robot_msgs__rosidl_typesupport_introspection_c__pyext.dir/rosidl_generator_py/buaa_rescue_robot_msgs/_buaa_rescue_robot_msgs_s.ep.rosidl_typesupport_introspection_c.c.o[0m
[3.115s] [ 92%] [32mBuilding C object CMakeFiles/buaa_rescue_robot_msgs__rosidl_typesupport_c__pyext.dir/rosidl_generator_py/buaa_rescue_robot_msgs/_buaa_rescue_robot_msgs_s.ep.rosidl_typesupport_c.c.o[0m
[3.210s] [ 94%] [32m[1mLinking C shared library rosidl_generator_py/buaa_rescue_robot_msgs/buaa_rescue_robot_msgs_s__rosidl_typesupport_introspection_c.cpython-310-x86_64-linux-gnu.so[0m
[3.237s] [100%] [32m[1mLinking C shared library rosidl_generator_py/buaa_rescue_robot_msgs/buaa_rescue_robot_msgs_s__rosidl_typesupport_fastrtps_c.cpython-310-x86_64-linux-gnu.so[0m
[3.237s] [100%] [32m[1mLinking C shared library rosidl_generator_py/buaa_rescue_robot_msgs/buaa_rescue_robot_msgs_s__rosidl_typesupport_c.cpython-310-x86_64-linux-gnu.so[0m
[3.245s] [100%] Built target buaa_rescue_robot_msgs__rosidl_typesupport_introspection_c__pyext
[3.271s] [100%] Built target buaa_rescue_robot_msgs__rosidl_typesupport_fastrtps_c__pyext
[3.273s] [100%] Built target buaa_rescue_robot_msgs__rosidl_typesupport_c__pyext
[3.283s] Invoked command in '/home/rescue-robot/buaa_rescue_robot/build/buaa_rescue_robot_msgs' returned '0': CMAKE_PREFIX_PATH=${CMAKE_PREFIX_PATH}:/opt/ros/humble /usr/bin/cmake --build /home/rescue-robot/buaa_rescue_robot/build/buaa_rescue_robot_msgs -- -j8 -l8
[3.344s] Invoking command in '/home/rescue-robot/buaa_rescue_robot/build/buaa_rescue_robot_msgs': CMAKE_PREFIX_PATH=${CMAKE_PREFIX_PATH}:/opt/ros/humble /usr/bin/cmake --install /home/rescue-robot/buaa_rescue_robot/build/buaa_rescue_robot_msgs
[3.350s] -- Install configuration: ""
[3.351s] -- Up-to-date: /home/rescue-robot/buaa_rescue_robot/install/buaa_rescue_robot_msgs/share/ament_index/resource_index/rosidl_interfaces/buaa_rescue_robot_msgs
[3.351s] -- Up-to-date: /home/rescue-robot/buaa_rescue_robot/install/buaa_rescue_robot_msgs/include/buaa_rescue_robot_msgs/buaa_rescue_robot_msgs
[3.351s] -- Up-to-date: /home/rescue-robot/buaa_rescue_robot/install/buaa_rescue_robot_msgs/include/buaa_rescue_robot_msgs/buaa_rescue_robot_msgs/msg
[3.351s] -- Up-to-date: /home/rescue-robot/buaa_rescue_robot/install/buaa_rescue_robot_msgs/include/buaa_rescue_robot_msgs/buaa_rescue_robot_msgs/msg/detail
[3.351s] -- Installing: /home/rescue-robot/buaa_rescue_robot/install/buaa_rescue_robot_msgs/include/buaa_rescue_robot_msgs/buaa_rescue_robot_msgs/msg/detail/sensors_message__functions.h
[3.351s] -- Installing: /home/rescue-robot/buaa_rescue_robot/install/buaa_rescue_robot_msgs/include/buaa_rescue_robot_msgs/buaa_rescue_robot_msgs/msg/detail/sensors_message__functions.c
[3.351s] -- Installing: /home/rescue-robot/buaa_rescue_robot/install/buaa_rescue_robot_msgs/include/buaa_rescue_robot_msgs/buaa_rescue_robot_msgs/msg/detail/sensors_message__type_support.h
[3.351s] -- Installing: /home/rescue-robot/buaa_rescue_robot/install/buaa_rescue_robot_msgs/include/buaa_rescue_robot_msgs/buaa_rescue_robot_msgs/msg/detail/control_message__struct.h
[3.351s] -- Installing: /home/rescue-robot/buaa_rescue_robot/install/buaa_rescue_robot_msgs/include/buaa_rescue_robot_msgs/buaa_rescue_robot_msgs/msg/detail/control_message__type_support.h
[3.351s] -- Installing: /home/rescue-robot/buaa_rescue_robot/install/buaa_rescue_robot_msgs/include/buaa_rescue_robot_msgs/buaa_rescue_robot_msgs/msg/detail/control_message__functions.c
[3.351s] -- Installing: /home/rescue-robot/buaa_rescue_robot/install/buaa_rescue_robot_msgs/include/buaa_rescue_robot_msgs/buaa_rescue_robot_msgs/msg/detail/sensors_message__struct.h
[3.351s] -- Installing: /home/rescue-robot/buaa_rescue_robot/install/buaa_rescue_robot_msgs/include/buaa_rescue_robot_msgs/buaa_rescue_robot_msgs/msg/detail/control_message__functions.h
[3.351s] -- Installing: /home/rescue-robot/buaa_rescue_robot/install/buaa_rescue_robot_msgs/include/buaa_rescue_robot_msgs/buaa_rescue_robot_msgs/msg/control_message.h
[3.352s] -- Up-to-date: /home/rescue-robot/buaa_rescue_robot/install/buaa_rescue_robot_msgs/include/buaa_rescue_robot_msgs/buaa_rescue_robot_msgs/msg/rosidl_generator_c__visibility_control.h
[3.352s] -- Installing: /home/rescue-robot/buaa_rescue_robot/install/buaa_rescue_robot_msgs/include/buaa_rescue_robot_msgs/buaa_rescue_robot_msgs/msg/sensors_message.h
[3.352s] -- Up-to-date: /home/rescue-robot/buaa_rescue_robot/install/buaa_rescue_robot_msgs/share/buaa_rescue_robot_msgs/environment/library_path.sh
[3.352s] -- Installing: /home/rescue-robot/buaa_rescue_robot/install/buaa_rescue_robot_msgs/share/buaa_rescue_robot_msgs/environment/library_path.dsv
[3.352s] -- Installing: /home/rescue-robot/buaa_rescue_robot/install/buaa_rescue_robot_msgs/lib/libbuaa_rescue_robot_msgs__rosidl_generator_c.so
[3.352s] -- Set runtime path of "/home/rescue-robot/buaa_rescue_robot/install/buaa_rescue_robot_msgs/lib/libbuaa_rescue_robot_msgs__rosidl_generator_c.so" to ""
[3.352s] -- Up-to-date: /home/rescue-robot/buaa_rescue_robot/install/buaa_rescue_robot_msgs/include/buaa_rescue_robot_msgs/buaa_rescue_robot_msgs
[3.352s] -- Up-to-date: /home/rescue-robot/buaa_rescue_robot/install/buaa_rescue_robot_msgs/include/buaa_rescue_robot_msgs/buaa_rescue_robot_msgs/msg
[3.353s] -- Up-to-date: /home/rescue-robot/buaa_rescue_robot/install/buaa_rescue_robot_msgs/include/buaa_rescue_robot_msgs/buaa_rescue_robot_msgs/msg/detail
[3.353s] -- Installing: /home/rescue-robot/buaa_rescue_robot/install/buaa_rescue_robot_msgs/include/buaa_rescue_robot_msgs/buaa_rescue_robot_msgs/msg/detail/control_message__rosidl_typesupport_fastrtps_c.h
[3.353s] -- Installing: /home/rescue-robot/buaa_rescue_robot/install/buaa_rescue_robot_msgs/include/buaa_rescue_robot_msgs/buaa_rescue_robot_msgs/msg/detail/sensors_message__rosidl_typesupport_fastrtps_c.h
[3.353s] -- Up-to-date: /home/rescue-robot/buaa_rescue_robot/install/buaa_rescue_robot_msgs/include/buaa_rescue_robot_msgs/buaa_rescue_robot_msgs/msg/rosidl_typesupport_fastrtps_c__visibility_control.h
[3.353s] -- Installing: /home/rescue-robot/buaa_rescue_robot/install/buaa_rescue_robot_msgs/lib/libbuaa_rescue_robot_msgs__rosidl_typesupport_fastrtps_c.so
[3.353s] -- Set runtime path of "/home/rescue-robot/buaa_rescue_robot/install/buaa_rescue_robot_msgs/lib/libbuaa_rescue_robot_msgs__rosidl_typesupport_fastrtps_c.so" to ""
[3.353s] -- Up-to-date: /home/rescue-robot/buaa_rescue_robot/install/buaa_rescue_robot_msgs/include/buaa_rescue_robot_msgs/buaa_rescue_robot_msgs
[3.353s] -- Up-to-date: /home/rescue-robot/buaa_rescue_robot/install/buaa_rescue_robot_msgs/include/buaa_rescue_robot_msgs/buaa_rescue_robot_msgs/msg
[3.353s] -- Up-to-date: /home/rescue-robot/buaa_rescue_robot/install/buaa_rescue_robot_msgs/include/buaa_rescue_robot_msgs/buaa_rescue_robot_msgs/msg/detail
[3.353s] -- Installing: /home/rescue-robot/buaa_rescue_robot/install/buaa_rescue_robot_msgs/include/buaa_rescue_robot_msgs/buaa_rescue_robot_msgs/msg/detail/sensors_message__builder.hpp
[3.353s] -- Installing: /home/rescue-robot/buaa_rescue_robot/install/buaa_rescue_robot_msgs/include/buaa_rescue_robot_msgs/buaa_rescue_robot_msgs/msg/detail/control_message__builder.hpp
[3.353s] -- Installing: /home/rescue-robot/buaa_rescue_robot/install/buaa_rescue_robot_msgs/include/buaa_rescue_robot_msgs/buaa_rescue_robot_msgs/msg/detail/control_message__struct.hpp
[3.353s] -- Installing: /home/rescue-robot/buaa_rescue_robot/install/buaa_rescue_robot_msgs/include/buaa_rescue_robot_msgs/buaa_rescue_robot_msgs/msg/detail/sensors_message__traits.hpp
[3.354s] -- Installing: /home/rescue-robot/buaa_rescue_robot/install/buaa_rescue_robot_msgs/include/buaa_rescue_robot_msgs/buaa_rescue_robot_msgs/msg/detail/sensors_message__struct.hpp
[3.354s] -- Installing: /home/rescue-robot/buaa_rescue_robot/install/buaa_rescue_robot_msgs/include/buaa_rescue_robot_msgs/buaa_rescue_robot_msgs/msg/detail/control_message__traits.hpp
[3.354s] -- Installing: /home/rescue-robot/buaa_rescue_robot/install/buaa_rescue_robot_msgs/include/buaa_rescue_robot_msgs/buaa_rescue_robot_msgs/msg/control_message.hpp
[3.354s] -- Installing: /home/rescue-robot/buaa_rescue_robot/install/buaa_rescue_robot_msgs/include/buaa_rescue_robot_msgs/buaa_rescue_robot_msgs/msg/sensors_message.hpp
[3.354s] -- Up-to-date: /home/rescue-robot/buaa_rescue_robot/install/buaa_rescue_robot_msgs/include/buaa_rescue_robot_msgs/buaa_rescue_robot_msgs
[3.354s] -- Up-to-date: /home/rescue-robot/buaa_rescue_robot/install/buaa_rescue_robot_msgs/include/buaa_rescue_robot_msgs/buaa_rescue_robot_msgs/msg
[3.354s] -- Up-to-date: /home/rescue-robot/buaa_rescue_robot/install/buaa_rescue_robot_msgs/include/buaa_rescue_robot_msgs/buaa_rescue_robot_msgs/msg/detail
[3.354s] -- Installing: /home/rescue-robot/buaa_rescue_robot/install/buaa_rescue_robot_msgs/include/buaa_rescue_robot_msgs/buaa_rescue_robot_msgs/msg/detail/control_message__rosidl_typesupport_fastrtps_cpp.hpp
[3.354s] -- Up-to-date: /home/rescue-robot/buaa_rescue_robot/install/buaa_rescue_robot_msgs/include/buaa_rescue_robot_msgs/buaa_rescue_robot_msgs/msg/detail/dds_fastrtps
[3.354s] -- Installing: /home/rescue-robot/buaa_rescue_robot/install/buaa_rescue_robot_msgs/include/buaa_rescue_robot_msgs/buaa_rescue_robot_msgs/msg/detail/sensors_message__rosidl_typesupport_fastrtps_cpp.hpp
[3.354s] -- Up-to-date: /home/rescue-robot/buaa_rescue_robot/install/buaa_rescue_robot_msgs/include/buaa_rescue_robot_msgs/buaa_rescue_robot_msgs/msg/rosidl_typesupport_fastrtps_cpp__visibility_control.h
[3.354s] -- Installing: /home/rescue-robot/buaa_rescue_robot/install/buaa_rescue_robot_msgs/lib/libbuaa_rescue_robot_msgs__rosidl_typesupport_fastrtps_cpp.so
[3.355s] -- Set runtime path of "/home/rescue-robot/buaa_rescue_robot/install/buaa_rescue_robot_msgs/lib/libbuaa_rescue_robot_msgs__rosidl_typesupport_fastrtps_cpp.so" to ""
[3.355s] -- Up-to-date: /home/rescue-robot/buaa_rescue_robot/install/buaa_rescue_robot_msgs/include/buaa_rescue_robot_msgs/buaa_rescue_robot_msgs
[3.355s] -- Up-to-date: /home/rescue-robot/buaa_rescue_robot/install/buaa_rescue_robot_msgs/include/buaa_rescue_robot_msgs/buaa_rescue_robot_msgs/msg
[3.355s] -- Up-to-date: /home/rescue-robot/buaa_rescue_robot/install/buaa_rescue_robot_msgs/include/buaa_rescue_robot_msgs/buaa_rescue_robot_msgs/msg/detail
[3.355s] -- Installing: /home/rescue-robot/buaa_rescue_robot/install/buaa_rescue_robot_msgs/include/buaa_rescue_robot_msgs/buaa_rescue_robot_msgs/msg/detail/sensors_message__type_support.c
[3.355s] -- Installing: /home/rescue-robot/buaa_rescue_robot/install/buaa_rescue_robot_msgs/include/buaa_rescue_robot_msgs/buaa_rescue_robot_msgs/msg/detail/sensors_message__rosidl_typesupport_introspection_c.h
[3.355s] -- Installing: /home/rescue-robot/buaa_rescue_robot/install/buaa_rescue_robot_msgs/include/buaa_rescue_robot_msgs/buaa_rescue_robot_msgs/msg/detail/control_message__rosidl_typesupport_introspection_c.h
[3.355s] -- Installing: /home/rescue-robot/buaa_rescue_robot/install/buaa_rescue_robot_msgs/include/buaa_rescue_robot_msgs/buaa_rescue_robot_msgs/msg/detail/control_message__type_support.c
[3.355s] -- Up-to-date: /home/rescue-robot/buaa_rescue_robot/install/buaa_rescue_robot_msgs/include/buaa_rescue_robot_msgs/buaa_rescue_robot_msgs/msg/rosidl_typesupport_introspection_c__visibility_control.h
[3.355s] -- Installing: /home/rescue-robot/buaa_rescue_robot/install/buaa_rescue_robot_msgs/lib/libbuaa_rescue_robot_msgs__rosidl_typesupport_introspection_c.so
[3.355s] -- Set runtime path of "/home/rescue-robot/buaa_rescue_robot/install/buaa_rescue_robot_msgs/lib/libbuaa_rescue_robot_msgs__rosidl_typesupport_introspection_c.so" to ""
[3.356s] -- Installing: /home/rescue-robot/buaa_rescue_robot/install/buaa_rescue_robot_msgs/lib/libbuaa_rescue_robot_msgs__rosidl_typesupport_c.so
[3.356s] -- Set runtime path of "/home/rescue-robot/buaa_rescue_robot/install/buaa_rescue_robot_msgs/lib/libbuaa_rescue_robot_msgs__rosidl_typesupport_c.so" to ""
[3.356s] -- Up-to-date: /home/rescue-robot/buaa_rescue_robot/install/buaa_rescue_robot_msgs/include/buaa_rescue_robot_msgs/buaa_rescue_robot_msgs
[3.356s] -- Up-to-date: /home/rescue-robot/buaa_rescue_robot/install/buaa_rescue_robot_msgs/include/buaa_rescue_robot_msgs/buaa_rescue_robot_msgs/msg
[3.356s] -- Up-to-date: /home/rescue-robot/buaa_rescue_robot/install/buaa_rescue_robot_msgs/include/buaa_rescue_robot_msgs/buaa_rescue_robot_msgs/msg/detail
[3.356s] -- Installing: /home/rescue-robot/buaa_rescue_robot/install/buaa_rescue_robot_msgs/include/buaa_rescue_robot_msgs/buaa_rescue_robot_msgs/msg/detail/sensors_message__type_support.cpp
[3.356s] -- Installing: /home/rescue-robot/buaa_rescue_robot/install/buaa_rescue_robot_msgs/include/buaa_rescue_robot_msgs/buaa_rescue_robot_msgs/msg/detail/control_message__type_support.cpp
[3.356s] -- Installing: /home/rescue-robot/buaa_rescue_robot/install/buaa_rescue_robot_msgs/include/buaa_rescue_robot_msgs/buaa_rescue_robot_msgs/msg/detail/sensors_message__rosidl_typesupport_introspection_cpp.hpp
[3.356s] -- Installing: /home/rescue-robot/buaa_rescue_robot/install/buaa_rescue_robot_msgs/include/buaa_rescue_robot_msgs/buaa_rescue_robot_msgs/msg/detail/control_message__rosidl_typesupport_introspection_cpp.hpp
[3.356s] -- Installing: /home/rescue-robot/buaa_rescue_robot/install/buaa_rescue_robot_msgs/lib/libbuaa_rescue_robot_msgs__rosidl_typesupport_introspection_cpp.so
[3.357s] -- Set runtime path of "/home/rescue-robot/buaa_rescue_robot/install/buaa_rescue_robot_msgs/lib/libbuaa_rescue_robot_msgs__rosidl_typesupport_introspection_cpp.so" to ""
[3.357s] -- Installing: /home/rescue-robot/buaa_rescue_robot/install/buaa_rescue_robot_msgs/lib/libbuaa_rescue_robot_msgs__rosidl_typesupport_cpp.so
[3.357s] -- Set runtime path of "/home/rescue-robot/buaa_rescue_robot/install/buaa_rescue_robot_msgs/lib/libbuaa_rescue_robot_msgs__rosidl_typesupport_cpp.so" to ""
[3.357s] -- Up-to-date: /home/rescue-robot/buaa_rescue_robot/install/buaa_rescue_robot_msgs/share/buaa_rescue_robot_msgs/environment/pythonpath.sh
[3.357s] -- Installing: /home/rescue-robot/buaa_rescue_robot/install/buaa_rescue_robot_msgs/share/buaa_rescue_robot_msgs/environment/pythonpath.dsv
[3.357s] -- Up-to-date: /home/rescue-robot/buaa_rescue_robot/install/buaa_rescue_robot_msgs/local/lib/python3.10/dist-packages/buaa_rescue_robot_msgs-0.0.0-py3.10.egg-info
[3.357s] -- Installing: /home/rescue-robot/buaa_rescue_robot/install/buaa_rescue_robot_msgs/local/lib/python3.10/dist-packages/buaa_rescue_robot_msgs-0.0.0-py3.10.egg-info/dependency_links.txt
[3.357s] -- Installing: /home/rescue-robot/buaa_rescue_robot/install/buaa_rescue_robot_msgs/local/lib/python3.10/dist-packages/buaa_rescue_robot_msgs-0.0.0-py3.10.egg-info/PKG-INFO
[3.357s] -- Installing: /home/rescue-robot/buaa_rescue_robot/install/buaa_rescue_robot_msgs/local/lib/python3.10/dist-packages/buaa_rescue_robot_msgs-0.0.0-py3.10.egg-info/top_level.txt
[3.357s] -- Installing: /home/rescue-robot/buaa_rescue_robot/install/buaa_rescue_robot_msgs/local/lib/python3.10/dist-packages/buaa_rescue_robot_msgs-0.0.0-py3.10.egg-info/SOURCES.txt
[3.357s] -- Up-to-date: /home/rescue-robot/buaa_rescue_robot/install/buaa_rescue_robot_msgs/local/lib/python3.10/dist-packages/buaa_rescue_robot_msgs
[3.358s] -- Installing: /home/rescue-robot/buaa_rescue_robot/install/buaa_rescue_robot_msgs/local/lib/python3.10/dist-packages/buaa_rescue_robot_msgs/_buaa_rescue_robot_msgs_s.ep.rosidl_typesupport_fastrtps_c.c
[3.358s] -- Up-to-date: /home/rescue-robot/buaa_rescue_robot/install/buaa_rescue_robot_msgs/local/lib/python3.10/dist-packages/buaa_rescue_robot_msgs/msg
[3.358s] -- Installing: /home/rescue-robot/buaa_rescue_robot/install/buaa_rescue_robot_msgs/local/lib/python3.10/dist-packages/buaa_rescue_robot_msgs/msg/_sensors_message.py
[3.358s] -- Installing: /home/rescue-robot/buaa_rescue_robot/install/buaa_rescue_robot_msgs/local/lib/python3.10/dist-packages/buaa_rescue_robot_msgs/msg/_control_message_s.c
[3.358s] -- Installing: /home/rescue-robot/buaa_rescue_robot/install/buaa_rescue_robot_msgs/local/lib/python3.10/dist-packages/buaa_rescue_robot_msgs/msg/_sensors_message_s.c
[3.358s] -- Installing: /home/rescue-robot/buaa_rescue_robot/install/buaa_rescue_robot_msgs/local/lib/python3.10/dist-packages/buaa_rescue_robot_msgs/msg/_control_message.py
[3.358s] -- Installing: /home/rescue-robot/buaa_rescue_robot/install/buaa_rescue_robot_msgs/local/lib/python3.10/dist-packages/buaa_rescue_robot_msgs/msg/__init__.py
[3.358s] -- Installing: /home/rescue-robot/buaa_rescue_robot/install/buaa_rescue_robot_msgs/local/lib/python3.10/dist-packages/buaa_rescue_robot_msgs/buaa_rescue_robot_msgs_s__rosidl_typesupport_c.cpython-310-x86_64-linux-gnu.so
[3.358s] -- Installing: /home/rescue-robot/buaa_rescue_robot/install/buaa_rescue_robot_msgs/local/lib/python3.10/dist-packages/buaa_rescue_robot_msgs/_buaa_rescue_robot_msgs_s.ep.rosidl_typesupport_c.c
[3.358s] -- Installing: /home/rescue-robot/buaa_rescue_robot/install/buaa_rescue_robot_msgs/local/lib/python3.10/dist-packages/buaa_rescue_robot_msgs/libbuaa_rescue_robot_msgs__rosidl_generator_py.so
[3.359s] -- Installing: /home/rescue-robot/buaa_rescue_robot/install/buaa_rescue_robot_msgs/local/lib/python3.10/dist-packages/buaa_rescue_robot_msgs/buaa_rescue_robot_msgs_s__rosidl_typesupport_introspection_c.cpython-310-x86_64-linux-gnu.so
[3.359s] -- Installing: /home/rescue-robot/buaa_rescue_robot/install/buaa_rescue_robot_msgs/local/lib/python3.10/dist-packages/buaa_rescue_robot_msgs/buaa_rescue_robot_msgs_s__rosidl_typesupport_fastrtps_c.cpython-310-x86_64-linux-gnu.so
[3.359s] -- Installing: /home/rescue-robot/buaa_rescue_robot/install/buaa_rescue_robot_msgs/local/lib/python3.10/dist-packages/buaa_rescue_robot_msgs/_buaa_rescue_robot_msgs_s.ep.rosidl_typesupport_introspection_c.c
[3.359s] -- Installing: /home/rescue-robot/buaa_rescue_robot/install/buaa_rescue_robot_msgs/local/lib/python3.10/dist-packages/buaa_rescue_robot_msgs/__init__.py
[3.386s] Listing '/home/rescue-robot/buaa_rescue_robot/install/buaa_rescue_robot_msgs/local/lib/python3.10/dist-packages/buaa_rescue_robot_msgs'...
[3.387s] Compiling '/home/rescue-robot/buaa_rescue_robot/install/buaa_rescue_robot_msgs/local/lib/python3.10/dist-packages/buaa_rescue_robot_msgs/__init__.py'...
[3.387s] Listing '/home/rescue-robot/buaa_rescue_robot/install/buaa_rescue_robot_msgs/local/lib/python3.10/dist-packages/buaa_rescue_robot_msgs/msg'...
[3.387s] Compiling '/home/rescue-robot/buaa_rescue_robot/install/buaa_rescue_robot_msgs/local/lib/python3.10/dist-packages/buaa_rescue_robot_msgs/msg/__init__.py'...
[3.387s] Compiling '/home/rescue-robot/buaa_rescue_robot/install/buaa_rescue_robot_msgs/local/lib/python3.10/dist-packages/buaa_rescue_robot_msgs/msg/_control_message.py'...
[3.387s] Compiling '/home/rescue-robot/buaa_rescue_robot/install/buaa_rescue_robot_msgs/local/lib/python3.10/dist-packages/buaa_rescue_robot_msgs/msg/_sensors_message.py'...
[3.390s] -- Installing: /home/rescue-robot/buaa_rescue_robot/install/buaa_rescue_robot_msgs/local/lib/python3.10/dist-packages/buaa_rescue_robot_msgs/buaa_rescue_robot_msgs_s__rosidl_typesupport_fastrtps_c.cpython-310-x86_64-linux-gnu.so
[3.390s] -- Set runtime path of "/home/rescue-robot/buaa_rescue_robot/install/buaa_rescue_robot_msgs/local/lib/python3.10/dist-packages/buaa_rescue_robot_msgs/buaa_rescue_robot_msgs_s__rosidl_typesupport_fastrtps_c.cpython-310-x86_64-linux-gnu.so" to ""
[3.390s] -- Installing: /home/rescue-robot/buaa_rescue_robot/install/buaa_rescue_robot_msgs/local/lib/python3.10/dist-packages/buaa_rescue_robot_msgs/buaa_rescue_robot_msgs_s__rosidl_typesupport_introspection_c.cpython-310-x86_64-linux-gnu.so
[3.391s] -- Set runtime path of "/home/rescue-robot/buaa_rescue_robot/install/buaa_rescue_robot_msgs/local/lib/python3.10/dist-packages/buaa_rescue_robot_msgs/buaa_rescue_robot_msgs_s__rosidl_typesupport_introspection_c.cpython-310-x86_64-linux-gnu.so" to ""
[3.391s] -- Installing: /home/rescue-robot/buaa_rescue_robot/install/buaa_rescue_robot_msgs/local/lib/python3.10/dist-packages/buaa_rescue_robot_msgs/buaa_rescue_robot_msgs_s__rosidl_typesupport_c.cpython-310-x86_64-linux-gnu.so
[3.391s] -- Set runtime path of "/home/rescue-robot/buaa_rescue_robot/install/buaa_rescue_robot_msgs/local/lib/python3.10/dist-packages/buaa_rescue_robot_msgs/buaa_rescue_robot_msgs_s__rosidl_typesupport_c.cpython-310-x86_64-linux-gnu.so" to ""
[3.391s] -- Installing: /home/rescue-robot/buaa_rescue_robot/install/buaa_rescue_robot_msgs/lib/libbuaa_rescue_robot_msgs__rosidl_generator_py.so
[3.391s] -- Set runtime path of "/home/rescue-robot/buaa_rescue_robot/install/buaa_rescue_robot_msgs/lib/libbuaa_rescue_robot_msgs__rosidl_generator_py.so" to ""
[3.391s] -- Up-to-date: /home/rescue-robot/buaa_rescue_robot/install/buaa_rescue_robot_msgs/share/buaa_rescue_robot_msgs/msg/ControlMessage.idl
[3.391s] -- Installing: /home/rescue-robot/buaa_rescue_robot/install/buaa_rescue_robot_msgs/share/buaa_rescue_robot_msgs/msg/SensorsMessage.idl
[3.392s] -- Up-to-date: /home/rescue-robot/buaa_rescue_robot/install/buaa_rescue_robot_msgs/share/buaa_rescue_robot_msgs/msg/ControlMessage.msg
[3.392s] -- Installing: /home/rescue-robot/buaa_rescue_robot/install/buaa_rescue_robot_msgs/share/buaa_rescue_robot_msgs/msg/SensorsMessage.msg
[3.392s] -- Up-to-date: /home/rescue-robot/buaa_rescue_robot/install/buaa_rescue_robot_msgs/share/buaa_rescue_robot_msgs/launch
[3.392s] -- Up-to-date: /home/rescue-robot/buaa_rescue_robot/install/buaa_rescue_robot_msgs/share/buaa_rescue_robot_msgs/launch/elevator_control_by_keyboard.launch.py
[3.392s] -- Up-to-date: /home/rescue-robot/buaa_rescue_robot/install/buaa_rescue_robot_msgs/share/ament_index/resource_index/package_run_dependencies/buaa_rescue_robot_msgs
[3.392s] -- Up-to-date: /home/rescue-robot/buaa_rescue_robot/install/buaa_rescue_robot_msgs/share/ament_index/resource_index/parent_prefix_path/buaa_rescue_robot_msgs
[3.392s] -- Up-to-date: /home/rescue-robot/buaa_rescue_robot/install/buaa_rescue_robot_msgs/share/buaa_rescue_robot_msgs/environment/ament_prefix_path.sh
[3.392s] -- Installing: /home/rescue-robot/buaa_rescue_robot/install/buaa_rescue_robot_msgs/share/buaa_rescue_robot_msgs/environment/ament_prefix_path.dsv
[3.392s] -- Up-to-date: /home/rescue-robot/buaa_rescue_robot/install/buaa_rescue_robot_msgs/share/buaa_rescue_robot_msgs/environment/path.sh
[3.393s] -- Installing: /home/rescue-robot/buaa_rescue_robot/install/buaa_rescue_robot_msgs/share/buaa_rescue_robot_msgs/environment/path.dsv
[3.393s] -- Up-to-date: /home/rescue-robot/buaa_rescue_robot/install/buaa_rescue_robot_msgs/share/buaa_rescue_robot_msgs/local_setup.bash
[3.393s] -- Up-to-date: /home/rescue-robot/buaa_rescue_robot/install/buaa_rescue_robot_msgs/share/buaa_rescue_robot_msgs/local_setup.sh
[3.393s] -- Up-to-date: /home/rescue-robot/buaa_rescue_robot/install/buaa_rescue_robot_msgs/share/buaa_rescue_robot_msgs/local_setup.zsh
[3.393s] -- Installing: /home/rescue-robot/buaa_rescue_robot/install/buaa_rescue_robot_msgs/share/buaa_rescue_robot_msgs/local_setup.dsv
[3.393s] -- Installing: /home/rescue-robot/buaa_rescue_robot/install/buaa_rescue_robot_msgs/share/buaa_rescue_robot_msgs/package.dsv
[3.393s] -- Up-to-date: /home/rescue-robot/buaa_rescue_robot/install/buaa_rescue_robot_msgs/share/ament_index/resource_index/packages/buaa_rescue_robot_msgs
[3.393s] -- Up-to-date: /home/rescue-robot/buaa_rescue_robot/install/buaa_rescue_robot_msgs/share/buaa_rescue_robot_msgs/cmake/export_buaa_rescue_robot_msgs__rosidl_generator_cExport.cmake
[3.393s] -- Up-to-date: /home/rescue-robot/buaa_rescue_robot/install/buaa_rescue_robot_msgs/share/buaa_rescue_robot_msgs/cmake/export_buaa_rescue_robot_msgs__rosidl_generator_cExport-noconfig.cmake
[3.393s] -- Up-to-date: /home/rescue-robot/buaa_rescue_robot/install/buaa_rescue_robot_msgs/share/buaa_rescue_robot_msgs/cmake/export_buaa_rescue_robot_msgs__rosidl_typesupport_fastrtps_cExport.cmake
[3.394s] -- Up-to-date: /home/rescue-robot/buaa_rescue_robot/install/buaa_rescue_robot_msgs/share/buaa_rescue_robot_msgs/cmake/export_buaa_rescue_robot_msgs__rosidl_typesupport_fastrtps_cExport-noconfig.cmake
[3.394s] -- Up-to-date: /home/rescue-robot/buaa_rescue_robot/install/buaa_rescue_robot_msgs/share/buaa_rescue_robot_msgs/cmake/export_buaa_rescue_robot_msgs__rosidl_generator_cppExport.cmake
[3.394s] -- Up-to-date: /home/rescue-robot/buaa_rescue_robot/install/buaa_rescue_robot_msgs/share/buaa_rescue_robot_msgs/cmake/export_buaa_rescue_robot_msgs__rosidl_typesupport_fastrtps_cppExport.cmake
[3.394s] -- Up-to-date: /home/rescue-robot/buaa_rescue_robot/install/buaa_rescue_robot_msgs/share/buaa_rescue_robot_msgs/cmake/export_buaa_rescue_robot_msgs__rosidl_typesupport_fastrtps_cppExport-noconfig.cmake
[3.394s] -- Up-to-date: /home/rescue-robot/buaa_rescue_robot/install/buaa_rescue_robot_msgs/share/buaa_rescue_robot_msgs/cmake/buaa_rescue_robot_msgs__rosidl_typesupport_introspection_cExport.cmake
[3.394s] -- Up-to-date: /home/rescue-robot/buaa_rescue_robot/install/buaa_rescue_robot_msgs/share/buaa_rescue_robot_msgs/cmake/buaa_rescue_robot_msgs__rosidl_typesupport_introspection_cExport-noconfig.cmake
[3.394s] -- Up-to-date: /home/rescue-robot/buaa_rescue_robot/install/buaa_rescue_robot_msgs/share/buaa_rescue_robot_msgs/cmake/buaa_rescue_robot_msgs__rosidl_typesupport_cExport.cmake
[3.394s] -- Up-to-date: /home/rescue-robot/buaa_rescue_robot/install/buaa_rescue_robot_msgs/share/buaa_rescue_robot_msgs/cmake/buaa_rescue_robot_msgs__rosidl_typesupport_cExport-noconfig.cmake
[3.394s] -- Up-to-date: /home/rescue-robot/buaa_rescue_robot/install/buaa_rescue_robot_msgs/share/buaa_rescue_robot_msgs/cmake/buaa_rescue_robot_msgs__rosidl_typesupport_introspection_cppExport.cmake
[3.394s] -- Up-to-date: /home/rescue-robot/buaa_rescue_robot/install/buaa_rescue_robot_msgs/share/buaa_rescue_robot_msgs/cmake/buaa_rescue_robot_msgs__rosidl_typesupport_introspection_cppExport-noconfig.cmake
[3.394s] -- Up-to-date: /home/rescue-robot/buaa_rescue_robot/install/buaa_rescue_robot_msgs/share/buaa_rescue_robot_msgs/cmake/buaa_rescue_robot_msgs__rosidl_typesupport_cppExport.cmake
[3.394s] -- Up-to-date: /home/rescue-robot/buaa_rescue_robot/install/buaa_rescue_robot_msgs/share/buaa_rescue_robot_msgs/cmake/buaa_rescue_robot_msgs__rosidl_typesupport_cppExport-noconfig.cmake
[3.394s] -- Up-to-date: /home/rescue-robot/buaa_rescue_robot/install/buaa_rescue_robot_msgs/share/buaa_rescue_robot_msgs/cmake/export_buaa_rescue_robot_msgs__rosidl_generator_pyExport.cmake
[3.395s] -- Up-to-date: /home/rescue-robot/buaa_rescue_robot/install/buaa_rescue_robot_msgs/share/buaa_rescue_robot_msgs/cmake/export_buaa_rescue_robot_msgs__rosidl_generator_pyExport-noconfig.cmake
[3.395s] -- Up-to-date: /home/rescue-robot/buaa_rescue_robot/install/buaa_rescue_robot_msgs/share/buaa_rescue_robot_msgs/cmake/rosidl_cmake-extras.cmake
[3.395s] -- Up-to-date: /home/rescue-robot/buaa_rescue_robot/install/buaa_rescue_robot_msgs/share/buaa_rescue_robot_msgs/cmake/ament_cmake_export_include_directories-extras.cmake
[3.395s] -- Up-to-date: /home/rescue-robot/buaa_rescue_robot/install/buaa_rescue_robot_msgs/share/buaa_rescue_robot_msgs/cmake/ament_cmake_export_libraries-extras.cmake
[3.397s] -- Up-to-date: /home/rescue-robot/buaa_rescue_robot/install/buaa_rescue_robot_msgs/share/buaa_rescue_robot_msgs/cmake/ament_cmake_export_targets-extras.cmake
[3.397s] -- Up-to-date: /home/rescue-robot/buaa_rescue_robot/install/buaa_rescue_robot_msgs/share/buaa_rescue_robot_msgs/cmake/rosidl_cmake_export_typesupport_targets-extras.cmake
[3.397s] -- Up-to-date: /home/rescue-robot/buaa_rescue_robot/install/buaa_rescue_robot_msgs/share/buaa_rescue_robot_msgs/cmake/ament_cmake_export_dependencies-extras.cmake
[3.397s] -- Up-to-date: /home/rescue-robot/buaa_rescue_robot/install/buaa_rescue_robot_msgs/share/buaa_rescue_robot_msgs/cmake/rosidl_cmake_export_typesupport_libraries-extras.cmake
[3.397s] -- Up-to-date: /home/rescue-robot/buaa_rescue_robot/install/buaa_rescue_robot_msgs/share/buaa_rescue_robot_msgs/cmake/buaa_rescue_robot_msgsConfig.cmake
[3.398s] -- Up-to-date: /home/rescue-robot/buaa_rescue_robot/install/buaa_rescue_robot_msgs/share/buaa_rescue_robot_msgs/cmake/buaa_rescue_robot_msgsConfig-version.cmake
[3.398s] -- Up-to-date: /home/rescue-robot/buaa_rescue_robot/install/buaa_rescue_robot_msgs/share/buaa_rescue_robot_msgs/package.xml
[3.398s] Invoked command in '/home/rescue-robot/buaa_rescue_robot/build/buaa_rescue_robot_msgs' returned '0': CMAKE_PREFIX_PATH=${CMAKE_PREFIX_PATH}:/opt/ros/humble /usr/bin/cmake --install /home/rescue-robot/buaa_rescue_robot/build/buaa_rescue_robot_msgs
