[35m[1mConsolidate compiler generated dependencies of target serial_sender[0m
[ 50%] Built target serial_receiver
[ 75%] [32mBuilding CXX object CMakeFiles/serial_sender.dir/src/serial_sender.cpp.o[0m
[01m[K/home/rescue_robot/buaa_rescue_robot/src/serial/src/serial_sender.cpp:[m[K In lambda function:
[01m[K/home/rescue_robot/buaa_rescue_robot/src/serial/src/serial_sender.cpp:202:38:[m[K [01;31m[Kerror: [m[K‘[01m[Kreceived_modbus_frame_[m[K’ is not captured
  202 |                     std::istream is(&[01;31m[Kreceived_modbus_frame_[m[K);
      |                                      [01;31m[K^~~~~~~~~~~~~~~~~~~~~~[m[K
[01m[K/home/rescue_robot/buaa_rescue_robot/src/serial/src/serial_sender.cpp:195:18:[m[K [01;36m[Knote: [m[Kthe lambda has no capture-default
  195 |             [this[01;36m[K][m[K(const asio::error_code& error, std::size_t bytes_transferred)
      |                  [01;36m[K^[m[K
[01m[K/home/rescue_robot/buaa_rescue_robot/src/serial/src/serial_sender.cpp:192:25:[m[K [01;36m[Knote: [m[K‘[01m[Kasio::streambuf received_modbus_frame_[m[K’ declared here
  192 |         asio::streambuf [01;36m[Kreceived_modbus_frame_[m[K;
      |                         [01;36m[K^~~~~~~~~~~~~~~~~~~~~~[m[K
[01m[K/home/rescue_robot/buaa_rescue_robot/src/serial/src/serial_sender.cpp:[m[K In member function ‘[01m[Kvoid SerialSender::start_receive()[m[K’:
[01m[K/home/rescue_robot/buaa_rescue_robot/src/serial/src/serial_sender.cpp:225:34:[m[K [01;31m[Kerror: [m[K‘[01m[Kdata_vector[m[K’ was not declared in this scope
  225 |     std::cerr << "Max size: " << [01;31m[Kdata_vector[m[K.max_size() << '\n';
      |                                  [01;31m[K^~~~~~~~~~~[m[K
gmake[2]: *** [CMakeFiles/serial_sender.dir/build.make:76: CMakeFiles/serial_sender.dir/src/serial_sender.cpp.o] Error 1
gmake[1]: *** [CMakeFiles/Makefile2:139: CMakeFiles/serial_sender.dir/all] Error 2
gmake: *** [Makefile:146: all] Error 2
