[0.019s] Invoking command in '/home/rescue_robot/buaa_rescue_robot/build/serial': CMAKE_PREFIX_PATH=/home/rescue_robot/buaa_rescue_robot/install/buaa_rescue_robot_msgs:/home/rescue_robot/buaa_rescue_robot/install/serial:/home/rescue_robot/buaa_rescue_robot/install/keyboard_controller:/home/rescue_robot/buaa_rescue_robot/install/cpp_pubsub:/opt/ros/humble /usr/bin/cmake --build /home/rescue_robot/buaa_rescue_robot/build/serial -- -j8 -l8
[0.086s] [35m[1mConsolidate compiler generated dependencies of target serial_sender[0m
[0.112s] [ 50%] Built target serial_receiver
[0.119s] [ 75%] [32mBuilding CXX object CMakeFiles/serial_sender.dir/src/serial_sender.cpp.o[0m
[4.059s] [01m[K/home/rescue_robot/buaa_rescue_robot/src/serial/src/serial_sender.cpp:[m[K In lambda function:
[4.059s] [01m[K/home/rescue_robot/buaa_rescue_robot/src/serial/src/serial_sender.cpp:202:38:[m[K [01;31m[Kerror: [m[K‘[01m[Kreceived_modbus_frame_[m[K’ is not captured
[4.059s]   202 |                     std::istream is(&[01;31m[Kreceived_modbus_frame_[m[K);
[4.059s]       |                                      [01;31m[K^~~~~~~~~~~~~~~~~~~~~~[m[K
[4.059s] [01m[K/home/rescue_robot/buaa_rescue_robot/src/serial/src/serial_sender.cpp:195:18:[m[K [01;36m[Knote: [m[Kthe lambda has no capture-default
[4.060s]   195 |             [this[01;36m[K][m[K(const asio::error_code& error, std::size_t bytes_transferred)
[4.060s]       |                  [01;36m[K^[m[K
[4.060s] [01m[K/home/rescue_robot/buaa_rescue_robot/src/serial/src/serial_sender.cpp:192:25:[m[K [01;36m[Knote: [m[K‘[01m[Kasio::streambuf received_modbus_frame_[m[K’ declared here
[4.060s]   192 |         asio::streambuf [01;36m[Kreceived_modbus_frame_[m[K;
[4.060s]       |                         [01;36m[K^~~~~~~~~~~~~~~~~~~~~~[m[K
[4.083s] [01m[K/home/rescue_robot/buaa_rescue_robot/src/serial/src/serial_sender.cpp:[m[K In member function ‘[01m[Kvoid SerialSender::start_receive()[m[K’:
[4.083s] [01m[K/home/rescue_robot/buaa_rescue_robot/src/serial/src/serial_sender.cpp:225:34:[m[K [01;31m[Kerror: [m[K‘[01m[Kdata_vector[m[K’ was not declared in this scope
[4.083s]   225 |     std::cerr << "Max size: " << [01;31m[Kdata_vector[m[K.max_size() << '\n';
[4.084s]       |                                  [01;31m[K^~~~~~~~~~~[m[K
[7.514s] gmake[2]: *** [CMakeFiles/serial_sender.dir/build.make:76: CMakeFiles/serial_sender.dir/src/serial_sender.cpp.o] Error 1
[7.514s] gmake[1]: *** [CMakeFiles/Makefile2:139: CMakeFiles/serial_sender.dir/all] Error 2
[7.515s] gmake: *** [Makefile:146: all] Error 2
[7.517s] Invoked command in '/home/rescue_robot/buaa_rescue_robot/build/serial' returned '2': CMAKE_PREFIX_PATH=/home/rescue_robot/buaa_rescue_robot/install/buaa_rescue_robot_msgs:/home/rescue_robot/buaa_rescue_robot/install/serial:/home/rescue_robot/buaa_rescue_robot/install/keyboard_controller:/home/rescue_robot/buaa_rescue_robot/install/cpp_pubsub:/opt/ros/humble /usr/bin/cmake --build /home/rescue_robot/buaa_rescue_robot/build/serial -- -j8 -l8
