[0.019s] Invoking command in '/home/rescue_robot/buaa_rescue_robot/build/keyboard_controller': CMAKE_PREFIX_PATH=/home/rescue_robot/buaa_rescue_robot/install/buaa_rescue_robot_msgs:/home/rescue_robot/buaa_rescue_robot/install/serial:/home/rescue_robot/buaa_rescue_robot/install/keyboard_controller:/home/rescue_robot/buaa_rescue_robot/install/cpp_pubsub:/opt/ros/humble /usr/bin/cmake --build /home/rescue_robot/buaa_rescue_robot/build/keyboard_controller -- -j8 -l8
[0.105s] [100%] Built target keyboard_publisher
[0.116s] Invoked command in '/home/rescue_robot/buaa_rescue_robot/build/keyboard_controller' returned '0': CMAKE_PREFIX_PATH=/home/rescue_robot/buaa_rescue_robot/install/buaa_rescue_robot_msgs:/home/rescue_robot/buaa_rescue_robot/install/serial:/home/rescue_robot/buaa_rescue_robot/install/keyboard_controller:/home/rescue_robot/buaa_rescue_robot/install/cpp_pubsub:/opt/ros/humble /usr/bin/cmake --build /home/rescue_robot/buaa_rescue_robot/build/keyboard_controller -- -j8 -l8
[0.149s] Invoking command in '/home/rescue_robot/buaa_rescue_robot/build/keyboard_controller': CMAKE_PREFIX_PATH=/home/rescue_robot/buaa_rescue_robot/install/buaa_rescue_robot_msgs:/home/rescue_robot/buaa_rescue_robot/install/serial:/home/rescue_robot/buaa_rescue_robot/install/keyboard_controller:/home/rescue_robot/buaa_rescue_robot/install/cpp_pubsub:/opt/ros/humble /usr/bin/cmake --install /home/rescue_robot/buaa_rescue_robot/build/keyboard_controller
[0.156s] -- Install configuration: ""
[0.157s] -- Up-to-date: /home/rescue_robot/buaa_rescue_robot/install/keyboard_controller/lib/keyboard_controller/keyboard_publisher
[0.157s] -- Up-to-date: /home/rescue_robot/buaa_rescue_robot/install/keyboard_controller/share/ament_index/resource_index/package_run_dependencies/keyboard_controller
[0.157s] -- Up-to-date: /home/rescue_robot/buaa_rescue_robot/install/keyboard_controller/share/ament_index/resource_index/parent_prefix_path/keyboard_controller
[0.158s] -- Up-to-date: /home/rescue_robot/buaa_rescue_robot/install/keyboard_controller/share/keyboard_controller/environment/ament_prefix_path.sh
[0.158s] -- Up-to-date: /home/rescue_robot/buaa_rescue_robot/install/keyboard_controller/share/keyboard_controller/environment/ament_prefix_path.dsv
[0.158s] -- Up-to-date: /home/rescue_robot/buaa_rescue_robot/install/keyboard_controller/share/keyboard_controller/environment/path.sh
[0.158s] -- Up-to-date: /home/rescue_robot/buaa_rescue_robot/install/keyboard_controller/share/keyboard_controller/environment/path.dsv
[0.158s] -- Up-to-date: /home/rescue_robot/buaa_rescue_robot/install/keyboard_controller/share/keyboard_controller/local_setup.bash
[0.159s] -- Up-to-date: /home/rescue_robot/buaa_rescue_robot/install/keyboard_controller/share/keyboard_controller/local_setup.sh
[0.159s] -- Up-to-date: /home/rescue_robot/buaa_rescue_robot/install/keyboard_controller/share/keyboard_controller/local_setup.zsh
[0.159s] -- Up-to-date: /home/rescue_robot/buaa_rescue_robot/install/keyboard_controller/share/keyboard_controller/local_setup.dsv
[0.159s] -- Installing: /home/rescue_robot/buaa_rescue_robot/install/keyboard_controller/share/keyboard_controller/package.dsv
[0.160s] -- Up-to-date: /home/rescue_robot/buaa_rescue_robot/install/keyboard_controller/share/ament_index/resource_index/packages/keyboard_controller
[0.160s] -- Up-to-date: /home/rescue_robot/buaa_rescue_robot/install/keyboard_controller/share/keyboard_controller/cmake/keyboard_controllerConfig.cmake
[0.160s] -- Up-to-date: /home/rescue_robot/buaa_rescue_robot/install/keyboard_controller/share/keyboard_controller/cmake/keyboard_controllerConfig-version.cmake
[0.160s] -- Up-to-date: /home/rescue_robot/buaa_rescue_robot/install/keyboard_controller/share/keyboard_controller/package.xml
[0.168s] Invoked command in '/home/rescue_robot/buaa_rescue_robot/build/keyboard_controller' returned '0': CMAKE_PREFIX_PATH=/home/rescue_robot/buaa_rescue_robot/install/buaa_rescue_robot_msgs:/home/rescue_robot/buaa_rescue_robot/install/serial:/home/rescue_robot/buaa_rescue_robot/install/keyboard_controller:/home/rescue_robot/buaa_rescue_robot/install/cpp_pubsub:/opt/ros/humble /usr/bin/cmake --install /home/rescue_robot/buaa_rescue_robot/build/keyboard_controller
