[0.020s] Invoking command in '/home/rescue_robot/buaa_rescue_robot/build/serial': CMAKE_PREFIX_PATH=${CMAKE_PREFIX_PATH}:/opt/ros/humble /usr/bin/cmake /home/rescue_robot/buaa_rescue_robot/src/serial -DCMAKE_INSTALL_PREFIX=/home/rescue_robot/buaa_rescue_robot/install/serial
[0.152s] -- The C compiler identification is GNU 11.4.0
[0.281s] -- The CXX compiler identification is GNU 11.4.0
[0.293s] -- Detecting C compiler ABI info
[0.399s] -- Detecting C compiler ABI info - done
[0.416s] -- Check for working C compiler: /usr/bin/cc - skipped
[0.416s] -- Detecting C compile features
[0.417s] -- Detecting C compile features - done
[0.422s] -- Detecting CXX compiler ABI info
[0.523s] -- Detecting CXX compiler ABI info - done
[0.534s] -- Check for working CXX compiler: /usr/bin/c++ - skipped
[0.534s] -- Detecting CXX compile features
[0.535s] -- Detecting CXX compile features - done
[0.540s] -- Found ament_cmake: 1.3.5 (/opt/ros/humble/share/ament_cmake/cmake)
[0.752s] -- Found Python3: /usr/bin/python3.10 (found version "3.10.12") found components: Interpreter 
[0.879s] -- Found rclcpp: 16.0.5 (/opt/ros/humble/share/rclcpp/cmake)
[0.953s] -- Found rosidl_generator_c: 3.1.5 (/opt/ros/humble/share/rosidl_generator_c/cmake)
[0.959s] -- Found rosidl_adapter: 3.1.5 (/opt/ros/humble/share/rosidl_adapter/cmake)
[0.970s] -- Found rosidl_generator_cpp: 3.1.5 (/opt/ros/humble/share/rosidl_generator_cpp/cmake)
[0.987s] -- Using all available rosidl_typesupport_c: rosidl_typesupport_fastrtps_c;rosidl_typesupport_introspection_c
[1.025s] -- Using all available rosidl_typesupport_cpp: rosidl_typesupport_fastrtps_cpp;rosidl_typesupport_introspection_cpp
[1.120s] -- Found rmw_implementation_cmake: 6.1.1 (/opt/ros/humble/share/rmw_implementation_cmake/cmake)
[1.123s] -- Found rmw_fastrtps_cpp: 6.2.3 (/opt/ros/humble/share/rmw_fastrtps_cpp/cmake)
[1.252s] -- Found OpenSSL: /usr/lib/x86_64-linux-gnu/libcrypto.so (found version "3.0.2")  
[1.279s] -- Found FastRTPS: /opt/ros/humble/include  
[1.344s] -- Using RMW implementation 'rmw_fastrtps_cpp' as default
[1.354s] -- Looking for pthread.h
[1.494s] -- Looking for pthread.h - found
[1.495s] -- Performing Test CMAKE_HAVE_LIBC_PTHREAD
[1.623s] -- Performing Test CMAKE_HAVE_LIBC_PTHREAD - Success
[1.623s] -- Found Threads: TRUE  
[1.952s] -- Configuring done
[1.965s] -- Generating done
[1.966s] -- Build files have been written to: /home/rescue_robot/buaa_rescue_robot/build/serial
[1.976s] Invoked command in '/home/rescue_robot/buaa_rescue_robot/build/serial' returned '0': CMAKE_PREFIX_PATH=${CMAKE_PREFIX_PATH}:/opt/ros/humble /usr/bin/cmake /home/rescue_robot/buaa_rescue_robot/src/serial -DCMAKE_INSTALL_PREFIX=/home/rescue_robot/buaa_rescue_robot/install/serial
[1.977s] Invoking command in '/home/rescue_robot/buaa_rescue_robot/build/serial': CMAKE_PREFIX_PATH=${CMAKE_PREFIX_PATH}:/opt/ros/humble /usr/bin/cmake --build /home/rescue_robot/buaa_rescue_robot/build/serial -- -j8 -l8
[2.039s] [ 25%] [32mBuilding CXX object CMakeFiles/serial_sender.dir/src/serial_sender.cpp.o[0m
[2.044s] [ 50%] [32mBuilding CXX object CMakeFiles/serial_receiver.dir/src/serial_receiver.cpp.o[0m
[8.936s] [ 75%] [32m[1mLinking CXX executable serial_receiver[0m
[9.254s] [ 75%] Built target serial_receiver
[15.882s] [100%] [32m[1mLinking CXX executable serial_sender[0m
[16.405s] [100%] Built target serial_sender
[16.416s] Invoked command in '/home/rescue_robot/buaa_rescue_robot/build/serial' returned '0': CMAKE_PREFIX_PATH=${CMAKE_PREFIX_PATH}:/opt/ros/humble /usr/bin/cmake --build /home/rescue_robot/buaa_rescue_robot/build/serial -- -j8 -l8
[16.441s] Invoking command in '/home/rescue_robot/buaa_rescue_robot/build/serial': CMAKE_PREFIX_PATH=${CMAKE_PREFIX_PATH}:/opt/ros/humble /usr/bin/cmake --install /home/rescue_robot/buaa_rescue_robot/build/serial
[16.449s] -- Install configuration: ""
[16.449s] -- Installing: /home/rescue_robot/buaa_rescue_robot/install/serial/lib/serial/serial_sender
[16.457s] -- Set runtime path of "/home/rescue_robot/buaa_rescue_robot/install/serial/lib/serial/serial_sender" to ""
[16.457s] -- Installing: /home/rescue_robot/buaa_rescue_robot/install/serial/lib/serial/serial_receiver
[16.458s] -- Set runtime path of "/home/rescue_robot/buaa_rescue_robot/install/serial/lib/serial/serial_receiver" to ""
[16.459s] -- Installing: /home/rescue_robot/buaa_rescue_robot/install/serial/share/ament_index/resource_index/package_run_dependencies/serial
[16.459s] -- Installing: /home/rescue_robot/buaa_rescue_robot/install/serial/share/ament_index/resource_index/parent_prefix_path/serial
[16.459s] -- Installing: /home/rescue_robot/buaa_rescue_robot/install/serial/share/serial/environment/ament_prefix_path.sh
[16.459s] -- Installing: /home/rescue_robot/buaa_rescue_robot/install/serial/share/serial/environment/ament_prefix_path.dsv
[16.459s] -- Installing: /home/rescue_robot/buaa_rescue_robot/install/serial/share/serial/environment/path.sh
[16.459s] -- Installing: /home/rescue_robot/buaa_rescue_robot/install/serial/share/serial/environment/path.dsv
[16.459s] -- Installing: /home/rescue_robot/buaa_rescue_robot/install/serial/share/serial/local_setup.bash
[16.459s] -- Installing: /home/rescue_robot/buaa_rescue_robot/install/serial/share/serial/local_setup.sh
[16.459s] -- Installing: /home/rescue_robot/buaa_rescue_robot/install/serial/share/serial/local_setup.zsh
[16.460s] -- Installing: /home/rescue_robot/buaa_rescue_robot/install/serial/share/serial/local_setup.dsv
[16.460s] -- Installing: /home/rescue_robot/buaa_rescue_robot/install/serial/share/serial/package.dsv
[16.460s] -- Installing: /home/rescue_robot/buaa_rescue_robot/install/serial/share/ament_index/resource_index/packages/serial
[16.460s] -- Installing: /home/rescue_robot/buaa_rescue_robot/install/serial/share/serial/cmake/serialConfig.cmake
[16.460s] -- Installing: /home/rescue_robot/buaa_rescue_robot/install/serial/share/serial/cmake/serialConfig-version.cmake
[16.461s] -- Installing: /home/rescue_robot/buaa_rescue_robot/install/serial/share/serial/package.xml
[16.473s] Invoked command in '/home/rescue_robot/buaa_rescue_robot/build/serial' returned '0': CMAKE_PREFIX_PATH=${CMAKE_PREFIX_PATH}:/opt/ros/humble /usr/bin/cmake --install /home/rescue_robot/buaa_rescue_robot/build/serial
