[0.033s] Invoking command in '/home/rescue_robot/buaa_rescue_robot/build/keyboard_controller': CMAKE_PREFIX_PATH=${CMAKE_PREFIX_PATH}:/opt/ros/humble /usr/bin/cmake --build /home/rescue_robot/buaa_rescue_robot/build/keyboard_controller -- -j8 -l8
[0.137s] [  3%] Built target keyboard_controller__cpp
[0.148s] [ 12%] Built target keyboard_controller__rosidl_generator_c
[0.148s] [ 12%] Built target ament_cmake_python_copy_keyboard_controller
[0.192s] [ 21%] Built target keyboard_controller__rosidl_typesupport_cpp
[0.193s] [ 30%] Built target keyboard_controller__rosidl_typesupport_fastrtps_cpp
[0.208s] [ 39%] Built target keyboard_controller__rosidl_typesupport_introspection_c
[0.208s] [ 48%] Built target keyboard_controller__rosidl_typesupport_fastrtps_c
[0.211s] [ 57%] Built target keyboard_controller__rosidl_typesupport_c
[0.215s] [ 66%] Built target keyboard_controller__rosidl_typesupport_introspection_cpp
[0.217s] [35m[1mConsolidate compiler generated dependencies of target keyboard_publisher[0m
[0.244s] [ 66%] Built target keyboard_controller
[0.251s] [ 69%] [32mBuilding CXX object CMakeFiles/keyboard_publisher.dir/src/keyboard_publisher.cpp.o[0m
[0.288s] [ 72%] Built target keyboard_controller__py
[0.349s] [ 78%] Built target keyboard_controller__rosidl_generator_py
[0.424s] [ 84%] Built target keyboard_controller__rosidl_typesupport_fastrtps_c__pyext
[0.425s] [ 90%] Built target keyboard_controller__rosidl_typesupport_c__pyext
[0.452s] [ 96%] Built target keyboard_controller__rosidl_typesupport_introspection_c__pyext
[0.695s] running egg_info
[0.696s] writing keyboard_controller.egg-info/PKG-INFO
[0.698s] writing dependency_links to keyboard_controller.egg-info/dependency_links.txt
[0.698s] writing top-level names to keyboard_controller.egg-info/top_level.txt
[0.703s] reading manifest file 'keyboard_controller.egg-info/SOURCES.txt'
[0.705s] writing manifest file 'keyboard_controller.egg-info/SOURCES.txt'
[0.852s] [ 96%] Built target ament_cmake_python_build_keyboard_controller_egg
[3.786s] In file included from [01m[K/opt/ros/humble/include/rclcpp/rclcpp/logging.hpp:24[m[K,
[3.786s]                  from [01m[K/opt/ros/humble/include/rclcpp/rclcpp/client.hpp:40[m[K,
[3.788s]                  from [01m[K/opt/ros/humble/include/rclcpp/rclcpp/callback_group.hpp:24[m[K,
[3.788s]                  from [01m[K/opt/ros/humble/include/rclcpp/rclcpp/any_executable.hpp:20[m[K,
[3.788s]                  from [01m[K/opt/ros/humble/include/rclcpp/rclcpp/memory_strategy.hpp:25[m[K,
[3.788s]                  from [01m[K/opt/ros/humble/include/rclcpp/rclcpp/memory_strategies.hpp:18[m[K,
[3.788s]                  from [01m[K/opt/ros/humble/include/rclcpp/rclcpp/executor_options.hpp:20[m[K,
[3.789s]                  from [01m[K/opt/ros/humble/include/rclcpp/rclcpp/executor.hpp:37[m[K,
[3.789s]                  from [01m[K/opt/ros/humble/include/rclcpp/rclcpp/executors/multi_threaded_executor.hpp:25[m[K,
[3.789s]                  from [01m[K/opt/ros/humble/include/rclcpp/rclcpp/executors.hpp:21[m[K,
[3.789s]                  from [01m[K/opt/ros/humble/include/rclcpp/rclcpp/rclcpp.hpp:155[m[K,
[3.789s]                  from [01m[K/home/rescue_robot/buaa_rescue_robot/src/keyboard_controller/src/keyboard_publisher.cpp:1[m[K:
[3.789s] [01m[K/home/rescue_robot/buaa_rescue_robot/src/keyboard_controller/src/keyboard_publisher.cpp:[m[K In function ‘[01m[Kint main(int, char**)[m[K’:
[3.789s] [01m[K/home/rescue_robot/buaa_rescue_robot/src/keyboard_controller/src/keyboard_publisher.cpp:44:76:[m[K [01;31m[Kerror: [m[K‘[01m[Kclass std::shared_ptr<keyboard_controller::msg::ControlMessage_<std::allocator<void> > >[m[K’ has no member named ‘[01m[Kdata[m[K’
[3.790s]    44 |     RCLCPP_INFO(node->get_logger(), "Published control message: '%s'", msg.[01;31m[Kdata[m[K.c_str());  // 打印日志
[3.790s]       |                                                                            [01;31m[K^~~~[m[K
[3.790s] [01m[K/home/rescue_robot/buaa_rescue_robot/src/keyboard_controller/src/keyboard_publisher.cpp:52:23:[m[K [01;31m[Kerror: [m[Kno matching function for call to ‘[01m[Krclcpp::Publisher<keyboard_controller::msg::ControlMessage_<std::allocator<void> >, std::allocator<void> >::publish(std::shared_ptr<keyboard_controller::msg::ControlMessage_<std::allocator<void> > >&)[m[K’
[3.790s]    52 |     [01;31m[Kpublisher->publish(msg)[m[K;  // 发布消息
[3.790s]       |     [01;31m[K~~~~~~~~~~~~~~~~~~^~~~~[m[K
[3.790s] In file included from [01m[K/opt/ros/humble/include/rclcpp/rclcpp/topic_statistics/subscription_topic_statistics.hpp:31[m[K,
[3.790s]                  from [01m[K/opt/ros/humble/include/rclcpp/rclcpp/subscription.hpp:50[m[K,
[3.790s]                  from [01m[K/opt/ros/humble/include/rclcpp/rclcpp/any_executable.hpp:25[m[K,
[3.790s]                  from [01m[K/opt/ros/humble/include/rclcpp/rclcpp/memory_strategy.hpp:25[m[K,
[3.790s]                  from [01m[K/opt/ros/humble/include/rclcpp/rclcpp/memory_strategies.hpp:18[m[K,
[3.790s]                  from [01m[K/opt/ros/humble/include/rclcpp/rclcpp/executor_options.hpp:20[m[K,
[3.790s]                  from [01m[K/opt/ros/humble/include/rclcpp/rclcpp/executor.hpp:37[m[K,
[3.790s]                  from [01m[K/opt/ros/humble/include/rclcpp/rclcpp/executors/multi_threaded_executor.hpp:25[m[K,
[3.790s]                  from [01m[K/opt/ros/humble/include/rclcpp/rclcpp/executors.hpp:21[m[K,
[3.790s]                  from [01m[K/opt/ros/humble/include/rclcpp/rclcpp/rclcpp.hpp:155[m[K,
[3.791s]                  from [01m[K/home/rescue_robot/buaa_rescue_robot/src/keyboard_controller/src/keyboard_publisher.cpp:1[m[K:
[3.791s] [01m[K/opt/ros/humble/include/rclcpp/rclcpp/publisher.hpp:251:3:[m[K [01;36m[Knote: [m[Kcandidate: ‘[01m[Ktemplate<class T> std::enable_if_t<(rosidl_generator_traits::is_message<T>::value && std::is_same<T, typename rclcpp::TypeAdapter<MessageT>::ros_message_type>::value)> rclcpp::Publisher<MessageT, AllocatorT>::publish(std::unique_ptr<T, typename std::conditional<std::is_same<typename std::allocator_traits<typename std::allocator_traits<_Allocator>::rebind_traits<typename rclcpp::TypeAdapter<MessageT, void, void>::ros_message_type>::allocator_type>::rebind_alloc<typename rclcpp::TypeAdapter<MessageT, void, void>::ros_message_type>, std::allocator<typename rclcpp::TypeAdapter<MessageT>::ros_message_type> >::value, std::default_delete<typename rclcpp::TypeAdapter<MessageT>::ros_message_type>, rclcpp::allocator::AllocatorDeleter<typename std::allocator_traits<_Allocator>::rebind_traits<typename rclcpp::TypeAdapter<MessageT, void, void>::ros_message_type>::allocator_type> >::type>) [with T = T; MessageT = keyboard_controller::msg::ControlMessage_<std::allocator<void> >; AllocatorT = std::allocator<void>][m[K’
[3.791s]   251 |   [01;36m[Kpublish[m[K(std::unique_ptr<T, ROSMessageTypeDeleter> msg)
[3.791s]       |   [01;36m[K^~~~~~~[m[K
[3.791s] [01m[K/opt/ros/humble/include/rclcpp/rclcpp/publisher.hpp:251:3:[m[K [01;36m[Knote: [m[K  template argument deduction/substitution failed:
[3.791s] [01m[K/home/rescue_robot/buaa_rescue_robot/src/keyboard_controller/src/keyboard_publisher.cpp:52:23:[m[K [01;36m[Knote: [m[K  ‘[01m[Kstd::shared_ptr<keyboard_controller::msg::ControlMessage_<std::allocator<void> > >[m[K’ is not derived from ‘[01m[Kstd::unique_ptr<T, std::default_delete<keyboard_controller::msg::ControlMessage_<std::allocator<void> > > >[m[K’
[3.791s]    52 |     [01;36m[Kpublisher->publish(msg)[m[K;  // 发布消息
[3.791s]       |     [01;36m[K~~~~~~~~~~~~~~~~~~^~~~~[m[K
[3.792s] In file included from [01m[K/opt/ros/humble/include/rclcpp/rclcpp/topic_statistics/subscription_topic_statistics.hpp:31[m[K,
[3.792s]                  from [01m[K/opt/ros/humble/include/rclcpp/rclcpp/subscription.hpp:50[m[K,
[3.792s]                  from [01m[K/opt/ros/humble/include/rclcpp/rclcpp/any_executable.hpp:25[m[K,
[3.792s]                  from [01m[K/opt/ros/humble/include/rclcpp/rclcpp/memory_strategy.hpp:25[m[K,
[3.792s]                  from [01m[K/opt/ros/humble/include/rclcpp/rclcpp/memory_strategies.hpp:18[m[K,
[3.792s]                  from [01m[K/opt/ros/humble/include/rclcpp/rclcpp/executor_options.hpp:20[m[K,
[3.792s]                  from [01m[K/opt/ros/humble/include/rclcpp/rclcpp/executor.hpp:37[m[K,
[3.792s]                  from [01m[K/opt/ros/humble/include/rclcpp/rclcpp/executors/multi_threaded_executor.hpp:25[m[K,
[3.792s]                  from [01m[K/opt/ros/humble/include/rclcpp/rclcpp/executors.hpp:21[m[K,
[3.793s]                  from [01m[K/opt/ros/humble/include/rclcpp/rclcpp/rclcpp.hpp:155[m[K,
[3.793s]                  from [01m[K/home/rescue_robot/buaa_rescue_robot/src/keyboard_controller/src/keyboard_publisher.cpp:1[m[K:
[3.793s] [01m[K/opt/ros/humble/include/rclcpp/rclcpp/publisher.hpp:292:3:[m[K [01;36m[Knote: [m[Kcandidate: ‘[01m[Ktemplate<class T> std::enable_if_t<(rosidl_generator_traits::is_message<T>::value && std::is_same<T, typename rclcpp::TypeAdapter<MessageT>::ros_message_type>::value)> rclcpp::Publisher<MessageT, AllocatorT>::publish(const T&) [with T = T; MessageT = keyboard_controller::msg::ControlMessage_<std::allocator<void> >; AllocatorT = std::allocator<void>][m[K’
[3.793s]   292 |   [01;36m[Kpublish[m[K(const T & msg)
[3.793s]       |   [01;36m[K^~~~~~~[m[K
[3.793s] [01m[K/opt/ros/humble/include/rclcpp/rclcpp/publisher.hpp:292:3:[m[K [01;36m[Knote: [m[K  template argument deduction/substitution failed:
[3.793s] In file included from [01m[K/usr/include/c++/11/bits/move.h:57[m[K,
[3.793s]                  from [01m[K/usr/include/c++/11/bits/stl_pair.h:59[m[K,
[3.793s]                  from [01m[K/usr/include/c++/11/bits/stl_algobase.h:64[m[K,
[3.793s]                  from [01m[K/usr/include/c++/11/memory:63[m[K,
[3.793s]                  from [01m[K/opt/ros/humble/include/rclcpp/rclcpp/rclcpp.hpp:153[m[K,
[3.793s]                  from [01m[K/home/rescue_robot/buaa_rescue_robot/src/keyboard_controller/src/keyboard_publisher.cpp:1[m[K:
[3.793s] /usr/include/c++/11/type_traits: In substitution of ‘[01m[Ktemplate<bool _Cond, class _Tp> using enable_if_t = typename std::enable_if::type [with bool _Cond = false; _Tp = void][m[K’:
[3.793s] [01m[K/opt/ros/humble/include/rclcpp/rclcpp/publisher.hpp:292:3:[m[K   required by substitution of ‘[01m[Ktemplate<class T> std::enable_if_t<(rosidl_generator_traits::is_message<T>::value && std::is_same<T, keyboard_controller::msg::ControlMessage_<std::allocator<void> > >::value), void> rclcpp::Publisher<keyboard_controller::msg::ControlMessage_<std::allocator<void> >, std::allocator<void> >::publish<T>(const T&) [with T = std::shared_ptr<keyboard_controller::msg::ControlMessage_<std::allocator<void> > >][m[K’
[3.793s] [01m[K/home/rescue_robot/buaa_rescue_robot/src/keyboard_controller/src/keyboard_publisher.cpp:52:23:[m[K   required from here
[3.793s] [01m[K/usr/include/c++/11/type_traits:2579:11:[m[K [01;31m[Kerror: [m[Kno type named ‘[01m[Ktype[m[K’ in ‘[01m[Kstruct std::enable_if<false, void>[m[K’
[3.794s]  2579 |     using [01;31m[Kenable_if_t[m[K = typename enable_if<_Cond, _Tp>::type;
[3.794s]       |           [01;31m[K^~~~~~~~~~~[m[K
[3.794s] In file included from [01m[K/opt/ros/humble/include/rclcpp/rclcpp/topic_statistics/subscription_topic_statistics.hpp:31[m[K,
[3.794s]                  from [01m[K/opt/ros/humble/include/rclcpp/rclcpp/subscription.hpp:50[m[K,
[3.794s]                  from [01m[K/opt/ros/humble/include/rclcpp/rclcpp/any_executable.hpp:25[m[K,
[3.794s]                  from [01m[K/opt/ros/humble/include/rclcpp/rclcpp/memory_strategy.hpp:25[m[K,
[3.794s]                  from [01m[K/opt/ros/humble/include/rclcpp/rclcpp/memory_strategies.hpp:18[m[K,
[3.794s]                  from [01m[K/opt/ros/humble/include/rclcpp/rclcpp/executor_options.hpp:20[m[K,
[3.794s]                  from [01m[K/opt/ros/humble/include/rclcpp/rclcpp/executor.hpp:37[m[K,
[3.794s]                  from [01m[K/opt/ros/humble/include/rclcpp/rclcpp/executors/multi_threaded_executor.hpp:25[m[K,
[3.794s]                  from [01m[K/opt/ros/humble/include/rclcpp/rclcpp/executors.hpp:21[m[K,
[3.794s]                  from [01m[K/opt/ros/humble/include/rclcpp/rclcpp/rclcpp.hpp:155[m[K,
[3.794s]                  from [01m[K/home/rescue_robot/buaa_rescue_robot/src/keyboard_controller/src/keyboard_publisher.cpp:1[m[K:
[3.794s] [01m[K/opt/ros/humble/include/rclcpp/rclcpp/publisher.hpp:322:3:[m[K [01;36m[Knote: [m[Kcandidate: ‘[01m[Ktemplate<class T> std::enable_if_t<(typename rclcpp::TypeAdapter<MessageT>::is_specialized::value && std::is_same<T, typename rclcpp::TypeAdapter<MessageT>::custom_type>::value)> rclcpp::Publisher<MessageT, AllocatorT>::publish(std::unique_ptr<T, typename std::conditional<std::is_same<typename std::allocator_traits<typename std::allocator_traits<_Allocator>::rebind_traits<typename rclcpp::TypeAdapter<MessageT, void, void>::custom_type>::allocator_type>::rebind_alloc<typename rclcpp::TypeAdapter<MessageT, void, void>::custom_type>, std::allocator<typename rclcpp::TypeAdapter<MessageT>::custom_type> >::value, std::default_delete<typename rclcpp::TypeAdapter<MessageT>::custom_type>, rclcpp::allocator::AllocatorDeleter<typename std::allocator_traits<_Allocator>::rebind_traits<typename rclcpp::TypeAdapter<MessageT, void, void>::custom_type>::allocator_type> >::type>) [with T = T; MessageT = keyboard_controller::msg::ControlMessage_<std::allocator<void> >; AllocatorT = std::allocator<void>][m[K’
[3.794s]   322 |   [01;36m[Kpublish[m[K(std::unique_ptr<T, PublishedTypeDeleter> msg)
[3.795s]       |   [01;36m[K^~~~~~~[m[K
[3.795s] [01m[K/opt/ros/humble/include/rclcpp/rclcpp/publisher.hpp:322:3:[m[K [01;36m[Knote: [m[K  template argument deduction/substitution failed:
[3.795s] [01m[K/home/rescue_robot/buaa_rescue_robot/src/keyboard_controller/src/keyboard_publisher.cpp:52:23:[m[K [01;36m[Knote: [m[K  ‘[01m[Kstd::shared_ptr<keyboard_controller::msg::ControlMessage_<std::allocator<void> > >[m[K’ is not derived from ‘[01m[Kstd::unique_ptr<T, std::default_delete<keyboard_controller::msg::ControlMessage_<std::allocator<void> > > >[m[K’
[3.795s]    52 |     [01;36m[Kpublisher->publish(msg)[m[K;  // 发布消息
[3.795s]       |     [01;36m[K~~~~~~~~~~~~~~~~~~^~~~~[m[K
[3.795s] In file included from [01m[K/opt/ros/humble/include/rclcpp/rclcpp/topic_statistics/subscription_topic_statistics.hpp:31[m[K,
[3.795s]                  from [01m[K/opt/ros/humble/include/rclcpp/rclcpp/subscription.hpp:50[m[K,
[3.795s]                  from [01m[K/opt/ros/humble/include/rclcpp/rclcpp/any_executable.hpp:25[m[K,
[3.795s]                  from [01m[K/opt/ros/humble/include/rclcpp/rclcpp/memory_strategy.hpp:25[m[K,
[3.795s]                  from [01m[K/opt/ros/humble/include/rclcpp/rclcpp/memory_strategies.hpp:18[m[K,
[3.795s]                  from [01m[K/opt/ros/humble/include/rclcpp/rclcpp/executor_options.hpp:20[m[K,
[3.795s]                  from [01m[K/opt/ros/humble/include/rclcpp/rclcpp/executor.hpp:37[m[K,
[3.795s]                  from [01m[K/opt/ros/humble/include/rclcpp/rclcpp/executors/multi_threaded_executor.hpp:25[m[K,
[3.795s]                  from [01m[K/opt/ros/humble/include/rclcpp/rclcpp/executors.hpp:21[m[K,
[3.795s]                  from [01m[K/opt/ros/humble/include/rclcpp/rclcpp/rclcpp.hpp:155[m[K,
[3.795s]                  from [01m[K/home/rescue_robot/buaa_rescue_robot/src/keyboard_controller/src/keyboard_publisher.cpp:1[m[K:
[3.796s] [01m[K/opt/ros/humble/include/rclcpp/rclcpp/publisher.hpp:364:3:[m[K [01;36m[Knote: [m[Kcandidate: ‘[01m[Ktemplate<class T> std::enable_if_t<(typename rclcpp::TypeAdapter<MessageT>::is_specialized::value && std::is_same<T, typename rclcpp::TypeAdapter<MessageT>::custom_type>::value)> rclcpp::Publisher<MessageT, AllocatorT>::publish(const T&) [with T = T; MessageT = keyboard_controller::msg::ControlMessage_<std::allocator<void> >; AllocatorT = std::allocator<void>][m[K’
[3.796s]   364 |   [01;36m[Kpublish[m[K(const T & msg)
[3.796s]       |   [01;36m[K^~~~~~~[m[K
[3.796s] [01m[K/opt/ros/humble/include/rclcpp/rclcpp/publisher.hpp:364:3:[m[K [01;36m[Knote: [m[K  template argument deduction/substitution failed:
[3.796s] [01m[K/opt/ros/humble/include/rclcpp/rclcpp/publisher.hpp:383:3:[m[K [01;36m[Knote: [m[Kcandidate: ‘[01m[Kvoid rclcpp::Publisher<MessageT, AllocatorT>::publish(const rcl_serialized_message_t&) [with MessageT = keyboard_controller::msg::ControlMessage_<std::allocator<void> >; AllocatorT = std::allocator<void>; rcl_serialized_message_t = rcutils_uint8_array_s][m[K’
[3.796s]   383 |   [01;36m[Kpublish[m[K(const rcl_serialized_message_t & serialized_msg)
[3.796s]       |   [01;36m[K^~~~~~~[m[K
[3.796s] [01m[K/opt/ros/humble/include/rclcpp/rclcpp/publisher.hpp:383:44:[m[K [01;36m[Knote: [m[K  no known conversion for argument 1 from ‘[01m[Kstd::shared_ptr<keyboard_controller::msg::ControlMessage_<std::allocator<void> > >[m[K’ to ‘[01m[Kconst rcl_serialized_message_t&[m[K’ {aka ‘[01m[Kconst rcutils_uint8_array_s&[m[K’}
[3.796s]   383 |   publish([01;36m[Kconst rcl_serialized_message_t & serialized_msg[m[K)
[3.796s]       |           [01;36m[K~~~~~~~~~~~~~~~~~~~~~~~~~~~~~~~~~^~~~~~~~~~~~~~[m[K
[3.796s] [01m[K/opt/ros/humble/include/rclcpp/rclcpp/publisher.hpp:389:3:[m[K [01;36m[Knote: [m[Kcandidate: ‘[01m[Kvoid rclcpp::Publisher<MessageT, AllocatorT>::publish(const rclcpp::SerializedMessage&) [with MessageT = keyboard_controller::msg::ControlMessage_<std::allocator<void> >; AllocatorT = std::allocator<void>][m[K’
[3.796s]   389 |   [01;36m[Kpublish[m[K(const SerializedMessage & serialized_msg)
[3.796s]       |   [01;36m[K^~~~~~~[m[K
[3.796s] [01m[K/opt/ros/humble/include/rclcpp/rclcpp/publisher.hpp:389:37:[m[K [01;36m[Knote: [m[K  no known conversion for argument 1 from ‘[01m[Kstd::shared_ptr<keyboard_controller::msg::ControlMessage_<std::allocator<void> > >[m[K’ to ‘[01m[Kconst rclcpp::SerializedMessage&[m[K’
[3.796s]   389 |   publish([01;36m[Kconst SerializedMessage & serialized_msg[m[K)
[3.796s]       |           [01;36m[K~~~~~~~~~~~~~~~~~~~~~~~~~~^~~~~~~~~~~~~~[m[K
[3.797s] [01m[K/opt/ros/humble/include/rclcpp/rclcpp/publisher.hpp:403:3:[m[K [01;36m[Knote: [m[Kcandidate: ‘[01m[Kvoid rclcpp::Publisher<MessageT, AllocatorT>::publish(rclcpp::LoanedMessage<typename rclcpp::TypeAdapter<MessageT>::ros_message_type, AllocatorT>&&) [with MessageT = keyboard_controller::msg::ControlMessage_<std::allocator<void> >; AllocatorT = std::allocator<void>; typename rclcpp::TypeAdapter<MessageT>::ros_message_type = keyboard_controller::msg::ControlMessage_<std::allocator<void> >][m[K’
[3.797s]   403 |   [01;36m[Kpublish[m[K(rclcpp::LoanedMessage<ROSMessageType, AllocatorT> && loaned_msg)
[3.797s]       |   [01;36m[K^~~~~~~[m[K
[3.797s] [01m[K/opt/ros/humble/include/rclcpp/rclcpp/publisher.hpp:403:64:[m[K [01;36m[Knote: [m[K  no known conversion for argument 1 from ‘[01m[Kstd::shared_ptr<keyboard_controller::msg::ControlMessage_<std::allocator<void> > >[m[K’ to ‘[01m[Krclcpp::LoanedMessage<keyboard_controller::msg::ControlMessage_<std::allocator<void> >, std::allocator<void> >&&[m[K’
[3.797s]   403 |   publish([01;36m[Krclcpp::LoanedMessage<ROSMessageType, AllocatorT> && loaned_msg[m[K)
[3.797s]       |           [01;36m[K~~~~~~~~~~~~~~~~~~~~~~~~~~~~~~~~~~~~~~~~~~~~~~~~~~~~~^~~~~~~~~~[m[K
[3.797s] In file included from [01m[K/opt/ros/humble/include/rclcpp/rclcpp/logging.hpp:24[m[K,
[3.797s]                  from [01m[K/opt/ros/humble/include/rclcpp/rclcpp/client.hpp:40[m[K,
[3.797s]                  from [01m[K/opt/ros/humble/include/rclcpp/rclcpp/callback_group.hpp:24[m[K,
[3.797s]                  from [01m[K/opt/ros/humble/include/rclcpp/rclcpp/any_executable.hpp:20[m[K,
[3.797s]                  from [01m[K/opt/ros/humble/include/rclcpp/rclcpp/memory_strategy.hpp:25[m[K,
[3.797s]                  from [01m[K/opt/ros/humble/include/rclcpp/rclcpp/memory_strategies.hpp:18[m[K,
[3.797s]                  from [01m[K/opt/ros/humble/include/rclcpp/rclcpp/executor_options.hpp:20[m[K,
[3.797s]                  from [01m[K/opt/ros/humble/include/rclcpp/rclcpp/executor.hpp:37[m[K,
[3.797s]                  from [01m[K/opt/ros/humble/include/rclcpp/rclcpp/executors/multi_threaded_executor.hpp:25[m[K,
[3.798s]                  from [01m[K/opt/ros/humble/include/rclcpp/rclcpp/executors.hpp:21[m[K,
[3.798s]                  from [01m[K/opt/ros/humble/include/rclcpp/rclcpp/rclcpp.hpp:155[m[K,
[3.798s]                  from [01m[K/home/rescue_robot/buaa_rescue_robot/src/keyboard_controller/src/keyboard_publisher.cpp:1[m[K:
[3.798s] [01m[K/home/rescue_robot/buaa_rescue_robot/src/keyboard_controller/src/keyboard_publisher.cpp:53:76:[m[K [01;31m[Kerror: [m[K‘[01m[Kclass std::shared_ptr<keyboard_controller::msg::ControlMessage_<std::allocator<void> > >[m[K’ has no member named ‘[01m[Kdata[m[K’
[3.798s]    53 |     RCLCPP_INFO(node->get_logger(), "Published control message: '%s'", msg.[01;31m[Kdata[m[K.c_str());  // 打印日志
[3.798s]       |                                                                            [01;31m[K^~~~[m[K
[3.798s] [01m[K/home/rescue_robot/buaa_rescue_robot/src/keyboard_controller/src/keyboard_publisher.cpp:61:23:[m[K [01;31m[Kerror: [m[Kno matching function for call to ‘[01m[Krclcpp::Publisher<keyboard_controller::msg::ControlMessage_<std::allocator<void> >, std::allocator<void> >::publish(std::shared_ptr<keyboard_controller::msg::ControlMessage_<std::allocator<void> > >&)[m[K’
[3.798s]    61 |     [01;31m[Kpublisher->publish(msg)[m[K;  // 发布消息
[3.798s]       |     [01;31m[K~~~~~~~~~~~~~~~~~~^~~~~[m[K
[3.798s] In file included from [01m[K/opt/ros/humble/include/rclcpp/rclcpp/topic_statistics/subscription_topic_statistics.hpp:31[m[K,
[3.798s]                  from [01m[K/opt/ros/humble/include/rclcpp/rclcpp/subscription.hpp:50[m[K,
[3.798s]                  from [01m[K/opt/ros/humble/include/rclcpp/rclcpp/any_executable.hpp:25[m[K,
[3.798s]                  from [01m[K/opt/ros/humble/include/rclcpp/rclcpp/memory_strategy.hpp:25[m[K,
[3.798s]                  from [01m[K/opt/ros/humble/include/rclcpp/rclcpp/memory_strategies.hpp:18[m[K,
[3.798s]                  from [01m[K/opt/ros/humble/include/rclcpp/rclcpp/executor_options.hpp:20[m[K,
[3.798s]                  from [01m[K/opt/ros/humble/include/rclcpp/rclcpp/executor.hpp:37[m[K,
[3.799s]                  from [01m[K/opt/ros/humble/include/rclcpp/rclcpp/executors/multi_threaded_executor.hpp:25[m[K,
[3.799s]                  from [01m[K/opt/ros/humble/include/rclcpp/rclcpp/executors.hpp:21[m[K,
[3.799s]                  from [01m[K/opt/ros/humble/include/rclcpp/rclcpp/rclcpp.hpp:155[m[K,
[3.799s]                  from [01m[K/home/rescue_robot/buaa_rescue_robot/src/keyboard_controller/src/keyboard_publisher.cpp:1[m[K:
[3.799s] [01m[K/opt/ros/humble/include/rclcpp/rclcpp/publisher.hpp:251:3:[m[K [01;36m[Knote: [m[Kcandidate: ‘[01m[Ktemplate<class T> std::enable_if_t<(rosidl_generator_traits::is_message<T>::value && std::is_same<T, typename rclcpp::TypeAdapter<MessageT>::ros_message_type>::value)> rclcpp::Publisher<MessageT, AllocatorT>::publish(std::unique_ptr<T, typename std::conditional<std::is_same<typename std::allocator_traits<typename std::allocator_traits<_Allocator>::rebind_traits<typename rclcpp::TypeAdapter<MessageT, void, void>::ros_message_type>::allocator_type>::rebind_alloc<typename rclcpp::TypeAdapter<MessageT, void, void>::ros_message_type>, std::allocator<typename rclcpp::TypeAdapter<MessageT>::ros_message_type> >::value, std::default_delete<typename rclcpp::TypeAdapter<MessageT>::ros_message_type>, rclcpp::allocator::AllocatorDeleter<typename std::allocator_traits<_Allocator>::rebind_traits<typename rclcpp::TypeAdapter<MessageT, void, void>::ros_message_type>::allocator_type> >::type>) [with T = T; MessageT = keyboard_controller::msg::ControlMessage_<std::allocator<void> >; AllocatorT = std::allocator<void>][m[K’
[3.799s]   251 |   [01;36m[Kpublish[m[K(std::unique_ptr<T, ROSMessageTypeDeleter> msg)
[3.799s]       |   [01;36m[K^~~~~~~[m[K
[3.799s] [01m[K/opt/ros/humble/include/rclcpp/rclcpp/publisher.hpp:251:3:[m[K [01;36m[Knote: [m[K  template argument deduction/substitution failed:
[3.799s] [01m[K/home/rescue_robot/buaa_rescue_robot/src/keyboard_controller/src/keyboard_publisher.cpp:61:23:[m[K [01;36m[Knote: [m[K  ‘[01m[Kstd::shared_ptr<keyboard_controller::msg::ControlMessage_<std::allocator<void> > >[m[K’ is not derived from ‘[01m[Kstd::unique_ptr<T, std::default_delete<keyboard_controller::msg::ControlMessage_<std::allocator<void> > > >[m[K’
[3.799s]    61 |     [01;36m[Kpublisher->publish(msg)[m[K;  // 发布消息
[3.799s]       |     [01;36m[K~~~~~~~~~~~~~~~~~~^~~~~[m[K
[3.800s] In file included from [01m[K/opt/ros/humble/include/rclcpp/rclcpp/topic_statistics/subscription_topic_statistics.hpp:31[m[K,
[3.800s]                  from [01m[K/opt/ros/humble/include/rclcpp/rclcpp/subscription.hpp:50[m[K,
[3.800s]                  from [01m[K/opt/ros/humble/include/rclcpp/rclcpp/any_executable.hpp:25[m[K,
[3.800s]                  from [01m[K/opt/ros/humble/include/rclcpp/rclcpp/memory_strategy.hpp:25[m[K,
[3.800s]                  from [01m[K/opt/ros/humble/include/rclcpp/rclcpp/memory_strategies.hpp:18[m[K,
[3.800s]                  from [01m[K/opt/ros/humble/include/rclcpp/rclcpp/executor_options.hpp:20[m[K,
[3.800s]                  from [01m[K/opt/ros/humble/include/rclcpp/rclcpp/executor.hpp:37[m[K,
[3.800s]                  from [01m[K/opt/ros/humble/include/rclcpp/rclcpp/executors/multi_threaded_executor.hpp:25[m[K,
[3.800s]                  from [01m[K/opt/ros/humble/include/rclcpp/rclcpp/executors.hpp:21[m[K,
[3.800s]                  from [01m[K/opt/ros/humble/include/rclcpp/rclcpp/rclcpp.hpp:155[m[K,
[3.800s]                  from [01m[K/home/rescue_robot/buaa_rescue_robot/src/keyboard_controller/src/keyboard_publisher.cpp:1[m[K:
[3.800s] [01m[K/opt/ros/humble/include/rclcpp/rclcpp/publisher.hpp:292:3:[m[K [01;36m[Knote: [m[Kcandidate: ‘[01m[Ktemplate<class T> std::enable_if_t<(rosidl_generator_traits::is_message<T>::value && std::is_same<T, typename rclcpp::TypeAdapter<MessageT>::ros_message_type>::value)> rclcpp::Publisher<MessageT, AllocatorT>::publish(const T&) [with T = T; MessageT = keyboard_controller::msg::ControlMessage_<std::allocator<void> >; AllocatorT = std::allocator<void>][m[K’
[3.800s]   292 |   [01;36m[Kpublish[m[K(const T & msg)
[3.800s]       |   [01;36m[K^~~~~~~[m[K
[3.800s] [01m[K/opt/ros/humble/include/rclcpp/rclcpp/publisher.hpp:292:3:[m[K [01;36m[Knote: [m[K  template argument deduction/substitution failed:
[3.800s] [01m[K/opt/ros/humble/include/rclcpp/rclcpp/publisher.hpp:322:3:[m[K [01;36m[Knote: [m[Kcandidate: ‘[01m[Ktemplate<class T> std::enable_if_t<(typename rclcpp::TypeAdapter<MessageT>::is_specialized::value && std::is_same<T, typename rclcpp::TypeAdapter<MessageT>::custom_type>::value)> rclcpp::Publisher<MessageT, AllocatorT>::publish(std::unique_ptr<T, typename std::conditional<std::is_same<typename std::allocator_traits<typename std::allocator_traits<_Allocator>::rebind_traits<typename rclcpp::TypeAdapter<MessageT, void, void>::custom_type>::allocator_type>::rebind_alloc<typename rclcpp::TypeAdapter<MessageT, void, void>::custom_type>, std::allocator<typename rclcpp::TypeAdapter<MessageT>::custom_type> >::value, std::default_delete<typename rclcpp::TypeAdapter<MessageT>::custom_type>, rclcpp::allocator::AllocatorDeleter<typename std::allocator_traits<_Allocator>::rebind_traits<typename rclcpp::TypeAdapter<MessageT, void, void>::custom_type>::allocator_type> >::type>) [with T = T; MessageT = keyboard_controller::msg::ControlMessage_<std::allocator<void> >; AllocatorT = std::allocator<void>][m[K’
[3.801s]   322 |   [01;36m[Kpublish[m[K(std::unique_ptr<T, PublishedTypeDeleter> msg)
[3.801s]       |   [01;36m[K^~~~~~~[m[K
[3.801s] [01m[K/opt/ros/humble/include/rclcpp/rclcpp/publisher.hpp:322:3:[m[K [01;36m[Knote: [m[K  template argument deduction/substitution failed:
[3.801s] [01m[K/home/rescue_robot/buaa_rescue_robot/src/keyboard_controller/src/keyboard_publisher.cpp:61:23:[m[K [01;36m[Knote: [m[K  ‘[01m[Kstd::shared_ptr<keyboard_controller::msg::ControlMessage_<std::allocator<void> > >[m[K’ is not derived from ‘[01m[Kstd::unique_ptr<T, std::default_delete<keyboard_controller::msg::ControlMessage_<std::allocator<void> > > >[m[K’
[3.801s]    61 |     [01;36m[Kpublisher->publish(msg)[m[K;  // 发布消息
[3.801s]       |     [01;36m[K~~~~~~~~~~~~~~~~~~^~~~~[m[K
[3.801s] In file included from [01m[K/opt/ros/humble/include/rclcpp/rclcpp/topic_statistics/subscription_topic_statistics.hpp:31[m[K,
[3.801s]                  from [01m[K/opt/ros/humble/include/rclcpp/rclcpp/subscription.hpp:50[m[K,
[3.801s]                  from [01m[K/opt/ros/humble/include/rclcpp/rclcpp/any_executable.hpp:25[m[K,
[3.801s]                  from [01m[K/opt/ros/humble/include/rclcpp/rclcpp/memory_strategy.hpp:25[m[K,
[3.801s]                  from [01m[K/opt/ros/humble/include/rclcpp/rclcpp/memory_strategies.hpp:18[m[K,
[3.801s]                  from [01m[K/opt/ros/humble/include/rclcpp/rclcpp/executor_options.hpp:20[m[K,
[3.801s]                  from [01m[K/opt/ros/humble/include/rclcpp/rclcpp/executor.hpp:37[m[K,
[3.801s]                  from [01m[K/opt/ros/humble/include/rclcpp/rclcpp/executors/multi_threaded_executor.hpp:25[m[K,
[3.802s]                  from [01m[K/opt/ros/humble/include/rclcpp/rclcpp/executors.hpp:21[m[K,
[3.802s]                  from [01m[K/opt/ros/humble/include/rclcpp/rclcpp/rclcpp.hpp:155[m[K,
[3.802s]                  from [01m[K/home/rescue_robot/buaa_rescue_robot/src/keyboard_controller/src/keyboard_publisher.cpp:1[m[K:
[3.802s] [01m[K/opt/ros/humble/include/rclcpp/rclcpp/publisher.hpp:364:3:[m[K [01;36m[Knote: [m[Kcandidate: ‘[01m[Ktemplate<class T> std::enable_if_t<(typename rclcpp::TypeAdapter<MessageT>::is_specialized::value && std::is_same<T, typename rclcpp::TypeAdapter<MessageT>::custom_type>::value)> rclcpp::Publisher<MessageT, AllocatorT>::publish(const T&) [with T = T; MessageT = keyboard_controller::msg::ControlMessage_<std::allocator<void> >; AllocatorT = std::allocator<void>][m[K’
[3.802s]   364 |   [01;36m[Kpublish[m[K(const T & msg)
[3.802s]       |   [01;36m[K^~~~~~~[m[K
[3.802s] [01m[K/opt/ros/humble/include/rclcpp/rclcpp/publisher.hpp:364:3:[m[K [01;36m[Knote: [m[K  template argument deduction/substitution failed:
[3.802s] [01m[K/opt/ros/humble/include/rclcpp/rclcpp/publisher.hpp:383:3:[m[K [01;36m[Knote: [m[Kcandidate: ‘[01m[Kvoid rclcpp::Publisher<MessageT, AllocatorT>::publish(const rcl_serialized_message_t&) [with MessageT = keyboard_controller::msg::ControlMessage_<std::allocator<void> >; AllocatorT = std::allocator<void>; rcl_serialized_message_t = rcutils_uint8_array_s][m[K’
[3.802s]   383 |   [01;36m[Kpublish[m[K(const rcl_serialized_message_t & serialized_msg)
[3.802s]       |   [01;36m[K^~~~~~~[m[K
[3.802s] [01m[K/opt/ros/humble/include/rclcpp/rclcpp/publisher.hpp:383:44:[m[K [01;36m[Knote: [m[K  no known conversion for argument 1 from ‘[01m[Kstd::shared_ptr<keyboard_controller::msg::ControlMessage_<std::allocator<void> > >[m[K’ to ‘[01m[Kconst rcl_serialized_message_t&[m[K’ {aka ‘[01m[Kconst rcutils_uint8_array_s&[m[K’}
[3.802s]   383 |   publish([01;36m[Kconst rcl_serialized_message_t & serialized_msg[m[K)
[3.802s]       |           [01;36m[K~~~~~~~~~~~~~~~~~~~~~~~~~~~~~~~~~^~~~~~~~~~~~~~[m[K
[3.802s] [01m[K/opt/ros/humble/include/rclcpp/rclcpp/publisher.hpp:389:3:[m[K [01;36m[Knote: [m[Kcandidate: ‘[01m[Kvoid rclcpp::Publisher<MessageT, AllocatorT>::publish(const rclcpp::SerializedMessage&) [with MessageT = keyboard_controller::msg::ControlMessage_<std::allocator<void> >; AllocatorT = std::allocator<void>][m[K’
[3.802s]   389 |   [01;36m[Kpublish[m[K(const SerializedMessage & serialized_msg)
[3.803s]       |   [01;36m[K^~~~~~~[m[K
[3.803s] [01m[K/opt/ros/humble/include/rclcpp/rclcpp/publisher.hpp:389:37:[m[K [01;36m[Knote: [m[K  no known conversion for argument 1 from ‘[01m[Kstd::shared_ptr<keyboard_controller::msg::ControlMessage_<std::allocator<void> > >[m[K’ to ‘[01m[Kconst rclcpp::SerializedMessage&[m[K’
[3.803s]   389 |   publish([01;36m[Kconst SerializedMessage & serialized_msg[m[K)
[3.803s]       |           [01;36m[K~~~~~~~~~~~~~~~~~~~~~~~~~~^~~~~~~~~~~~~~[m[K
[3.803s] [01m[K/opt/ros/humble/include/rclcpp/rclcpp/publisher.hpp:403:3:[m[K [01;36m[Knote: [m[Kcandidate: ‘[01m[Kvoid rclcpp::Publisher<MessageT, AllocatorT>::publish(rclcpp::LoanedMessage<typename rclcpp::TypeAdapter<MessageT>::ros_message_type, AllocatorT>&&) [with MessageT = keyboard_controller::msg::ControlMessage_<std::allocator<void> >; AllocatorT = std::allocator<void>; typename rclcpp::TypeAdapter<MessageT>::ros_message_type = keyboard_controller::msg::ControlMessage_<std::allocator<void> >][m[K’
[3.803s]   403 |   [01;36m[Kpublish[m[K(rclcpp::LoanedMessage<ROSMessageType, AllocatorT> && loaned_msg)
[3.803s]       |   [01;36m[K^~~~~~~[m[K
[3.803s] [01m[K/opt/ros/humble/include/rclcpp/rclcpp/publisher.hpp:403:64:[m[K [01;36m[Knote: [m[K  no known conversion for argument 1 from ‘[01m[Kstd::shared_ptr<keyboard_controller::msg::ControlMessage_<std::allocator<void> > >[m[K’ to ‘[01m[Krclcpp::LoanedMessage<keyboard_controller::msg::ControlMessage_<std::allocator<void> >, std::allocator<void> >&&[m[K’
[3.803s]   403 |   publish([01;36m[Krclcpp::LoanedMessage<ROSMessageType, AllocatorT> && loaned_msg[m[K)
[3.803s]       |           [01;36m[K~~~~~~~~~~~~~~~~~~~~~~~~~~~~~~~~~~~~~~~~~~~~~~~~~~~~~^~~~~~~~~~[m[K
[3.803s] In file included from [01m[K/opt/ros/humble/include/rclcpp/rclcpp/logging.hpp:24[m[K,
[3.803s]                  from [01m[K/opt/ros/humble/include/rclcpp/rclcpp/client.hpp:40[m[K,
[3.803s]                  from [01m[K/opt/ros/humble/include/rclcpp/rclcpp/callback_group.hpp:24[m[K,
[3.803s]                  from [01m[K/opt/ros/humble/include/rclcpp/rclcpp/any_executable.hpp:20[m[K,
[3.803s]                  from [01m[K/opt/ros/humble/include/rclcpp/rclcpp/memory_strategy.hpp:25[m[K,
[3.803s]                  from [01m[K/opt/ros/humble/include/rclcpp/rclcpp/memory_strategies.hpp:18[m[K,
[3.804s]                  from [01m[K/opt/ros/humble/include/rclcpp/rclcpp/executor_options.hpp:20[m[K,
[3.804s]                  from [01m[K/opt/ros/humble/include/rclcpp/rclcpp/executor.hpp:37[m[K,
[3.804s]                  from [01m[K/opt/ros/humble/include/rclcpp/rclcpp/executors/multi_threaded_executor.hpp:25[m[K,
[3.804s]                  from [01m[K/opt/ros/humble/include/rclcpp/rclcpp/executors.hpp:21[m[K,
[3.804s]                  from [01m[K/opt/ros/humble/include/rclcpp/rclcpp/rclcpp.hpp:155[m[K,
[3.804s]                  from [01m[K/home/rescue_robot/buaa_rescue_robot/src/keyboard_controller/src/keyboard_publisher.cpp:1[m[K:
[3.804s] [01m[K/home/rescue_robot/buaa_rescue_robot/src/keyboard_controller/src/keyboard_publisher.cpp:62:76:[m[K [01;31m[Kerror: [m[K‘[01m[Kclass std::shared_ptr<keyboard_controller::msg::ControlMessage_<std::allocator<void> > >[m[K’ has no member named ‘[01m[Kdata[m[K’
[3.804s]    62 |     RCLCPP_INFO(node->get_logger(), "Published control message: '%s'", msg.[01;31m[Kdata[m[K.c_str());  // 打印日志
[3.804s]       |                                                                            [01;31m[K^~~~[m[K
[4.862s] gmake[2]: *** [CMakeFiles/keyboard_publisher.dir/build.make:76: CMakeFiles/keyboard_publisher.dir/src/keyboard_publisher.cpp.o] Error 1
[4.863s] gmake[1]: *** [CMakeFiles/Makefile2:593: CMakeFiles/keyboard_publisher.dir/all] Error 2
[4.863s] gmake: *** [Makefile:146: all] Error 2
[4.866s] Invoked command in '/home/rescue_robot/buaa_rescue_robot/build/keyboard_controller' returned '2': CMAKE_PREFIX_PATH=${CMAKE_PREFIX_PATH}:/opt/ros/humble /usr/bin/cmake --build /home/rescue_robot/buaa_rescue_robot/build/keyboard_controller -- -j8 -l8
