[0.025s] Invoking command in '/home/rescue_robot/buaa_rescue_robot/build/keyboard_controller': CMAKE_PREFIX_PATH=${CMAKE_PREFIX_PATH}:/opt/ros/humble /usr/bin/cmake /home/rescue_robot/buaa_rescue_robot/src/keyboard_controller -DCMAKE_INSTALL_PREFIX=/home/rescue_robot/buaa_rescue_robot/install/keyboard_controller
[0.123s] -- The C compiler identification is GNU 11.4.0
[0.244s] -- The CXX compiler identification is GNU 11.4.0
[0.253s] -- Detecting C compiler ABI info
[0.409s] -- Detecting C compiler ABI info - done
[0.423s] -- Check for working C compiler: /usr/bin/cc - skipped
[0.423s] -- Detecting C compile features
[0.424s] -- Detecting C compile features - done
[0.436s] -- Detecting CXX compiler ABI info
[0.596s] -- Detecting CXX compiler ABI info - done
[0.615s] -- Check for working CXX compiler: /usr/bin/c++ - skipped
[0.616s] -- Detecting CXX compile features
[0.617s] -- Detecting CXX compile features - done
[0.620s] -- Found ament_cmake: 1.3.5 (/opt/ros/humble/share/ament_cmake/cmake)
[0.978s] -- Found Python3: /usr/bin/python3.10 (found version "3.10.12") found components: Interpreter 
[1.141s] -- Found rclcpp: 16.0.5 (/opt/ros/humble/share/rclcpp/cmake)
[1.208s] -- Found rosidl_generator_c: 3.1.5 (/opt/ros/humble/share/rosidl_generator_c/cmake)
[1.218s] -- Found rosidl_adapter: 3.1.5 (/opt/ros/humble/share/rosidl_adapter/cmake)
[1.235s] -- Found rosidl_generator_cpp: 3.1.5 (/opt/ros/humble/share/rosidl_generator_cpp/cmake)
[1.264s] -- Using all available rosidl_typesupport_c: rosidl_typesupport_fastrtps_c;rosidl_typesupport_introspection_c
[1.298s] -- Using all available rosidl_typesupport_cpp: rosidl_typesupport_fastrtps_cpp;rosidl_typesupport_introspection_cpp
[1.434s] -- Found rmw_implementation_cmake: 6.1.1 (/opt/ros/humble/share/rmw_implementation_cmake/cmake)
[1.439s] -- Found rmw_fastrtps_cpp: 6.2.3 (/opt/ros/humble/share/rmw_fastrtps_cpp/cmake)
[1.618s] -- Found OpenSSL: /usr/lib/x86_64-linux-gnu/libcrypto.so (found version "3.0.2")  
[1.659s] -- Found FastRTPS: /opt/ros/humble/include  
[1.732s] -- Using RMW implementation 'rmw_fastrtps_cpp' as default
[1.749s] -- Looking for pthread.h
[1.879s] -- Looking for pthread.h - found
[1.880s] -- Performing Test CMAKE_HAVE_LIBC_PTHREAD
[2.072s] -- Performing Test CMAKE_HAVE_LIBC_PTHREAD - Success
[2.073s] -- Found Threads: TRUE  
[2.436s] -- Found rosidl_default_generators: 1.2.0 (/opt/ros/humble/share/rosidl_default_generators/cmake)
[2.451s] -- Found buaa_rescue_robot_msgs: 0.0.0 (/home/rescue_robot/buaa_rescue_robot/install/buaa_rescue_robot_msgs/share/buaa_rescue_robot_msgs/cmake)
[2.628s] -- Configuring done
[2.656s] -- Generating done
[2.662s] -- Build files have been written to: /home/rescue_robot/buaa_rescue_robot/build/keyboard_controller
[2.699s] Invoked command in '/home/rescue_robot/buaa_rescue_robot/build/keyboard_controller' returned '0': CMAKE_PREFIX_PATH=${CMAKE_PREFIX_PATH}:/opt/ros/humble /usr/bin/cmake /home/rescue_robot/buaa_rescue_robot/src/keyboard_controller -DCMAKE_INSTALL_PREFIX=/home/rescue_robot/buaa_rescue_robot/install/keyboard_controller
[2.699s] Invoking command in '/home/rescue_robot/buaa_rescue_robot/build/keyboard_controller': CMAKE_PREFIX_PATH=${CMAKE_PREFIX_PATH}:/opt/ros/humble /usr/bin/cmake --build /home/rescue_robot/buaa_rescue_robot/build/keyboard_controller -- -j8 -l8
[2.820s] [ 50%] [32mBuilding CXX object CMakeFiles/keyboard_publisher.dir/src/keyboard_publisher.cpp.o[0m
[10.114s] [100%] [32m[1mLinking CXX executable keyboard_publisher[0m
[10.529s] [100%] Built target keyboard_publisher
[10.544s] Invoked command in '/home/rescue_robot/buaa_rescue_robot/build/keyboard_controller' returned '0': CMAKE_PREFIX_PATH=${CMAKE_PREFIX_PATH}:/opt/ros/humble /usr/bin/cmake --build /home/rescue_robot/buaa_rescue_robot/build/keyboard_controller -- -j8 -l8
[10.580s] Invoking command in '/home/rescue_robot/buaa_rescue_robot/build/keyboard_controller': CMAKE_PREFIX_PATH=${CMAKE_PREFIX_PATH}:/opt/ros/humble /usr/bin/cmake --install /home/rescue_robot/buaa_rescue_robot/build/keyboard_controller
[10.591s] -- Install configuration: ""
[10.592s] -- Installing: /home/rescue_robot/buaa_rescue_robot/install/keyboard_controller/lib/keyboard_controller/keyboard_publisher
[10.595s] -- Set runtime path of "/home/rescue_robot/buaa_rescue_robot/install/keyboard_controller/lib/keyboard_controller/keyboard_publisher" to ""
[10.595s] -- Installing: /home/rescue_robot/buaa_rescue_robot/install/keyboard_controller/share/ament_index/resource_index/package_run_dependencies/keyboard_controller
[10.596s] -- Installing: /home/rescue_robot/buaa_rescue_robot/install/keyboard_controller/share/ament_index/resource_index/parent_prefix_path/keyboard_controller
[10.596s] -- Installing: /home/rescue_robot/buaa_rescue_robot/install/keyboard_controller/share/keyboard_controller/environment/ament_prefix_path.sh
[10.596s] -- Installing: /home/rescue_robot/buaa_rescue_robot/install/keyboard_controller/share/keyboard_controller/environment/ament_prefix_path.dsv
[10.596s] -- Installing: /home/rescue_robot/buaa_rescue_robot/install/keyboard_controller/share/keyboard_controller/environment/path.sh
[10.597s] -- Installing: /home/rescue_robot/buaa_rescue_robot/install/keyboard_controller/share/keyboard_controller/environment/path.dsv
[10.597s] -- Installing: /home/rescue_robot/buaa_rescue_robot/install/keyboard_controller/share/keyboard_controller/local_setup.bash
[10.597s] -- Installing: /home/rescue_robot/buaa_rescue_robot/install/keyboard_controller/share/keyboard_controller/local_setup.sh
[10.597s] -- Installing: /home/rescue_robot/buaa_rescue_robot/install/keyboard_controller/share/keyboard_controller/local_setup.zsh
[10.597s] -- Installing: /home/rescue_robot/buaa_rescue_robot/install/keyboard_controller/share/keyboard_controller/local_setup.dsv
[10.598s] -- Installing: /home/rescue_robot/buaa_rescue_robot/install/keyboard_controller/share/keyboard_controller/package.dsv
[10.598s] -- Installing: /home/rescue_robot/buaa_rescue_robot/install/keyboard_controller/share/ament_index/resource_index/packages/keyboard_controller
[10.598s] -- Installing: /home/rescue_robot/buaa_rescue_robot/install/keyboard_controller/share/keyboard_controller/cmake/keyboard_controllerConfig.cmake
[10.598s] -- Installing: /home/rescue_robot/buaa_rescue_robot/install/keyboard_controller/share/keyboard_controller/cmake/keyboard_controllerConfig-version.cmake
[10.598s] -- Installing: /home/rescue_robot/buaa_rescue_robot/install/keyboard_controller/share/keyboard_controller/package.xml
[10.609s] Invoked command in '/home/rescue_robot/buaa_rescue_robot/build/keyboard_controller' returned '0': CMAKE_PREFIX_PATH=${CMAKE_PREFIX_PATH}:/opt/ros/humble /usr/bin/cmake --install /home/rescue_robot/buaa_rescue_robot/build/keyboard_controller
